ARM GAS  C:\Users\vedranb\AppData\Local\Temp\ccv9Izc6.s 			page 1


   1              		.syntax unified
   2              		.cpu cortex-m3
   3              		.fpu softvfp
   4              		.eabi_attribute 20, 1
   5              		.eabi_attribute 21, 1
   6              		.eabi_attribute 23, 3
   7              		.eabi_attribute 24, 1
   8              		.eabi_attribute 25, 1
   9              		.eabi_attribute 26, 1
  10              		.eabi_attribute 30, 1
  11              		.eabi_attribute 34, 1
  12              		.eabi_attribute 18, 4
  13              		.thumb
  14              		.file	"common_functions.c"
  15              		.text
  16              	.Ltext0:
  17              		.cfi_sections	.debug_frame
  18              		.section	.text.readInt,"ax",%progbits
  19              		.align	2
  20              		.global	readInt
  21              		.thumb
  22              		.thumb_func
  23              		.type	readInt, %function
  24              	readInt:
  25              	.LFB63:
  26              		.file 1 "common_functions.c"
   1:common_functions.c **** /* ========================================
   2:common_functions.c ****  *
   3:common_functions.c ****  * Copyright YOUR COMPANY, THE YEAR
   4:common_functions.c ****  * All Rights Reserved
   5:common_functions.c ****  * UNPUBLISHED, LICENSED SOFTWARE.
   6:common_functions.c ****  *
   7:common_functions.c ****  * CONFIDENTIAL AND PROPRIETARY INFORMATION
   8:common_functions.c ****  * WHICH IS THE PROPERTY OF your company.
   9:common_functions.c ****  *
  10:common_functions.c ****  * ========================================
  11:common_functions.c **** */
  12:common_functions.c **** //Exercise 1
  13:common_functions.c **** #include "project.h"
  14:common_functions.c **** #include <stdio.h>
  15:common_functions.c **** 
  16:common_functions.c **** int readInt(void){
  27              		.loc 1 16 0
  28              		.cfi_startproc
  29              		@ args = 0, pretend = 0, frame = 8
  30              		@ frame_needed = 0, uses_anonymous_args = 0
  31 0000 00B5     		push	{lr}
  32              		.cfi_def_cfa_offset 4
  33              		.cfi_offset 14, -4
  34 0002 83B0     		sub	sp, sp, #12
  35              		.cfi_def_cfa_offset 16
  17:common_functions.c ****     int i;
  18:common_functions.c ****     while(scanf("%d", &i) != 1){
  36              		.loc 1 18 0
  37 0004 10E0     		b	.L2
  38              	.L5:
  19:common_functions.c ****         getchar();
ARM GAS  C:\Users\vedranb\AppData\Local\Temp\ccv9Izc6.s 			page 2


  39              		.loc 1 19 0
  40 0006 0D4B     		ldr	r3, .L7
  41 0008 1A68     		ldr	r2, [r3]
  42 000a 5168     		ldr	r1, [r2, #4]
  43 000c 4B68     		ldr	r3, [r1, #4]
  44 000e 013B     		subs	r3, r3, #1
  45 0010 4B60     		str	r3, [r1, #4]
  46 0012 002B     		cmp	r3, #0
  47 0014 04DA     		bge	.L3
  48              		.loc 1 19 0 is_stmt 0 discriminator 1
  49 0016 1046     		mov	r0, r2
  50 0018 5168     		ldr	r1, [r2, #4]
  51 001a FFF7FEFF 		bl	__srget_r
  52              	.LVL0:
  53 001e 03E0     		b	.L2
  54              	.L3:
  55              		.loc 1 19 0 discriminator 2
  56 0020 5268     		ldr	r2, [r2, #4]
  57 0022 1368     		ldr	r3, [r2]
  58 0024 0133     		adds	r3, r3, #1
  59 0026 1360     		str	r3, [r2]
  60              	.L2:
  18:common_functions.c ****         getchar();
  61              		.loc 1 18 0 is_stmt 1
  62 0028 0548     		ldr	r0, .L7+4
  63 002a 01A9     		add	r1, sp, #4
  64 002c FFF7FEFF 		bl	scanf
  65              	.LVL1:
  66 0030 0128     		cmp	r0, #1
  67 0032 E8D1     		bne	.L5
  20:common_functions.c ****     }
  21:common_functions.c ****     return i;
  22:common_functions.c **** }
  68              		.loc 1 22 0
  69 0034 0198     		ldr	r0, [sp, #4]
  70 0036 03B0     		add	sp, sp, #12
  71              		.cfi_def_cfa_offset 4
  72              		@ sp needed
  73 0038 5DF804FB 		ldr	pc, [sp], #4
  74              	.L8:
  75              		.align	2
  76              	.L7:
  77 003c 00000000 		.word	_impure_ptr
  78 0040 00000000 		.word	.LC0
  79              		.cfi_endproc
  80              	.LFE63:
  81              		.size	readInt, .-readInt
  82              		.section	.text.readFloat,"ax",%progbits
  83              		.align	2
  84              		.global	readFloat
  85              		.thumb
  86              		.thumb_func
  87              		.type	readFloat, %function
  88              	readFloat:
  89              	.LFB64:
  23:common_functions.c **** 
  24:common_functions.c **** float readFloat(void){
ARM GAS  C:\Users\vedranb\AppData\Local\Temp\ccv9Izc6.s 			page 3


  90              		.loc 1 24 0
  91              		.cfi_startproc
  92              		@ args = 0, pretend = 0, frame = 8
  93              		@ frame_needed = 0, uses_anonymous_args = 0
  94 0000 00B5     		push	{lr}
  95              		.cfi_def_cfa_offset 4
  96              		.cfi_offset 14, -4
  97 0002 83B0     		sub	sp, sp, #12
  98              		.cfi_def_cfa_offset 16
  25:common_functions.c ****     float f;
  26:common_functions.c ****     scanf("%f", &f);
  99              		.loc 1 26 0
 100 0004 0348     		ldr	r0, .L11
 101 0006 01A9     		add	r1, sp, #4
 102 0008 FFF7FEFF 		bl	scanf
 103              	.LVL2:
  27:common_functions.c ****     return f;
  28:common_functions.c **** }
 104              		.loc 1 28 0
 105 000c 0198     		ldr	r0, [sp, #4]	@ float
 106 000e 03B0     		add	sp, sp, #12
 107              		.cfi_def_cfa_offset 4
 108              		@ sp needed
 109 0010 5DF804FB 		ldr	pc, [sp], #4
 110              	.L12:
 111              		.align	2
 112              	.L11:
 113 0014 04000000 		.word	.LC1
 114              		.cfi_endproc
 115              	.LFE64:
 116              		.size	readFloat, .-readFloat
 117              		.section	.rodata.str1.4,"aMS",%progbits,1
 118              		.align	2
 119              	.LC0:
 120 0000 256400   		.ascii	"%d\000"
 121 0003 00       		.space	1
 122              	.LC1:
 123 0004 256600   		.ascii	"%f\000"
 124 0007 00       		.text
 125              	.Letext0:
 126              		.file 2 "c:\\program files (x86)\\cypress\\psoc creator\\4.0\\psoc creator\\import\\gnu\\arm\\4.9.
 127              		.file 3 "c:\\program files (x86)\\cypress\\psoc creator\\4.0\\psoc creator\\import\\gnu\\arm\\4.9.
 128              		.file 4 "c:\\program files (x86)\\cypress\\psoc creator\\4.0\\psoc creator\\import\\gnu\\arm\\4.9.
 129              		.file 5 "c:\\program files (x86)\\cypress\\psoc creator\\4.0\\psoc creator\\import\\gnu\\arm\\4.9.
 130              		.file 6 "c:\\program files (x86)\\cypress\\psoc creator\\4.0\\psoc creator\\import\\gnu\\arm\\4.9.
 131              		.file 7 "c:\\program files (x86)\\cypress\\psoc creator\\4.0\\psoc creator\\import\\gnu\\arm\\4.9.
 132              		.file 8 "c:\\program files (x86)\\cypress\\psoc creator\\4.0\\psoc creator\\import\\gnu\\arm\\4.9.
 133              		.file 9 "Generated_Source\\PSoC5/core_cm3.h"
 134              		.section	.debug_info,"",%progbits
 135              	.Ldebug_info0:
 136 0000 64090000 		.4byte	0x964
 137 0004 0400     		.2byte	0x4
 138 0006 00000000 		.4byte	.Ldebug_abbrev0
 139 000a 04       		.byte	0x4
 140 000b 01       		.uleb128 0x1
 141 000c 17040000 		.4byte	.LASF126
 142 0010 01       		.byte	0x1
ARM GAS  C:\Users\vedranb\AppData\Local\Temp\ccv9Izc6.s 			page 4


 143 0011 B7040000 		.4byte	.LASF127
 144 0015 5B000000 		.4byte	.LASF128
 145 0019 00000000 		.4byte	.Ldebug_ranges0+0
 146 001d 00000000 		.4byte	0
 147 0021 00000000 		.4byte	.Ldebug_line0
 148 0025 02       		.uleb128 0x2
 149 0026 01       		.byte	0x1
 150 0027 06       		.byte	0x6
 151 0028 02050000 		.4byte	.LASF0
 152 002c 02       		.uleb128 0x2
 153 002d 01       		.byte	0x1
 154 002e 08       		.byte	0x8
 155 002f 09040000 		.4byte	.LASF1
 156 0033 02       		.uleb128 0x2
 157 0034 02       		.byte	0x2
 158 0035 05       		.byte	0x5
 159 0036 16030000 		.4byte	.LASF2
 160 003a 02       		.uleb128 0x2
 161 003b 02       		.byte	0x2
 162 003c 07       		.byte	0x7
 163 003d 15050000 		.4byte	.LASF3
 164 0041 03       		.uleb128 0x3
 165 0042 4A000000 		.4byte	.LASF9
 166 0046 02       		.byte	0x2
 167 0047 3F       		.byte	0x3f
 168 0048 4C000000 		.4byte	0x4c
 169 004c 02       		.uleb128 0x2
 170 004d 04       		.byte	0x4
 171 004e 05       		.byte	0x5
 172 004f 20030000 		.4byte	.LASF4
 173 0053 02       		.uleb128 0x2
 174 0054 04       		.byte	0x4
 175 0055 07       		.byte	0x7
 176 0056 CD030000 		.4byte	.LASF5
 177 005a 02       		.uleb128 0x2
 178 005b 08       		.byte	0x8
 179 005c 05       		.byte	0x5
 180 005d 7B020000 		.4byte	.LASF6
 181 0061 02       		.uleb128 0x2
 182 0062 08       		.byte	0x8
 183 0063 07       		.byte	0x7
 184 0064 51010000 		.4byte	.LASF7
 185 0068 04       		.uleb128 0x4
 186 0069 04       		.byte	0x4
 187 006a 05       		.byte	0x5
 188 006b 696E7400 		.ascii	"int\000"
 189 006f 02       		.uleb128 0x2
 190 0070 04       		.byte	0x4
 191 0071 07       		.byte	0x7
 192 0072 2D000000 		.4byte	.LASF8
 193 0076 03       		.uleb128 0x3
 194 0077 ED030000 		.4byte	.LASF10
 195 007b 03       		.byte	0x3
 196 007c 2C       		.byte	0x2c
 197 007d 41000000 		.4byte	0x41
 198 0081 02       		.uleb128 0x2
 199 0082 04       		.byte	0x4
ARM GAS  C:\Users\vedranb\AppData\Local\Temp\ccv9Izc6.s 			page 5


 200 0083 04       		.byte	0x4
 201 0084 1D010000 		.4byte	.LASF11
 202 0088 02       		.uleb128 0x2
 203 0089 08       		.byte	0x8
 204 008a 04       		.byte	0x4
 205 008b 37050000 		.4byte	.LASF12
 206 008f 02       		.uleb128 0x2
 207 0090 01       		.byte	0x1
 208 0091 08       		.byte	0x8
 209 0092 03020000 		.4byte	.LASF13
 210 0096 05       		.uleb128 0x5
 211 0097 04       		.byte	0x4
 212 0098 9C000000 		.4byte	0x9c
 213 009c 06       		.uleb128 0x6
 214 009d 03       		.uleb128 0x3
 215 009e AE000000 		.4byte	.LASF14
 216 00a2 04       		.byte	0x4
 217 00a3 07       		.byte	0x7
 218 00a4 68000000 		.4byte	0x68
 219 00a8 03       		.uleb128 0x3
 220 00a9 3E050000 		.4byte	.LASF15
 221 00ad 05       		.byte	0x5
 222 00ae 10       		.byte	0x10
 223 00af 4C000000 		.4byte	0x4c
 224 00b3 03       		.uleb128 0x3
 225 00b4 DC000000 		.4byte	.LASF16
 226 00b8 05       		.byte	0x5
 227 00b9 27       		.byte	0x27
 228 00ba 4C000000 		.4byte	0x4c
 229 00be 07       		.uleb128 0x7
 230 00bf E6030000 		.4byte	.LASF17
 231 00c3 06       		.byte	0x6
 232 00c4 6101     		.2byte	0x161
 233 00c6 6F000000 		.4byte	0x6f
 234 00ca 08       		.uleb128 0x8
 235 00cb 04       		.byte	0x4
 236 00cc 05       		.byte	0x5
 237 00cd 4A       		.byte	0x4a
 238 00ce E9000000 		.4byte	0xe9
 239 00d2 09       		.uleb128 0x9
 240 00d3 3D020000 		.4byte	.LASF18
 241 00d7 05       		.byte	0x5
 242 00d8 4C       		.byte	0x4c
 243 00d9 BE000000 		.4byte	0xbe
 244 00dd 09       		.uleb128 0x9
 245 00de 57030000 		.4byte	.LASF19
 246 00e2 05       		.byte	0x5
 247 00e3 4D       		.byte	0x4d
 248 00e4 E9000000 		.4byte	0xe9
 249 00e8 00       		.byte	0
 250 00e9 0A       		.uleb128 0xa
 251 00ea 2C000000 		.4byte	0x2c
 252 00ee F9000000 		.4byte	0xf9
 253 00f2 0B       		.uleb128 0xb
 254 00f3 F9000000 		.4byte	0xf9
 255 00f7 03       		.byte	0x3
 256 00f8 00       		.byte	0
ARM GAS  C:\Users\vedranb\AppData\Local\Temp\ccv9Izc6.s 			page 6


 257 00f9 02       		.uleb128 0x2
 258 00fa 04       		.byte	0x4
 259 00fb 07       		.byte	0x7
 260 00fc C4030000 		.4byte	.LASF20
 261 0100 0C       		.uleb128 0xc
 262 0101 08       		.byte	0x8
 263 0102 05       		.byte	0x5
 264 0103 47       		.byte	0x47
 265 0104 21010000 		.4byte	0x121
 266 0108 0D       		.uleb128 0xd
 267 0109 15010000 		.4byte	.LASF21
 268 010d 05       		.byte	0x5
 269 010e 49       		.byte	0x49
 270 010f 68000000 		.4byte	0x68
 271 0113 00       		.byte	0
 272 0114 0D       		.uleb128 0xd
 273 0115 D8010000 		.4byte	.LASF22
 274 0119 05       		.byte	0x5
 275 011a 4E       		.byte	0x4e
 276 011b CA000000 		.4byte	0xca
 277 011f 04       		.byte	0x4
 278 0120 00       		.byte	0
 279 0121 03       		.uleb128 0x3
 280 0122 C6020000 		.4byte	.LASF23
 281 0126 05       		.byte	0x5
 282 0127 4F       		.byte	0x4f
 283 0128 00010000 		.4byte	0x100
 284 012c 03       		.uleb128 0x3
 285 012d 34020000 		.4byte	.LASF24
 286 0131 05       		.byte	0x5
 287 0132 53       		.byte	0x53
 288 0133 9D000000 		.4byte	0x9d
 289 0137 0E       		.uleb128 0xe
 290 0138 04       		.byte	0x4
 291 0139 03       		.uleb128 0x3
 292 013a 9F020000 		.4byte	.LASF25
 293 013e 07       		.byte	0x7
 294 013f 16       		.byte	0x16
 295 0140 53000000 		.4byte	0x53
 296 0144 0F       		.uleb128 0xf
 297 0145 F1000000 		.4byte	.LASF30
 298 0149 18       		.byte	0x18
 299 014a 07       		.byte	0x7
 300 014b 2D       		.byte	0x2d
 301 014c 97010000 		.4byte	0x197
 302 0150 0D       		.uleb128 0xd
 303 0151 C1010000 		.4byte	.LASF26
 304 0155 07       		.byte	0x7
 305 0156 2F       		.byte	0x2f
 306 0157 97010000 		.4byte	0x197
 307 015b 00       		.byte	0
 308 015c 10       		.uleb128 0x10
 309 015d 5F6B00   		.ascii	"_k\000"
 310 0160 07       		.byte	0x7
 311 0161 30       		.byte	0x30
 312 0162 68000000 		.4byte	0x68
 313 0166 04       		.byte	0x4
ARM GAS  C:\Users\vedranb\AppData\Local\Temp\ccv9Izc6.s 			page 7


 314 0167 0D       		.uleb128 0xd
 315 0168 8C030000 		.4byte	.LASF27
 316 016c 07       		.byte	0x7
 317 016d 30       		.byte	0x30
 318 016e 68000000 		.4byte	0x68
 319 0172 08       		.byte	0x8
 320 0173 0D       		.uleb128 0xd
 321 0174 3B030000 		.4byte	.LASF28
 322 0178 07       		.byte	0x7
 323 0179 30       		.byte	0x30
 324 017a 68000000 		.4byte	0x68
 325 017e 0C       		.byte	0xc
 326 017f 0D       		.uleb128 0xd
 327 0180 7D010000 		.4byte	.LASF29
 328 0184 07       		.byte	0x7
 329 0185 30       		.byte	0x30
 330 0186 68000000 		.4byte	0x68
 331 018a 10       		.byte	0x10
 332 018b 10       		.uleb128 0x10
 333 018c 5F7800   		.ascii	"_x\000"
 334 018f 07       		.byte	0x7
 335 0190 31       		.byte	0x31
 336 0191 9D010000 		.4byte	0x19d
 337 0195 14       		.byte	0x14
 338 0196 00       		.byte	0
 339 0197 05       		.uleb128 0x5
 340 0198 04       		.byte	0x4
 341 0199 44010000 		.4byte	0x144
 342 019d 0A       		.uleb128 0xa
 343 019e 39010000 		.4byte	0x139
 344 01a2 AD010000 		.4byte	0x1ad
 345 01a6 0B       		.uleb128 0xb
 346 01a7 F9000000 		.4byte	0xf9
 347 01ab 00       		.byte	0
 348 01ac 00       		.byte	0
 349 01ad 0F       		.uleb128 0xf
 350 01ae B9030000 		.4byte	.LASF31
 351 01b2 24       		.byte	0x24
 352 01b3 07       		.byte	0x7
 353 01b4 35       		.byte	0x35
 354 01b5 26020000 		.4byte	0x226
 355 01b9 0D       		.uleb128 0xd
 356 01ba 9C010000 		.4byte	.LASF32
 357 01be 07       		.byte	0x7
 358 01bf 37       		.byte	0x37
 359 01c0 68000000 		.4byte	0x68
 360 01c4 00       		.byte	0
 361 01c5 0D       		.uleb128 0xd
 362 01c6 23010000 		.4byte	.LASF33
 363 01ca 07       		.byte	0x7
 364 01cb 38       		.byte	0x38
 365 01cc 68000000 		.4byte	0x68
 366 01d0 04       		.byte	0x4
 367 01d1 0D       		.uleb128 0xd
 368 01d2 0B010000 		.4byte	.LASF34
 369 01d6 07       		.byte	0x7
 370 01d7 39       		.byte	0x39
ARM GAS  C:\Users\vedranb\AppData\Local\Temp\ccv9Izc6.s 			page 8


 371 01d8 68000000 		.4byte	0x68
 372 01dc 08       		.byte	0x8
 373 01dd 0D       		.uleb128 0xd
 374 01de 08020000 		.4byte	.LASF35
 375 01e2 07       		.byte	0x7
 376 01e3 3A       		.byte	0x3a
 377 01e4 68000000 		.4byte	0x68
 378 01e8 0C       		.byte	0xc
 379 01e9 0D       		.uleb128 0xd
 380 01ea E5020000 		.4byte	.LASF36
 381 01ee 07       		.byte	0x7
 382 01ef 3B       		.byte	0x3b
 383 01f0 68000000 		.4byte	0x68
 384 01f4 10       		.byte	0x10
 385 01f5 0D       		.uleb128 0xd
 386 01f6 5E030000 		.4byte	.LASF37
 387 01fa 07       		.byte	0x7
 388 01fb 3C       		.byte	0x3c
 389 01fc 68000000 		.4byte	0x68
 390 0200 14       		.byte	0x14
 391 0201 0D       		.uleb128 0xd
 392 0202 F9000000 		.4byte	.LASF38
 393 0206 07       		.byte	0x7
 394 0207 3D       		.byte	0x3d
 395 0208 68000000 		.4byte	0x68
 396 020c 18       		.byte	0x18
 397 020d 0D       		.uleb128 0xd
 398 020e A5010000 		.4byte	.LASF39
 399 0212 07       		.byte	0x7
 400 0213 3E       		.byte	0x3e
 401 0214 68000000 		.4byte	0x68
 402 0218 1C       		.byte	0x1c
 403 0219 0D       		.uleb128 0xd
 404 021a D1020000 		.4byte	.LASF40
 405 021e 07       		.byte	0x7
 406 021f 3F       		.byte	0x3f
 407 0220 68000000 		.4byte	0x68
 408 0224 20       		.byte	0x20
 409 0225 00       		.byte	0
 410 0226 11       		.uleb128 0x11
 411 0227 00000000 		.4byte	.LASF41
 412 022b 0801     		.2byte	0x108
 413 022d 07       		.byte	0x7
 414 022e 48       		.byte	0x48
 415 022f 66020000 		.4byte	0x266
 416 0233 0D       		.uleb128 0xd
 417 0234 FA040000 		.4byte	.LASF42
 418 0238 07       		.byte	0x7
 419 0239 49       		.byte	0x49
 420 023a 66020000 		.4byte	0x266
 421 023e 00       		.byte	0
 422 023f 0D       		.uleb128 0xd
 423 0240 F5030000 		.4byte	.LASF43
 424 0244 07       		.byte	0x7
 425 0245 4A       		.byte	0x4a
 426 0246 66020000 		.4byte	0x266
 427 024a 80       		.byte	0x80
ARM GAS  C:\Users\vedranb\AppData\Local\Temp\ccv9Izc6.s 			page 9


 428 024b 12       		.uleb128 0x12
 429 024c 28050000 		.4byte	.LASF44
 430 0250 07       		.byte	0x7
 431 0251 4C       		.byte	0x4c
 432 0252 39010000 		.4byte	0x139
 433 0256 0001     		.2byte	0x100
 434 0258 12       		.uleb128 0x12
 435 0259 65050000 		.4byte	.LASF45
 436 025d 07       		.byte	0x7
 437 025e 4F       		.byte	0x4f
 438 025f 39010000 		.4byte	0x139
 439 0263 0401     		.2byte	0x104
 440 0265 00       		.byte	0
 441 0266 0A       		.uleb128 0xa
 442 0267 37010000 		.4byte	0x137
 443 026b 76020000 		.4byte	0x276
 444 026f 0B       		.uleb128 0xb
 445 0270 F9000000 		.4byte	0xf9
 446 0274 1F       		.byte	0x1f
 447 0275 00       		.byte	0
 448 0276 11       		.uleb128 0x11
 449 0277 FF020000 		.4byte	.LASF46
 450 027b 9001     		.2byte	0x190
 451 027d 07       		.byte	0x7
 452 027e 5B       		.byte	0x5b
 453 027f B4020000 		.4byte	0x2b4
 454 0283 0D       		.uleb128 0xd
 455 0284 C1010000 		.4byte	.LASF26
 456 0288 07       		.byte	0x7
 457 0289 5C       		.byte	0x5c
 458 028a B4020000 		.4byte	0x2b4
 459 028e 00       		.byte	0
 460 028f 0D       		.uleb128 0xd
 461 0290 B4010000 		.4byte	.LASF47
 462 0294 07       		.byte	0x7
 463 0295 5D       		.byte	0x5d
 464 0296 68000000 		.4byte	0x68
 465 029a 04       		.byte	0x4
 466 029b 0D       		.uleb128 0xd
 467 029c E4000000 		.4byte	.LASF48
 468 02a0 07       		.byte	0x7
 469 02a1 5F       		.byte	0x5f
 470 02a2 BA020000 		.4byte	0x2ba
 471 02a6 08       		.byte	0x8
 472 02a7 0D       		.uleb128 0xd
 473 02a8 00000000 		.4byte	.LASF41
 474 02ac 07       		.byte	0x7
 475 02ad 60       		.byte	0x60
 476 02ae 26020000 		.4byte	0x226
 477 02b2 88       		.byte	0x88
 478 02b3 00       		.byte	0
 479 02b4 05       		.uleb128 0x5
 480 02b5 04       		.byte	0x4
 481 02b6 76020000 		.4byte	0x276
 482 02ba 0A       		.uleb128 0xa
 483 02bb 96000000 		.4byte	0x96
 484 02bf CA020000 		.4byte	0x2ca
ARM GAS  C:\Users\vedranb\AppData\Local\Temp\ccv9Izc6.s 			page 10


 485 02c3 0B       		.uleb128 0xb
 486 02c4 F9000000 		.4byte	0xf9
 487 02c8 1F       		.byte	0x1f
 488 02c9 00       		.byte	0
 489 02ca 0F       		.uleb128 0xf
 490 02cb CA040000 		.4byte	.LASF49
 491 02cf 08       		.byte	0x8
 492 02d0 07       		.byte	0x7
 493 02d1 73       		.byte	0x73
 494 02d2 EF020000 		.4byte	0x2ef
 495 02d6 0D       		.uleb128 0xd
 496 02d7 89020000 		.4byte	.LASF50
 497 02db 07       		.byte	0x7
 498 02dc 74       		.byte	0x74
 499 02dd EF020000 		.4byte	0x2ef
 500 02e1 00       		.byte	0
 501 02e2 0D       		.uleb128 0xd
 502 02e3 31050000 		.4byte	.LASF51
 503 02e7 07       		.byte	0x7
 504 02e8 75       		.byte	0x75
 505 02e9 68000000 		.4byte	0x68
 506 02ed 04       		.byte	0x4
 507 02ee 00       		.byte	0
 508 02ef 05       		.uleb128 0x5
 509 02f0 04       		.byte	0x4
 510 02f1 2C000000 		.4byte	0x2c
 511 02f5 0F       		.uleb128 0xf
 512 02f6 75010000 		.4byte	.LASF52
 513 02fa 68       		.byte	0x68
 514 02fb 07       		.byte	0x7
 515 02fc B3       		.byte	0xb3
 516 02fd 1F040000 		.4byte	0x41f
 517 0301 10       		.uleb128 0x10
 518 0302 5F7000   		.ascii	"_p\000"
 519 0305 07       		.byte	0x7
 520 0306 B4       		.byte	0xb4
 521 0307 EF020000 		.4byte	0x2ef
 522 030b 00       		.byte	0
 523 030c 10       		.uleb128 0x10
 524 030d 5F7200   		.ascii	"_r\000"
 525 0310 07       		.byte	0x7
 526 0311 B5       		.byte	0xb5
 527 0312 68000000 		.4byte	0x68
 528 0316 04       		.byte	0x4
 529 0317 10       		.uleb128 0x10
 530 0318 5F7700   		.ascii	"_w\000"
 531 031b 07       		.byte	0x7
 532 031c B6       		.byte	0xb6
 533 031d 68000000 		.4byte	0x68
 534 0321 08       		.byte	0x8
 535 0322 0D       		.uleb128 0xd
 536 0323 43000000 		.4byte	.LASF53
 537 0327 07       		.byte	0x7
 538 0328 B7       		.byte	0xb7
 539 0329 33000000 		.4byte	0x33
 540 032d 0C       		.byte	0xc
 541 032e 0D       		.uleb128 0xd
ARM GAS  C:\Users\vedranb\AppData\Local\Temp\ccv9Izc6.s 			page 11


 542 032f B6020000 		.4byte	.LASF54
 543 0333 07       		.byte	0x7
 544 0334 B8       		.byte	0xb8
 545 0335 33000000 		.4byte	0x33
 546 0339 0E       		.byte	0xe
 547 033a 10       		.uleb128 0x10
 548 033b 5F626600 		.ascii	"_bf\000"
 549 033f 07       		.byte	0x7
 550 0340 B9       		.byte	0xb9
 551 0341 CA020000 		.4byte	0x2ca
 552 0345 10       		.byte	0x10
 553 0346 0D       		.uleb128 0xd
 554 0347 3A000000 		.4byte	.LASF55
 555 034b 07       		.byte	0x7
 556 034c BA       		.byte	0xba
 557 034d 68000000 		.4byte	0x68
 558 0351 18       		.byte	0x18
 559 0352 0D       		.uleb128 0xd
 560 0353 E9000000 		.4byte	.LASF56
 561 0357 07       		.byte	0x7
 562 0358 C1       		.byte	0xc1
 563 0359 37010000 		.4byte	0x137
 564 035d 1C       		.byte	0x1c
 565 035e 0D       		.uleb128 0xd
 566 035f C0000000 		.4byte	.LASF57
 567 0363 07       		.byte	0x7
 568 0364 C3       		.byte	0xc3
 569 0365 7B050000 		.4byte	0x57b
 570 0369 20       		.byte	0x20
 571 036a 0D       		.uleb128 0xd
 572 036b F8020000 		.4byte	.LASF58
 573 036f 07       		.byte	0x7
 574 0370 C5       		.byte	0xc5
 575 0371 AA050000 		.4byte	0x5aa
 576 0375 24       		.byte	0x24
 577 0376 0D       		.uleb128 0xd
 578 0377 7E050000 		.4byte	.LASF59
 579 037b 07       		.byte	0x7
 580 037c C8       		.byte	0xc8
 581 037d CE050000 		.4byte	0x5ce
 582 0381 28       		.byte	0x28
 583 0382 0D       		.uleb128 0xd
 584 0383 49020000 		.4byte	.LASF60
 585 0387 07       		.byte	0x7
 586 0388 C9       		.byte	0xc9
 587 0389 E8050000 		.4byte	0x5e8
 588 038d 2C       		.byte	0x2c
 589 038e 10       		.uleb128 0x10
 590 038f 5F756200 		.ascii	"_ub\000"
 591 0393 07       		.byte	0x7
 592 0394 CC       		.byte	0xcc
 593 0395 CA020000 		.4byte	0x2ca
 594 0399 30       		.byte	0x30
 595 039a 10       		.uleb128 0x10
 596 039b 5F757000 		.ascii	"_up\000"
 597 039f 07       		.byte	0x7
 598 03a0 CD       		.byte	0xcd
ARM GAS  C:\Users\vedranb\AppData\Local\Temp\ccv9Izc6.s 			page 12


 599 03a1 EF020000 		.4byte	0x2ef
 600 03a5 38       		.byte	0x38
 601 03a6 10       		.uleb128 0x10
 602 03a7 5F757200 		.ascii	"_ur\000"
 603 03ab 07       		.byte	0x7
 604 03ac CE       		.byte	0xce
 605 03ad 68000000 		.4byte	0x68
 606 03b1 3C       		.byte	0x3c
 607 03b2 0D       		.uleb128 0xd
 608 03b3 95050000 		.4byte	.LASF61
 609 03b7 07       		.byte	0x7
 610 03b8 D1       		.byte	0xd1
 611 03b9 EE050000 		.4byte	0x5ee
 612 03bd 40       		.byte	0x40
 613 03be 0D       		.uleb128 0xd
 614 03bf 45050000 		.4byte	.LASF62
 615 03c3 07       		.byte	0x7
 616 03c4 D2       		.byte	0xd2
 617 03c5 FE050000 		.4byte	0x5fe
 618 03c9 43       		.byte	0x43
 619 03ca 10       		.uleb128 0x10
 620 03cb 5F6C6200 		.ascii	"_lb\000"
 621 03cf 07       		.byte	0x7
 622 03d0 D5       		.byte	0xd5
 623 03d1 CA020000 		.4byte	0x2ca
 624 03d5 44       		.byte	0x44
 625 03d6 0D       		.uleb128 0xd
 626 03d7 B0030000 		.4byte	.LASF63
 627 03db 07       		.byte	0x7
 628 03dc D8       		.byte	0xd8
 629 03dd 68000000 		.4byte	0x68
 630 03e1 4C       		.byte	0x4c
 631 03e2 0D       		.uleb128 0xd
 632 03e3 89010000 		.4byte	.LASF64
 633 03e7 07       		.byte	0x7
 634 03e8 D9       		.byte	0xd9
 635 03e9 A8000000 		.4byte	0xa8
 636 03ed 50       		.byte	0x50
 637 03ee 0D       		.uleb128 0xd
 638 03ef 51030000 		.4byte	.LASF65
 639 03f3 07       		.byte	0x7
 640 03f4 DC       		.byte	0xdc
 641 03f5 3D040000 		.4byte	0x43d
 642 03f9 54       		.byte	0x54
 643 03fa 0D       		.uleb128 0xd
 644 03fb BE030000 		.4byte	.LASF66
 645 03ff 07       		.byte	0x7
 646 0400 E0       		.byte	0xe0
 647 0401 2C010000 		.4byte	0x12c
 648 0405 58       		.byte	0x58
 649 0406 0D       		.uleb128 0xd
 650 0407 07030000 		.4byte	.LASF67
 651 040b 07       		.byte	0x7
 652 040c E2       		.byte	0xe2
 653 040d 21010000 		.4byte	0x121
 654 0411 5C       		.byte	0x5c
 655 0412 0D       		.uleb128 0xd
ARM GAS  C:\Users\vedranb\AppData\Local\Temp\ccv9Izc6.s 			page 13


 656 0413 5D050000 		.4byte	.LASF68
 657 0417 07       		.byte	0x7
 658 0418 E3       		.byte	0xe3
 659 0419 68000000 		.4byte	0x68
 660 041d 64       		.byte	0x64
 661 041e 00       		.byte	0
 662 041f 13       		.uleb128 0x13
 663 0420 68000000 		.4byte	0x68
 664 0424 3D040000 		.4byte	0x43d
 665 0428 14       		.uleb128 0x14
 666 0429 3D040000 		.4byte	0x43d
 667 042d 14       		.uleb128 0x14
 668 042e 37010000 		.4byte	0x137
 669 0432 14       		.uleb128 0x14
 670 0433 75050000 		.4byte	0x575
 671 0437 14       		.uleb128 0x14
 672 0438 68000000 		.4byte	0x68
 673 043c 00       		.byte	0
 674 043d 05       		.uleb128 0x5
 675 043e 04       		.byte	0x4
 676 043f 43040000 		.4byte	0x443
 677 0443 15       		.uleb128 0x15
 678 0444 0E050000 		.4byte	.LASF69
 679 0448 2804     		.2byte	0x428
 680 044a 07       		.byte	0x7
 681 044b 3902     		.2byte	0x239
 682 044d 75050000 		.4byte	0x575
 683 0451 16       		.uleb128 0x16
 684 0452 54000000 		.4byte	.LASF70
 685 0456 07       		.byte	0x7
 686 0457 3B02     		.2byte	0x23b
 687 0459 68000000 		.4byte	0x68
 688 045d 00       		.byte	0
 689 045e 16       		.uleb128 0x16
 690 045f 65020000 		.4byte	.LASF71
 691 0463 07       		.byte	0x7
 692 0464 4002     		.2byte	0x240
 693 0466 55060000 		.4byte	0x655
 694 046a 04       		.byte	0x4
 695 046b 16       		.uleb128 0x16
 696 046c D4000000 		.4byte	.LASF72
 697 0470 07       		.byte	0x7
 698 0471 4002     		.2byte	0x240
 699 0473 55060000 		.4byte	0x655
 700 0477 08       		.byte	0x8
 701 0478 16       		.uleb128 0x16
 702 0479 84050000 		.4byte	.LASF73
 703 047d 07       		.byte	0x7
 704 047e 4002     		.2byte	0x240
 705 0480 55060000 		.4byte	0x655
 706 0484 0C       		.byte	0xc
 707 0485 16       		.uleb128 0x16
 708 0486 AF010000 		.4byte	.LASF74
 709 048a 07       		.byte	0x7
 710 048b 4202     		.2byte	0x242
 711 048d 68000000 		.4byte	0x68
 712 0491 10       		.byte	0x10
ARM GAS  C:\Users\vedranb\AppData\Local\Temp\ccv9Izc6.s 			page 14


 713 0492 16       		.uleb128 0x16
 714 0493 91010000 		.4byte	.LASF75
 715 0497 07       		.byte	0x7
 716 0498 4302     		.2byte	0x243
 717 049a 37080000 		.4byte	0x837
 718 049e 14       		.byte	0x14
 719 049f 16       		.uleb128 0x16
 720 04a0 9E030000 		.4byte	.LASF76
 721 04a4 07       		.byte	0x7
 722 04a5 4502     		.2byte	0x245
 723 04a7 68000000 		.4byte	0x68
 724 04ab 30       		.byte	0x30
 725 04ac 16       		.uleb128 0x16
 726 04ad 41030000 		.4byte	.LASF77
 727 04b1 07       		.byte	0x7
 728 04b2 4602     		.2byte	0x246
 729 04b4 9F050000 		.4byte	0x59f
 730 04b8 34       		.byte	0x34
 731 04b9 16       		.uleb128 0x16
 732 04ba 5A020000 		.4byte	.LASF78
 733 04be 07       		.byte	0x7
 734 04bf 4802     		.2byte	0x248
 735 04c1 68000000 		.4byte	0x68
 736 04c5 38       		.byte	0x38
 737 04c6 16       		.uleb128 0x16
 738 04c7 BC020000 		.4byte	.LASF79
 739 04cb 07       		.byte	0x7
 740 04cc 4A02     		.2byte	0x24a
 741 04ce 52080000 		.4byte	0x852
 742 04d2 3C       		.byte	0x3c
 743 04d3 16       		.uleb128 0x16
 744 04d4 03010000 		.4byte	.LASF80
 745 04d8 07       		.byte	0x7
 746 04d9 4D02     		.2byte	0x24d
 747 04db 97010000 		.4byte	0x197
 748 04df 40       		.byte	0x40
 749 04e0 16       		.uleb128 0x16
 750 04e1 47010000 		.4byte	.LASF81
 751 04e5 07       		.byte	0x7
 752 04e6 4E02     		.2byte	0x24e
 753 04e8 68000000 		.4byte	0x68
 754 04ec 44       		.byte	0x44
 755 04ed 16       		.uleb128 0x16
 756 04ee E0010000 		.4byte	.LASF82
 757 04f2 07       		.byte	0x7
 758 04f3 4F02     		.2byte	0x24f
 759 04f5 97010000 		.4byte	0x197
 760 04f9 48       		.byte	0x48
 761 04fa 16       		.uleb128 0x16
 762 04fb 8F020000 		.4byte	.LASF83
 763 04ff 07       		.byte	0x7
 764 0500 5002     		.2byte	0x250
 765 0502 58080000 		.4byte	0x858
 766 0506 4C       		.byte	0x4c
 767 0507 16       		.uleb128 0x16
 768 0508 84030000 		.4byte	.LASF84
 769 050c 07       		.byte	0x7
ARM GAS  C:\Users\vedranb\AppData\Local\Temp\ccv9Izc6.s 			page 15


 770 050d 5302     		.2byte	0x253
 771 050f 68000000 		.4byte	0x68
 772 0513 50       		.byte	0x50
 773 0514 16       		.uleb128 0x16
 774 0515 01040000 		.4byte	.LASF85
 775 0519 07       		.byte	0x7
 776 051a 5402     		.2byte	0x254
 777 051c 75050000 		.4byte	0x575
 778 0520 54       		.byte	0x54
 779 0521 16       		.uleb128 0x16
 780 0522 7F030000 		.4byte	.LASF86
 781 0526 07       		.byte	0x7
 782 0527 7702     		.2byte	0x277
 783 0529 15080000 		.4byte	0x815
 784 052d 58       		.byte	0x58
 785 052e 17       		.uleb128 0x17
 786 052f FF020000 		.4byte	.LASF46
 787 0533 07       		.byte	0x7
 788 0534 7B02     		.2byte	0x27b
 789 0536 B4020000 		.4byte	0x2b4
 790 053a 4801     		.2byte	0x148
 791 053c 17       		.uleb128 0x17
 792 053d 2B020000 		.4byte	.LASF87
 793 0541 07       		.byte	0x7
 794 0542 7C02     		.2byte	0x27c
 795 0544 76020000 		.4byte	0x276
 796 0548 4C01     		.2byte	0x14c
 797 054a 17       		.uleb128 0x17
 798 054b 12020000 		.4byte	.LASF88
 799 054f 07       		.byte	0x7
 800 0550 8002     		.2byte	0x280
 801 0552 69080000 		.4byte	0x869
 802 0556 DC02     		.2byte	0x2dc
 803 0558 17       		.uleb128 0x17
 804 0559 D7040000 		.4byte	.LASF89
 805 055d 07       		.byte	0x7
 806 055e 8502     		.2byte	0x285
 807 0560 1A060000 		.4byte	0x61a
 808 0564 E002     		.2byte	0x2e0
 809 0566 17       		.uleb128 0x17
 810 0567 36030000 		.4byte	.LASF90
 811 056b 07       		.byte	0x7
 812 056c 8602     		.2byte	0x286
 813 056e 75080000 		.4byte	0x875
 814 0572 EC02     		.2byte	0x2ec
 815 0574 00       		.byte	0
 816 0575 05       		.uleb128 0x5
 817 0576 04       		.byte	0x4
 818 0577 8F000000 		.4byte	0x8f
 819 057b 05       		.uleb128 0x5
 820 057c 04       		.byte	0x4
 821 057d 1F040000 		.4byte	0x41f
 822 0581 13       		.uleb128 0x13
 823 0582 68000000 		.4byte	0x68
 824 0586 9F050000 		.4byte	0x59f
 825 058a 14       		.uleb128 0x14
 826 058b 3D040000 		.4byte	0x43d
ARM GAS  C:\Users\vedranb\AppData\Local\Temp\ccv9Izc6.s 			page 16


 827 058f 14       		.uleb128 0x14
 828 0590 37010000 		.4byte	0x137
 829 0594 14       		.uleb128 0x14
 830 0595 9F050000 		.4byte	0x59f
 831 0599 14       		.uleb128 0x14
 832 059a 68000000 		.4byte	0x68
 833 059e 00       		.byte	0
 834 059f 05       		.uleb128 0x5
 835 05a0 04       		.byte	0x4
 836 05a1 A5050000 		.4byte	0x5a5
 837 05a5 18       		.uleb128 0x18
 838 05a6 8F000000 		.4byte	0x8f
 839 05aa 05       		.uleb128 0x5
 840 05ab 04       		.byte	0x4
 841 05ac 81050000 		.4byte	0x581
 842 05b0 13       		.uleb128 0x13
 843 05b1 B3000000 		.4byte	0xb3
 844 05b5 CE050000 		.4byte	0x5ce
 845 05b9 14       		.uleb128 0x14
 846 05ba 3D040000 		.4byte	0x43d
 847 05be 14       		.uleb128 0x14
 848 05bf 37010000 		.4byte	0x137
 849 05c3 14       		.uleb128 0x14
 850 05c4 B3000000 		.4byte	0xb3
 851 05c8 14       		.uleb128 0x14
 852 05c9 68000000 		.4byte	0x68
 853 05cd 00       		.byte	0
 854 05ce 05       		.uleb128 0x5
 855 05cf 04       		.byte	0x4
 856 05d0 B0050000 		.4byte	0x5b0
 857 05d4 13       		.uleb128 0x13
 858 05d5 68000000 		.4byte	0x68
 859 05d9 E8050000 		.4byte	0x5e8
 860 05dd 14       		.uleb128 0x14
 861 05de 3D040000 		.4byte	0x43d
 862 05e2 14       		.uleb128 0x14
 863 05e3 37010000 		.4byte	0x137
 864 05e7 00       		.byte	0
 865 05e8 05       		.uleb128 0x5
 866 05e9 04       		.byte	0x4
 867 05ea D4050000 		.4byte	0x5d4
 868 05ee 0A       		.uleb128 0xa
 869 05ef 2C000000 		.4byte	0x2c
 870 05f3 FE050000 		.4byte	0x5fe
 871 05f7 0B       		.uleb128 0xb
 872 05f8 F9000000 		.4byte	0xf9
 873 05fc 02       		.byte	0x2
 874 05fd 00       		.byte	0
 875 05fe 0A       		.uleb128 0xa
 876 05ff 2C000000 		.4byte	0x2c
 877 0603 0E060000 		.4byte	0x60e
 878 0607 0B       		.uleb128 0xb
 879 0608 F9000000 		.4byte	0xf9
 880 060c 00       		.byte	0
 881 060d 00       		.byte	0
 882 060e 07       		.uleb128 0x7
 883 060f 82010000 		.4byte	.LASF91
ARM GAS  C:\Users\vedranb\AppData\Local\Temp\ccv9Izc6.s 			page 17


 884 0613 07       		.byte	0x7
 885 0614 1D01     		.2byte	0x11d
 886 0616 F5020000 		.4byte	0x2f5
 887 061a 19       		.uleb128 0x19
 888 061b D1040000 		.4byte	.LASF92
 889 061f 0C       		.byte	0xc
 890 0620 07       		.byte	0x7
 891 0621 2101     		.2byte	0x121
 892 0623 4F060000 		.4byte	0x64f
 893 0627 16       		.uleb128 0x16
 894 0628 C1010000 		.4byte	.LASF26
 895 062c 07       		.byte	0x7
 896 062d 2301     		.2byte	0x123
 897 062f 4F060000 		.4byte	0x64f
 898 0633 00       		.byte	0
 899 0634 16       		.uleb128 0x16
 900 0635 DF030000 		.4byte	.LASF93
 901 0639 07       		.byte	0x7
 902 063a 2401     		.2byte	0x124
 903 063c 68000000 		.4byte	0x68
 904 0640 04       		.byte	0x4
 905 0641 16       		.uleb128 0x16
 906 0642 43020000 		.4byte	.LASF94
 907 0646 07       		.byte	0x7
 908 0647 2501     		.2byte	0x125
 909 0649 55060000 		.4byte	0x655
 910 064d 08       		.byte	0x8
 911 064e 00       		.byte	0
 912 064f 05       		.uleb128 0x5
 913 0650 04       		.byte	0x4
 914 0651 1A060000 		.4byte	0x61a
 915 0655 05       		.uleb128 0x5
 916 0656 04       		.byte	0x4
 917 0657 0E060000 		.4byte	0x60e
 918 065b 19       		.uleb128 0x19
 919 065c 3F010000 		.4byte	.LASF95
 920 0660 0E       		.byte	0xe
 921 0661 07       		.byte	0x7
 922 0662 3D01     		.2byte	0x13d
 923 0664 90060000 		.4byte	0x690
 924 0668 16       		.uleb128 0x16
 925 0669 6D050000 		.4byte	.LASF96
 926 066d 07       		.byte	0x7
 927 066e 3E01     		.2byte	0x13e
 928 0670 90060000 		.4byte	0x690
 929 0674 00       		.byte	0
 930 0675 16       		.uleb128 0x16
 931 0676 99020000 		.4byte	.LASF97
 932 067a 07       		.byte	0x7
 933 067b 3F01     		.2byte	0x13f
 934 067d 90060000 		.4byte	0x690
 935 0681 06       		.byte	0x6
 936 0682 16       		.uleb128 0x16
 937 0683 B2040000 		.4byte	.LASF98
 938 0687 07       		.byte	0x7
 939 0688 4001     		.2byte	0x140
 940 068a 3A000000 		.4byte	0x3a
ARM GAS  C:\Users\vedranb\AppData\Local\Temp\ccv9Izc6.s 			page 18


 941 068e 0C       		.byte	0xc
 942 068f 00       		.byte	0
 943 0690 0A       		.uleb128 0xa
 944 0691 3A000000 		.4byte	0x3a
 945 0695 A0060000 		.4byte	0x6a0
 946 0699 0B       		.uleb128 0xb
 947 069a F9000000 		.4byte	0xf9
 948 069e 02       		.byte	0x2
 949 069f 00       		.byte	0
 950 06a0 1A       		.uleb128 0x1a
 951 06a1 D0       		.byte	0xd0
 952 06a2 07       		.byte	0x7
 953 06a3 5802     		.2byte	0x258
 954 06a5 A1070000 		.4byte	0x7a1
 955 06a9 16       		.uleb128 0x16
 956 06aa 4B050000 		.4byte	.LASF99
 957 06ae 07       		.byte	0x7
 958 06af 5A02     		.2byte	0x25a
 959 06b1 6F000000 		.4byte	0x6f
 960 06b5 00       		.byte	0
 961 06b6 16       		.uleb128 0x16
 962 06b7 DF040000 		.4byte	.LASF100
 963 06bb 07       		.byte	0x7
 964 06bc 5B02     		.2byte	0x25b
 965 06be 75050000 		.4byte	0x575
 966 06c2 04       		.byte	0x4
 967 06c3 16       		.uleb128 0x16
 968 06c4 68010000 		.4byte	.LASF101
 969 06c8 07       		.byte	0x7
 970 06c9 5C02     		.2byte	0x25c
 971 06cb A1070000 		.4byte	0x7a1
 972 06cf 08       		.byte	0x8
 973 06d0 16       		.uleb128 0x16
 974 06d1 68030000 		.4byte	.LASF102
 975 06d5 07       		.byte	0x7
 976 06d6 5D02     		.2byte	0x25d
 977 06d8 AD010000 		.4byte	0x1ad
 978 06dc 24       		.byte	0x24
 979 06dd 16       		.uleb128 0x16
 980 06de 6C020000 		.4byte	.LASF103
 981 06e2 07       		.byte	0x7
 982 06e3 5E02     		.2byte	0x25e
 983 06e5 68000000 		.4byte	0x68
 984 06e9 48       		.byte	0x48
 985 06ea 16       		.uleb128 0x16
 986 06eb 73050000 		.4byte	.LASF104
 987 06ef 07       		.byte	0x7
 988 06f0 5F02     		.2byte	0x25f
 989 06f2 61000000 		.4byte	0x61
 990 06f6 50       		.byte	0x50
 991 06f7 16       		.uleb128 0x16
 992 06f8 1C000000 		.4byte	.LASF105
 993 06fc 07       		.byte	0x7
 994 06fd 6002     		.2byte	0x260
 995 06ff 5B060000 		.4byte	0x65b
 996 0703 58       		.byte	0x58
 997 0704 16       		.uleb128 0x16
ARM GAS  C:\Users\vedranb\AppData\Local\Temp\ccv9Izc6.s 			page 19


 998 0705 F6010000 		.4byte	.LASF106
 999 0709 07       		.byte	0x7
 1000 070a 6102     		.2byte	0x261
 1001 070c 21010000 		.4byte	0x121
 1002 0710 68       		.byte	0x68
 1003 0711 16       		.uleb128 0x16
 1004 0712 EC040000 		.4byte	.LASF107
 1005 0716 07       		.byte	0x7
 1006 0717 6202     		.2byte	0x262
 1007 0719 21010000 		.4byte	0x121
 1008 071d 70       		.byte	0x70
 1009 071e 16       		.uleb128 0x16
 1010 071f 0E000000 		.4byte	.LASF108
 1011 0723 07       		.byte	0x7
 1012 0724 6302     		.2byte	0x263
 1013 0726 21010000 		.4byte	0x121
 1014 072a 78       		.byte	0x78
 1015 072b 16       		.uleb128 0x16
 1016 072c 94030000 		.4byte	.LASF109
 1017 0730 07       		.byte	0x7
 1018 0731 6402     		.2byte	0x264
 1019 0733 B1070000 		.4byte	0x7b1
 1020 0737 80       		.byte	0x80
 1021 0738 16       		.uleb128 0x16
 1022 0739 21000000 		.4byte	.LASF110
 1023 073d 07       		.byte	0x7
 1024 073e 6502     		.2byte	0x265
 1025 0740 C1070000 		.4byte	0x7c1
 1026 0744 88       		.byte	0x88
 1027 0745 16       		.uleb128 0x16
 1028 0746 A5040000 		.4byte	.LASF111
 1029 074a 07       		.byte	0x7
 1030 074b 6602     		.2byte	0x266
 1031 074d 68000000 		.4byte	0x68
 1032 0751 A0       		.byte	0xa0
 1033 0752 16       		.uleb128 0x16
 1034 0753 C6000000 		.4byte	.LASF112
 1035 0757 07       		.byte	0x7
 1036 0758 6702     		.2byte	0x267
 1037 075a 21010000 		.4byte	0x121
 1038 075e A4       		.byte	0xa4
 1039 075f 16       		.uleb128 0x16
 1040 0760 1C020000 		.4byte	.LASF113
 1041 0764 07       		.byte	0x7
 1042 0765 6802     		.2byte	0x268
 1043 0767 21010000 		.4byte	0x121
 1044 076b AC       		.byte	0xac
 1045 076c 16       		.uleb128 0x16
 1046 076d C7010000 		.4byte	.LASF114
 1047 0771 07       		.byte	0x7
 1048 0772 6902     		.2byte	0x269
 1049 0774 21010000 		.4byte	0x121
 1050 0778 B4       		.byte	0xb4
 1051 0779 16       		.uleb128 0x16
 1052 077a A7020000 		.4byte	.LASF115
 1053 077e 07       		.byte	0x7
 1054 077f 6A02     		.2byte	0x26a
ARM GAS  C:\Users\vedranb\AppData\Local\Temp\ccv9Izc6.s 			page 20


 1055 0781 21010000 		.4byte	0x121
 1056 0785 BC       		.byte	0xbc
 1057 0786 16       		.uleb128 0x16
 1058 0787 E5010000 		.4byte	.LASF116
 1059 078b 07       		.byte	0x7
 1060 078c 6B02     		.2byte	0x26b
 1061 078e 21010000 		.4byte	0x121
 1062 0792 C4       		.byte	0xc4
 1063 0793 16       		.uleb128 0x16
 1064 0794 DC020000 		.4byte	.LASF117
 1065 0798 07       		.byte	0x7
 1066 0799 6C02     		.2byte	0x26c
 1067 079b 68000000 		.4byte	0x68
 1068 079f CC       		.byte	0xcc
 1069 07a0 00       		.byte	0
 1070 07a1 0A       		.uleb128 0xa
 1071 07a2 8F000000 		.4byte	0x8f
 1072 07a6 B1070000 		.4byte	0x7b1
 1073 07aa 0B       		.uleb128 0xb
 1074 07ab F9000000 		.4byte	0xf9
 1075 07af 19       		.byte	0x19
 1076 07b0 00       		.byte	0
 1077 07b1 0A       		.uleb128 0xa
 1078 07b2 8F000000 		.4byte	0x8f
 1079 07b6 C1070000 		.4byte	0x7c1
 1080 07ba 0B       		.uleb128 0xb
 1081 07bb F9000000 		.4byte	0xf9
 1082 07bf 07       		.byte	0x7
 1083 07c0 00       		.byte	0
 1084 07c1 0A       		.uleb128 0xa
 1085 07c2 8F000000 		.4byte	0x8f
 1086 07c6 D1070000 		.4byte	0x7d1
 1087 07ca 0B       		.uleb128 0xb
 1088 07cb F9000000 		.4byte	0xf9
 1089 07cf 17       		.byte	0x17
 1090 07d0 00       		.byte	0
 1091 07d1 1A       		.uleb128 0x1a
 1092 07d2 F0       		.byte	0xf0
 1093 07d3 07       		.byte	0x7
 1094 07d4 7102     		.2byte	0x271
 1095 07d6 F5070000 		.4byte	0x7f5
 1096 07da 16       		.uleb128 0x16
 1097 07db 38010000 		.4byte	.LASF118
 1098 07df 07       		.byte	0x7
 1099 07e0 7402     		.2byte	0x274
 1100 07e2 F5070000 		.4byte	0x7f5
 1101 07e6 00       		.byte	0
 1102 07e7 16       		.uleb128 0x16
 1103 07e8 8C050000 		.4byte	.LASF119
 1104 07ec 07       		.byte	0x7
 1105 07ed 7502     		.2byte	0x275
 1106 07ef 05080000 		.4byte	0x805
 1107 07f3 78       		.byte	0x78
 1108 07f4 00       		.byte	0
 1109 07f5 0A       		.uleb128 0xa
 1110 07f6 EF020000 		.4byte	0x2ef
 1111 07fa 05080000 		.4byte	0x805
ARM GAS  C:\Users\vedranb\AppData\Local\Temp\ccv9Izc6.s 			page 21


 1112 07fe 0B       		.uleb128 0xb
 1113 07ff F9000000 		.4byte	0xf9
 1114 0803 1D       		.byte	0x1d
 1115 0804 00       		.byte	0
 1116 0805 0A       		.uleb128 0xa
 1117 0806 6F000000 		.4byte	0x6f
 1118 080a 15080000 		.4byte	0x815
 1119 080e 0B       		.uleb128 0xb
 1120 080f F9000000 		.4byte	0xf9
 1121 0813 1D       		.byte	0x1d
 1122 0814 00       		.byte	0
 1123 0815 1B       		.uleb128 0x1b
 1124 0816 F0       		.byte	0xf0
 1125 0817 07       		.byte	0x7
 1126 0818 5602     		.2byte	0x256
 1127 081a 37080000 		.4byte	0x837
 1128 081e 1C       		.uleb128 0x1c
 1129 081f 0E050000 		.4byte	.LASF69
 1130 0823 07       		.byte	0x7
 1131 0824 6D02     		.2byte	0x26d
 1132 0826 A0060000 		.4byte	0x6a0
 1133 082a 1C       		.uleb128 0x1c
 1134 082b 77030000 		.4byte	.LASF120
 1135 082f 07       		.byte	0x7
 1136 0830 7602     		.2byte	0x276
 1137 0832 D1070000 		.4byte	0x7d1
 1138 0836 00       		.byte	0
 1139 0837 0A       		.uleb128 0xa
 1140 0838 8F000000 		.4byte	0x8f
 1141 083c 47080000 		.4byte	0x847
 1142 0840 0B       		.uleb128 0xb
 1143 0841 F9000000 		.4byte	0xf9
 1144 0845 18       		.byte	0x18
 1145 0846 00       		.byte	0
 1146 0847 1D       		.uleb128 0x1d
 1147 0848 52080000 		.4byte	0x852
 1148 084c 14       		.uleb128 0x14
 1149 084d 3D040000 		.4byte	0x43d
 1150 0851 00       		.byte	0
 1151 0852 05       		.uleb128 0x5
 1152 0853 04       		.byte	0x4
 1153 0854 47080000 		.4byte	0x847
 1154 0858 05       		.uleb128 0x5
 1155 0859 04       		.byte	0x4
 1156 085a 97010000 		.4byte	0x197
 1157 085e 1D       		.uleb128 0x1d
 1158 085f 69080000 		.4byte	0x869
 1159 0863 14       		.uleb128 0x14
 1160 0864 68000000 		.4byte	0x68
 1161 0868 00       		.byte	0
 1162 0869 05       		.uleb128 0x5
 1163 086a 04       		.byte	0x4
 1164 086b 6F080000 		.4byte	0x86f
 1165 086f 05       		.uleb128 0x5
 1166 0870 04       		.byte	0x4
 1167 0871 5E080000 		.4byte	0x85e
 1168 0875 0A       		.uleb128 0xa
ARM GAS  C:\Users\vedranb\AppData\Local\Temp\ccv9Izc6.s 			page 22


 1169 0876 0E060000 		.4byte	0x60e
 1170 087a 85080000 		.4byte	0x885
 1171 087e 0B       		.uleb128 0xb
 1172 087f F9000000 		.4byte	0xf9
 1173 0883 02       		.byte	0x2
 1174 0884 00       		.byte	0
 1175 0885 03       		.uleb128 0x3
 1176 0886 58050000 		.4byte	.LASF121
 1177 088a 08       		.byte	0x8
 1178 088b 34       		.byte	0x34
 1179 088c 0E060000 		.4byte	0x60e
 1180 0890 1E       		.uleb128 0x1e
 1181 0891 B9010000 		.4byte	.LASF122
 1182 0895 01       		.byte	0x1
 1183 0896 10       		.byte	0x10
 1184 0897 68000000 		.4byte	0x68
 1185 089b 00000000 		.4byte	.LFB63
 1186 089f 44000000 		.4byte	.LFE63-.LFB63
 1187 08a3 01       		.uleb128 0x1
 1188 08a4 9C       		.byte	0x9c
 1189 08a5 D8080000 		.4byte	0x8d8
 1190 08a9 1F       		.uleb128 0x1f
 1191 08aa 6900     		.ascii	"i\000"
 1192 08ac 01       		.byte	0x1
 1193 08ad 11       		.byte	0x11
 1194 08ae 68000000 		.4byte	0x68
 1195 08b2 02       		.uleb128 0x2
 1196 08b3 91       		.byte	0x91
 1197 08b4 74       		.sleb128 -12
 1198 08b5 20       		.uleb128 0x20
 1199 08b6 1E000000 		.4byte	.LVL0
 1200 08ba 34090000 		.4byte	0x934
 1201 08be 21       		.uleb128 0x21
 1202 08bf 30000000 		.4byte	.LVL1
 1203 08c3 55090000 		.4byte	0x955
 1204 08c7 22       		.uleb128 0x22
 1205 08c8 01       		.uleb128 0x1
 1206 08c9 51       		.byte	0x51
 1207 08ca 02       		.uleb128 0x2
 1208 08cb 91       		.byte	0x91
 1209 08cc 74       		.sleb128 -12
 1210 08cd 22       		.uleb128 0x22
 1211 08ce 01       		.uleb128 0x1
 1212 08cf 50       		.byte	0x50
 1213 08d0 05       		.uleb128 0x5
 1214 08d1 03       		.byte	0x3
 1215 08d2 00000000 		.4byte	.LC0
 1216 08d6 00       		.byte	0
 1217 08d7 00       		.byte	0
 1218 08d8 1E       		.uleb128 0x1e
 1219 08d9 50020000 		.4byte	.LASF123
 1220 08dd 01       		.byte	0x1
 1221 08de 18       		.byte	0x18
 1222 08df 81000000 		.4byte	0x81
 1223 08e3 00000000 		.4byte	.LFB64
 1224 08e7 18000000 		.4byte	.LFE64-.LFB64
 1225 08eb 01       		.uleb128 0x1
ARM GAS  C:\Users\vedranb\AppData\Local\Temp\ccv9Izc6.s 			page 23


 1226 08ec 9C       		.byte	0x9c
 1227 08ed 17090000 		.4byte	0x917
 1228 08f1 1F       		.uleb128 0x1f
 1229 08f2 6600     		.ascii	"f\000"
 1230 08f4 01       		.byte	0x1
 1231 08f5 19       		.byte	0x19
 1232 08f6 81000000 		.4byte	0x81
 1233 08fa 02       		.uleb128 0x2
 1234 08fb 91       		.byte	0x91
 1235 08fc 74       		.sleb128 -12
 1236 08fd 21       		.uleb128 0x21
 1237 08fe 0C000000 		.4byte	.LVL2
 1238 0902 55090000 		.4byte	0x955
 1239 0906 22       		.uleb128 0x22
 1240 0907 01       		.uleb128 0x1
 1241 0908 51       		.byte	0x51
 1242 0909 02       		.uleb128 0x2
 1243 090a 91       		.byte	0x91
 1244 090b 74       		.sleb128 -12
 1245 090c 22       		.uleb128 0x22
 1246 090d 01       		.uleb128 0x1
 1247 090e 50       		.byte	0x50
 1248 090f 05       		.uleb128 0x5
 1249 0910 03       		.byte	0x3
 1250 0911 04000000 		.4byte	.LC1
 1251 0915 00       		.byte	0
 1252 0916 00       		.byte	0
 1253 0917 23       		.uleb128 0x23
 1254 0918 2C010000 		.4byte	.LASF124
 1255 091c 07       		.byte	0x7
 1256 091d FA02     		.2byte	0x2fa
 1257 091f 3D040000 		.4byte	0x43d
 1258 0923 23       		.uleb128 0x23
 1259 0924 29030000 		.4byte	.LASF125
 1260 0928 09       		.byte	0x9
 1261 0929 9606     		.2byte	0x696
 1262 092b 2F090000 		.4byte	0x92f
 1263 092f 24       		.uleb128 0x24
 1264 0930 76000000 		.4byte	0x76
 1265 0934 25       		.uleb128 0x25
 1266 0935 EE020000 		.4byte	.LASF129
 1267 0939 08       		.byte	0x8
 1268 093a 1A02     		.2byte	0x21a
 1269 093c 68000000 		.4byte	0x68
 1270 0940 4F090000 		.4byte	0x94f
 1271 0944 14       		.uleb128 0x14
 1272 0945 3D040000 		.4byte	0x43d
 1273 0949 14       		.uleb128 0x14
 1274 094a 4F090000 		.4byte	0x94f
 1275 094e 00       		.byte	0
 1276 094f 05       		.uleb128 0x5
 1277 0950 04       		.byte	0x4
 1278 0951 85080000 		.4byte	0x885
 1279 0955 26       		.uleb128 0x26
 1280 0956 10030000 		.4byte	.LASF130
 1281 095a 08       		.byte	0x8
 1282 095b B4       		.byte	0xb4
ARM GAS  C:\Users\vedranb\AppData\Local\Temp\ccv9Izc6.s 			page 24


 1283 095c 68000000 		.4byte	0x68
 1284 0960 14       		.uleb128 0x14
 1285 0961 9F050000 		.4byte	0x59f
 1286 0965 27       		.uleb128 0x27
 1287 0966 00       		.byte	0
 1288 0967 00       		.byte	0
 1289              		.section	.debug_abbrev,"",%progbits
 1290              	.Ldebug_abbrev0:
 1291 0000 01       		.uleb128 0x1
 1292 0001 11       		.uleb128 0x11
 1293 0002 01       		.byte	0x1
 1294 0003 25       		.uleb128 0x25
 1295 0004 0E       		.uleb128 0xe
 1296 0005 13       		.uleb128 0x13
 1297 0006 0B       		.uleb128 0xb
 1298 0007 03       		.uleb128 0x3
 1299 0008 0E       		.uleb128 0xe
 1300 0009 1B       		.uleb128 0x1b
 1301 000a 0E       		.uleb128 0xe
 1302 000b 55       		.uleb128 0x55
 1303 000c 17       		.uleb128 0x17
 1304 000d 11       		.uleb128 0x11
 1305 000e 01       		.uleb128 0x1
 1306 000f 10       		.uleb128 0x10
 1307 0010 17       		.uleb128 0x17
 1308 0011 00       		.byte	0
 1309 0012 00       		.byte	0
 1310 0013 02       		.uleb128 0x2
 1311 0014 24       		.uleb128 0x24
 1312 0015 00       		.byte	0
 1313 0016 0B       		.uleb128 0xb
 1314 0017 0B       		.uleb128 0xb
 1315 0018 3E       		.uleb128 0x3e
 1316 0019 0B       		.uleb128 0xb
 1317 001a 03       		.uleb128 0x3
 1318 001b 0E       		.uleb128 0xe
 1319 001c 00       		.byte	0
 1320 001d 00       		.byte	0
 1321 001e 03       		.uleb128 0x3
 1322 001f 16       		.uleb128 0x16
 1323 0020 00       		.byte	0
 1324 0021 03       		.uleb128 0x3
 1325 0022 0E       		.uleb128 0xe
 1326 0023 3A       		.uleb128 0x3a
 1327 0024 0B       		.uleb128 0xb
 1328 0025 3B       		.uleb128 0x3b
 1329 0026 0B       		.uleb128 0xb
 1330 0027 49       		.uleb128 0x49
 1331 0028 13       		.uleb128 0x13
 1332 0029 00       		.byte	0
 1333 002a 00       		.byte	0
 1334 002b 04       		.uleb128 0x4
 1335 002c 24       		.uleb128 0x24
 1336 002d 00       		.byte	0
 1337 002e 0B       		.uleb128 0xb
 1338 002f 0B       		.uleb128 0xb
 1339 0030 3E       		.uleb128 0x3e
ARM GAS  C:\Users\vedranb\AppData\Local\Temp\ccv9Izc6.s 			page 25


 1340 0031 0B       		.uleb128 0xb
 1341 0032 03       		.uleb128 0x3
 1342 0033 08       		.uleb128 0x8
 1343 0034 00       		.byte	0
 1344 0035 00       		.byte	0
 1345 0036 05       		.uleb128 0x5
 1346 0037 0F       		.uleb128 0xf
 1347 0038 00       		.byte	0
 1348 0039 0B       		.uleb128 0xb
 1349 003a 0B       		.uleb128 0xb
 1350 003b 49       		.uleb128 0x49
 1351 003c 13       		.uleb128 0x13
 1352 003d 00       		.byte	0
 1353 003e 00       		.byte	0
 1354 003f 06       		.uleb128 0x6
 1355 0040 15       		.uleb128 0x15
 1356 0041 00       		.byte	0
 1357 0042 27       		.uleb128 0x27
 1358 0043 19       		.uleb128 0x19
 1359 0044 00       		.byte	0
 1360 0045 00       		.byte	0
 1361 0046 07       		.uleb128 0x7
 1362 0047 16       		.uleb128 0x16
 1363 0048 00       		.byte	0
 1364 0049 03       		.uleb128 0x3
 1365 004a 0E       		.uleb128 0xe
 1366 004b 3A       		.uleb128 0x3a
 1367 004c 0B       		.uleb128 0xb
 1368 004d 3B       		.uleb128 0x3b
 1369 004e 05       		.uleb128 0x5
 1370 004f 49       		.uleb128 0x49
 1371 0050 13       		.uleb128 0x13
 1372 0051 00       		.byte	0
 1373 0052 00       		.byte	0
 1374 0053 08       		.uleb128 0x8
 1375 0054 17       		.uleb128 0x17
 1376 0055 01       		.byte	0x1
 1377 0056 0B       		.uleb128 0xb
 1378 0057 0B       		.uleb128 0xb
 1379 0058 3A       		.uleb128 0x3a
 1380 0059 0B       		.uleb128 0xb
 1381 005a 3B       		.uleb128 0x3b
 1382 005b 0B       		.uleb128 0xb
 1383 005c 01       		.uleb128 0x1
 1384 005d 13       		.uleb128 0x13
 1385 005e 00       		.byte	0
 1386 005f 00       		.byte	0
 1387 0060 09       		.uleb128 0x9
 1388 0061 0D       		.uleb128 0xd
 1389 0062 00       		.byte	0
 1390 0063 03       		.uleb128 0x3
 1391 0064 0E       		.uleb128 0xe
 1392 0065 3A       		.uleb128 0x3a
 1393 0066 0B       		.uleb128 0xb
 1394 0067 3B       		.uleb128 0x3b
 1395 0068 0B       		.uleb128 0xb
 1396 0069 49       		.uleb128 0x49
ARM GAS  C:\Users\vedranb\AppData\Local\Temp\ccv9Izc6.s 			page 26


 1397 006a 13       		.uleb128 0x13
 1398 006b 00       		.byte	0
 1399 006c 00       		.byte	0
 1400 006d 0A       		.uleb128 0xa
 1401 006e 01       		.uleb128 0x1
 1402 006f 01       		.byte	0x1
 1403 0070 49       		.uleb128 0x49
 1404 0071 13       		.uleb128 0x13
 1405 0072 01       		.uleb128 0x1
 1406 0073 13       		.uleb128 0x13
 1407 0074 00       		.byte	0
 1408 0075 00       		.byte	0
 1409 0076 0B       		.uleb128 0xb
 1410 0077 21       		.uleb128 0x21
 1411 0078 00       		.byte	0
 1412 0079 49       		.uleb128 0x49
 1413 007a 13       		.uleb128 0x13
 1414 007b 2F       		.uleb128 0x2f
 1415 007c 0B       		.uleb128 0xb
 1416 007d 00       		.byte	0
 1417 007e 00       		.byte	0
 1418 007f 0C       		.uleb128 0xc
 1419 0080 13       		.uleb128 0x13
 1420 0081 01       		.byte	0x1
 1421 0082 0B       		.uleb128 0xb
 1422 0083 0B       		.uleb128 0xb
 1423 0084 3A       		.uleb128 0x3a
 1424 0085 0B       		.uleb128 0xb
 1425 0086 3B       		.uleb128 0x3b
 1426 0087 0B       		.uleb128 0xb
 1427 0088 01       		.uleb128 0x1
 1428 0089 13       		.uleb128 0x13
 1429 008a 00       		.byte	0
 1430 008b 00       		.byte	0
 1431 008c 0D       		.uleb128 0xd
 1432 008d 0D       		.uleb128 0xd
 1433 008e 00       		.byte	0
 1434 008f 03       		.uleb128 0x3
 1435 0090 0E       		.uleb128 0xe
 1436 0091 3A       		.uleb128 0x3a
 1437 0092 0B       		.uleb128 0xb
 1438 0093 3B       		.uleb128 0x3b
 1439 0094 0B       		.uleb128 0xb
 1440 0095 49       		.uleb128 0x49
 1441 0096 13       		.uleb128 0x13
 1442 0097 38       		.uleb128 0x38
 1443 0098 0B       		.uleb128 0xb
 1444 0099 00       		.byte	0
 1445 009a 00       		.byte	0
 1446 009b 0E       		.uleb128 0xe
 1447 009c 0F       		.uleb128 0xf
 1448 009d 00       		.byte	0
 1449 009e 0B       		.uleb128 0xb
 1450 009f 0B       		.uleb128 0xb
 1451 00a0 00       		.byte	0
 1452 00a1 00       		.byte	0
 1453 00a2 0F       		.uleb128 0xf
ARM GAS  C:\Users\vedranb\AppData\Local\Temp\ccv9Izc6.s 			page 27


 1454 00a3 13       		.uleb128 0x13
 1455 00a4 01       		.byte	0x1
 1456 00a5 03       		.uleb128 0x3
 1457 00a6 0E       		.uleb128 0xe
 1458 00a7 0B       		.uleb128 0xb
 1459 00a8 0B       		.uleb128 0xb
 1460 00a9 3A       		.uleb128 0x3a
 1461 00aa 0B       		.uleb128 0xb
 1462 00ab 3B       		.uleb128 0x3b
 1463 00ac 0B       		.uleb128 0xb
 1464 00ad 01       		.uleb128 0x1
 1465 00ae 13       		.uleb128 0x13
 1466 00af 00       		.byte	0
 1467 00b0 00       		.byte	0
 1468 00b1 10       		.uleb128 0x10
 1469 00b2 0D       		.uleb128 0xd
 1470 00b3 00       		.byte	0
 1471 00b4 03       		.uleb128 0x3
 1472 00b5 08       		.uleb128 0x8
 1473 00b6 3A       		.uleb128 0x3a
 1474 00b7 0B       		.uleb128 0xb
 1475 00b8 3B       		.uleb128 0x3b
 1476 00b9 0B       		.uleb128 0xb
 1477 00ba 49       		.uleb128 0x49
 1478 00bb 13       		.uleb128 0x13
 1479 00bc 38       		.uleb128 0x38
 1480 00bd 0B       		.uleb128 0xb
 1481 00be 00       		.byte	0
 1482 00bf 00       		.byte	0
 1483 00c0 11       		.uleb128 0x11
 1484 00c1 13       		.uleb128 0x13
 1485 00c2 01       		.byte	0x1
 1486 00c3 03       		.uleb128 0x3
 1487 00c4 0E       		.uleb128 0xe
 1488 00c5 0B       		.uleb128 0xb
 1489 00c6 05       		.uleb128 0x5
 1490 00c7 3A       		.uleb128 0x3a
 1491 00c8 0B       		.uleb128 0xb
 1492 00c9 3B       		.uleb128 0x3b
 1493 00ca 0B       		.uleb128 0xb
 1494 00cb 01       		.uleb128 0x1
 1495 00cc 13       		.uleb128 0x13
 1496 00cd 00       		.byte	0
 1497 00ce 00       		.byte	0
 1498 00cf 12       		.uleb128 0x12
 1499 00d0 0D       		.uleb128 0xd
 1500 00d1 00       		.byte	0
 1501 00d2 03       		.uleb128 0x3
 1502 00d3 0E       		.uleb128 0xe
 1503 00d4 3A       		.uleb128 0x3a
 1504 00d5 0B       		.uleb128 0xb
 1505 00d6 3B       		.uleb128 0x3b
 1506 00d7 0B       		.uleb128 0xb
 1507 00d8 49       		.uleb128 0x49
 1508 00d9 13       		.uleb128 0x13
 1509 00da 38       		.uleb128 0x38
 1510 00db 05       		.uleb128 0x5
ARM GAS  C:\Users\vedranb\AppData\Local\Temp\ccv9Izc6.s 			page 28


 1511 00dc 00       		.byte	0
 1512 00dd 00       		.byte	0
 1513 00de 13       		.uleb128 0x13
 1514 00df 15       		.uleb128 0x15
 1515 00e0 01       		.byte	0x1
 1516 00e1 27       		.uleb128 0x27
 1517 00e2 19       		.uleb128 0x19
 1518 00e3 49       		.uleb128 0x49
 1519 00e4 13       		.uleb128 0x13
 1520 00e5 01       		.uleb128 0x1
 1521 00e6 13       		.uleb128 0x13
 1522 00e7 00       		.byte	0
 1523 00e8 00       		.byte	0
 1524 00e9 14       		.uleb128 0x14
 1525 00ea 05       		.uleb128 0x5
 1526 00eb 00       		.byte	0
 1527 00ec 49       		.uleb128 0x49
 1528 00ed 13       		.uleb128 0x13
 1529 00ee 00       		.byte	0
 1530 00ef 00       		.byte	0
 1531 00f0 15       		.uleb128 0x15
 1532 00f1 13       		.uleb128 0x13
 1533 00f2 01       		.byte	0x1
 1534 00f3 03       		.uleb128 0x3
 1535 00f4 0E       		.uleb128 0xe
 1536 00f5 0B       		.uleb128 0xb
 1537 00f6 05       		.uleb128 0x5
 1538 00f7 3A       		.uleb128 0x3a
 1539 00f8 0B       		.uleb128 0xb
 1540 00f9 3B       		.uleb128 0x3b
 1541 00fa 05       		.uleb128 0x5
 1542 00fb 01       		.uleb128 0x1
 1543 00fc 13       		.uleb128 0x13
 1544 00fd 00       		.byte	0
 1545 00fe 00       		.byte	0
 1546 00ff 16       		.uleb128 0x16
 1547 0100 0D       		.uleb128 0xd
 1548 0101 00       		.byte	0
 1549 0102 03       		.uleb128 0x3
 1550 0103 0E       		.uleb128 0xe
 1551 0104 3A       		.uleb128 0x3a
 1552 0105 0B       		.uleb128 0xb
 1553 0106 3B       		.uleb128 0x3b
 1554 0107 05       		.uleb128 0x5
 1555 0108 49       		.uleb128 0x49
 1556 0109 13       		.uleb128 0x13
 1557 010a 38       		.uleb128 0x38
 1558 010b 0B       		.uleb128 0xb
 1559 010c 00       		.byte	0
 1560 010d 00       		.byte	0
 1561 010e 17       		.uleb128 0x17
 1562 010f 0D       		.uleb128 0xd
 1563 0110 00       		.byte	0
 1564 0111 03       		.uleb128 0x3
 1565 0112 0E       		.uleb128 0xe
 1566 0113 3A       		.uleb128 0x3a
 1567 0114 0B       		.uleb128 0xb
ARM GAS  C:\Users\vedranb\AppData\Local\Temp\ccv9Izc6.s 			page 29


 1568 0115 3B       		.uleb128 0x3b
 1569 0116 05       		.uleb128 0x5
 1570 0117 49       		.uleb128 0x49
 1571 0118 13       		.uleb128 0x13
 1572 0119 38       		.uleb128 0x38
 1573 011a 05       		.uleb128 0x5
 1574 011b 00       		.byte	0
 1575 011c 00       		.byte	0
 1576 011d 18       		.uleb128 0x18
 1577 011e 26       		.uleb128 0x26
 1578 011f 00       		.byte	0
 1579 0120 49       		.uleb128 0x49
 1580 0121 13       		.uleb128 0x13
 1581 0122 00       		.byte	0
 1582 0123 00       		.byte	0
 1583 0124 19       		.uleb128 0x19
 1584 0125 13       		.uleb128 0x13
 1585 0126 01       		.byte	0x1
 1586 0127 03       		.uleb128 0x3
 1587 0128 0E       		.uleb128 0xe
 1588 0129 0B       		.uleb128 0xb
 1589 012a 0B       		.uleb128 0xb
 1590 012b 3A       		.uleb128 0x3a
 1591 012c 0B       		.uleb128 0xb
 1592 012d 3B       		.uleb128 0x3b
 1593 012e 05       		.uleb128 0x5
 1594 012f 01       		.uleb128 0x1
 1595 0130 13       		.uleb128 0x13
 1596 0131 00       		.byte	0
 1597 0132 00       		.byte	0
 1598 0133 1A       		.uleb128 0x1a
 1599 0134 13       		.uleb128 0x13
 1600 0135 01       		.byte	0x1
 1601 0136 0B       		.uleb128 0xb
 1602 0137 0B       		.uleb128 0xb
 1603 0138 3A       		.uleb128 0x3a
 1604 0139 0B       		.uleb128 0xb
 1605 013a 3B       		.uleb128 0x3b
 1606 013b 05       		.uleb128 0x5
 1607 013c 01       		.uleb128 0x1
 1608 013d 13       		.uleb128 0x13
 1609 013e 00       		.byte	0
 1610 013f 00       		.byte	0
 1611 0140 1B       		.uleb128 0x1b
 1612 0141 17       		.uleb128 0x17
 1613 0142 01       		.byte	0x1
 1614 0143 0B       		.uleb128 0xb
 1615 0144 0B       		.uleb128 0xb
 1616 0145 3A       		.uleb128 0x3a
 1617 0146 0B       		.uleb128 0xb
 1618 0147 3B       		.uleb128 0x3b
 1619 0148 05       		.uleb128 0x5
 1620 0149 01       		.uleb128 0x1
 1621 014a 13       		.uleb128 0x13
 1622 014b 00       		.byte	0
 1623 014c 00       		.byte	0
 1624 014d 1C       		.uleb128 0x1c
ARM GAS  C:\Users\vedranb\AppData\Local\Temp\ccv9Izc6.s 			page 30


 1625 014e 0D       		.uleb128 0xd
 1626 014f 00       		.byte	0
 1627 0150 03       		.uleb128 0x3
 1628 0151 0E       		.uleb128 0xe
 1629 0152 3A       		.uleb128 0x3a
 1630 0153 0B       		.uleb128 0xb
 1631 0154 3B       		.uleb128 0x3b
 1632 0155 05       		.uleb128 0x5
 1633 0156 49       		.uleb128 0x49
 1634 0157 13       		.uleb128 0x13
 1635 0158 00       		.byte	0
 1636 0159 00       		.byte	0
 1637 015a 1D       		.uleb128 0x1d
 1638 015b 15       		.uleb128 0x15
 1639 015c 01       		.byte	0x1
 1640 015d 27       		.uleb128 0x27
 1641 015e 19       		.uleb128 0x19
 1642 015f 01       		.uleb128 0x1
 1643 0160 13       		.uleb128 0x13
 1644 0161 00       		.byte	0
 1645 0162 00       		.byte	0
 1646 0163 1E       		.uleb128 0x1e
 1647 0164 2E       		.uleb128 0x2e
 1648 0165 01       		.byte	0x1
 1649 0166 3F       		.uleb128 0x3f
 1650 0167 19       		.uleb128 0x19
 1651 0168 03       		.uleb128 0x3
 1652 0169 0E       		.uleb128 0xe
 1653 016a 3A       		.uleb128 0x3a
 1654 016b 0B       		.uleb128 0xb
 1655 016c 3B       		.uleb128 0x3b
 1656 016d 0B       		.uleb128 0xb
 1657 016e 27       		.uleb128 0x27
 1658 016f 19       		.uleb128 0x19
 1659 0170 49       		.uleb128 0x49
 1660 0171 13       		.uleb128 0x13
 1661 0172 11       		.uleb128 0x11
 1662 0173 01       		.uleb128 0x1
 1663 0174 12       		.uleb128 0x12
 1664 0175 06       		.uleb128 0x6
 1665 0176 40       		.uleb128 0x40
 1666 0177 18       		.uleb128 0x18
 1667 0178 9742     		.uleb128 0x2117
 1668 017a 19       		.uleb128 0x19
 1669 017b 01       		.uleb128 0x1
 1670 017c 13       		.uleb128 0x13
 1671 017d 00       		.byte	0
 1672 017e 00       		.byte	0
 1673 017f 1F       		.uleb128 0x1f
 1674 0180 34       		.uleb128 0x34
 1675 0181 00       		.byte	0
 1676 0182 03       		.uleb128 0x3
 1677 0183 08       		.uleb128 0x8
 1678 0184 3A       		.uleb128 0x3a
 1679 0185 0B       		.uleb128 0xb
 1680 0186 3B       		.uleb128 0x3b
 1681 0187 0B       		.uleb128 0xb
ARM GAS  C:\Users\vedranb\AppData\Local\Temp\ccv9Izc6.s 			page 31


 1682 0188 49       		.uleb128 0x49
 1683 0189 13       		.uleb128 0x13
 1684 018a 02       		.uleb128 0x2
 1685 018b 18       		.uleb128 0x18
 1686 018c 00       		.byte	0
 1687 018d 00       		.byte	0
 1688 018e 20       		.uleb128 0x20
 1689 018f 898201   		.uleb128 0x4109
 1690 0192 00       		.byte	0
 1691 0193 11       		.uleb128 0x11
 1692 0194 01       		.uleb128 0x1
 1693 0195 31       		.uleb128 0x31
 1694 0196 13       		.uleb128 0x13
 1695 0197 00       		.byte	0
 1696 0198 00       		.byte	0
 1697 0199 21       		.uleb128 0x21
 1698 019a 898201   		.uleb128 0x4109
 1699 019d 01       		.byte	0x1
 1700 019e 11       		.uleb128 0x11
 1701 019f 01       		.uleb128 0x1
 1702 01a0 31       		.uleb128 0x31
 1703 01a1 13       		.uleb128 0x13
 1704 01a2 00       		.byte	0
 1705 01a3 00       		.byte	0
 1706 01a4 22       		.uleb128 0x22
 1707 01a5 8A8201   		.uleb128 0x410a
 1708 01a8 00       		.byte	0
 1709 01a9 02       		.uleb128 0x2
 1710 01aa 18       		.uleb128 0x18
 1711 01ab 9142     		.uleb128 0x2111
 1712 01ad 18       		.uleb128 0x18
 1713 01ae 00       		.byte	0
 1714 01af 00       		.byte	0
 1715 01b0 23       		.uleb128 0x23
 1716 01b1 34       		.uleb128 0x34
 1717 01b2 00       		.byte	0
 1718 01b3 03       		.uleb128 0x3
 1719 01b4 0E       		.uleb128 0xe
 1720 01b5 3A       		.uleb128 0x3a
 1721 01b6 0B       		.uleb128 0xb
 1722 01b7 3B       		.uleb128 0x3b
 1723 01b8 05       		.uleb128 0x5
 1724 01b9 49       		.uleb128 0x49
 1725 01ba 13       		.uleb128 0x13
 1726 01bb 3F       		.uleb128 0x3f
 1727 01bc 19       		.uleb128 0x19
 1728 01bd 3C       		.uleb128 0x3c
 1729 01be 19       		.uleb128 0x19
 1730 01bf 00       		.byte	0
 1731 01c0 00       		.byte	0
 1732 01c1 24       		.uleb128 0x24
 1733 01c2 35       		.uleb128 0x35
 1734 01c3 00       		.byte	0
 1735 01c4 49       		.uleb128 0x49
 1736 01c5 13       		.uleb128 0x13
 1737 01c6 00       		.byte	0
 1738 01c7 00       		.byte	0
ARM GAS  C:\Users\vedranb\AppData\Local\Temp\ccv9Izc6.s 			page 32


 1739 01c8 25       		.uleb128 0x25
 1740 01c9 2E       		.uleb128 0x2e
 1741 01ca 01       		.byte	0x1
 1742 01cb 3F       		.uleb128 0x3f
 1743 01cc 19       		.uleb128 0x19
 1744 01cd 03       		.uleb128 0x3
 1745 01ce 0E       		.uleb128 0xe
 1746 01cf 3A       		.uleb128 0x3a
 1747 01d0 0B       		.uleb128 0xb
 1748 01d1 3B       		.uleb128 0x3b
 1749 01d2 05       		.uleb128 0x5
 1750 01d3 27       		.uleb128 0x27
 1751 01d4 19       		.uleb128 0x19
 1752 01d5 49       		.uleb128 0x49
 1753 01d6 13       		.uleb128 0x13
 1754 01d7 3C       		.uleb128 0x3c
 1755 01d8 19       		.uleb128 0x19
 1756 01d9 01       		.uleb128 0x1
 1757 01da 13       		.uleb128 0x13
 1758 01db 00       		.byte	0
 1759 01dc 00       		.byte	0
 1760 01dd 26       		.uleb128 0x26
 1761 01de 2E       		.uleb128 0x2e
 1762 01df 01       		.byte	0x1
 1763 01e0 3F       		.uleb128 0x3f
 1764 01e1 19       		.uleb128 0x19
 1765 01e2 03       		.uleb128 0x3
 1766 01e3 0E       		.uleb128 0xe
 1767 01e4 3A       		.uleb128 0x3a
 1768 01e5 0B       		.uleb128 0xb
 1769 01e6 3B       		.uleb128 0x3b
 1770 01e7 0B       		.uleb128 0xb
 1771 01e8 27       		.uleb128 0x27
 1772 01e9 19       		.uleb128 0x19
 1773 01ea 49       		.uleb128 0x49
 1774 01eb 13       		.uleb128 0x13
 1775 01ec 3C       		.uleb128 0x3c
 1776 01ed 19       		.uleb128 0x19
 1777 01ee 00       		.byte	0
 1778 01ef 00       		.byte	0
 1779 01f0 27       		.uleb128 0x27
 1780 01f1 18       		.uleb128 0x18
 1781 01f2 00       		.byte	0
 1782 01f3 00       		.byte	0
 1783 01f4 00       		.byte	0
 1784 01f5 00       		.byte	0
 1785              		.section	.debug_aranges,"",%progbits
 1786 0000 24000000 		.4byte	0x24
 1787 0004 0200     		.2byte	0x2
 1788 0006 00000000 		.4byte	.Ldebug_info0
 1789 000a 04       		.byte	0x4
 1790 000b 00       		.byte	0
 1791 000c 0000     		.2byte	0
 1792 000e 0000     		.2byte	0
 1793 0010 00000000 		.4byte	.LFB63
 1794 0014 44000000 		.4byte	.LFE63-.LFB63
 1795 0018 00000000 		.4byte	.LFB64
ARM GAS  C:\Users\vedranb\AppData\Local\Temp\ccv9Izc6.s 			page 33


 1796 001c 18000000 		.4byte	.LFE64-.LFB64
 1797 0020 00000000 		.4byte	0
 1798 0024 00000000 		.4byte	0
 1799              		.section	.debug_ranges,"",%progbits
 1800              	.Ldebug_ranges0:
 1801 0000 00000000 		.4byte	.LFB63
 1802 0004 44000000 		.4byte	.LFE63
 1803 0008 00000000 		.4byte	.LFB64
 1804 000c 18000000 		.4byte	.LFE64
 1805 0010 00000000 		.4byte	0
 1806 0014 00000000 		.4byte	0
 1807              		.section	.debug_line,"",%progbits
 1808              	.Ldebug_line0:
 1809 0000 96020000 		.section	.debug_str,"MS",%progbits,1
 1809      02006002 
 1809      00000201 
 1809      FB0E0D00 
 1809      01010101 
 1810              	.LASF41:
 1811 0000 5F6F6E5F 		.ascii	"_on_exit_args\000"
 1811      65786974 
 1811      5F617267 
 1811      7300
 1812              	.LASF108:
 1813 000e 5F776374 		.ascii	"_wctomb_state\000"
 1813      6F6D625F 
 1813      73746174 
 1813      6500
 1814              	.LASF105:
 1815 001c 5F723438 		.ascii	"_r48\000"
 1815      00
 1816              	.LASF110:
 1817 0021 5F736967 		.ascii	"_signal_buf\000"
 1817      6E616C5F 
 1817      62756600 
 1818              	.LASF8:
 1819 002d 756E7369 		.ascii	"unsigned int\000"
 1819      676E6564 
 1819      20696E74 
 1819      00
 1820              	.LASF55:
 1821 003a 5F6C6266 		.ascii	"_lbfsize\000"
 1821      73697A65 
 1821      00
 1822              	.LASF53:
 1823 0043 5F666C61 		.ascii	"_flags\000"
 1823      677300
 1824              	.LASF9:
 1825 004a 5F5F696E 		.ascii	"__int32_t\000"
 1825      7433325F 
 1825      7400
 1826              	.LASF70:
 1827 0054 5F657272 		.ascii	"_errno\000"
 1827      6E6F00
 1828              	.LASF128:
 1829 005b 463A5C4F 		.ascii	"F:\\OneDrive\\Metropolia\\Devices\\Workspaces\\Work"
 1829      6E654472 
ARM GAS  C:\Users\vedranb\AppData\Local\Temp\ccv9Izc6.s 			page 34


 1829      6976655C 
 1829      4D657472 
 1829      6F706F6C 
 1830 0089 73706163 		.ascii	"space 1\\Workspace01\\Hello Word.cydsn\000"
 1830      6520315C 
 1830      576F726B 
 1830      73706163 
 1830      6530315C 
 1831              	.LASF14:
 1832 00ae 5F4C4F43 		.ascii	"_LOCK_RECURSIVE_T\000"
 1832      4B5F5245 
 1832      43555253 
 1832      4956455F 
 1832      5400
 1833              	.LASF57:
 1834 00c0 5F726561 		.ascii	"_read\000"
 1834      6400
 1835              	.LASF112:
 1836 00c6 5F6D6272 		.ascii	"_mbrlen_state\000"
 1836      6C656E5F 
 1836      73746174 
 1836      6500
 1837              	.LASF72:
 1838 00d4 5F737464 		.ascii	"_stdout\000"
 1838      6F757400 
 1839              	.LASF16:
 1840 00dc 5F66706F 		.ascii	"_fpos_t\000"
 1840      735F7400 
 1841              	.LASF48:
 1842 00e4 5F666E73 		.ascii	"_fns\000"
 1842      00
 1843              	.LASF56:
 1844 00e9 5F636F6F 		.ascii	"_cookie\000"
 1844      6B696500 
 1845              	.LASF30:
 1846 00f1 5F426967 		.ascii	"_Bigint\000"
 1846      696E7400 
 1847              	.LASF38:
 1848 00f9 5F5F746D 		.ascii	"__tm_wday\000"
 1848      5F776461 
 1848      7900
 1849              	.LASF80:
 1850 0103 5F726573 		.ascii	"_result\000"
 1850      756C7400 
 1851              	.LASF34:
 1852 010b 5F5F746D 		.ascii	"__tm_hour\000"
 1852      5F686F75 
 1852      7200
 1853              	.LASF21:
 1854 0115 5F5F636F 		.ascii	"__count\000"
 1854      756E7400 
 1855              	.LASF11:
 1856 011d 666C6F61 		.ascii	"float\000"
 1856      7400
 1857              	.LASF33:
 1858 0123 5F5F746D 		.ascii	"__tm_min\000"
 1858      5F6D696E 
ARM GAS  C:\Users\vedranb\AppData\Local\Temp\ccv9Izc6.s 			page 35


 1858      00
 1859              	.LASF124:
 1860 012c 5F696D70 		.ascii	"_impure_ptr\000"
 1860      7572655F 
 1860      70747200 
 1861              	.LASF118:
 1862 0138 5F6E6578 		.ascii	"_nextf\000"
 1862      746600
 1863              	.LASF95:
 1864 013f 5F72616E 		.ascii	"_rand48\000"
 1864      64343800 
 1865              	.LASF81:
 1866 0147 5F726573 		.ascii	"_result_k\000"
 1866      756C745F 
 1866      6B00
 1867              	.LASF7:
 1868 0151 6C6F6E67 		.ascii	"long long unsigned int\000"
 1868      206C6F6E 
 1868      6720756E 
 1868      7369676E 
 1868      65642069 
 1869              	.LASF101:
 1870 0168 5F617363 		.ascii	"_asctime_buf\000"
 1870      74696D65 
 1870      5F627566 
 1870      00
 1871              	.LASF52:
 1872 0175 5F5F7346 		.ascii	"__sFILE\000"
 1872      494C4500 
 1873              	.LASF29:
 1874 017d 5F776473 		.ascii	"_wds\000"
 1874      00
 1875              	.LASF91:
 1876 0182 5F5F4649 		.ascii	"__FILE\000"
 1876      4C4500
 1877              	.LASF64:
 1878 0189 5F6F6666 		.ascii	"_offset\000"
 1878      73657400 
 1879              	.LASF75:
 1880 0191 5F656D65 		.ascii	"_emergency\000"
 1880      7267656E 
 1880      637900
 1881              	.LASF32:
 1882 019c 5F5F746D 		.ascii	"__tm_sec\000"
 1882      5F736563 
 1882      00
 1883              	.LASF39:
 1884 01a5 5F5F746D 		.ascii	"__tm_yday\000"
 1884      5F796461 
 1884      7900
 1885              	.LASF74:
 1886 01af 5F696E63 		.ascii	"_inc\000"
 1886      00
 1887              	.LASF47:
 1888 01b4 5F696E64 		.ascii	"_ind\000"
 1888      00
 1889              	.LASF122:
ARM GAS  C:\Users\vedranb\AppData\Local\Temp\ccv9Izc6.s 			page 36


 1890 01b9 72656164 		.ascii	"readInt\000"
 1890      496E7400 
 1891              	.LASF26:
 1892 01c1 5F6E6578 		.ascii	"_next\000"
 1892      7400
 1893              	.LASF114:
 1894 01c7 5F6D6273 		.ascii	"_mbsrtowcs_state\000"
 1894      72746F77 
 1894      63735F73 
 1894      74617465 
 1894      00
 1895              	.LASF22:
 1896 01d8 5F5F7661 		.ascii	"__value\000"
 1896      6C756500 
 1897              	.LASF82:
 1898 01e0 5F703573 		.ascii	"_p5s\000"
 1898      00
 1899              	.LASF116:
 1900 01e5 5F776373 		.ascii	"_wcsrtombs_state\000"
 1900      72746F6D 
 1900      62735F73 
 1900      74617465 
 1900      00
 1901              	.LASF106:
 1902 01f6 5F6D626C 		.ascii	"_mblen_state\000"
 1902      656E5F73 
 1902      74617465 
 1902      00
 1903              	.LASF13:
 1904 0203 63686172 		.ascii	"char\000"
 1904      00
 1905              	.LASF35:
 1906 0208 5F5F746D 		.ascii	"__tm_mday\000"
 1906      5F6D6461 
 1906      7900
 1907              	.LASF88:
 1908 0212 5F736967 		.ascii	"_sig_func\000"
 1908      5F66756E 
 1908      6300
 1909              	.LASF113:
 1910 021c 5F6D6272 		.ascii	"_mbrtowc_state\000"
 1910      746F7763 
 1910      5F737461 
 1910      746500
 1911              	.LASF87:
 1912 022b 5F617465 		.ascii	"_atexit0\000"
 1912      78697430 
 1912      00
 1913              	.LASF24:
 1914 0234 5F666C6F 		.ascii	"_flock_t\000"
 1914      636B5F74 
 1914      00
 1915              	.LASF18:
 1916 023d 5F5F7763 		.ascii	"__wch\000"
 1916      6800
 1917              	.LASF94:
 1918 0243 5F696F62 		.ascii	"_iobs\000"
ARM GAS  C:\Users\vedranb\AppData\Local\Temp\ccv9Izc6.s 			page 37


 1918      7300
 1919              	.LASF60:
 1920 0249 5F636C6F 		.ascii	"_close\000"
 1920      736500
 1921              	.LASF123:
 1922 0250 72656164 		.ascii	"readFloat\000"
 1922      466C6F61 
 1922      7400
 1923              	.LASF78:
 1924 025a 5F5F7364 		.ascii	"__sdidinit\000"
 1924      6964696E 
 1924      697400
 1925              	.LASF71:
 1926 0265 5F737464 		.ascii	"_stdin\000"
 1926      696E00
 1927              	.LASF103:
 1928 026c 5F67616D 		.ascii	"_gamma_signgam\000"
 1928      6D615F73 
 1928      69676E67 
 1928      616D00
 1929              	.LASF6:
 1930 027b 6C6F6E67 		.ascii	"long long int\000"
 1930      206C6F6E 
 1930      6720696E 
 1930      7400
 1931              	.LASF50:
 1932 0289 5F626173 		.ascii	"_base\000"
 1932      6500
 1933              	.LASF83:
 1934 028f 5F667265 		.ascii	"_freelist\000"
 1934      656C6973 
 1934      7400
 1935              	.LASF97:
 1936 0299 5F6D756C 		.ascii	"_mult\000"
 1936      7400
 1937              	.LASF25:
 1938 029f 5F5F554C 		.ascii	"__ULong\000"
 1938      6F6E6700 
 1939              	.LASF115:
 1940 02a7 5F776372 		.ascii	"_wcrtomb_state\000"
 1940      746F6D62 
 1940      5F737461 
 1940      746500
 1941              	.LASF54:
 1942 02b6 5F66696C 		.ascii	"_file\000"
 1942      6500
 1943              	.LASF79:
 1944 02bc 5F5F636C 		.ascii	"__cleanup\000"
 1944      65616E75 
 1944      7000
 1945              	.LASF23:
 1946 02c6 5F6D6273 		.ascii	"_mbstate_t\000"
 1946      74617465 
 1946      5F7400
 1947              	.LASF40:
 1948 02d1 5F5F746D 		.ascii	"__tm_isdst\000"
 1948      5F697364 
ARM GAS  C:\Users\vedranb\AppData\Local\Temp\ccv9Izc6.s 			page 38


 1948      737400
 1949              	.LASF117:
 1950 02dc 5F685F65 		.ascii	"_h_errno\000"
 1950      72726E6F 
 1950      00
 1951              	.LASF36:
 1952 02e5 5F5F746D 		.ascii	"__tm_mon\000"
 1952      5F6D6F6E 
 1952      00
 1953              	.LASF129:
 1954 02ee 5F5F7372 		.ascii	"__srget_r\000"
 1954      6765745F 
 1954      7200
 1955              	.LASF58:
 1956 02f8 5F777269 		.ascii	"_write\000"
 1956      746500
 1957              	.LASF46:
 1958 02ff 5F617465 		.ascii	"_atexit\000"
 1958      78697400 
 1959              	.LASF67:
 1960 0307 5F6D6273 		.ascii	"_mbstate\000"
 1960      74617465 
 1960      00
 1961              	.LASF130:
 1962 0310 7363616E 		.ascii	"scanf\000"
 1962      6600
 1963              	.LASF2:
 1964 0316 73686F72 		.ascii	"short int\000"
 1964      7420696E 
 1964      7400
 1965              	.LASF4:
 1966 0320 6C6F6E67 		.ascii	"long int\000"
 1966      20696E74 
 1966      00
 1967              	.LASF125:
 1968 0329 49544D5F 		.ascii	"ITM_RxBuffer\000"
 1968      52784275 
 1968      66666572 
 1968      00
 1969              	.LASF90:
 1970 0336 5F5F7366 		.ascii	"__sf\000"
 1970      00
 1971              	.LASF28:
 1972 033b 5F736967 		.ascii	"_sign\000"
 1972      6E00
 1973              	.LASF77:
 1974 0341 5F637572 		.ascii	"_current_locale\000"
 1974      72656E74 
 1974      5F6C6F63 
 1974      616C6500 
 1975              	.LASF65:
 1976 0351 5F646174 		.ascii	"_data\000"
 1976      6100
 1977              	.LASF19:
 1978 0357 5F5F7763 		.ascii	"__wchb\000"
 1978      686200
 1979              	.LASF37:
ARM GAS  C:\Users\vedranb\AppData\Local\Temp\ccv9Izc6.s 			page 39


 1980 035e 5F5F746D 		.ascii	"__tm_year\000"
 1980      5F796561 
 1980      7200
 1981              	.LASF102:
 1982 0368 5F6C6F63 		.ascii	"_localtime_buf\000"
 1982      616C7469 
 1982      6D655F62 
 1982      756600
 1983              	.LASF120:
 1984 0377 5F756E75 		.ascii	"_unused\000"
 1984      73656400 
 1985              	.LASF86:
 1986 037f 5F6E6577 		.ascii	"_new\000"
 1986      00
 1987              	.LASF84:
 1988 0384 5F637674 		.ascii	"_cvtlen\000"
 1988      6C656E00 
 1989              	.LASF27:
 1990 038c 5F6D6178 		.ascii	"_maxwds\000"
 1990      77647300 
 1991              	.LASF109:
 1992 0394 5F6C3634 		.ascii	"_l64a_buf\000"
 1992      615F6275 
 1992      6600
 1993              	.LASF76:
 1994 039e 5F637572 		.ascii	"_current_category\000"
 1994      72656E74 
 1994      5F636174 
 1994      65676F72 
 1994      7900
 1995              	.LASF63:
 1996 03b0 5F626C6B 		.ascii	"_blksize\000"
 1996      73697A65 
 1996      00
 1997              	.LASF31:
 1998 03b9 5F5F746D 		.ascii	"__tm\000"
 1998      00
 1999              	.LASF66:
 2000 03be 5F6C6F63 		.ascii	"_lock\000"
 2000      6B00
 2001              	.LASF20:
 2002 03c4 73697A65 		.ascii	"sizetype\000"
 2002      74797065 
 2002      00
 2003              	.LASF5:
 2004 03cd 6C6F6E67 		.ascii	"long unsigned int\000"
 2004      20756E73 
 2004      69676E65 
 2004      6420696E 
 2004      7400
 2005              	.LASF93:
 2006 03df 5F6E696F 		.ascii	"_niobs\000"
 2006      627300
 2007              	.LASF17:
 2008 03e6 77696E74 		.ascii	"wint_t\000"
 2008      5F7400
 2009              	.LASF10:
ARM GAS  C:\Users\vedranb\AppData\Local\Temp\ccv9Izc6.s 			page 40


 2010 03ed 696E7433 		.ascii	"int32_t\000"
 2010      325F7400 
 2011              	.LASF43:
 2012 03f5 5F64736F 		.ascii	"_dso_handle\000"
 2012      5F68616E 
 2012      646C6500 
 2013              	.LASF85:
 2014 0401 5F637674 		.ascii	"_cvtbuf\000"
 2014      62756600 
 2015              	.LASF1:
 2016 0409 756E7369 		.ascii	"unsigned char\000"
 2016      676E6564 
 2016      20636861 
 2016      7200
 2017              	.LASF126:
 2018 0417 474E5520 		.ascii	"GNU C 4.9.3 20150303 (release) [ARM/embedded-4_9-br"
 2018      4320342E 
 2018      392E3320 
 2018      32303135 
 2018      30333033 
 2019 044a 616E6368 		.ascii	"anch revision 221220] -mcpu=cortex-m3 -mthumb -g -O"
 2019      20726576 
 2019      6973696F 
 2019      6E203232 
 2019      31323230 
 2020 047d 67202D66 		.ascii	"g -ffunction-sections -ffat-lto-objects\000"
 2020      66756E63 
 2020      74696F6E 
 2020      2D736563 
 2020      74696F6E 
 2021              	.LASF111:
 2022 04a5 5F676574 		.ascii	"_getdate_err\000"
 2022      64617465 
 2022      5F657272 
 2022      00
 2023              	.LASF98:
 2024 04b2 5F616464 		.ascii	"_add\000"
 2024      00
 2025              	.LASF127:
 2026 04b7 636F6D6D 		.ascii	"common_functions.c\000"
 2026      6F6E5F66 
 2026      756E6374 
 2026      696F6E73 
 2026      2E6300
 2027              	.LASF49:
 2028 04ca 5F5F7362 		.ascii	"__sbuf\000"
 2028      756600
 2029              	.LASF92:
 2030 04d1 5F676C75 		.ascii	"_glue\000"
 2030      6500
 2031              	.LASF89:
 2032 04d7 5F5F7367 		.ascii	"__sglue\000"
 2032      6C756500 
 2033              	.LASF100:
 2034 04df 5F737472 		.ascii	"_strtok_last\000"
 2034      746F6B5F 
 2034      6C617374 
ARM GAS  C:\Users\vedranb\AppData\Local\Temp\ccv9Izc6.s 			page 41


 2034      00
 2035              	.LASF107:
 2036 04ec 5F6D6274 		.ascii	"_mbtowc_state\000"
 2036      6F77635F 
 2036      73746174 
 2036      6500
 2037              	.LASF42:
 2038 04fa 5F666E61 		.ascii	"_fnargs\000"
 2038      72677300 
 2039              	.LASF0:
 2040 0502 7369676E 		.ascii	"signed char\000"
 2040      65642063 
 2040      68617200 
 2041              	.LASF69:
 2042 050e 5F726565 		.ascii	"_reent\000"
 2042      6E7400
 2043              	.LASF3:
 2044 0515 73686F72 		.ascii	"short unsigned int\000"
 2044      7420756E 
 2044      7369676E 
 2044      65642069 
 2044      6E7400
 2045              	.LASF44:
 2046 0528 5F666E74 		.ascii	"_fntypes\000"
 2046      79706573 
 2046      00
 2047              	.LASF51:
 2048 0531 5F73697A 		.ascii	"_size\000"
 2048      6500
 2049              	.LASF12:
 2050 0537 646F7562 		.ascii	"double\000"
 2050      6C6500
 2051              	.LASF15:
 2052 053e 5F6F6666 		.ascii	"_off_t\000"
 2052      5F7400
 2053              	.LASF62:
 2054 0545 5F6E6275 		.ascii	"_nbuf\000"
 2054      6600
 2055              	.LASF99:
 2056 054b 5F756E75 		.ascii	"_unused_rand\000"
 2056      7365645F 
 2056      72616E64 
 2056      00
 2057              	.LASF121:
 2058 0558 46494C45 		.ascii	"FILE\000"
 2058      00
 2059              	.LASF68:
 2060 055d 5F666C61 		.ascii	"_flags2\000"
 2060      67733200 
 2061              	.LASF45:
 2062 0565 5F69735F 		.ascii	"_is_cxa\000"
 2062      63786100 
 2063              	.LASF96:
 2064 056d 5F736565 		.ascii	"_seed\000"
 2064      6400
 2065              	.LASF104:
 2066 0573 5F72616E 		.ascii	"_rand_next\000"
ARM GAS  C:\Users\vedranb\AppData\Local\Temp\ccv9Izc6.s 			page 42


 2066      645F6E65 
 2066      787400
 2067              	.LASF59:
 2068 057e 5F736565 		.ascii	"_seek\000"
 2068      6B00
 2069              	.LASF73:
 2070 0584 5F737464 		.ascii	"_stderr\000"
 2070      65727200 
 2071              	.LASF119:
 2072 058c 5F6E6D61 		.ascii	"_nmalloc\000"
 2072      6C6C6F63 
 2072      00
 2073              	.LASF61:
 2074 0595 5F756275 		.ascii	"_ubuf\000"
 2074      6600
 2075              		.ident	"GCC: (GNU Tools for ARM Embedded Processors) 4.9.3 20150303 (release) [ARM/embedded-4_9-br
