ARM GAS  C:\Users\vedranb\AppData\Local\Temp\ccMqoqua.s 			page 1


   1              		.syntax unified
   2              		.cpu cortex-m3
   3              		.fpu softvfp
   4              		.eabi_attribute 20, 1
   5              		.eabi_attribute 21, 1
   6              		.eabi_attribute 23, 3
   7              		.eabi_attribute 24, 1
   8              		.eabi_attribute 25, 1
   9              		.eabi_attribute 26, 1
  10              		.eabi_attribute 30, 1
  11              		.eabi_attribute 34, 1
  12              		.eabi_attribute 18, 4
  13              		.thumb
  14              		.file	"exercise15.c"
  15              		.text
  16              	.Ltext0:
  17              		.cfi_sections	.debug_frame
  18              		.global	__aeabi_fcmple
  19              		.global	__aeabi_fdiv
  20              		.section	.text.compscale,"ax",%progbits
  21              		.align	2
  22              		.global	compscale
  23              		.thumb
  24              		.thumb_func
  25              		.type	compscale, %function
  26              	compscale:
  27              	.LFB63:
  28              		.file 1 "exercise15.c"
   1:exercise15.c  **** /* ========================================
   2:exercise15.c  ****  *
   3:exercise15.c  ****  * Copyright YOUR COMPANY, THE YEAR
   4:exercise15.c  ****  * All Rights Reserved
   5:exercise15.c  ****  * UNPUBLISHED, LICENSED SOFTWARE.
   6:exercise15.c  ****  *
   7:exercise15.c  ****  * CONFIDENTIAL AND PROPRIETARY INFORMATION
   8:exercise15.c  ****  * WHICH IS THE PROPERTY OF your company.
   9:exercise15.c  ****  *
  10:exercise15.c  ****  * ========================================
  11:exercise15.c  **** */
  12:exercise15.c  **** #include "project.h"
  13:exercise15.c  **** #include <stdio.h>
  14:exercise15.c  **** #include "common_functions.h"
  15:exercise15.c  **** 
  16:exercise15.c  **** 
  17:exercise15.c  **** void compscale(float *x, float *y){
  29              		.loc 1 17 0
  30              		.cfi_startproc
  31              		@ args = 0, pretend = 0, frame = 0
  32              		@ frame_needed = 0, uses_anonymous_args = 0
  33              	.LVL0:
  34 0000 F8B5     		push	{r3, r4, r5, r6, r7, lr}
  35              		.cfi_def_cfa_offset 24
  36              		.cfi_offset 3, -24
  37              		.cfi_offset 4, -20
  38              		.cfi_offset 5, -16
  39              		.cfi_offset 6, -12
  40              		.cfi_offset 7, -8
ARM GAS  C:\Users\vedranb\AppData\Local\Temp\ccMqoqua.s 			page 2


  41              		.cfi_offset 14, -4
  42 0002 0446     		mov	r4, r0
  43 0004 0D46     		mov	r5, r1
  18:exercise15.c  ****     if(*x <= *y){
  44              		.loc 1 18 0
  45 0006 0668     		ldr	r6, [r0]	@ float
  46 0008 0F68     		ldr	r7, [r1]	@ float
  47 000a 3046     		mov	r0, r6
  48              	.LVL1:
  49 000c 3946     		mov	r1, r7
  50              	.LVL2:
  51 000e FFF7FEFF 		bl	__aeabi_fcmple
  52              	.LVL3:
  53 0012 40B1     		cbz	r0, .L6
  19:exercise15.c  ****         *x = *x / *y;
  54              		.loc 1 19 0
  55 0014 3046     		mov	r0, r6
  56 0016 3946     		mov	r1, r7
  57 0018 FFF7FEFF 		bl	__aeabi_fdiv
  58              	.LVL4:
  59 001c 2060     		str	r0, [r4]	@ float
  20:exercise15.c  ****         *y = 1;
  60              		.loc 1 20 0
  61 001e 4FF07E53 		mov	r3, #1065353216
  62 0022 2B60     		str	r3, [r5]	@ float
  63 0024 F8BD     		pop	{r3, r4, r5, r6, r7, pc}
  64              	.LVL5:
  65              	.L6:
  21:exercise15.c  ****     }
  22:exercise15.c  ****     else
  23:exercise15.c  ****     {
  24:exercise15.c  ****         *y = *y / *x;
  66              		.loc 1 24 0
  67 0026 3846     		mov	r0, r7
  68 0028 3146     		mov	r1, r6
  69 002a FFF7FEFF 		bl	__aeabi_fdiv
  70              	.LVL6:
  71 002e 2860     		str	r0, [r5]	@ float
  25:exercise15.c  ****         *x = 1;
  72              		.loc 1 25 0
  73 0030 4FF07E53 		mov	r3, #1065353216
  74 0034 2360     		str	r3, [r4]	@ float
  75 0036 F8BD     		pop	{r3, r4, r5, r6, r7, pc}
  76              		.cfi_endproc
  77              	.LFE63:
  78              		.size	compscale, .-compscale
  79              		.global	__aeabi_f2d
  80              		.section	.text.exercise15,"ax",%progbits
  81              		.align	2
  82              		.global	exercise15
  83              		.thumb
  84              		.thumb_func
  85              		.type	exercise15, %function
  86              	exercise15:
  87              	.LFB64:
  26:exercise15.c  ****     }
  27:exercise15.c  **** }
ARM GAS  C:\Users\vedranb\AppData\Local\Temp\ccMqoqua.s 			page 3


  28:exercise15.c  **** 
  29:exercise15.c  **** void exercise15(void)
  30:exercise15.c  **** {
  88              		.loc 1 30 0
  89              		.cfi_startproc
  90              		@ args = 0, pretend = 0, frame = 8
  91              		@ frame_needed = 0, uses_anonymous_args = 0
  92 0000 00B5     		push	{lr}
  93              		.cfi_def_cfa_offset 4
  94              		.cfi_offset 14, -4
  95 0002 83B0     		sub	sp, sp, #12
  96              		.cfi_def_cfa_offset 16
  31:exercise15.c  ****      //Exercise 15
  32:exercise15.c  ****     printf("\n\nExercise 15. \n\n");
  97              		.loc 1 32 0
  98 0004 1448     		ldr	r0, .L10
  99 0006 FFF7FEFF 		bl	puts
 100              	.LVL7:
  33:exercise15.c  **** 
  34:exercise15.c  ****     float a,b;
  35:exercise15.c  **** 
  36:exercise15.c  ****     printf("\nPlease enter number 1:\n");
 101              		.loc 1 36 0
 102 000a 1448     		ldr	r0, .L10+4
 103 000c FFF7FEFF 		bl	puts
 104              	.LVL8:
  37:exercise15.c  ****     a = readFloat();
 105              		.loc 1 37 0
 106 0010 FFF7FEFF 		bl	readFloat
 107              	.LVL9:
 108 0014 0190     		str	r0, [sp, #4]	@ float
  38:exercise15.c  ****     printf("\nPlease enter number 2:\n");
 109              		.loc 1 38 0
 110 0016 1248     		ldr	r0, .L10+8
 111 0018 FFF7FEFF 		bl	puts
 112              	.LVL10:
  39:exercise15.c  ****     b = readFloat();
 113              		.loc 1 39 0
 114 001c FFF7FEFF 		bl	readFloat
 115              	.LVL11:
 116 0020 0090     		str	r0, [sp]	@ float
  40:exercise15.c  **** 
  41:exercise15.c  ****     compscale(&a, &b);
 117              		.loc 1 41 0
 118 0022 01A8     		add	r0, sp, #4
 119 0024 6946     		mov	r1, sp
 120 0026 FFF7FEFF 		bl	compscale
 121              	.LVL12:
  42:exercise15.c  **** 
  43:exercise15.c  ****     printf("Scaled value 1: %.2f\n", a);
 122              		.loc 1 43 0
 123 002a 0198     		ldr	r0, [sp, #4]	@ float
 124 002c FFF7FEFF 		bl	__aeabi_f2d
 125              	.LVL13:
 126 0030 0246     		mov	r2, r0
 127 0032 0B46     		mov	r3, r1
 128 0034 0B48     		ldr	r0, .L10+12
ARM GAS  C:\Users\vedranb\AppData\Local\Temp\ccMqoqua.s 			page 4


 129 0036 FFF7FEFF 		bl	printf
 130              	.LVL14:
  44:exercise15.c  ****     printf("Scaled value 2: %.2f\n", b);
 131              		.loc 1 44 0
 132 003a 0098     		ldr	r0, [sp]	@ float
 133 003c FFF7FEFF 		bl	__aeabi_f2d
 134              	.LVL15:
 135 0040 0246     		mov	r2, r0
 136 0042 0B46     		mov	r3, r1
 137 0044 0848     		ldr	r0, .L10+16
 138 0046 FFF7FEFF 		bl	printf
 139              	.LVL16:
  45:exercise15.c  **** 
  46:exercise15.c  **** 
  47:exercise15.c  ****     printf("\nEnd of Exercise 15. \n\n");
 140              		.loc 1 47 0
 141 004a 0848     		ldr	r0, .L10+20
 142 004c FFF7FEFF 		bl	puts
 143              	.LVL17:
  48:exercise15.c  ****     return;
  49:exercise15.c  **** }
 144              		.loc 1 49 0
 145 0050 03B0     		add	sp, sp, #12
 146              		.cfi_def_cfa_offset 4
 147              		@ sp needed
 148 0052 5DF804FB 		ldr	pc, [sp], #4
 149              	.L11:
 150 0056 00BF     		.align	2
 151              	.L10:
 152 0058 00000000 		.word	.LC0
 153 005c 14000000 		.word	.LC1
 154 0060 2C000000 		.word	.LC2
 155 0064 44000000 		.word	.LC3
 156 0068 5C000000 		.word	.LC4
 157 006c 74000000 		.word	.LC5
 158              		.cfi_endproc
 159              	.LFE64:
 160              		.size	exercise15, .-exercise15
 161              		.section	.rodata.str1.4,"aMS",%progbits,1
 162              		.align	2
 163              	.LC0:
 164 0000 0A0A4578 		.ascii	"\012\012Exercise 15. \012\000"
 164      65726369 
 164      73652031 
 164      352E200A 
 164      00
 165 0011 000000   		.space	3
 166              	.LC1:
 167 0014 0A506C65 		.ascii	"\012Please enter number 1:\000"
 167      61736520 
 167      656E7465 
 167      72206E75 
 167      6D626572 
 168              	.LC2:
 169 002c 0A506C65 		.ascii	"\012Please enter number 2:\000"
 169      61736520 
 169      656E7465 
ARM GAS  C:\Users\vedranb\AppData\Local\Temp\ccMqoqua.s 			page 5


 169      72206E75 
 169      6D626572 
 170              	.LC3:
 171 0044 5363616C 		.ascii	"Scaled value 1: %.2f\012\000"
 171      65642076 
 171      616C7565 
 171      20313A20 
 171      252E3266 
 172 005a 0000     		.space	2
 173              	.LC4:
 174 005c 5363616C 		.ascii	"Scaled value 2: %.2f\012\000"
 174      65642076 
 174      616C7565 
 174      20323A20 
 174      252E3266 
 175 0072 0000     		.space	2
 176              	.LC5:
 177 0074 0A456E64 		.ascii	"\012End of Exercise 15. \012\000"
 177      206F6620 
 177      45786572 
 177      63697365 
 177      2031352E 
 178 008b 00       		.text
 179              	.Letext0:
 180              		.file 2 "c:\\program files (x86)\\cypress\\psoc creator\\4.0\\psoc creator\\import\\gnu\\arm\\4.9.
 181              		.file 3 "c:\\program files (x86)\\cypress\\psoc creator\\4.0\\psoc creator\\import\\gnu\\arm\\4.9.
 182              		.file 4 "Generated_Source\\PSoC5/core_cm3.h"
 183              		.file 5 "<built-in>"
 184              		.file 6 "common_functions.h"
 185              		.file 7 "c:\\program files (x86)\\cypress\\psoc creator\\4.0\\psoc creator\\import\\gnu\\arm\\4.9.
 186              		.section	.debug_info,"",%progbits
 187              	.Ldebug_info0:
 188 0000 02020000 		.4byte	0x202
 189 0004 0400     		.2byte	0x4
 190 0006 00000000 		.4byte	.Ldebug_abbrev0
 191 000a 04       		.byte	0x4
 192 000b 01       		.uleb128 0x1
 193 000c 87000000 		.4byte	.LASF17
 194 0010 01       		.byte	0x1
 195 0011 D9010000 		.4byte	.LASF18
 196 0015 60010000 		.4byte	.LASF19
 197 0019 00000000 		.4byte	.Ldebug_ranges0+0
 198 001d 00000000 		.4byte	0
 199 0021 00000000 		.4byte	.Ldebug_line0
 200 0025 02       		.uleb128 0x2
 201 0026 01       		.byte	0x1
 202 0027 06       		.byte	0x6
 203 0028 33000000 		.4byte	.LASF0
 204 002c 02       		.uleb128 0x2
 205 002d 01       		.byte	0x1
 206 002e 08       		.byte	0x8
 207 002f 1F010000 		.4byte	.LASF1
 208 0033 02       		.uleb128 0x2
 209 0034 02       		.byte	0x2
 210 0035 05       		.byte	0x5
 211 0036 B3010000 		.4byte	.LASF2
 212 003a 02       		.uleb128 0x2
ARM GAS  C:\Users\vedranb\AppData\Local\Temp\ccMqoqua.s 			page 6


 213 003b 02       		.byte	0x2
 214 003c 07       		.byte	0x7
 215 003d 0E000000 		.4byte	.LASF3
 216 0041 03       		.uleb128 0x3
 217 0042 56010000 		.4byte	.LASF9
 218 0046 02       		.byte	0x2
 219 0047 3F       		.byte	0x3f
 220 0048 4C000000 		.4byte	0x4c
 221 004c 02       		.uleb128 0x2
 222 004d 04       		.byte	0x4
 223 004e 05       		.byte	0x5
 224 004f 32010000 		.4byte	.LASF4
 225 0053 02       		.uleb128 0x2
 226 0054 04       		.byte	0x4
 227 0055 07       		.byte	0x7
 228 0056 58000000 		.4byte	.LASF5
 229 005a 02       		.uleb128 0x2
 230 005b 08       		.byte	0x8
 231 005c 05       		.byte	0x5
 232 005d 00000000 		.4byte	.LASF6
 233 0061 02       		.uleb128 0x2
 234 0062 08       		.byte	0x8
 235 0063 07       		.byte	0x7
 236 0064 6A000000 		.4byte	.LASF7
 237 0068 04       		.uleb128 0x4
 238 0069 04       		.byte	0x4
 239 006a 05       		.byte	0x5
 240 006b 696E7400 		.ascii	"int\000"
 241 006f 02       		.uleb128 0x2
 242 0070 04       		.byte	0x4
 243 0071 07       		.byte	0x7
 244 0072 21000000 		.4byte	.LASF8
 245 0076 03       		.uleb128 0x3
 246 0077 C8010000 		.4byte	.LASF10
 247 007b 03       		.byte	0x3
 248 007c 2C       		.byte	0x2c
 249 007d 41000000 		.4byte	0x41
 250 0081 02       		.uleb128 0x2
 251 0082 04       		.byte	0x4
 252 0083 04       		.byte	0x4
 253 0084 81000000 		.4byte	.LASF11
 254 0088 02       		.uleb128 0x2
 255 0089 08       		.byte	0x8
 256 008a 04       		.byte	0x4
 257 008b 3B010000 		.4byte	.LASF12
 258 008f 02       		.uleb128 0x2
 259 0090 01       		.byte	0x1
 260 0091 08       		.byte	0x8
 261 0092 2D010000 		.4byte	.LASF13
 262 0096 02       		.uleb128 0x2
 263 0097 04       		.byte	0x4
 264 0098 07       		.byte	0x7
 265 0099 D0010000 		.4byte	.LASF14
 266 009d 05       		.uleb128 0x5
 267 009e 04       		.byte	0x4
 268 009f A3000000 		.4byte	0xa3
 269 00a3 06       		.uleb128 0x6
ARM GAS  C:\Users\vedranb\AppData\Local\Temp\ccMqoqua.s 			page 7


 270 00a4 8F000000 		.4byte	0x8f
 271 00a8 07       		.uleb128 0x7
 272 00a9 4E000000 		.4byte	.LASF15
 273 00ad 01       		.byte	0x1
 274 00ae 11       		.byte	0x11
 275 00af 00000000 		.4byte	.LFB63
 276 00b3 38000000 		.4byte	.LFE63-.LFB63
 277 00b7 01       		.uleb128 0x1
 278 00b8 9C       		.byte	0x9c
 279 00b9 D8000000 		.4byte	0xd8
 280 00bd 08       		.uleb128 0x8
 281 00be 7800     		.ascii	"x\000"
 282 00c0 01       		.byte	0x1
 283 00c1 11       		.byte	0x11
 284 00c2 D8000000 		.4byte	0xd8
 285 00c6 00000000 		.4byte	.LLST0
 286 00ca 08       		.uleb128 0x8
 287 00cb 7900     		.ascii	"y\000"
 288 00cd 01       		.byte	0x1
 289 00ce 11       		.byte	0x11
 290 00cf D8000000 		.4byte	0xd8
 291 00d3 1E000000 		.4byte	.LLST1
 292 00d7 00       		.byte	0
 293 00d8 05       		.uleb128 0x5
 294 00d9 04       		.byte	0x4
 295 00da 81000000 		.4byte	0x81
 296 00de 07       		.uleb128 0x7
 297 00df BD010000 		.4byte	.LASF16
 298 00e3 01       		.byte	0x1
 299 00e4 1D       		.byte	0x1d
 300 00e5 00000000 		.4byte	.LFB64
 301 00e9 70000000 		.4byte	.LFE64-.LFB64
 302 00ed 01       		.uleb128 0x1
 303 00ee 9C       		.byte	0x9c
 304 00ef BE010000 		.4byte	0x1be
 305 00f3 09       		.uleb128 0x9
 306 00f4 6100     		.ascii	"a\000"
 307 00f6 01       		.byte	0x1
 308 00f7 22       		.byte	0x22
 309 00f8 81000000 		.4byte	0x81
 310 00fc 02       		.uleb128 0x2
 311 00fd 91       		.byte	0x91
 312 00fe 74       		.sleb128 -12
 313 00ff 09       		.uleb128 0x9
 314 0100 6200     		.ascii	"b\000"
 315 0102 01       		.byte	0x1
 316 0103 22       		.byte	0x22
 317 0104 81000000 		.4byte	0x81
 318 0108 02       		.uleb128 0x2
 319 0109 91       		.byte	0x91
 320 010a 70       		.sleb128 -16
 321 010b 0A       		.uleb128 0xa
 322 010c 0A000000 		.4byte	.LVL7
 323 0110 CF010000 		.4byte	0x1cf
 324 0114 22010000 		.4byte	0x122
 325 0118 0B       		.uleb128 0xb
 326 0119 01       		.uleb128 0x1
ARM GAS  C:\Users\vedranb\AppData\Local\Temp\ccMqoqua.s 			page 8


 327 011a 50       		.byte	0x50
 328 011b 05       		.uleb128 0x5
 329 011c 03       		.byte	0x3
 330 011d 00000000 		.4byte	.LC0
 331 0121 00       		.byte	0
 332 0122 0A       		.uleb128 0xa
 333 0123 10000000 		.4byte	.LVL8
 334 0127 CF010000 		.4byte	0x1cf
 335 012b 39010000 		.4byte	0x139
 336 012f 0B       		.uleb128 0xb
 337 0130 01       		.uleb128 0x1
 338 0131 50       		.byte	0x50
 339 0132 05       		.uleb128 0x5
 340 0133 03       		.byte	0x3
 341 0134 14000000 		.4byte	.LC1
 342 0138 00       		.byte	0
 343 0139 0C       		.uleb128 0xc
 344 013a 14000000 		.4byte	.LVL9
 345 013e E8010000 		.4byte	0x1e8
 346 0142 0A       		.uleb128 0xa
 347 0143 1C000000 		.4byte	.LVL10
 348 0147 CF010000 		.4byte	0x1cf
 349 014b 59010000 		.4byte	0x159
 350 014f 0B       		.uleb128 0xb
 351 0150 01       		.uleb128 0x1
 352 0151 50       		.byte	0x50
 353 0152 05       		.uleb128 0x5
 354 0153 03       		.byte	0x3
 355 0154 2C000000 		.4byte	.LC2
 356 0158 00       		.byte	0
 357 0159 0C       		.uleb128 0xc
 358 015a 20000000 		.4byte	.LVL11
 359 015e E8010000 		.4byte	0x1e8
 360 0162 0A       		.uleb128 0xa
 361 0163 2A000000 		.4byte	.LVL12
 362 0167 A8000000 		.4byte	0xa8
 363 016b 7C010000 		.4byte	0x17c
 364 016f 0B       		.uleb128 0xb
 365 0170 01       		.uleb128 0x1
 366 0171 51       		.byte	0x51
 367 0172 02       		.uleb128 0x2
 368 0173 7D       		.byte	0x7d
 369 0174 00       		.sleb128 0
 370 0175 0B       		.uleb128 0xb
 371 0176 01       		.uleb128 0x1
 372 0177 50       		.byte	0x50
 373 0178 02       		.uleb128 0x2
 374 0179 91       		.byte	0x91
 375 017a 74       		.sleb128 -12
 376 017b 00       		.byte	0
 377 017c 0A       		.uleb128 0xa
 378 017d 3A000000 		.4byte	.LVL14
 379 0181 F3010000 		.4byte	0x1f3
 380 0185 93010000 		.4byte	0x193
 381 0189 0B       		.uleb128 0xb
 382 018a 01       		.uleb128 0x1
 383 018b 50       		.byte	0x50
ARM GAS  C:\Users\vedranb\AppData\Local\Temp\ccMqoqua.s 			page 9


 384 018c 05       		.uleb128 0x5
 385 018d 03       		.byte	0x3
 386 018e 44000000 		.4byte	.LC3
 387 0192 00       		.byte	0
 388 0193 0A       		.uleb128 0xa
 389 0194 4A000000 		.4byte	.LVL16
 390 0198 F3010000 		.4byte	0x1f3
 391 019c AA010000 		.4byte	0x1aa
 392 01a0 0B       		.uleb128 0xb
 393 01a1 01       		.uleb128 0x1
 394 01a2 50       		.byte	0x50
 395 01a3 05       		.uleb128 0x5
 396 01a4 03       		.byte	0x3
 397 01a5 5C000000 		.4byte	.LC4
 398 01a9 00       		.byte	0
 399 01aa 0D       		.uleb128 0xd
 400 01ab 50000000 		.4byte	.LVL17
 401 01af CF010000 		.4byte	0x1cf
 402 01b3 0B       		.uleb128 0xb
 403 01b4 01       		.uleb128 0x1
 404 01b5 50       		.byte	0x50
 405 01b6 05       		.uleb128 0x5
 406 01b7 03       		.byte	0x3
 407 01b8 74000000 		.4byte	.LC5
 408 01bc 00       		.byte	0
 409 01bd 00       		.byte	0
 410 01be 0E       		.uleb128 0xe
 411 01bf 42010000 		.4byte	.LASF20
 412 01c3 04       		.byte	0x4
 413 01c4 9606     		.2byte	0x696
 414 01c6 CA010000 		.4byte	0x1ca
 415 01ca 0F       		.uleb128 0xf
 416 01cb 76000000 		.4byte	0x76
 417 01cf 10       		.uleb128 0x10
 418 01d0 3F000000 		.4byte	.LASF21
 419 01d4 05       		.byte	0x5
 420 01d5 00       		.byte	0
 421 01d6 2E000000 		.4byte	.LASF22
 422 01da 68000000 		.4byte	0x68
 423 01de E8010000 		.4byte	0x1e8
 424 01e2 11       		.uleb128 0x11
 425 01e3 9D000000 		.4byte	0x9d
 426 01e7 00       		.byte	0
 427 01e8 12       		.uleb128 0x12
 428 01e9 15010000 		.4byte	.LASF23
 429 01ed 06       		.byte	0x6
 430 01ee 0E       		.byte	0xe
 431 01ef 81000000 		.4byte	0x81
 432 01f3 13       		.uleb128 0x13
 433 01f4 4F010000 		.4byte	.LASF24
 434 01f8 07       		.byte	0x7
 435 01f9 B2       		.byte	0xb2
 436 01fa 68000000 		.4byte	0x68
 437 01fe 11       		.uleb128 0x11
 438 01ff 9D000000 		.4byte	0x9d
 439 0203 14       		.uleb128 0x14
 440 0204 00       		.byte	0
ARM GAS  C:\Users\vedranb\AppData\Local\Temp\ccMqoqua.s 			page 10


 441 0205 00       		.byte	0
 442              		.section	.debug_abbrev,"",%progbits
 443              	.Ldebug_abbrev0:
 444 0000 01       		.uleb128 0x1
 445 0001 11       		.uleb128 0x11
 446 0002 01       		.byte	0x1
 447 0003 25       		.uleb128 0x25
 448 0004 0E       		.uleb128 0xe
 449 0005 13       		.uleb128 0x13
 450 0006 0B       		.uleb128 0xb
 451 0007 03       		.uleb128 0x3
 452 0008 0E       		.uleb128 0xe
 453 0009 1B       		.uleb128 0x1b
 454 000a 0E       		.uleb128 0xe
 455 000b 55       		.uleb128 0x55
 456 000c 17       		.uleb128 0x17
 457 000d 11       		.uleb128 0x11
 458 000e 01       		.uleb128 0x1
 459 000f 10       		.uleb128 0x10
 460 0010 17       		.uleb128 0x17
 461 0011 00       		.byte	0
 462 0012 00       		.byte	0
 463 0013 02       		.uleb128 0x2
 464 0014 24       		.uleb128 0x24
 465 0015 00       		.byte	0
 466 0016 0B       		.uleb128 0xb
 467 0017 0B       		.uleb128 0xb
 468 0018 3E       		.uleb128 0x3e
 469 0019 0B       		.uleb128 0xb
 470 001a 03       		.uleb128 0x3
 471 001b 0E       		.uleb128 0xe
 472 001c 00       		.byte	0
 473 001d 00       		.byte	0
 474 001e 03       		.uleb128 0x3
 475 001f 16       		.uleb128 0x16
 476 0020 00       		.byte	0
 477 0021 03       		.uleb128 0x3
 478 0022 0E       		.uleb128 0xe
 479 0023 3A       		.uleb128 0x3a
 480 0024 0B       		.uleb128 0xb
 481 0025 3B       		.uleb128 0x3b
 482 0026 0B       		.uleb128 0xb
 483 0027 49       		.uleb128 0x49
 484 0028 13       		.uleb128 0x13
 485 0029 00       		.byte	0
 486 002a 00       		.byte	0
 487 002b 04       		.uleb128 0x4
 488 002c 24       		.uleb128 0x24
 489 002d 00       		.byte	0
 490 002e 0B       		.uleb128 0xb
 491 002f 0B       		.uleb128 0xb
 492 0030 3E       		.uleb128 0x3e
 493 0031 0B       		.uleb128 0xb
 494 0032 03       		.uleb128 0x3
 495 0033 08       		.uleb128 0x8
 496 0034 00       		.byte	0
 497 0035 00       		.byte	0
ARM GAS  C:\Users\vedranb\AppData\Local\Temp\ccMqoqua.s 			page 11


 498 0036 05       		.uleb128 0x5
 499 0037 0F       		.uleb128 0xf
 500 0038 00       		.byte	0
 501 0039 0B       		.uleb128 0xb
 502 003a 0B       		.uleb128 0xb
 503 003b 49       		.uleb128 0x49
 504 003c 13       		.uleb128 0x13
 505 003d 00       		.byte	0
 506 003e 00       		.byte	0
 507 003f 06       		.uleb128 0x6
 508 0040 26       		.uleb128 0x26
 509 0041 00       		.byte	0
 510 0042 49       		.uleb128 0x49
 511 0043 13       		.uleb128 0x13
 512 0044 00       		.byte	0
 513 0045 00       		.byte	0
 514 0046 07       		.uleb128 0x7
 515 0047 2E       		.uleb128 0x2e
 516 0048 01       		.byte	0x1
 517 0049 3F       		.uleb128 0x3f
 518 004a 19       		.uleb128 0x19
 519 004b 03       		.uleb128 0x3
 520 004c 0E       		.uleb128 0xe
 521 004d 3A       		.uleb128 0x3a
 522 004e 0B       		.uleb128 0xb
 523 004f 3B       		.uleb128 0x3b
 524 0050 0B       		.uleb128 0xb
 525 0051 27       		.uleb128 0x27
 526 0052 19       		.uleb128 0x19
 527 0053 11       		.uleb128 0x11
 528 0054 01       		.uleb128 0x1
 529 0055 12       		.uleb128 0x12
 530 0056 06       		.uleb128 0x6
 531 0057 40       		.uleb128 0x40
 532 0058 18       		.uleb128 0x18
 533 0059 9642     		.uleb128 0x2116
 534 005b 19       		.uleb128 0x19
 535 005c 01       		.uleb128 0x1
 536 005d 13       		.uleb128 0x13
 537 005e 00       		.byte	0
 538 005f 00       		.byte	0
 539 0060 08       		.uleb128 0x8
 540 0061 05       		.uleb128 0x5
 541 0062 00       		.byte	0
 542 0063 03       		.uleb128 0x3
 543 0064 08       		.uleb128 0x8
 544 0065 3A       		.uleb128 0x3a
 545 0066 0B       		.uleb128 0xb
 546 0067 3B       		.uleb128 0x3b
 547 0068 0B       		.uleb128 0xb
 548 0069 49       		.uleb128 0x49
 549 006a 13       		.uleb128 0x13
 550 006b 02       		.uleb128 0x2
 551 006c 17       		.uleb128 0x17
 552 006d 00       		.byte	0
 553 006e 00       		.byte	0
 554 006f 09       		.uleb128 0x9
ARM GAS  C:\Users\vedranb\AppData\Local\Temp\ccMqoqua.s 			page 12


 555 0070 34       		.uleb128 0x34
 556 0071 00       		.byte	0
 557 0072 03       		.uleb128 0x3
 558 0073 08       		.uleb128 0x8
 559 0074 3A       		.uleb128 0x3a
 560 0075 0B       		.uleb128 0xb
 561 0076 3B       		.uleb128 0x3b
 562 0077 0B       		.uleb128 0xb
 563 0078 49       		.uleb128 0x49
 564 0079 13       		.uleb128 0x13
 565 007a 02       		.uleb128 0x2
 566 007b 18       		.uleb128 0x18
 567 007c 00       		.byte	0
 568 007d 00       		.byte	0
 569 007e 0A       		.uleb128 0xa
 570 007f 898201   		.uleb128 0x4109
 571 0082 01       		.byte	0x1
 572 0083 11       		.uleb128 0x11
 573 0084 01       		.uleb128 0x1
 574 0085 31       		.uleb128 0x31
 575 0086 13       		.uleb128 0x13
 576 0087 01       		.uleb128 0x1
 577 0088 13       		.uleb128 0x13
 578 0089 00       		.byte	0
 579 008a 00       		.byte	0
 580 008b 0B       		.uleb128 0xb
 581 008c 8A8201   		.uleb128 0x410a
 582 008f 00       		.byte	0
 583 0090 02       		.uleb128 0x2
 584 0091 18       		.uleb128 0x18
 585 0092 9142     		.uleb128 0x2111
 586 0094 18       		.uleb128 0x18
 587 0095 00       		.byte	0
 588 0096 00       		.byte	0
 589 0097 0C       		.uleb128 0xc
 590 0098 898201   		.uleb128 0x4109
 591 009b 00       		.byte	0
 592 009c 11       		.uleb128 0x11
 593 009d 01       		.uleb128 0x1
 594 009e 31       		.uleb128 0x31
 595 009f 13       		.uleb128 0x13
 596 00a0 00       		.byte	0
 597 00a1 00       		.byte	0
 598 00a2 0D       		.uleb128 0xd
 599 00a3 898201   		.uleb128 0x4109
 600 00a6 01       		.byte	0x1
 601 00a7 11       		.uleb128 0x11
 602 00a8 01       		.uleb128 0x1
 603 00a9 31       		.uleb128 0x31
 604 00aa 13       		.uleb128 0x13
 605 00ab 00       		.byte	0
 606 00ac 00       		.byte	0
 607 00ad 0E       		.uleb128 0xe
 608 00ae 34       		.uleb128 0x34
 609 00af 00       		.byte	0
 610 00b0 03       		.uleb128 0x3
 611 00b1 0E       		.uleb128 0xe
ARM GAS  C:\Users\vedranb\AppData\Local\Temp\ccMqoqua.s 			page 13


 612 00b2 3A       		.uleb128 0x3a
 613 00b3 0B       		.uleb128 0xb
 614 00b4 3B       		.uleb128 0x3b
 615 00b5 05       		.uleb128 0x5
 616 00b6 49       		.uleb128 0x49
 617 00b7 13       		.uleb128 0x13
 618 00b8 3F       		.uleb128 0x3f
 619 00b9 19       		.uleb128 0x19
 620 00ba 3C       		.uleb128 0x3c
 621 00bb 19       		.uleb128 0x19
 622 00bc 00       		.byte	0
 623 00bd 00       		.byte	0
 624 00be 0F       		.uleb128 0xf
 625 00bf 35       		.uleb128 0x35
 626 00c0 00       		.byte	0
 627 00c1 49       		.uleb128 0x49
 628 00c2 13       		.uleb128 0x13
 629 00c3 00       		.byte	0
 630 00c4 00       		.byte	0
 631 00c5 10       		.uleb128 0x10
 632 00c6 2E       		.uleb128 0x2e
 633 00c7 01       		.byte	0x1
 634 00c8 3F       		.uleb128 0x3f
 635 00c9 19       		.uleb128 0x19
 636 00ca 03       		.uleb128 0x3
 637 00cb 0E       		.uleb128 0xe
 638 00cc 3A       		.uleb128 0x3a
 639 00cd 0B       		.uleb128 0xb
 640 00ce 3B       		.uleb128 0x3b
 641 00cf 0B       		.uleb128 0xb
 642 00d0 6E       		.uleb128 0x6e
 643 00d1 0E       		.uleb128 0xe
 644 00d2 27       		.uleb128 0x27
 645 00d3 19       		.uleb128 0x19
 646 00d4 49       		.uleb128 0x49
 647 00d5 13       		.uleb128 0x13
 648 00d6 3C       		.uleb128 0x3c
 649 00d7 19       		.uleb128 0x19
 650 00d8 01       		.uleb128 0x1
 651 00d9 13       		.uleb128 0x13
 652 00da 00       		.byte	0
 653 00db 00       		.byte	0
 654 00dc 11       		.uleb128 0x11
 655 00dd 05       		.uleb128 0x5
 656 00de 00       		.byte	0
 657 00df 49       		.uleb128 0x49
 658 00e0 13       		.uleb128 0x13
 659 00e1 00       		.byte	0
 660 00e2 00       		.byte	0
 661 00e3 12       		.uleb128 0x12
 662 00e4 2E       		.uleb128 0x2e
 663 00e5 00       		.byte	0
 664 00e6 3F       		.uleb128 0x3f
 665 00e7 19       		.uleb128 0x19
 666 00e8 03       		.uleb128 0x3
 667 00e9 0E       		.uleb128 0xe
 668 00ea 3A       		.uleb128 0x3a
ARM GAS  C:\Users\vedranb\AppData\Local\Temp\ccMqoqua.s 			page 14


 669 00eb 0B       		.uleb128 0xb
 670 00ec 3B       		.uleb128 0x3b
 671 00ed 0B       		.uleb128 0xb
 672 00ee 27       		.uleb128 0x27
 673 00ef 19       		.uleb128 0x19
 674 00f0 49       		.uleb128 0x49
 675 00f1 13       		.uleb128 0x13
 676 00f2 3C       		.uleb128 0x3c
 677 00f3 19       		.uleb128 0x19
 678 00f4 00       		.byte	0
 679 00f5 00       		.byte	0
 680 00f6 13       		.uleb128 0x13
 681 00f7 2E       		.uleb128 0x2e
 682 00f8 01       		.byte	0x1
 683 00f9 3F       		.uleb128 0x3f
 684 00fa 19       		.uleb128 0x19
 685 00fb 03       		.uleb128 0x3
 686 00fc 0E       		.uleb128 0xe
 687 00fd 3A       		.uleb128 0x3a
 688 00fe 0B       		.uleb128 0xb
 689 00ff 3B       		.uleb128 0x3b
 690 0100 0B       		.uleb128 0xb
 691 0101 27       		.uleb128 0x27
 692 0102 19       		.uleb128 0x19
 693 0103 49       		.uleb128 0x49
 694 0104 13       		.uleb128 0x13
 695 0105 3C       		.uleb128 0x3c
 696 0106 19       		.uleb128 0x19
 697 0107 00       		.byte	0
 698 0108 00       		.byte	0
 699 0109 14       		.uleb128 0x14
 700 010a 18       		.uleb128 0x18
 701 010b 00       		.byte	0
 702 010c 00       		.byte	0
 703 010d 00       		.byte	0
 704 010e 00       		.byte	0
 705              		.section	.debug_loc,"",%progbits
 706              	.Ldebug_loc0:
 707              	.LLST0:
 708 0000 00000000 		.4byte	.LVL0
 709 0004 0C000000 		.4byte	.LVL1
 710 0008 0100     		.2byte	0x1
 711 000a 50       		.byte	0x50
 712 000b 0C000000 		.4byte	.LVL1
 713 000f 38000000 		.4byte	.LFE63
 714 0013 0100     		.2byte	0x1
 715 0015 54       		.byte	0x54
 716 0016 00000000 		.4byte	0
 717 001a 00000000 		.4byte	0
 718              	.LLST1:
 719 001e 00000000 		.4byte	.LVL0
 720 0022 0E000000 		.4byte	.LVL2
 721 0026 0100     		.2byte	0x1
 722 0028 51       		.byte	0x51
 723 0029 0E000000 		.4byte	.LVL2
 724 002d 38000000 		.4byte	.LFE63
 725 0031 0100     		.2byte	0x1
ARM GAS  C:\Users\vedranb\AppData\Local\Temp\ccMqoqua.s 			page 15


 726 0033 55       		.byte	0x55
 727 0034 00000000 		.4byte	0
 728 0038 00000000 		.4byte	0
 729              		.section	.debug_aranges,"",%progbits
 730 0000 24000000 		.4byte	0x24
 731 0004 0200     		.2byte	0x2
 732 0006 00000000 		.4byte	.Ldebug_info0
 733 000a 04       		.byte	0x4
 734 000b 00       		.byte	0
 735 000c 0000     		.2byte	0
 736 000e 0000     		.2byte	0
 737 0010 00000000 		.4byte	.LFB63
 738 0014 38000000 		.4byte	.LFE63-.LFB63
 739 0018 00000000 		.4byte	.LFB64
 740 001c 70000000 		.4byte	.LFE64-.LFB64
 741 0020 00000000 		.4byte	0
 742 0024 00000000 		.4byte	0
 743              		.section	.debug_ranges,"",%progbits
 744              	.Ldebug_ranges0:
 745 0000 00000000 		.4byte	.LFB63
 746 0004 38000000 		.4byte	.LFE63
 747 0008 00000000 		.4byte	.LFB64
 748 000c 70000000 		.4byte	.LFE64
 749 0010 00000000 		.4byte	0
 750 0014 00000000 		.4byte	0
 751              		.section	.debug_line,"",%progbits
 752              	.Ldebug_line0:
 753 0000 A2010000 		.section	.debug_str,"MS",%progbits,1
 753      02006F01 
 753      00000201 
 753      FB0E0D00 
 753      01010101 
 754              	.LASF6:
 755 0000 6C6F6E67 		.ascii	"long long int\000"
 755      206C6F6E 
 755      6720696E 
 755      7400
 756              	.LASF3:
 757 000e 73686F72 		.ascii	"short unsigned int\000"
 757      7420756E 
 757      7369676E 
 757      65642069 
 757      6E7400
 758              	.LASF8:
 759 0021 756E7369 		.ascii	"unsigned int\000"
 759      676E6564 
 759      20696E74 
 759      00
 760              	.LASF22:
 761 002e 70757473 		.ascii	"puts\000"
 761      00
 762              	.LASF0:
 763 0033 7369676E 		.ascii	"signed char\000"
 763      65642063 
 763      68617200 
 764              	.LASF21:
 765 003f 5F5F6275 		.ascii	"__builtin_puts\000"
ARM GAS  C:\Users\vedranb\AppData\Local\Temp\ccMqoqua.s 			page 16


 765      696C7469 
 765      6E5F7075 
 765      747300
 766              	.LASF15:
 767 004e 636F6D70 		.ascii	"compscale\000"
 767      7363616C 
 767      6500
 768              	.LASF5:
 769 0058 6C6F6E67 		.ascii	"long unsigned int\000"
 769      20756E73 
 769      69676E65 
 769      6420696E 
 769      7400
 770              	.LASF7:
 771 006a 6C6F6E67 		.ascii	"long long unsigned int\000"
 771      206C6F6E 
 771      6720756E 
 771      7369676E 
 771      65642069 
 772              	.LASF11:
 773 0081 666C6F61 		.ascii	"float\000"
 773      7400
 774              	.LASF17:
 775 0087 474E5520 		.ascii	"GNU C 4.9.3 20150303 (release) [ARM/embedded-4_9-br"
 775      4320342E 
 775      392E3320 
 775      32303135 
 775      30333033 
 776 00ba 616E6368 		.ascii	"anch revision 221220] -mcpu=cortex-m3 -mthumb -g -O"
 776      20726576 
 776      6973696F 
 776      6E203232 
 776      31323230 
 777 00ed 67202D66 		.ascii	"g -ffunction-sections -ffat-lto-objects\000"
 777      66756E63 
 777      74696F6E 
 777      2D736563 
 777      74696F6E 
 778              	.LASF23:
 779 0115 72656164 		.ascii	"readFloat\000"
 779      466C6F61 
 779      7400
 780              	.LASF1:
 781 011f 756E7369 		.ascii	"unsigned char\000"
 781      676E6564 
 781      20636861 
 781      7200
 782              	.LASF13:
 783 012d 63686172 		.ascii	"char\000"
 783      00
 784              	.LASF4:
 785 0132 6C6F6E67 		.ascii	"long int\000"
 785      20696E74 
 785      00
 786              	.LASF12:
 787 013b 646F7562 		.ascii	"double\000"
 787      6C6500
ARM GAS  C:\Users\vedranb\AppData\Local\Temp\ccMqoqua.s 			page 17


 788              	.LASF20:
 789 0142 49544D5F 		.ascii	"ITM_RxBuffer\000"
 789      52784275 
 789      66666572 
 789      00
 790              	.LASF24:
 791 014f 7072696E 		.ascii	"printf\000"
 791      746600
 792              	.LASF9:
 793 0156 5F5F696E 		.ascii	"__int32_t\000"
 793      7433325F 
 793      7400
 794              	.LASF19:
 795 0160 463A5C4F 		.ascii	"F:\\OneDrive\\Metropolia\\Devices\\Workspaces\\Work"
 795      6E654472 
 795      6976655C 
 795      4D657472 
 795      6F706F6C 
 796 018e 73706163 		.ascii	"space 1\\Workspace01\\Hello Word.cydsn\000"
 796      6520315C 
 796      576F726B 
 796      73706163 
 796      6530315C 
 797              	.LASF2:
 798 01b3 73686F72 		.ascii	"short int\000"
 798      7420696E 
 798      7400
 799              	.LASF16:
 800 01bd 65786572 		.ascii	"exercise15\000"
 800      63697365 
 800      313500
 801              	.LASF10:
 802 01c8 696E7433 		.ascii	"int32_t\000"
 802      325F7400 
 803              	.LASF14:
 804 01d0 73697A65 		.ascii	"sizetype\000"
 804      74797065 
 804      00
 805              	.LASF18:
 806 01d9 65786572 		.ascii	"exercise15.c\000"
 806      63697365 
 806      31352E63 
 806      00
 807              		.ident	"GCC: (GNU Tools for ARM Embedded Processors) 4.9.3 20150303 (release) [ARM/embedded-4_9-br
