ARM GAS  C:\Users\vedranb\AppData\Local\Temp\ccQS02zC.s 			page 1


   1              		.syntax unified
   2              		.cpu cortex-m3
   3              		.fpu softvfp
   4              		.eabi_attribute 20, 1
   5              		.eabi_attribute 21, 1
   6              		.eabi_attribute 23, 3
   7              		.eabi_attribute 24, 1
   8              		.eabi_attribute 25, 1
   9              		.eabi_attribute 26, 1
  10              		.eabi_attribute 30, 1
  11              		.eabi_attribute 34, 1
  12              		.eabi_attribute 18, 4
  13              		.thumb
  14              		.file	"exercise16.c"
  15              		.text
  16              	.Ltext0:
  17              		.cfi_sections	.debug_frame
  18              		.global	__aeabi_fadd
  19              		.global	__aeabi_fmul
  20              		.global	__aeabi_fsub
  21              		.section	.text.average,"ax",%progbits
  22              		.align	2
  23              		.global	average
  24              		.thumb
  25              		.thumb_func
  26              		.type	average, %function
  27              	average:
  28              	.LFB63:
  29              		.file 1 "exercise16.c"
   1:exercise16.c  **** /* ========================================
   2:exercise16.c  ****  *
   3:exercise16.c  ****  * Copyright YOUR COMPANY, THE YEAR
   4:exercise16.c  ****  * All Rights Reserved
   5:exercise16.c  ****  * UNPUBLISHED, LICENSED SOFTWARE.
   6:exercise16.c  ****  *
   7:exercise16.c  ****  * CONFIDENTIAL AND PROPRIETARY INFORMATION
   8:exercise16.c  ****  * WHICH IS THE PROPERTY OF your company.
   9:exercise16.c  ****  *
  10:exercise16.c  ****  * ========================================
  11:exercise16.c  **** */
  12:exercise16.c  **** #include "project.h"
  13:exercise16.c  **** #include <stdio.h>
  14:exercise16.c  **** #include "common_functions.h"
  15:exercise16.c  **** 
  16:exercise16.c  **** float average(float *x, float *y){
  30              		.loc 1 16 0
  31              		.cfi_startproc
  32              		@ args = 0, pretend = 0, frame = 0
  33              		@ frame_needed = 0, uses_anonymous_args = 0
  34              	.LVL0:
  35 0000 F8B5     		push	{r3, r4, r5, r6, r7, lr}
  36              		.cfi_def_cfa_offset 24
  37              		.cfi_offset 3, -24
  38              		.cfi_offset 4, -20
  39              		.cfi_offset 5, -16
  40              		.cfi_offset 6, -12
  41              		.cfi_offset 7, -8
ARM GAS  C:\Users\vedranb\AppData\Local\Temp\ccQS02zC.s 			page 2


  42              		.cfi_offset 14, -4
  43 0002 0646     		mov	r6, r0
  44 0004 0D46     		mov	r5, r1
  17:exercise16.c  ****     float avg = (*x+*y) / 2;
  45              		.loc 1 17 0
  46 0006 0768     		ldr	r7, [r0]	@ float
  47 0008 3846     		mov	r0, r7
  48              	.LVL1:
  49 000a 0968     		ldr	r1, [r1]	@ float
  50              	.LVL2:
  51 000c FFF7FEFF 		bl	__aeabi_fadd
  52              	.LVL3:
  53 0010 4FF07C51 		mov	r1, #1056964608
  54 0014 FFF7FEFF 		bl	__aeabi_fmul
  55              	.LVL4:
  56 0018 0446     		mov	r4, r0
  57              	.LVL5:
  18:exercise16.c  ****     *x -= avg;
  58              		.loc 1 18 0
  59 001a 3846     		mov	r0, r7
  60              	.LVL6:
  61 001c 2146     		mov	r1, r4
  62 001e FFF7FEFF 		bl	__aeabi_fsub
  63              	.LVL7:
  64 0022 3060     		str	r0, [r6]	@ float
  19:exercise16.c  ****     *y -= avg;
  65              		.loc 1 19 0
  66 0024 2868     		ldr	r0, [r5]	@ float
  67 0026 2146     		mov	r1, r4
  68 0028 FFF7FEFF 		bl	__aeabi_fsub
  69              	.LVL8:
  70 002c 2860     		str	r0, [r5]	@ float
  20:exercise16.c  **** 
  21:exercise16.c  ****     return avg;
  22:exercise16.c  **** }
  71              		.loc 1 22 0
  72 002e 2046     		mov	r0, r4
  73 0030 F8BD     		pop	{r3, r4, r5, r6, r7, pc}
  74              		.cfi_endproc
  75              	.LFE63:
  76              		.size	average, .-average
  77              		.global	__aeabi_fcmple
  78              		.global	__aeabi_f2d
  79              		.global	__aeabi_fcmpgt
  80 0032 00BF     		.section	.text.exercise16,"ax",%progbits
  81              		.align	2
  82              		.global	exercise16
  83              		.thumb
  84              		.thumb_func
  85              		.type	exercise16, %function
  86              	exercise16:
  87              	.LFB64:
  23:exercise16.c  **** 
  24:exercise16.c  **** void exercise16(void)
  25:exercise16.c  **** {
  88              		.loc 1 25 0
  89              		.cfi_startproc
ARM GAS  C:\Users\vedranb\AppData\Local\Temp\ccQS02zC.s 			page 3


  90              		@ args = 0, pretend = 0, frame = 16
  91              		@ frame_needed = 0, uses_anonymous_args = 0
  92 0000 2DE9F04F 		push	{r4, r5, r6, r7, r8, r9, r10, fp, lr}
  93              		.cfi_def_cfa_offset 36
  94              		.cfi_offset 4, -36
  95              		.cfi_offset 5, -32
  96              		.cfi_offset 6, -28
  97              		.cfi_offset 7, -24
  98              		.cfi_offset 8, -20
  99              		.cfi_offset 9, -16
 100              		.cfi_offset 10, -12
 101              		.cfi_offset 11, -8
 102              		.cfi_offset 14, -4
 103 0004 8FB0     		sub	sp, sp, #60
 104              		.cfi_def_cfa_offset 96
  26:exercise16.c  ****      //Exercise 16
  27:exercise16.c  ****     printf("\n\nExercise 16. \n\n");
 105              		.loc 1 27 0
 106 0006 4F48     		ldr	r0, .L40
 107 0008 FFF7FEFF 		bl	puts
 108              	.LVL9:
  28:exercise16.c  **** 
  29:exercise16.c  ****     float a = 0, b = 0;
 109              		.loc 1 29 0
 110 000c 0023     		movs	r3, #0
 111 000e 0D93     		str	r3, [sp, #52]	@ float
 112 0010 0C93     		str	r3, [sp, #48]	@ float
  30:exercise16.c  **** 
  31:exercise16.c  ****     printf("Hi, we need you to enter your height and your partner's height in meters.\n");
 113              		.loc 1 31 0
 114 0012 4D48     		ldr	r0, .L40+4
 115 0014 FFF7FEFF 		bl	puts
 116              	.LVL10:
  32:exercise16.c  ****     while(a <= 0){
 117              		.loc 1 32 0
 118 0018 0CE0     		b	.L5
 119              	.L7:
  33:exercise16.c  ****         printf("Enter your height here:");
 120              		.loc 1 33 0
 121 001a 4C48     		ldr	r0, .L40+8
 122 001c FFF7FEFF 		bl	printf
 123              	.LVL11:
  34:exercise16.c  ****         a = readFloat();
 124              		.loc 1 34 0
 125 0020 FFF7FEFF 		bl	readFloat
 126              	.LVL12:
 127 0024 0D90     		str	r0, [sp, #52]	@ float
  35:exercise16.c  ****         if (a <= 0){
 128              		.loc 1 35 0
 129 0026 0021     		movs	r1, #0
 130 0028 FFF7FEFF 		bl	__aeabi_fcmple
 131              	.LVL13:
 132 002c 10B1     		cbz	r0, .L5
  36:exercise16.c  ****             printf("Sorry, you can't have negative height. Please try again\n");
 133              		.loc 1 36 0
 134 002e 4848     		ldr	r0, .L40+12
 135 0030 FFF7FEFF 		bl	puts
ARM GAS  C:\Users\vedranb\AppData\Local\Temp\ccQS02zC.s 			page 4


 136              	.LVL14:
 137              	.L5:
  32:exercise16.c  ****         printf("Enter your height here:");
 138              		.loc 1 32 0
 139 0034 0D98     		ldr	r0, [sp, #52]	@ float
 140 0036 0021     		movs	r1, #0
 141 0038 FFF7FEFF 		bl	__aeabi_fcmple
 142              	.LVL15:
 143 003c 0028     		cmp	r0, #0
 144 003e ECD1     		bne	.L7
 145 0040 0CE0     		b	.L9
 146              	.L11:
  37:exercise16.c  ****         }
  38:exercise16.c  ****     }
  39:exercise16.c  ****     while(b <= 0){
  40:exercise16.c  ****         printf("Enter your partner's height here:");
 147              		.loc 1 40 0
 148 0042 4448     		ldr	r0, .L40+16
 149 0044 FFF7FEFF 		bl	printf
 150              	.LVL16:
  41:exercise16.c  ****         b = readFloat();
 151              		.loc 1 41 0
 152 0048 FFF7FEFF 		bl	readFloat
 153              	.LVL17:
 154 004c 0C90     		str	r0, [sp, #48]	@ float
  42:exercise16.c  ****        if (b <= 0){
 155              		.loc 1 42 0
 156 004e 0021     		movs	r1, #0
 157 0050 FFF7FEFF 		bl	__aeabi_fcmple
 158              	.LVL18:
 159 0054 10B1     		cbz	r0, .L9
  43:exercise16.c  ****             printf("Sorry, your partner can't have negative height. Please try again\n");
 160              		.loc 1 43 0
 161 0056 4048     		ldr	r0, .L40+20
 162 0058 FFF7FEFF 		bl	puts
 163              	.LVL19:
 164              	.L9:
  39:exercise16.c  ****         printf("Enter your partner's height here:");
 165              		.loc 1 39 0
 166 005c 0C98     		ldr	r0, [sp, #48]	@ float
 167 005e 0021     		movs	r1, #0
 168 0060 FFF7FEFF 		bl	__aeabi_fcmple
 169              	.LVL20:
 170 0064 0028     		cmp	r0, #0
 171 0066 ECD1     		bne	.L11
  44:exercise16.c  ****         }
  45:exercise16.c  ****     }
  46:exercise16.c  **** 
  47:exercise16.c  ****     printf("Your average height as a couple is %.2f meters, \nif you wish to be of equal height one
  48:exercise16.c  ****         average(&a, &b), //call function to get average
 172              		.loc 1 48 0
 173 0068 0DA8     		add	r0, sp, #52
 174 006a 0CA9     		add	r1, sp, #48
 175 006c FFF7FEFF 		bl	average
 176              	.LVL21:
  47:exercise16.c  ****         average(&a, &b), //call function to get average
 177              		.loc 1 47 0
ARM GAS  C:\Users\vedranb\AppData\Local\Temp\ccQS02zC.s 			page 5


 178 0070 FFF7FEFF 		bl	__aeabi_f2d
 179              	.LVL22:
 180 0074 CDE90A01 		strd	r0, [sp, #40]
  49:exercise16.c  ****         (a > b) ? (a + (b * -1)) * 100 : ((-1 * a) + b) * 100, //more complex way of getting a doub
 181              		.loc 1 49 0
 182 0078 DDF83480 		ldr	r8, [sp, #52]	@ float
 183 007c DDF830A0 		ldr	r10, [sp, #48]	@ float
  47:exercise16.c  ****         average(&a, &b), //call function to get average
 184              		.loc 1 47 0
 185 0080 4046     		mov	r0, r8
 186 0082 5146     		mov	r1, r10
 187 0084 FFF7FEFF 		bl	__aeabi_fcmpgt
 188              	.LVL23:
 189 0088 38B1     		cbz	r0, .L34
 190              		.loc 1 49 0 discriminator 1
 191 008a 4046     		mov	r0, r8
 192 008c 5146     		mov	r1, r10
 193 008e FFF7FEFF 		bl	__aeabi_fsub
 194              	.LVL24:
  47:exercise16.c  ****         average(&a, &b), //call function to get average
 195              		.loc 1 47 0 discriminator 1
 196 0092 3249     		ldr	r1, .L40+24
 197 0094 FFF7FEFF 		bl	__aeabi_fmul
 198              	.LVL25:
 199 0098 06E0     		b	.L14
 200              	.L34:
 201              		.loc 1 49 0 discriminator 2
 202 009a 5046     		mov	r0, r10
 203 009c 4146     		mov	r1, r8
 204 009e FFF7FEFF 		bl	__aeabi_fsub
 205              	.LVL26:
  47:exercise16.c  ****         average(&a, &b), //call function to get average
 206              		.loc 1 47 0 discriminator 2
 207 00a2 2E49     		ldr	r1, .L40+24
 208 00a4 FFF7FEFF 		bl	__aeabi_fmul
 209              	.LVL27:
 210              	.L14:
  47:exercise16.c  ****         average(&a, &b), //call function to get average
 211              		.loc 1 47 0 is_stmt 0 discriminator 4
 212 00a8 FFF7FEFF 		bl	__aeabi_f2d
 213              	.LVL28:
 214 00ac 0646     		mov	r6, r0
 215 00ae 0F46     		mov	r7, r1
 216 00b0 4046     		mov	r0, r8
 217 00b2 0021     		movs	r1, #0
 218 00b4 FFF7FEFF 		bl	__aeabi_fcmpgt
 219              	.LVL29:
 220 00b8 20B1     		cbz	r0, .L35
  47:exercise16.c  ****         average(&a, &b), //call function to get average
 221              		.loc 1 47 0 discriminator 5
 222 00ba 4046     		mov	r0, r8
 223 00bc 2749     		ldr	r1, .L40+24
 224 00be FFF7FEFF 		bl	__aeabi_fmul
 225              	.LVL30:
 226 00c2 03E0     		b	.L17
 227              	.L35:
  47:exercise16.c  ****         average(&a, &b), //call function to get average
ARM GAS  C:\Users\vedranb\AppData\Local\Temp\ccQS02zC.s 			page 6


 228              		.loc 1 47 0 discriminator 6
 229 00c4 5046     		mov	r0, r10
 230 00c6 2549     		ldr	r1, .L40+24
 231 00c8 FFF7FEFF 		bl	__aeabi_fmul
 232              	.LVL31:
 233              	.L17:
  47:exercise16.c  ****         average(&a, &b), //call function to get average
 234              		.loc 1 47 0 discriminator 8
 235 00cc FFF7FEFF 		bl	__aeabi_f2d
 236              	.LVL32:
 237 00d0 0446     		mov	r4, r0
 238 00d2 0D46     		mov	r5, r1
 239 00d4 4046     		mov	r0, r8
 240 00d6 0021     		movs	r1, #0
 241 00d8 FFF7FEFF 		bl	__aeabi_fcmpgt
 242              	.LVL33:
 243 00dc 10B1     		cbz	r0, .L36
  47:exercise16.c  ****         average(&a, &b), //call function to get average
 244              		.loc 1 47 0
 245 00de DFF880B0 		ldr	fp, .L40+28
 246 00e2 01E0     		b	.L18
 247              	.L36:
 248 00e4 DFF87CB0 		ldr	fp, .L40+32
 249              	.L18:
  47:exercise16.c  ****         average(&a, &b), //call function to get average
 250              		.loc 1 47 0 discriminator 12
 251 00e8 4046     		mov	r0, r8
 252 00ea 0021     		movs	r1, #0
 253 00ec FFF7FEFF 		bl	__aeabi_fcmpgt
 254              	.LVL34:
 255 00f0 20B1     		cbz	r0, .L37
  47:exercise16.c  ****         average(&a, &b), //call function to get average
 256              		.loc 1 47 0 discriminator 13
 257 00f2 4046     		mov	r0, r8
 258 00f4 1949     		ldr	r1, .L40+24
 259 00f6 FFF7FEFF 		bl	__aeabi_fmul
 260              	.LVL35:
 261 00fa 03E0     		b	.L22
 262              	.L37:
  47:exercise16.c  ****         average(&a, &b), //call function to get average
 263              		.loc 1 47 0 discriminator 14
 264 00fc 5046     		mov	r0, r10
 265 00fe 1749     		ldr	r1, .L40+24
 266 0100 FFF7FEFF 		bl	__aeabi_fmul
 267              	.LVL36:
 268              	.L22:
  47:exercise16.c  ****         average(&a, &b), //call function to get average
 269              		.loc 1 47 0 discriminator 16
 270 0104 FFF7FEFF 		bl	__aeabi_f2d
 271              	.LVL37:
 272 0108 8046     		mov	r8, r0
 273 010a 8946     		mov	r9, r1
 274 010c 5046     		mov	r0, r10
 275 010e 0021     		movs	r1, #0
 276 0110 FFF7FEFF 		bl	__aeabi_fcmpgt
 277              	.LVL38:
 278 0114 08B1     		cbz	r0, .L38
ARM GAS  C:\Users\vedranb\AppData\Local\Temp\ccQS02zC.s 			page 7


  47:exercise16.c  ****         average(&a, &b), //call function to get average
 279              		.loc 1 47 0
 280 0116 124B     		ldr	r3, .L40+28
 281 0118 00E0     		b	.L23
 282              	.L38:
 283 011a 124B     		ldr	r3, .L40+32
 284              	.L23:
  47:exercise16.c  ****         average(&a, &b), //call function to get average
 285              		.loc 1 47 0 discriminator 20
 286 011c CDE90067 		strd	r6, [sp]
 287 0120 CDE90245 		strd	r4, [sp, #8]
 288 0124 CDF810B0 		str	fp, [sp, #16]
 289 0128 CDE90689 		strd	r8, [sp, #24]
 290 012c 0893     		str	r3, [sp, #32]
 291 012e 0E48     		ldr	r0, .L40+36
 292 0130 DDE90A23 		ldrd	r2, [sp, #40]
 293 0134 FFF7FEFF 		bl	printf
 294              	.LVL39:
  50:exercise16.c  ****         (a > 0) ? a * 100 : b * 100, //easier way of getting absolute STD
  51:exercise16.c  ****         (a > 0) ? "taller" : "shorter", //positive vs negative
  52:exercise16.c  ****         (a > 0) ? a * 100 : b * 100,
  53:exercise16.c  ****         (b > 0) ? "taller" : "shorter"
  54:exercise16.c  ****     );
  55:exercise16.c  **** 
  56:exercise16.c  **** 
  57:exercise16.c  **** 
  58:exercise16.c  ****     printf("\nEnd of Exercise 16. \n\n");
 295              		.loc 1 58 0 is_stmt 1 discriminator 20
 296 0138 0C48     		ldr	r0, .L40+40
 297 013a FFF7FEFF 		bl	puts
 298              	.LVL40:
  59:exercise16.c  ****     return;
  60:exercise16.c  **** }
 299              		.loc 1 60 0 discriminator 20
 300 013e 0FB0     		add	sp, sp, #60
 301              		.cfi_def_cfa_offset 36
 302              		@ sp needed
 303 0140 BDE8F08F 		pop	{r4, r5, r6, r7, r8, r9, r10, fp, pc}
 304              	.L41:
 305              		.align	2
 306              	.L40:
 307 0144 10000000 		.word	.LC2
 308 0148 24000000 		.word	.LC3
 309 014c 70000000 		.word	.LC4
 310 0150 88000000 		.word	.LC5
 311 0154 C0000000 		.word	.LC6
 312 0158 E4000000 		.word	.LC7
 313 015c 0000C842 		.word	1120403456
 314 0160 00000000 		.word	.LC0
 315 0164 08000000 		.word	.LC1
 316 0168 28010000 		.word	.LC8
 317 016c F8010000 		.word	.LC9
 318              		.cfi_endproc
 319              	.LFE64:
 320              		.size	exercise16, .-exercise16
 321              		.section	.rodata.str1.4,"aMS",%progbits,1
 322              		.align	2
ARM GAS  C:\Users\vedranb\AppData\Local\Temp\ccQS02zC.s 			page 8


 323              	.LC0:
 324 0000 74616C6C 		.ascii	"taller\000"
 324      657200
 325 0007 00       		.space	1
 326              	.LC1:
 327 0008 73686F72 		.ascii	"shorter\000"
 327      74657200 
 328              	.LC2:
 329 0010 0A0A4578 		.ascii	"\012\012Exercise 16. \012\000"
 329      65726369 
 329      73652031 
 329      362E200A 
 329      00
 330 0021 000000   		.space	3
 331              	.LC3:
 332 0024 48692C20 		.ascii	"Hi, we need you to enter your height and your partn"
 332      7765206E 
 332      65656420 
 332      796F7520 
 332      746F2065 
 333 0057 65722773 		.ascii	"er's height in meters.\000"
 333      20686569 
 333      67687420 
 333      696E206D 
 333      65746572 
 334 006e 0000     		.space	2
 335              	.LC4:
 336 0070 456E7465 		.ascii	"Enter your height here:\000"
 336      7220796F 
 336      75722068 
 336      65696768 
 336      74206865 
 337              	.LC5:
 338 0088 536F7272 		.ascii	"Sorry, you can't have negative height. Please try a"
 338      792C2079 
 338      6F752063 
 338      616E2774 
 338      20686176 
 339 00bb 6761696E 		.ascii	"gain\000"
 339      00
 340              	.LC6:
 341 00c0 456E7465 		.ascii	"Enter your partner's height here:\000"
 341      7220796F 
 341      75722070 
 341      6172746E 
 341      65722773 
 342 00e2 0000     		.space	2
 343              	.LC7:
 344 00e4 536F7272 		.ascii	"Sorry, your partner can't have negative height. Ple"
 344      792C2079 
 344      6F757220 
 344      70617274 
 344      6E657220 
 345 0117 61736520 		.ascii	"ase try again\000"
 345      74727920 
 345      61676169 
 345      6E00
ARM GAS  C:\Users\vedranb\AppData\Local\Temp\ccQS02zC.s 			page 9


 346 0125 000000   		.space	3
 347              	.LC8:
 348 0128 596F7572 		.ascii	"Your average height as a couple is %.2f meters, \012"
 348      20617665 
 348      72616765 
 348      20686569 
 348      67687420 
 349 0159 69662079 		.ascii	"if you wish to be of equal height one of you needs "
 349      6F752077 
 349      69736820 
 349      746F2062 
 349      65206F66 
 350 018c 746F2077 		.ascii	"to wear %.2fcm high heels.\012You are %.2f cm %s th"
 350      65617220 
 350      252E3266 
 350      636D2068 
 350      69676820 
 351 01bc 616E2061 		.ascii	"an average whereas your partner is %.2f cm %s than "
 351      76657261 
 351      67652077 
 351      68657265 
 351      61732079 
 352 01ef 61766572 		.ascii	"average\012\000"
 352      6167650A 
 352      00
 353              	.LC9:
 354 01f8 0A456E64 		.ascii	"\012End of Exercise 16. \012\000"
 354      206F6620 
 354      45786572 
 354      63697365 
 354      2031362E 
 355 020f 00       		.text
 356              	.Letext0:
 357              		.file 2 "c:\\program files (x86)\\cypress\\psoc creator\\4.0\\psoc creator\\import\\gnu\\arm\\4.9.
 358              		.file 3 "c:\\program files (x86)\\cypress\\psoc creator\\4.0\\psoc creator\\import\\gnu\\arm\\4.9.
 359              		.file 4 "Generated_Source\\PSoC5/core_cm3.h"
 360              		.file 5 "<built-in>"
 361              		.file 6 "c:\\program files (x86)\\cypress\\psoc creator\\4.0\\psoc creator\\import\\gnu\\arm\\4.9.
 362              		.file 7 "common_functions.h"
 363              		.section	.debug_info,"",%progbits
 364              	.Ldebug_info0:
 365 0000 74020000 		.4byte	0x274
 366 0004 0400     		.2byte	0x4
 367 0006 00000000 		.4byte	.Ldebug_abbrev0
 368 000a 04       		.byte	0x4
 369 000b 01       		.uleb128 0x1
 370 000c 76000000 		.4byte	.LASF15
 371 0010 01       		.byte	0x1
 372 0011 59010000 		.4byte	.LASF16
 373 0015 80010000 		.4byte	.LASF17
 374 0019 00000000 		.4byte	.Ldebug_ranges0+0
 375 001d 00000000 		.4byte	0
 376 0021 00000000 		.4byte	.Ldebug_line0
 377 0025 02       		.uleb128 0x2
 378 0026 08       		.byte	0x8
 379 0027 04       		.byte	0x4
 380 0028 6F000000 		.4byte	.LASF0
ARM GAS  C:\Users\vedranb\AppData\Local\Temp\ccQS02zC.s 			page 10


 381 002c 02       		.uleb128 0x2
 382 002d 01       		.byte	0x1
 383 002e 06       		.byte	0x6
 384 002f D8010000 		.4byte	.LASF1
 385 0033 02       		.uleb128 0x2
 386 0034 01       		.byte	0x1
 387 0035 08       		.byte	0x8
 388 0036 24000000 		.4byte	.LASF2
 389 003a 02       		.uleb128 0x2
 390 003b 02       		.byte	0x2
 391 003c 05       		.byte	0x5
 392 003d 6D010000 		.4byte	.LASF3
 393 0041 02       		.uleb128 0x2
 394 0042 02       		.byte	0x2
 395 0043 07       		.byte	0x7
 396 0044 44000000 		.4byte	.LASF4
 397 0048 03       		.uleb128 0x3
 398 0049 05000000 		.4byte	.LASF10
 399 004d 02       		.byte	0x2
 400 004e 3F       		.byte	0x3f
 401 004f 53000000 		.4byte	0x53
 402 0053 02       		.uleb128 0x2
 403 0054 04       		.byte	0x4
 404 0055 05       		.byte	0x5
 405 0056 77010000 		.4byte	.LASF5
 406 005a 02       		.uleb128 0x2
 407 005b 04       		.byte	0x4
 408 005c 07       		.byte	0x7
 409 005d 32000000 		.4byte	.LASF6
 410 0061 02       		.uleb128 0x2
 411 0062 08       		.byte	0x8
 412 0063 05       		.byte	0x5
 413 0064 4B010000 		.4byte	.LASF7
 414 0068 02       		.uleb128 0x2
 415 0069 08       		.byte	0x8
 416 006a 07       		.byte	0x7
 417 006b 1B010000 		.4byte	.LASF8
 418 006f 04       		.uleb128 0x4
 419 0070 04       		.byte	0x4
 420 0071 05       		.byte	0x5
 421 0072 696E7400 		.ascii	"int\000"
 422 0076 02       		.uleb128 0x2
 423 0077 04       		.byte	0x4
 424 0078 07       		.byte	0x7
 425 0079 0E010000 		.4byte	.LASF9
 426 007d 03       		.uleb128 0x3
 427 007e 3A010000 		.4byte	.LASF11
 428 0082 03       		.byte	0x3
 429 0083 2C       		.byte	0x2c
 430 0084 48000000 		.4byte	0x48
 431 0088 02       		.uleb128 0x2
 432 0089 04       		.byte	0x4
 433 008a 04       		.byte	0x4
 434 008b 0F000000 		.4byte	.LASF12
 435 008f 02       		.uleb128 0x2
 436 0090 01       		.byte	0x1
 437 0091 08       		.byte	0x8
ARM GAS  C:\Users\vedranb\AppData\Local\Temp\ccQS02zC.s 			page 11


 438 0092 00000000 		.4byte	.LASF13
 439 0096 02       		.uleb128 0x2
 440 0097 04       		.byte	0x4
 441 0098 07       		.byte	0x7
 442 0099 42010000 		.4byte	.LASF14
 443 009d 05       		.uleb128 0x5
 444 009e 04       		.byte	0x4
 445 009f A3000000 		.4byte	0xa3
 446 00a3 06       		.uleb128 0x6
 447 00a4 8F000000 		.4byte	0x8f
 448 00a8 07       		.uleb128 0x7
 449 00a9 32010000 		.4byte	.LASF18
 450 00ad 01       		.byte	0x1
 451 00ae 10       		.byte	0x10
 452 00af 88000000 		.4byte	0x88
 453 00b3 00000000 		.4byte	.LFB63
 454 00b7 32000000 		.4byte	.LFE63-.LFB63
 455 00bb 01       		.uleb128 0x1
 456 00bc 9C       		.byte	0x9c
 457 00bd EB000000 		.4byte	0xeb
 458 00c1 08       		.uleb128 0x8
 459 00c2 7800     		.ascii	"x\000"
 460 00c4 01       		.byte	0x1
 461 00c5 10       		.byte	0x10
 462 00c6 EB000000 		.4byte	0xeb
 463 00ca 00000000 		.4byte	.LLST0
 464 00ce 08       		.uleb128 0x8
 465 00cf 7900     		.ascii	"y\000"
 466 00d1 01       		.byte	0x1
 467 00d2 10       		.byte	0x10
 468 00d3 EB000000 		.4byte	0xeb
 469 00d7 1E000000 		.4byte	.LLST1
 470 00db 09       		.uleb128 0x9
 471 00dc 61766700 		.ascii	"avg\000"
 472 00e0 01       		.byte	0x1
 473 00e1 11       		.byte	0x11
 474 00e2 88000000 		.4byte	0x88
 475 00e6 3C000000 		.4byte	.LLST2
 476 00ea 00       		.byte	0
 477 00eb 05       		.uleb128 0x5
 478 00ec 04       		.byte	0x4
 479 00ed 88000000 		.4byte	0x88
 480 00f1 0A       		.uleb128 0xa
 481 00f2 64000000 		.4byte	.LASF19
 482 00f6 01       		.byte	0x1
 483 00f7 18       		.byte	0x18
 484 00f8 00000000 		.4byte	.LFB64
 485 00fc 70010000 		.4byte	.LFE64-.LFB64
 486 0100 01       		.uleb128 0x1
 487 0101 9C       		.byte	0x9c
 488 0102 2C020000 		.4byte	0x22c
 489 0106 0B       		.uleb128 0xb
 490 0107 6100     		.ascii	"a\000"
 491 0109 01       		.byte	0x1
 492 010a 1D       		.byte	0x1d
 493 010b 88000000 		.4byte	0x88
 494 010f 02       		.uleb128 0x2
ARM GAS  C:\Users\vedranb\AppData\Local\Temp\ccQS02zC.s 			page 12


 495 0110 91       		.byte	0x91
 496 0111 54       		.sleb128 -44
 497 0112 0B       		.uleb128 0xb
 498 0113 6200     		.ascii	"b\000"
 499 0115 01       		.byte	0x1
 500 0116 1D       		.byte	0x1d
 501 0117 88000000 		.4byte	0x88
 502 011b 02       		.uleb128 0x2
 503 011c 91       		.byte	0x91
 504 011d 50       		.sleb128 -48
 505 011e 0C       		.uleb128 0xc
 506 011f 0C000000 		.4byte	.LVL9
 507 0123 3D020000 		.4byte	0x23d
 508 0127 35010000 		.4byte	0x135
 509 012b 0D       		.uleb128 0xd
 510 012c 01       		.uleb128 0x1
 511 012d 50       		.byte	0x50
 512 012e 05       		.uleb128 0x5
 513 012f 03       		.byte	0x3
 514 0130 10000000 		.4byte	.LC2
 515 0134 00       		.byte	0
 516 0135 0C       		.uleb128 0xc
 517 0136 18000000 		.4byte	.LVL10
 518 013a 3D020000 		.4byte	0x23d
 519 013e 4C010000 		.4byte	0x14c
 520 0142 0D       		.uleb128 0xd
 521 0143 01       		.uleb128 0x1
 522 0144 50       		.byte	0x50
 523 0145 05       		.uleb128 0x5
 524 0146 03       		.byte	0x3
 525 0147 24000000 		.4byte	.LC3
 526 014b 00       		.byte	0
 527 014c 0C       		.uleb128 0xc
 528 014d 20000000 		.4byte	.LVL11
 529 0151 56020000 		.4byte	0x256
 530 0155 63010000 		.4byte	0x163
 531 0159 0D       		.uleb128 0xd
 532 015a 01       		.uleb128 0x1
 533 015b 50       		.byte	0x50
 534 015c 05       		.uleb128 0x5
 535 015d 03       		.byte	0x3
 536 015e 70000000 		.4byte	.LC4
 537 0162 00       		.byte	0
 538 0163 0E       		.uleb128 0xe
 539 0164 24000000 		.4byte	.LVL12
 540 0168 6C020000 		.4byte	0x26c
 541 016c 0C       		.uleb128 0xc
 542 016d 34000000 		.4byte	.LVL14
 543 0171 3D020000 		.4byte	0x23d
 544 0175 83010000 		.4byte	0x183
 545 0179 0D       		.uleb128 0xd
 546 017a 01       		.uleb128 0x1
 547 017b 50       		.byte	0x50
 548 017c 05       		.uleb128 0x5
 549 017d 03       		.byte	0x3
 550 017e 88000000 		.4byte	.LC5
 551 0182 00       		.byte	0
ARM GAS  C:\Users\vedranb\AppData\Local\Temp\ccQS02zC.s 			page 13


 552 0183 0C       		.uleb128 0xc
 553 0184 48000000 		.4byte	.LVL16
 554 0188 56020000 		.4byte	0x256
 555 018c 9A010000 		.4byte	0x19a
 556 0190 0D       		.uleb128 0xd
 557 0191 01       		.uleb128 0x1
 558 0192 50       		.byte	0x50
 559 0193 05       		.uleb128 0x5
 560 0194 03       		.byte	0x3
 561 0195 C0000000 		.4byte	.LC6
 562 0199 00       		.byte	0
 563 019a 0E       		.uleb128 0xe
 564 019b 4C000000 		.4byte	.LVL17
 565 019f 6C020000 		.4byte	0x26c
 566 01a3 0C       		.uleb128 0xc
 567 01a4 5C000000 		.4byte	.LVL19
 568 01a8 3D020000 		.4byte	0x23d
 569 01ac BA010000 		.4byte	0x1ba
 570 01b0 0D       		.uleb128 0xd
 571 01b1 01       		.uleb128 0x1
 572 01b2 50       		.byte	0x50
 573 01b3 05       		.uleb128 0x5
 574 01b4 03       		.byte	0x3
 575 01b5 E4000000 		.4byte	.LC7
 576 01b9 00       		.byte	0
 577 01ba 0C       		.uleb128 0xc
 578 01bb 70000000 		.4byte	.LVL21
 579 01bf A8000000 		.4byte	0xa8
 580 01c3 D4010000 		.4byte	0x1d4
 581 01c7 0D       		.uleb128 0xd
 582 01c8 01       		.uleb128 0x1
 583 01c9 51       		.byte	0x51
 584 01ca 02       		.uleb128 0x2
 585 01cb 91       		.byte	0x91
 586 01cc 50       		.sleb128 -48
 587 01cd 0D       		.uleb128 0xd
 588 01ce 01       		.uleb128 0x1
 589 01cf 50       		.byte	0x50
 590 01d0 02       		.uleb128 0x2
 591 01d1 91       		.byte	0x91
 592 01d2 54       		.sleb128 -44
 593 01d3 00       		.byte	0
 594 01d4 0C       		.uleb128 0xc
 595 01d5 38010000 		.4byte	.LVL39
 596 01d9 56020000 		.4byte	0x256
 597 01dd 18020000 		.4byte	0x218
 598 01e1 0D       		.uleb128 0xd
 599 01e2 06       		.uleb128 0x6
 600 01e3 52       		.byte	0x52
 601 01e4 93       		.byte	0x93
 602 01e5 04       		.uleb128 0x4
 603 01e6 53       		.byte	0x53
 604 01e7 93       		.byte	0x93
 605 01e8 04       		.uleb128 0x4
 606 01e9 05       		.uleb128 0x5
 607 01ea 91       		.byte	0x91
 608 01eb 48       		.sleb128 -56
ARM GAS  C:\Users\vedranb\AppData\Local\Temp\ccQS02zC.s 			page 14


 609 01ec F6       		.byte	0xf6
 610 01ed 08       		.byte	0x8
 611 01ee 25       		.uleb128 0x25
 612 01ef 0D       		.uleb128 0xd
 613 01f0 01       		.uleb128 0x1
 614 01f1 50       		.byte	0x50
 615 01f2 05       		.uleb128 0x5
 616 01f3 03       		.byte	0x3
 617 01f4 28010000 		.4byte	.LC8
 618 01f8 0D       		.uleb128 0xd
 619 01f9 02       		.uleb128 0x2
 620 01fa 7D       		.byte	0x7d
 621 01fb 18       		.sleb128 24
 622 01fc 03       		.uleb128 0x3
 623 01fd F5       		.byte	0xf5
 624 01fe 08       		.uleb128 0x8
 625 01ff 25       		.uleb128 0x25
 626 0200 0D       		.uleb128 0xd
 627 0201 02       		.uleb128 0x2
 628 0202 7D       		.byte	0x7d
 629 0203 10       		.sleb128 16
 630 0204 02       		.uleb128 0x2
 631 0205 7B       		.byte	0x7b
 632 0206 00       		.sleb128 0
 633 0207 0D       		.uleb128 0xd
 634 0208 02       		.uleb128 0x2
 635 0209 7D       		.byte	0x7d
 636 020a 08       		.sleb128 8
 637 020b 03       		.uleb128 0x3
 638 020c F5       		.byte	0xf5
 639 020d 04       		.uleb128 0x4
 640 020e 25       		.uleb128 0x25
 641 020f 0D       		.uleb128 0xd
 642 0210 02       		.uleb128 0x2
 643 0211 7D       		.byte	0x7d
 644 0212 00       		.sleb128 0
 645 0213 03       		.uleb128 0x3
 646 0214 F5       		.byte	0xf5
 647 0215 06       		.uleb128 0x6
 648 0216 25       		.uleb128 0x25
 649 0217 00       		.byte	0
 650 0218 0F       		.uleb128 0xf
 651 0219 3E010000 		.4byte	.LVL40
 652 021d 3D020000 		.4byte	0x23d
 653 0221 0D       		.uleb128 0xd
 654 0222 01       		.uleb128 0x1
 655 0223 50       		.byte	0x50
 656 0224 05       		.uleb128 0x5
 657 0225 03       		.byte	0x3
 658 0226 F8010000 		.4byte	.LC9
 659 022a 00       		.byte	0
 660 022b 00       		.byte	0
 661 022c 10       		.uleb128 0x10
 662 022d 57000000 		.4byte	.LASF20
 663 0231 04       		.byte	0x4
 664 0232 9606     		.2byte	0x696
 665 0234 38020000 		.4byte	0x238
ARM GAS  C:\Users\vedranb\AppData\Local\Temp\ccQS02zC.s 			page 15


 666 0238 11       		.uleb128 0x11
 667 0239 7D000000 		.4byte	0x7d
 668 023d 12       		.uleb128 0x12
 669 023e 15000000 		.4byte	.LASF21
 670 0242 05       		.byte	0x5
 671 0243 00       		.byte	0
 672 0244 D3010000 		.4byte	.LASF22
 673 0248 6F000000 		.4byte	0x6f
 674 024c 56020000 		.4byte	0x256
 675 0250 13       		.uleb128 0x13
 676 0251 9D000000 		.4byte	0x9d
 677 0255 00       		.byte	0
 678 0256 14       		.uleb128 0x14
 679 0257 66010000 		.4byte	.LASF23
 680 025b 06       		.byte	0x6
 681 025c B2       		.byte	0xb2
 682 025d 6F000000 		.4byte	0x6f
 683 0261 6C020000 		.4byte	0x26c
 684 0265 13       		.uleb128 0x13
 685 0266 9D000000 		.4byte	0x9d
 686 026a 15       		.uleb128 0x15
 687 026b 00       		.byte	0
 688 026c 16       		.uleb128 0x16
 689 026d 04010000 		.4byte	.LASF24
 690 0271 07       		.byte	0x7
 691 0272 0E       		.byte	0xe
 692 0273 88000000 		.4byte	0x88
 693 0277 00       		.byte	0
 694              		.section	.debug_abbrev,"",%progbits
 695              	.Ldebug_abbrev0:
 696 0000 01       		.uleb128 0x1
 697 0001 11       		.uleb128 0x11
 698 0002 01       		.byte	0x1
 699 0003 25       		.uleb128 0x25
 700 0004 0E       		.uleb128 0xe
 701 0005 13       		.uleb128 0x13
 702 0006 0B       		.uleb128 0xb
 703 0007 03       		.uleb128 0x3
 704 0008 0E       		.uleb128 0xe
 705 0009 1B       		.uleb128 0x1b
 706 000a 0E       		.uleb128 0xe
 707 000b 55       		.uleb128 0x55
 708 000c 17       		.uleb128 0x17
 709 000d 11       		.uleb128 0x11
 710 000e 01       		.uleb128 0x1
 711 000f 10       		.uleb128 0x10
 712 0010 17       		.uleb128 0x17
 713 0011 00       		.byte	0
 714 0012 00       		.byte	0
 715 0013 02       		.uleb128 0x2
 716 0014 24       		.uleb128 0x24
 717 0015 00       		.byte	0
 718 0016 0B       		.uleb128 0xb
 719 0017 0B       		.uleb128 0xb
 720 0018 3E       		.uleb128 0x3e
 721 0019 0B       		.uleb128 0xb
 722 001a 03       		.uleb128 0x3
ARM GAS  C:\Users\vedranb\AppData\Local\Temp\ccQS02zC.s 			page 16


 723 001b 0E       		.uleb128 0xe
 724 001c 00       		.byte	0
 725 001d 00       		.byte	0
 726 001e 03       		.uleb128 0x3
 727 001f 16       		.uleb128 0x16
 728 0020 00       		.byte	0
 729 0021 03       		.uleb128 0x3
 730 0022 0E       		.uleb128 0xe
 731 0023 3A       		.uleb128 0x3a
 732 0024 0B       		.uleb128 0xb
 733 0025 3B       		.uleb128 0x3b
 734 0026 0B       		.uleb128 0xb
 735 0027 49       		.uleb128 0x49
 736 0028 13       		.uleb128 0x13
 737 0029 00       		.byte	0
 738 002a 00       		.byte	0
 739 002b 04       		.uleb128 0x4
 740 002c 24       		.uleb128 0x24
 741 002d 00       		.byte	0
 742 002e 0B       		.uleb128 0xb
 743 002f 0B       		.uleb128 0xb
 744 0030 3E       		.uleb128 0x3e
 745 0031 0B       		.uleb128 0xb
 746 0032 03       		.uleb128 0x3
 747 0033 08       		.uleb128 0x8
 748 0034 00       		.byte	0
 749 0035 00       		.byte	0
 750 0036 05       		.uleb128 0x5
 751 0037 0F       		.uleb128 0xf
 752 0038 00       		.byte	0
 753 0039 0B       		.uleb128 0xb
 754 003a 0B       		.uleb128 0xb
 755 003b 49       		.uleb128 0x49
 756 003c 13       		.uleb128 0x13
 757 003d 00       		.byte	0
 758 003e 00       		.byte	0
 759 003f 06       		.uleb128 0x6
 760 0040 26       		.uleb128 0x26
 761 0041 00       		.byte	0
 762 0042 49       		.uleb128 0x49
 763 0043 13       		.uleb128 0x13
 764 0044 00       		.byte	0
 765 0045 00       		.byte	0
 766 0046 07       		.uleb128 0x7
 767 0047 2E       		.uleb128 0x2e
 768 0048 01       		.byte	0x1
 769 0049 3F       		.uleb128 0x3f
 770 004a 19       		.uleb128 0x19
 771 004b 03       		.uleb128 0x3
 772 004c 0E       		.uleb128 0xe
 773 004d 3A       		.uleb128 0x3a
 774 004e 0B       		.uleb128 0xb
 775 004f 3B       		.uleb128 0x3b
 776 0050 0B       		.uleb128 0xb
 777 0051 27       		.uleb128 0x27
 778 0052 19       		.uleb128 0x19
 779 0053 49       		.uleb128 0x49
ARM GAS  C:\Users\vedranb\AppData\Local\Temp\ccQS02zC.s 			page 17


 780 0054 13       		.uleb128 0x13
 781 0055 11       		.uleb128 0x11
 782 0056 01       		.uleb128 0x1
 783 0057 12       		.uleb128 0x12
 784 0058 06       		.uleb128 0x6
 785 0059 40       		.uleb128 0x40
 786 005a 18       		.uleb128 0x18
 787 005b 9642     		.uleb128 0x2116
 788 005d 19       		.uleb128 0x19
 789 005e 01       		.uleb128 0x1
 790 005f 13       		.uleb128 0x13
 791 0060 00       		.byte	0
 792 0061 00       		.byte	0
 793 0062 08       		.uleb128 0x8
 794 0063 05       		.uleb128 0x5
 795 0064 00       		.byte	0
 796 0065 03       		.uleb128 0x3
 797 0066 08       		.uleb128 0x8
 798 0067 3A       		.uleb128 0x3a
 799 0068 0B       		.uleb128 0xb
 800 0069 3B       		.uleb128 0x3b
 801 006a 0B       		.uleb128 0xb
 802 006b 49       		.uleb128 0x49
 803 006c 13       		.uleb128 0x13
 804 006d 02       		.uleb128 0x2
 805 006e 17       		.uleb128 0x17
 806 006f 00       		.byte	0
 807 0070 00       		.byte	0
 808 0071 09       		.uleb128 0x9
 809 0072 34       		.uleb128 0x34
 810 0073 00       		.byte	0
 811 0074 03       		.uleb128 0x3
 812 0075 08       		.uleb128 0x8
 813 0076 3A       		.uleb128 0x3a
 814 0077 0B       		.uleb128 0xb
 815 0078 3B       		.uleb128 0x3b
 816 0079 0B       		.uleb128 0xb
 817 007a 49       		.uleb128 0x49
 818 007b 13       		.uleb128 0x13
 819 007c 02       		.uleb128 0x2
 820 007d 17       		.uleb128 0x17
 821 007e 00       		.byte	0
 822 007f 00       		.byte	0
 823 0080 0A       		.uleb128 0xa
 824 0081 2E       		.uleb128 0x2e
 825 0082 01       		.byte	0x1
 826 0083 3F       		.uleb128 0x3f
 827 0084 19       		.uleb128 0x19
 828 0085 03       		.uleb128 0x3
 829 0086 0E       		.uleb128 0xe
 830 0087 3A       		.uleb128 0x3a
 831 0088 0B       		.uleb128 0xb
 832 0089 3B       		.uleb128 0x3b
 833 008a 0B       		.uleb128 0xb
 834 008b 27       		.uleb128 0x27
 835 008c 19       		.uleb128 0x19
 836 008d 11       		.uleb128 0x11
ARM GAS  C:\Users\vedranb\AppData\Local\Temp\ccQS02zC.s 			page 18


 837 008e 01       		.uleb128 0x1
 838 008f 12       		.uleb128 0x12
 839 0090 06       		.uleb128 0x6
 840 0091 40       		.uleb128 0x40
 841 0092 18       		.uleb128 0x18
 842 0093 9642     		.uleb128 0x2116
 843 0095 19       		.uleb128 0x19
 844 0096 01       		.uleb128 0x1
 845 0097 13       		.uleb128 0x13
 846 0098 00       		.byte	0
 847 0099 00       		.byte	0
 848 009a 0B       		.uleb128 0xb
 849 009b 34       		.uleb128 0x34
 850 009c 00       		.byte	0
 851 009d 03       		.uleb128 0x3
 852 009e 08       		.uleb128 0x8
 853 009f 3A       		.uleb128 0x3a
 854 00a0 0B       		.uleb128 0xb
 855 00a1 3B       		.uleb128 0x3b
 856 00a2 0B       		.uleb128 0xb
 857 00a3 49       		.uleb128 0x49
 858 00a4 13       		.uleb128 0x13
 859 00a5 02       		.uleb128 0x2
 860 00a6 18       		.uleb128 0x18
 861 00a7 00       		.byte	0
 862 00a8 00       		.byte	0
 863 00a9 0C       		.uleb128 0xc
 864 00aa 898201   		.uleb128 0x4109
 865 00ad 01       		.byte	0x1
 866 00ae 11       		.uleb128 0x11
 867 00af 01       		.uleb128 0x1
 868 00b0 31       		.uleb128 0x31
 869 00b1 13       		.uleb128 0x13
 870 00b2 01       		.uleb128 0x1
 871 00b3 13       		.uleb128 0x13
 872 00b4 00       		.byte	0
 873 00b5 00       		.byte	0
 874 00b6 0D       		.uleb128 0xd
 875 00b7 8A8201   		.uleb128 0x410a
 876 00ba 00       		.byte	0
 877 00bb 02       		.uleb128 0x2
 878 00bc 18       		.uleb128 0x18
 879 00bd 9142     		.uleb128 0x2111
 880 00bf 18       		.uleb128 0x18
 881 00c0 00       		.byte	0
 882 00c1 00       		.byte	0
 883 00c2 0E       		.uleb128 0xe
 884 00c3 898201   		.uleb128 0x4109
 885 00c6 00       		.byte	0
 886 00c7 11       		.uleb128 0x11
 887 00c8 01       		.uleb128 0x1
 888 00c9 31       		.uleb128 0x31
 889 00ca 13       		.uleb128 0x13
 890 00cb 00       		.byte	0
 891 00cc 00       		.byte	0
 892 00cd 0F       		.uleb128 0xf
 893 00ce 898201   		.uleb128 0x4109
ARM GAS  C:\Users\vedranb\AppData\Local\Temp\ccQS02zC.s 			page 19


 894 00d1 01       		.byte	0x1
 895 00d2 11       		.uleb128 0x11
 896 00d3 01       		.uleb128 0x1
 897 00d4 31       		.uleb128 0x31
 898 00d5 13       		.uleb128 0x13
 899 00d6 00       		.byte	0
 900 00d7 00       		.byte	0
 901 00d8 10       		.uleb128 0x10
 902 00d9 34       		.uleb128 0x34
 903 00da 00       		.byte	0
 904 00db 03       		.uleb128 0x3
 905 00dc 0E       		.uleb128 0xe
 906 00dd 3A       		.uleb128 0x3a
 907 00de 0B       		.uleb128 0xb
 908 00df 3B       		.uleb128 0x3b
 909 00e0 05       		.uleb128 0x5
 910 00e1 49       		.uleb128 0x49
 911 00e2 13       		.uleb128 0x13
 912 00e3 3F       		.uleb128 0x3f
 913 00e4 19       		.uleb128 0x19
 914 00e5 3C       		.uleb128 0x3c
 915 00e6 19       		.uleb128 0x19
 916 00e7 00       		.byte	0
 917 00e8 00       		.byte	0
 918 00e9 11       		.uleb128 0x11
 919 00ea 35       		.uleb128 0x35
 920 00eb 00       		.byte	0
 921 00ec 49       		.uleb128 0x49
 922 00ed 13       		.uleb128 0x13
 923 00ee 00       		.byte	0
 924 00ef 00       		.byte	0
 925 00f0 12       		.uleb128 0x12
 926 00f1 2E       		.uleb128 0x2e
 927 00f2 01       		.byte	0x1
 928 00f3 3F       		.uleb128 0x3f
 929 00f4 19       		.uleb128 0x19
 930 00f5 03       		.uleb128 0x3
 931 00f6 0E       		.uleb128 0xe
 932 00f7 3A       		.uleb128 0x3a
 933 00f8 0B       		.uleb128 0xb
 934 00f9 3B       		.uleb128 0x3b
 935 00fa 0B       		.uleb128 0xb
 936 00fb 6E       		.uleb128 0x6e
 937 00fc 0E       		.uleb128 0xe
 938 00fd 27       		.uleb128 0x27
 939 00fe 19       		.uleb128 0x19
 940 00ff 49       		.uleb128 0x49
 941 0100 13       		.uleb128 0x13
 942 0101 3C       		.uleb128 0x3c
 943 0102 19       		.uleb128 0x19
 944 0103 01       		.uleb128 0x1
 945 0104 13       		.uleb128 0x13
 946 0105 00       		.byte	0
 947 0106 00       		.byte	0
 948 0107 13       		.uleb128 0x13
 949 0108 05       		.uleb128 0x5
 950 0109 00       		.byte	0
ARM GAS  C:\Users\vedranb\AppData\Local\Temp\ccQS02zC.s 			page 20


 951 010a 49       		.uleb128 0x49
 952 010b 13       		.uleb128 0x13
 953 010c 00       		.byte	0
 954 010d 00       		.byte	0
 955 010e 14       		.uleb128 0x14
 956 010f 2E       		.uleb128 0x2e
 957 0110 01       		.byte	0x1
 958 0111 3F       		.uleb128 0x3f
 959 0112 19       		.uleb128 0x19
 960 0113 03       		.uleb128 0x3
 961 0114 0E       		.uleb128 0xe
 962 0115 3A       		.uleb128 0x3a
 963 0116 0B       		.uleb128 0xb
 964 0117 3B       		.uleb128 0x3b
 965 0118 0B       		.uleb128 0xb
 966 0119 27       		.uleb128 0x27
 967 011a 19       		.uleb128 0x19
 968 011b 49       		.uleb128 0x49
 969 011c 13       		.uleb128 0x13
 970 011d 3C       		.uleb128 0x3c
 971 011e 19       		.uleb128 0x19
 972 011f 01       		.uleb128 0x1
 973 0120 13       		.uleb128 0x13
 974 0121 00       		.byte	0
 975 0122 00       		.byte	0
 976 0123 15       		.uleb128 0x15
 977 0124 18       		.uleb128 0x18
 978 0125 00       		.byte	0
 979 0126 00       		.byte	0
 980 0127 00       		.byte	0
 981 0128 16       		.uleb128 0x16
 982 0129 2E       		.uleb128 0x2e
 983 012a 00       		.byte	0
 984 012b 3F       		.uleb128 0x3f
 985 012c 19       		.uleb128 0x19
 986 012d 03       		.uleb128 0x3
 987 012e 0E       		.uleb128 0xe
 988 012f 3A       		.uleb128 0x3a
 989 0130 0B       		.uleb128 0xb
 990 0131 3B       		.uleb128 0x3b
 991 0132 0B       		.uleb128 0xb
 992 0133 27       		.uleb128 0x27
 993 0134 19       		.uleb128 0x19
 994 0135 49       		.uleb128 0x49
 995 0136 13       		.uleb128 0x13
 996 0137 3C       		.uleb128 0x3c
 997 0138 19       		.uleb128 0x19
 998 0139 00       		.byte	0
 999 013a 00       		.byte	0
 1000 013b 00       		.byte	0
 1001              		.section	.debug_loc,"",%progbits
 1002              	.Ldebug_loc0:
 1003              	.LLST0:
 1004 0000 00000000 		.4byte	.LVL0
 1005 0004 0A000000 		.4byte	.LVL1
 1006 0008 0100     		.2byte	0x1
 1007 000a 50       		.byte	0x50
ARM GAS  C:\Users\vedranb\AppData\Local\Temp\ccQS02zC.s 			page 21


 1008 000b 0A000000 		.4byte	.LVL1
 1009 000f 32000000 		.4byte	.LFE63
 1010 0013 0100     		.2byte	0x1
 1011 0015 56       		.byte	0x56
 1012 0016 00000000 		.4byte	0
 1013 001a 00000000 		.4byte	0
 1014              	.LLST1:
 1015 001e 00000000 		.4byte	.LVL0
 1016 0022 0C000000 		.4byte	.LVL2
 1017 0026 0100     		.2byte	0x1
 1018 0028 51       		.byte	0x51
 1019 0029 0C000000 		.4byte	.LVL2
 1020 002d 32000000 		.4byte	.LFE63
 1021 0031 0100     		.2byte	0x1
 1022 0033 55       		.byte	0x55
 1023 0034 00000000 		.4byte	0
 1024 0038 00000000 		.4byte	0
 1025              	.LLST2:
 1026 003c 1A000000 		.4byte	.LVL5
 1027 0040 1C000000 		.4byte	.LVL6
 1028 0044 0100     		.2byte	0x1
 1029 0046 50       		.byte	0x50
 1030 0047 1C000000 		.4byte	.LVL6
 1031 004b 32000000 		.4byte	.LFE63
 1032 004f 0100     		.2byte	0x1
 1033 0051 54       		.byte	0x54
 1034 0052 00000000 		.4byte	0
 1035 0056 00000000 		.4byte	0
 1036              		.section	.debug_aranges,"",%progbits
 1037 0000 24000000 		.4byte	0x24
 1038 0004 0200     		.2byte	0x2
 1039 0006 00000000 		.4byte	.Ldebug_info0
 1040 000a 04       		.byte	0x4
 1041 000b 00       		.byte	0
 1042 000c 0000     		.2byte	0
 1043 000e 0000     		.2byte	0
 1044 0010 00000000 		.4byte	.LFB63
 1045 0014 32000000 		.4byte	.LFE63-.LFB63
 1046 0018 00000000 		.4byte	.LFB64
 1047 001c 70010000 		.4byte	.LFE64-.LFB64
 1048 0020 00000000 		.4byte	0
 1049 0024 00000000 		.4byte	0
 1050              		.section	.debug_ranges,"",%progbits
 1051              	.Ldebug_ranges0:
 1052 0000 00000000 		.4byte	.LFB63
 1053 0004 32000000 		.4byte	.LFE63
 1054 0008 00000000 		.4byte	.LFB64
 1055 000c 70010000 		.4byte	.LFE64
 1056 0010 00000000 		.4byte	0
 1057 0014 00000000 		.4byte	0
 1058              		.section	.debug_line,"",%progbits
 1059              	.Ldebug_line0:
 1060 0000 FC010000 		.section	.debug_str,"MS",%progbits,1
 1060      02006F01 
 1060      00000201 
 1060      FB0E0D00 
 1060      01010101 
ARM GAS  C:\Users\vedranb\AppData\Local\Temp\ccQS02zC.s 			page 22


 1061              	.LASF13:
 1062 0000 63686172 		.ascii	"char\000"
 1062      00
 1063              	.LASF10:
 1064 0005 5F5F696E 		.ascii	"__int32_t\000"
 1064      7433325F 
 1064      7400
 1065              	.LASF12:
 1066 000f 666C6F61 		.ascii	"float\000"
 1066      7400
 1067              	.LASF21:
 1068 0015 5F5F6275 		.ascii	"__builtin_puts\000"
 1068      696C7469 
 1068      6E5F7075 
 1068      747300
 1069              	.LASF2:
 1070 0024 756E7369 		.ascii	"unsigned char\000"
 1070      676E6564 
 1070      20636861 
 1070      7200
 1071              	.LASF6:
 1072 0032 6C6F6E67 		.ascii	"long unsigned int\000"
 1072      20756E73 
 1072      69676E65 
 1072      6420696E 
 1072      7400
 1073              	.LASF4:
 1074 0044 73686F72 		.ascii	"short unsigned int\000"
 1074      7420756E 
 1074      7369676E 
 1074      65642069 
 1074      6E7400
 1075              	.LASF20:
 1076 0057 49544D5F 		.ascii	"ITM_RxBuffer\000"
 1076      52784275 
 1076      66666572 
 1076      00
 1077              	.LASF19:
 1078 0064 65786572 		.ascii	"exercise16\000"
 1078      63697365 
 1078      313600
 1079              	.LASF0:
 1080 006f 646F7562 		.ascii	"double\000"
 1080      6C6500
 1081              	.LASF15:
 1082 0076 474E5520 		.ascii	"GNU C 4.9.3 20150303 (release) [ARM/embedded-4_9-br"
 1082      4320342E 
 1082      392E3320 
 1082      32303135 
 1082      30333033 
 1083 00a9 616E6368 		.ascii	"anch revision 221220] -mcpu=cortex-m3 -mthumb -g -O"
 1083      20726576 
 1083      6973696F 
 1083      6E203232 
 1083      31323230 
 1084 00dc 67202D66 		.ascii	"g -ffunction-sections -ffat-lto-objects\000"
 1084      66756E63 
ARM GAS  C:\Users\vedranb\AppData\Local\Temp\ccQS02zC.s 			page 23


 1084      74696F6E 
 1084      2D736563 
 1084      74696F6E 
 1085              	.LASF24:
 1086 0104 72656164 		.ascii	"readFloat\000"
 1086      466C6F61 
 1086      7400
 1087              	.LASF9:
 1088 010e 756E7369 		.ascii	"unsigned int\000"
 1088      676E6564 
 1088      20696E74 
 1088      00
 1089              	.LASF8:
 1090 011b 6C6F6E67 		.ascii	"long long unsigned int\000"
 1090      206C6F6E 
 1090      6720756E 
 1090      7369676E 
 1090      65642069 
 1091              	.LASF18:
 1092 0132 61766572 		.ascii	"average\000"
 1092      61676500 
 1093              	.LASF11:
 1094 013a 696E7433 		.ascii	"int32_t\000"
 1094      325F7400 
 1095              	.LASF14:
 1096 0142 73697A65 		.ascii	"sizetype\000"
 1096      74797065 
 1096      00
 1097              	.LASF7:
 1098 014b 6C6F6E67 		.ascii	"long long int\000"
 1098      206C6F6E 
 1098      6720696E 
 1098      7400
 1099              	.LASF16:
 1100 0159 65786572 		.ascii	"exercise16.c\000"
 1100      63697365 
 1100      31362E63 
 1100      00
 1101              	.LASF23:
 1102 0166 7072696E 		.ascii	"printf\000"
 1102      746600
 1103              	.LASF3:
 1104 016d 73686F72 		.ascii	"short int\000"
 1104      7420696E 
 1104      7400
 1105              	.LASF5:
 1106 0177 6C6F6E67 		.ascii	"long int\000"
 1106      20696E74 
 1106      00
 1107              	.LASF17:
 1108 0180 463A5C4F 		.ascii	"F:\\OneDrive\\Metropolia\\Devices\\Workspaces\\Work"
 1108      6E654472 
 1108      6976655C 
 1108      4D657472 
 1108      6F706F6C 
 1109 01ae 73706163 		.ascii	"space 1\\Workspace01\\Hello Word.cydsn\000"
 1109      6520315C 
ARM GAS  C:\Users\vedranb\AppData\Local\Temp\ccQS02zC.s 			page 24


 1109      576F726B 
 1109      73706163 
 1109      6530315C 
 1110              	.LASF22:
 1111 01d3 70757473 		.ascii	"puts\000"
 1111      00
 1112              	.LASF1:
 1113 01d8 7369676E 		.ascii	"signed char\000"
 1113      65642063 
 1113      68617200 
 1114              		.ident	"GCC: (GNU Tools for ARM Embedded Processors) 4.9.3 20150303 (release) [ARM/embedded-4_9-br
