ARM GAS  C:\Users\vedranb\AppData\Local\Temp\cc6i6djy.s 			page 1


   1              		.syntax unified
   2              		.cpu cortex-m3
   3              		.fpu softvfp
   4              		.eabi_attribute 20, 1
   5              		.eabi_attribute 21, 1
   6              		.eabi_attribute 23, 3
   7              		.eabi_attribute 24, 1
   8              		.eabi_attribute 25, 1
   9              		.eabi_attribute 26, 1
  10              		.eabi_attribute 30, 1
  11              		.eabi_attribute 34, 1
  12              		.eabi_attribute 18, 4
  13              		.thumb
  14              		.file	"exercise8.c"
  15              		.text
  16              	.Ltext0:
  17              		.cfi_sections	.debug_frame
  18              		.section	.text.exercise8,"ax",%progbits
  19              		.align	2
  20              		.global	exercise8
  21              		.thumb
  22              		.thumb_func
  23              		.type	exercise8, %function
  24              	exercise8:
  25              	.LFB63:
  26              		.file 1 "exercise8.c"
   1:exercise8.c   **** /* ========================================
   2:exercise8.c   ****  *
   3:exercise8.c   ****  * Copyright YOUR COMPANY, THE YEAR
   4:exercise8.c   ****  * All Rights Reserved
   5:exercise8.c   ****  * UNPUBLISHED, LICENSED SOFTWARE.
   6:exercise8.c   ****  *
   7:exercise8.c   ****  * CONFIDENTIAL AND PROPRIETARY INFORMATION
   8:exercise8.c   ****  * WHICH IS THE PROPERTY OF your company.
   9:exercise8.c   ****  *
  10:exercise8.c   ****  * ========================================
  11:exercise8.c   **** */
  12:exercise8.c   **** #include "project.h"
  13:exercise8.c   **** #include <stdio.h>
  14:exercise8.c   **** #include "common_functions.h"
  15:exercise8.c   **** 
  16:exercise8.c   **** #define ARRSIZE 10
  17:exercise8.c   **** 
  18:exercise8.c   **** void exercise8(void)
  19:exercise8.c   **** {
  27              		.loc 1 19 0
  28              		.cfi_startproc
  29              		@ args = 0, pretend = 0, frame = 0
  30              		@ frame_needed = 0, uses_anonymous_args = 0
  31 0000 70B5     		push	{r4, r5, r6, lr}
  32              		.cfi_def_cfa_offset 16
  33              		.cfi_offset 4, -16
  34              		.cfi_offset 5, -12
  35              		.cfi_offset 6, -8
  36              		.cfi_offset 14, -4
  20:exercise8.c   ****      //Exercise 8
  21:exercise8.c   ****     printf("\n\nExercise 8. \n\n");
ARM GAS  C:\Users\vedranb\AppData\Local\Temp\cc6i6djy.s 			page 2


  37              		.loc 1 21 0
  38 0002 1048     		ldr	r0, .L6
  39 0004 FFF7FEFF 		bl	puts
  40              	.LVL0:
  22:exercise8.c   **** 
  23:exercise8.c   ****     //define the array size constant (used in multiple places in code)
  24:exercise8.c   **** 
  25:exercise8.c   **** 
  26:exercise8.c   **** 
  27:exercise8.c   ****     // use the constant to initialize the array size
  28:exercise8.c   ****     int arr[ARRSIZE] = {0};
  29:exercise8.c   ****     int sum = 0;
  30:exercise8.c   ****     int i = 0;
  31:exercise8.c   **** 
  32:exercise8.c   ****     //loop through the array elements
  33:exercise8.c   ****     //use the constant to limit the loop cycle
  34:exercise8.c   ****     for(i=0; i < ARRSIZE; i++){
  41              		.loc 1 34 0
  42 0008 0025     		movs	r5, #0
  29:exercise8.c   ****     int i = 0;
  43              		.loc 1 29 0
  44 000a 2E46     		mov	r6, r5
  45              		.loc 1 34 0
  46 000c 0EE0     		b	.L2
  47              	.LVL1:
  48              	.L4:
  35:exercise8.c   ****         //assign the value once, but check the value at the end and repeat if necessary
  36:exercise8.c   ****         do{
  37:exercise8.c   ****             printf("Enter value for element %d:", i);
  49              		.loc 1 37 0
  50 000e 0E48     		ldr	r0, .L6+4
  51 0010 2946     		mov	r1, r5
  52 0012 FFF7FEFF 		bl	printf
  53              	.LVL2:
  38:exercise8.c   ****             arr[i] = readInt();
  54              		.loc 1 38 0
  55 0016 FFF7FEFF 		bl	readInt
  56              	.LVL3:
  39:exercise8.c   **** 
  40:exercise8.c   ****             //check the value and print error if necessary, otherwies use the opportunity to
  41:exercise8.c   ****             //add the number to the sum.
  42:exercise8.c   ****             if(arr[i] < 0){
  57              		.loc 1 42 0
  58 001a 041E     		subs	r4, r0, #0
  59 001c 02DA     		bge	.L3
  43:exercise8.c   ****                 printf("Error: the number must be positive!, please try again.\n");
  60              		.loc 1 43 0
  61 001e 0B48     		ldr	r0, .L6+8
  62 0020 FFF7FEFF 		bl	puts
  63              	.LVL4:
  64              	.L3:
  44:exercise8.c   ****             }            
  45:exercise8.c   ****         }while(arr[i] < 0);
  65              		.loc 1 45 0
  66 0024 002C     		cmp	r4, #0
  67 0026 F2DB     		blt	.L4
  46:exercise8.c   ****         
ARM GAS  C:\Users\vedranb\AppData\Local\Temp\cc6i6djy.s 			page 3


  47:exercise8.c   ****         sum += arr[i];
  68              		.loc 1 47 0 discriminator 2
  69 0028 2644     		add	r6, r6, r4
  70              	.LVL5:
  34:exercise8.c   ****         //assign the value once, but check the value at the end and repeat if necessary
  71              		.loc 1 34 0 discriminator 2
  72 002a 0135     		adds	r5, r5, #1
  73              	.LVL6:
  74              	.L2:
  34:exercise8.c   ****         //assign the value once, but check the value at the end and repeat if necessary
  75              		.loc 1 34 0 is_stmt 0 discriminator 1
  76 002c 092D     		cmp	r5, #9
  77 002e EEDD     		ble	.L4
  48:exercise8.c   ****     }
  49:exercise8.c   ****     //using the constant again
  50:exercise8.c   ****     printf("The sum of %d elements in array is %d\n", ARRSIZE, sum);
  78              		.loc 1 50 0 is_stmt 1
  79 0030 0748     		ldr	r0, .L6+12
  80 0032 0A21     		movs	r1, #10
  81 0034 3246     		mov	r2, r6
  82 0036 FFF7FEFF 		bl	printf
  83              	.LVL7:
  51:exercise8.c   **** 
  52:exercise8.c   ****     printf("\nEnd of Exercise 8. \n\n");
  84              		.loc 1 52 0
  85 003a 0648     		ldr	r0, .L6+16
  86 003c FFF7FEFF 		bl	puts
  87              	.LVL8:
  88 0040 70BD     		pop	{r4, r5, r6, pc}
  89              	.LVL9:
  90              	.L7:
  91 0042 00BF     		.align	2
  92              	.L6:
  93 0044 00000000 		.word	.LC0
  94 0048 10000000 		.word	.LC1
  95 004c 2C000000 		.word	.LC2
  96 0050 64000000 		.word	.LC3
  97 0054 8C000000 		.word	.LC4
  98              		.cfi_endproc
  99              	.LFE63:
 100              		.size	exercise8, .-exercise8
 101              		.section	.rodata.str1.4,"aMS",%progbits,1
 102              		.align	2
 103              	.LC0:
 104 0000 0A0A4578 		.ascii	"\012\012Exercise 8. \012\000"
 104      65726369 
 104      73652038 
 104      2E200A00 
 105              	.LC1:
 106 0010 456E7465 		.ascii	"Enter value for element %d:\000"
 106      72207661 
 106      6C756520 
 106      666F7220 
 106      656C656D 
 107              	.LC2:
 108 002c 4572726F 		.ascii	"Error: the number must be positive!, please try aga"
 108      723A2074 
ARM GAS  C:\Users\vedranb\AppData\Local\Temp\cc6i6djy.s 			page 4


 108      6865206E 
 108      756D6265 
 108      72206D75 
 109 005f 696E2E00 		.ascii	"in.\000"
 110 0063 00       		.space	1
 111              	.LC3:
 112 0064 54686520 		.ascii	"The sum of %d elements in array is %d\012\000"
 112      73756D20 
 112      6F662025 
 112      6420656C 
 112      656D656E 
 113 008b 00       		.space	1
 114              	.LC4:
 115 008c 0A456E64 		.ascii	"\012End of Exercise 8. \012\000"
 115      206F6620 
 115      45786572 
 115      63697365 
 115      20382E20 
 116 00a2 0000     		.text
 117              	.Letext0:
 118              		.file 2 "c:\\program files (x86)\\cypress\\psoc creator\\4.0\\psoc creator\\import\\gnu\\arm\\4.9.
 119              		.file 3 "c:\\program files (x86)\\cypress\\psoc creator\\4.0\\psoc creator\\import\\gnu\\arm\\4.9.
 120              		.file 4 "Generated_Source\\PSoC5/core_cm3.h"
 121              		.file 5 "<built-in>"
 122              		.file 6 "c:\\program files (x86)\\cypress\\psoc creator\\4.0\\psoc creator\\import\\gnu\\arm\\4.9.
 123              		.file 7 "common_functions.h"
 124              		.section	.debug_info,"",%progbits
 125              	.Ldebug_info0:
 126 0000 C6010000 		.4byte	0x1c6
 127 0004 0400     		.2byte	0x4
 128 0006 00000000 		.4byte	.Ldebug_abbrev0
 129 000a 04       		.byte	0x4
 130 000b 01       		.uleb128 0x1
 131 000c BE000000 		.4byte	.LASF15
 132 0010 01       		.byte	0x1
 133 0011 87000000 		.4byte	.LASF16
 134 0015 6A010000 		.4byte	.LASF17
 135 0019 00000000 		.4byte	.Ldebug_ranges0+0
 136 001d 00000000 		.4byte	0
 137 0021 00000000 		.4byte	.Ldebug_line0
 138 0025 02       		.uleb128 0x2
 139 0026 01       		.byte	0x1
 140 0027 06       		.byte	0x6
 141 0028 3D000000 		.4byte	.LASF0
 142 002c 02       		.uleb128 0x2
 143 002d 01       		.byte	0x1
 144 002e 08       		.byte	0x8
 145 002f 9B000000 		.4byte	.LASF1
 146 0033 02       		.uleb128 0x2
 147 0034 02       		.byte	0x2
 148 0035 05       		.byte	0x5
 149 0036 BD010000 		.4byte	.LASF2
 150 003a 02       		.uleb128 0x2
 151 003b 02       		.byte	0x2
 152 003c 07       		.byte	0x7
 153 003d 0E000000 		.4byte	.LASF3
 154 0041 03       		.uleb128 0x3
ARM GAS  C:\Users\vedranb\AppData\Local\Temp\cc6i6djy.s 			page 5


 155 0042 60010000 		.4byte	.LASF9
 156 0046 02       		.byte	0x2
 157 0047 3F       		.byte	0x3f
 158 0048 4C000000 		.4byte	0x4c
 159 004c 02       		.uleb128 0x2
 160 004d 04       		.byte	0x4
 161 004e 05       		.byte	0x5
 162 004f AE000000 		.4byte	.LASF4
 163 0053 02       		.uleb128 0x2
 164 0054 04       		.byte	0x4
 165 0055 07       		.byte	0x7
 166 0056 58000000 		.4byte	.LASF5
 167 005a 02       		.uleb128 0x2
 168 005b 08       		.byte	0x8
 169 005c 05       		.byte	0x5
 170 005d 00000000 		.4byte	.LASF6
 171 0061 02       		.uleb128 0x2
 172 0062 08       		.byte	0x8
 173 0063 07       		.byte	0x7
 174 0064 6A000000 		.4byte	.LASF7
 175 0068 04       		.uleb128 0x4
 176 0069 04       		.byte	0x4
 177 006a 05       		.byte	0x5
 178 006b 696E7400 		.ascii	"int\000"
 179 006f 02       		.uleb128 0x2
 180 0070 04       		.byte	0x4
 181 0071 07       		.byte	0x7
 182 0072 21000000 		.4byte	.LASF8
 183 0076 03       		.uleb128 0x3
 184 0077 C7010000 		.4byte	.LASF10
 185 007b 03       		.byte	0x3
 186 007c 2C       		.byte	0x2c
 187 007d 41000000 		.4byte	0x41
 188 0081 02       		.uleb128 0x2
 189 0082 04       		.byte	0x4
 190 0083 04       		.byte	0x4
 191 0084 81000000 		.4byte	.LASF11
 192 0088 02       		.uleb128 0x2
 193 0089 08       		.byte	0x8
 194 008a 04       		.byte	0x4
 195 008b B7000000 		.4byte	.LASF12
 196 008f 02       		.uleb128 0x2
 197 0090 01       		.byte	0x1
 198 0091 08       		.byte	0x8
 199 0092 A9000000 		.4byte	.LASF13
 200 0096 02       		.uleb128 0x2
 201 0097 04       		.byte	0x4
 202 0098 07       		.byte	0x7
 203 0099 CF010000 		.4byte	.LASF14
 204 009d 05       		.uleb128 0x5
 205 009e 04       		.byte	0x4
 206 009f A3000000 		.4byte	0xa3
 207 00a3 06       		.uleb128 0x6
 208 00a4 8F000000 		.4byte	0x8f
 209 00a8 07       		.uleb128 0x7
 210 00a9 33000000 		.4byte	.LASF18
 211 00ad 01       		.byte	0x1
ARM GAS  C:\Users\vedranb\AppData\Local\Temp\cc6i6djy.s 			page 6


 212 00ae 12       		.byte	0x12
 213 00af 00000000 		.4byte	.LFB63
 214 00b3 58000000 		.4byte	.LFE63-.LFB63
 215 00b7 01       		.uleb128 0x1
 216 00b8 9C       		.byte	0x9c
 217 00b9 6E010000 		.4byte	0x16e
 218 00bd 08       		.uleb128 0x8
 219 00be 61727200 		.ascii	"arr\000"
 220 00c2 01       		.byte	0x1
 221 00c3 1C       		.byte	0x1c
 222 00c4 6E010000 		.4byte	0x16e
 223 00c8 09       		.uleb128 0x9
 224 00c9 73756D00 		.ascii	"sum\000"
 225 00cd 01       		.byte	0x1
 226 00ce 1D       		.byte	0x1d
 227 00cf 68000000 		.4byte	0x68
 228 00d3 00000000 		.4byte	.LLST0
 229 00d7 09       		.uleb128 0x9
 230 00d8 6900     		.ascii	"i\000"
 231 00da 01       		.byte	0x1
 232 00db 1E       		.byte	0x1e
 233 00dc 68000000 		.4byte	0x68
 234 00e0 1F000000 		.4byte	.LLST1
 235 00e4 0A       		.uleb128 0xa
 236 00e5 08000000 		.4byte	.LVL0
 237 00e9 8F010000 		.4byte	0x18f
 238 00ed FB000000 		.4byte	0xfb
 239 00f1 0B       		.uleb128 0xb
 240 00f2 01       		.uleb128 0x1
 241 00f3 50       		.byte	0x50
 242 00f4 05       		.uleb128 0x5
 243 00f5 03       		.byte	0x3
 244 00f6 00000000 		.4byte	.LC0
 245 00fa 00       		.byte	0
 246 00fb 0A       		.uleb128 0xa
 247 00fc 16000000 		.4byte	.LVL2
 248 0100 A8010000 		.4byte	0x1a8
 249 0104 18010000 		.4byte	0x118
 250 0108 0B       		.uleb128 0xb
 251 0109 01       		.uleb128 0x1
 252 010a 51       		.byte	0x51
 253 010b 02       		.uleb128 0x2
 254 010c 75       		.byte	0x75
 255 010d 00       		.sleb128 0
 256 010e 0B       		.uleb128 0xb
 257 010f 01       		.uleb128 0x1
 258 0110 50       		.byte	0x50
 259 0111 05       		.uleb128 0x5
 260 0112 03       		.byte	0x3
 261 0113 10000000 		.4byte	.LC1
 262 0117 00       		.byte	0
 263 0118 0C       		.uleb128 0xc
 264 0119 1A000000 		.4byte	.LVL3
 265 011d BE010000 		.4byte	0x1be
 266 0121 0A       		.uleb128 0xa
 267 0122 24000000 		.4byte	.LVL4
 268 0126 8F010000 		.4byte	0x18f
ARM GAS  C:\Users\vedranb\AppData\Local\Temp\cc6i6djy.s 			page 7


 269 012a 38010000 		.4byte	0x138
 270 012e 0B       		.uleb128 0xb
 271 012f 01       		.uleb128 0x1
 272 0130 50       		.byte	0x50
 273 0131 05       		.uleb128 0x5
 274 0132 03       		.byte	0x3
 275 0133 2C000000 		.4byte	.LC2
 276 0137 00       		.byte	0
 277 0138 0A       		.uleb128 0xa
 278 0139 3A000000 		.4byte	.LVL7
 279 013d A8010000 		.4byte	0x1a8
 280 0141 5A010000 		.4byte	0x15a
 281 0145 0B       		.uleb128 0xb
 282 0146 01       		.uleb128 0x1
 283 0147 52       		.byte	0x52
 284 0148 02       		.uleb128 0x2
 285 0149 76       		.byte	0x76
 286 014a 00       		.sleb128 0
 287 014b 0B       		.uleb128 0xb
 288 014c 01       		.uleb128 0x1
 289 014d 51       		.byte	0x51
 290 014e 01       		.uleb128 0x1
 291 014f 3A       		.byte	0x3a
 292 0150 0B       		.uleb128 0xb
 293 0151 01       		.uleb128 0x1
 294 0152 50       		.byte	0x50
 295 0153 05       		.uleb128 0x5
 296 0154 03       		.byte	0x3
 297 0155 64000000 		.4byte	.LC3
 298 0159 00       		.byte	0
 299 015a 0D       		.uleb128 0xd
 300 015b 40000000 		.4byte	.LVL8
 301 015f 8F010000 		.4byte	0x18f
 302 0163 0B       		.uleb128 0xb
 303 0164 01       		.uleb128 0x1
 304 0165 50       		.byte	0x50
 305 0166 05       		.uleb128 0x5
 306 0167 03       		.byte	0x3
 307 0168 8C000000 		.4byte	.LC4
 308 016c 00       		.byte	0
 309 016d 00       		.byte	0
 310 016e 0E       		.uleb128 0xe
 311 016f 68000000 		.4byte	0x68
 312 0173 7E010000 		.4byte	0x17e
 313 0177 0F       		.uleb128 0xf
 314 0178 96000000 		.4byte	0x96
 315 017c 09       		.byte	0x9
 316 017d 00       		.byte	0
 317 017e 10       		.uleb128 0x10
 318 017f 4C010000 		.4byte	.LASF19
 319 0183 04       		.byte	0x4
 320 0184 9606     		.2byte	0x696
 321 0186 8A010000 		.4byte	0x18a
 322 018a 11       		.uleb128 0x11
 323 018b 76000000 		.4byte	0x76
 324 018f 12       		.uleb128 0x12
 325 0190 49000000 		.4byte	.LASF20
ARM GAS  C:\Users\vedranb\AppData\Local\Temp\cc6i6djy.s 			page 8


 326 0194 05       		.byte	0x5
 327 0195 00       		.byte	0
 328 0196 2E000000 		.4byte	.LASF21
 329 019a 68000000 		.4byte	0x68
 330 019e A8010000 		.4byte	0x1a8
 331 01a2 13       		.uleb128 0x13
 332 01a3 9D000000 		.4byte	0x9d
 333 01a7 00       		.byte	0
 334 01a8 14       		.uleb128 0x14
 335 01a9 59010000 		.4byte	.LASF22
 336 01ad 06       		.byte	0x6
 337 01ae B2       		.byte	0xb2
 338 01af 68000000 		.4byte	0x68
 339 01b3 BE010000 		.4byte	0x1be
 340 01b7 13       		.uleb128 0x13
 341 01b8 9D000000 		.4byte	0x9d
 342 01bc 15       		.uleb128 0x15
 343 01bd 00       		.byte	0
 344 01be 16       		.uleb128 0x16
 345 01bf 93000000 		.4byte	.LASF23
 346 01c3 07       		.byte	0x7
 347 01c4 0D       		.byte	0xd
 348 01c5 68000000 		.4byte	0x68
 349 01c9 00       		.byte	0
 350              		.section	.debug_abbrev,"",%progbits
 351              	.Ldebug_abbrev0:
 352 0000 01       		.uleb128 0x1
 353 0001 11       		.uleb128 0x11
 354 0002 01       		.byte	0x1
 355 0003 25       		.uleb128 0x25
 356 0004 0E       		.uleb128 0xe
 357 0005 13       		.uleb128 0x13
 358 0006 0B       		.uleb128 0xb
 359 0007 03       		.uleb128 0x3
 360 0008 0E       		.uleb128 0xe
 361 0009 1B       		.uleb128 0x1b
 362 000a 0E       		.uleb128 0xe
 363 000b 55       		.uleb128 0x55
 364 000c 17       		.uleb128 0x17
 365 000d 11       		.uleb128 0x11
 366 000e 01       		.uleb128 0x1
 367 000f 10       		.uleb128 0x10
 368 0010 17       		.uleb128 0x17
 369 0011 00       		.byte	0
 370 0012 00       		.byte	0
 371 0013 02       		.uleb128 0x2
 372 0014 24       		.uleb128 0x24
 373 0015 00       		.byte	0
 374 0016 0B       		.uleb128 0xb
 375 0017 0B       		.uleb128 0xb
 376 0018 3E       		.uleb128 0x3e
 377 0019 0B       		.uleb128 0xb
 378 001a 03       		.uleb128 0x3
 379 001b 0E       		.uleb128 0xe
 380 001c 00       		.byte	0
 381 001d 00       		.byte	0
 382 001e 03       		.uleb128 0x3
ARM GAS  C:\Users\vedranb\AppData\Local\Temp\cc6i6djy.s 			page 9


 383 001f 16       		.uleb128 0x16
 384 0020 00       		.byte	0
 385 0021 03       		.uleb128 0x3
 386 0022 0E       		.uleb128 0xe
 387 0023 3A       		.uleb128 0x3a
 388 0024 0B       		.uleb128 0xb
 389 0025 3B       		.uleb128 0x3b
 390 0026 0B       		.uleb128 0xb
 391 0027 49       		.uleb128 0x49
 392 0028 13       		.uleb128 0x13
 393 0029 00       		.byte	0
 394 002a 00       		.byte	0
 395 002b 04       		.uleb128 0x4
 396 002c 24       		.uleb128 0x24
 397 002d 00       		.byte	0
 398 002e 0B       		.uleb128 0xb
 399 002f 0B       		.uleb128 0xb
 400 0030 3E       		.uleb128 0x3e
 401 0031 0B       		.uleb128 0xb
 402 0032 03       		.uleb128 0x3
 403 0033 08       		.uleb128 0x8
 404 0034 00       		.byte	0
 405 0035 00       		.byte	0
 406 0036 05       		.uleb128 0x5
 407 0037 0F       		.uleb128 0xf
 408 0038 00       		.byte	0
 409 0039 0B       		.uleb128 0xb
 410 003a 0B       		.uleb128 0xb
 411 003b 49       		.uleb128 0x49
 412 003c 13       		.uleb128 0x13
 413 003d 00       		.byte	0
 414 003e 00       		.byte	0
 415 003f 06       		.uleb128 0x6
 416 0040 26       		.uleb128 0x26
 417 0041 00       		.byte	0
 418 0042 49       		.uleb128 0x49
 419 0043 13       		.uleb128 0x13
 420 0044 00       		.byte	0
 421 0045 00       		.byte	0
 422 0046 07       		.uleb128 0x7
 423 0047 2E       		.uleb128 0x2e
 424 0048 01       		.byte	0x1
 425 0049 3F       		.uleb128 0x3f
 426 004a 19       		.uleb128 0x19
 427 004b 03       		.uleb128 0x3
 428 004c 0E       		.uleb128 0xe
 429 004d 3A       		.uleb128 0x3a
 430 004e 0B       		.uleb128 0xb
 431 004f 3B       		.uleb128 0x3b
 432 0050 0B       		.uleb128 0xb
 433 0051 27       		.uleb128 0x27
 434 0052 19       		.uleb128 0x19
 435 0053 11       		.uleb128 0x11
 436 0054 01       		.uleb128 0x1
 437 0055 12       		.uleb128 0x12
 438 0056 06       		.uleb128 0x6
 439 0057 40       		.uleb128 0x40
ARM GAS  C:\Users\vedranb\AppData\Local\Temp\cc6i6djy.s 			page 10


 440 0058 18       		.uleb128 0x18
 441 0059 9742     		.uleb128 0x2117
 442 005b 19       		.uleb128 0x19
 443 005c 01       		.uleb128 0x1
 444 005d 13       		.uleb128 0x13
 445 005e 00       		.byte	0
 446 005f 00       		.byte	0
 447 0060 08       		.uleb128 0x8
 448 0061 34       		.uleb128 0x34
 449 0062 00       		.byte	0
 450 0063 03       		.uleb128 0x3
 451 0064 08       		.uleb128 0x8
 452 0065 3A       		.uleb128 0x3a
 453 0066 0B       		.uleb128 0xb
 454 0067 3B       		.uleb128 0x3b
 455 0068 0B       		.uleb128 0xb
 456 0069 49       		.uleb128 0x49
 457 006a 13       		.uleb128 0x13
 458 006b 00       		.byte	0
 459 006c 00       		.byte	0
 460 006d 09       		.uleb128 0x9
 461 006e 34       		.uleb128 0x34
 462 006f 00       		.byte	0
 463 0070 03       		.uleb128 0x3
 464 0071 08       		.uleb128 0x8
 465 0072 3A       		.uleb128 0x3a
 466 0073 0B       		.uleb128 0xb
 467 0074 3B       		.uleb128 0x3b
 468 0075 0B       		.uleb128 0xb
 469 0076 49       		.uleb128 0x49
 470 0077 13       		.uleb128 0x13
 471 0078 02       		.uleb128 0x2
 472 0079 17       		.uleb128 0x17
 473 007a 00       		.byte	0
 474 007b 00       		.byte	0
 475 007c 0A       		.uleb128 0xa
 476 007d 898201   		.uleb128 0x4109
 477 0080 01       		.byte	0x1
 478 0081 11       		.uleb128 0x11
 479 0082 01       		.uleb128 0x1
 480 0083 31       		.uleb128 0x31
 481 0084 13       		.uleb128 0x13
 482 0085 01       		.uleb128 0x1
 483 0086 13       		.uleb128 0x13
 484 0087 00       		.byte	0
 485 0088 00       		.byte	0
 486 0089 0B       		.uleb128 0xb
 487 008a 8A8201   		.uleb128 0x410a
 488 008d 00       		.byte	0
 489 008e 02       		.uleb128 0x2
 490 008f 18       		.uleb128 0x18
 491 0090 9142     		.uleb128 0x2111
 492 0092 18       		.uleb128 0x18
 493 0093 00       		.byte	0
 494 0094 00       		.byte	0
 495 0095 0C       		.uleb128 0xc
 496 0096 898201   		.uleb128 0x4109
ARM GAS  C:\Users\vedranb\AppData\Local\Temp\cc6i6djy.s 			page 11


 497 0099 00       		.byte	0
 498 009a 11       		.uleb128 0x11
 499 009b 01       		.uleb128 0x1
 500 009c 31       		.uleb128 0x31
 501 009d 13       		.uleb128 0x13
 502 009e 00       		.byte	0
 503 009f 00       		.byte	0
 504 00a0 0D       		.uleb128 0xd
 505 00a1 898201   		.uleb128 0x4109
 506 00a4 01       		.byte	0x1
 507 00a5 11       		.uleb128 0x11
 508 00a6 01       		.uleb128 0x1
 509 00a7 31       		.uleb128 0x31
 510 00a8 13       		.uleb128 0x13
 511 00a9 00       		.byte	0
 512 00aa 00       		.byte	0
 513 00ab 0E       		.uleb128 0xe
 514 00ac 01       		.uleb128 0x1
 515 00ad 01       		.byte	0x1
 516 00ae 49       		.uleb128 0x49
 517 00af 13       		.uleb128 0x13
 518 00b0 01       		.uleb128 0x1
 519 00b1 13       		.uleb128 0x13
 520 00b2 00       		.byte	0
 521 00b3 00       		.byte	0
 522 00b4 0F       		.uleb128 0xf
 523 00b5 21       		.uleb128 0x21
 524 00b6 00       		.byte	0
 525 00b7 49       		.uleb128 0x49
 526 00b8 13       		.uleb128 0x13
 527 00b9 2F       		.uleb128 0x2f
 528 00ba 0B       		.uleb128 0xb
 529 00bb 00       		.byte	0
 530 00bc 00       		.byte	0
 531 00bd 10       		.uleb128 0x10
 532 00be 34       		.uleb128 0x34
 533 00bf 00       		.byte	0
 534 00c0 03       		.uleb128 0x3
 535 00c1 0E       		.uleb128 0xe
 536 00c2 3A       		.uleb128 0x3a
 537 00c3 0B       		.uleb128 0xb
 538 00c4 3B       		.uleb128 0x3b
 539 00c5 05       		.uleb128 0x5
 540 00c6 49       		.uleb128 0x49
 541 00c7 13       		.uleb128 0x13
 542 00c8 3F       		.uleb128 0x3f
 543 00c9 19       		.uleb128 0x19
 544 00ca 3C       		.uleb128 0x3c
 545 00cb 19       		.uleb128 0x19
 546 00cc 00       		.byte	0
 547 00cd 00       		.byte	0
 548 00ce 11       		.uleb128 0x11
 549 00cf 35       		.uleb128 0x35
 550 00d0 00       		.byte	0
 551 00d1 49       		.uleb128 0x49
 552 00d2 13       		.uleb128 0x13
 553 00d3 00       		.byte	0
ARM GAS  C:\Users\vedranb\AppData\Local\Temp\cc6i6djy.s 			page 12


 554 00d4 00       		.byte	0
 555 00d5 12       		.uleb128 0x12
 556 00d6 2E       		.uleb128 0x2e
 557 00d7 01       		.byte	0x1
 558 00d8 3F       		.uleb128 0x3f
 559 00d9 19       		.uleb128 0x19
 560 00da 03       		.uleb128 0x3
 561 00db 0E       		.uleb128 0xe
 562 00dc 3A       		.uleb128 0x3a
 563 00dd 0B       		.uleb128 0xb
 564 00de 3B       		.uleb128 0x3b
 565 00df 0B       		.uleb128 0xb
 566 00e0 6E       		.uleb128 0x6e
 567 00e1 0E       		.uleb128 0xe
 568 00e2 27       		.uleb128 0x27
 569 00e3 19       		.uleb128 0x19
 570 00e4 49       		.uleb128 0x49
 571 00e5 13       		.uleb128 0x13
 572 00e6 3C       		.uleb128 0x3c
 573 00e7 19       		.uleb128 0x19
 574 00e8 01       		.uleb128 0x1
 575 00e9 13       		.uleb128 0x13
 576 00ea 00       		.byte	0
 577 00eb 00       		.byte	0
 578 00ec 13       		.uleb128 0x13
 579 00ed 05       		.uleb128 0x5
 580 00ee 00       		.byte	0
 581 00ef 49       		.uleb128 0x49
 582 00f0 13       		.uleb128 0x13
 583 00f1 00       		.byte	0
 584 00f2 00       		.byte	0
 585 00f3 14       		.uleb128 0x14
 586 00f4 2E       		.uleb128 0x2e
 587 00f5 01       		.byte	0x1
 588 00f6 3F       		.uleb128 0x3f
 589 00f7 19       		.uleb128 0x19
 590 00f8 03       		.uleb128 0x3
 591 00f9 0E       		.uleb128 0xe
 592 00fa 3A       		.uleb128 0x3a
 593 00fb 0B       		.uleb128 0xb
 594 00fc 3B       		.uleb128 0x3b
 595 00fd 0B       		.uleb128 0xb
 596 00fe 27       		.uleb128 0x27
 597 00ff 19       		.uleb128 0x19
 598 0100 49       		.uleb128 0x49
 599 0101 13       		.uleb128 0x13
 600 0102 3C       		.uleb128 0x3c
 601 0103 19       		.uleb128 0x19
 602 0104 01       		.uleb128 0x1
 603 0105 13       		.uleb128 0x13
 604 0106 00       		.byte	0
 605 0107 00       		.byte	0
 606 0108 15       		.uleb128 0x15
 607 0109 18       		.uleb128 0x18
 608 010a 00       		.byte	0
 609 010b 00       		.byte	0
 610 010c 00       		.byte	0
ARM GAS  C:\Users\vedranb\AppData\Local\Temp\cc6i6djy.s 			page 13


 611 010d 16       		.uleb128 0x16
 612 010e 2E       		.uleb128 0x2e
 613 010f 00       		.byte	0
 614 0110 3F       		.uleb128 0x3f
 615 0111 19       		.uleb128 0x19
 616 0112 03       		.uleb128 0x3
 617 0113 0E       		.uleb128 0xe
 618 0114 3A       		.uleb128 0x3a
 619 0115 0B       		.uleb128 0xb
 620 0116 3B       		.uleb128 0x3b
 621 0117 0B       		.uleb128 0xb
 622 0118 27       		.uleb128 0x27
 623 0119 19       		.uleb128 0x19
 624 011a 49       		.uleb128 0x49
 625 011b 13       		.uleb128 0x13
 626 011c 3C       		.uleb128 0x3c
 627 011d 19       		.uleb128 0x19
 628 011e 00       		.byte	0
 629 011f 00       		.byte	0
 630 0120 00       		.byte	0
 631              		.section	.debug_loc,"",%progbits
 632              	.Ldebug_loc0:
 633              	.LLST0:
 634 0000 08000000 		.4byte	.LVL0
 635 0004 0E000000 		.4byte	.LVL1
 636 0008 0200     		.2byte	0x2
 637 000a 30       		.byte	0x30
 638 000b 9F       		.byte	0x9f
 639 000c 0E000000 		.4byte	.LVL1
 640 0010 42000000 		.4byte	.LVL9
 641 0014 0100     		.2byte	0x1
 642 0016 56       		.byte	0x56
 643 0017 00000000 		.4byte	0
 644 001b 00000000 		.4byte	0
 645              	.LLST1:
 646 001f 08000000 		.4byte	.LVL0
 647 0023 0E000000 		.4byte	.LVL1
 648 0027 0200     		.2byte	0x2
 649 0029 30       		.byte	0x30
 650 002a 9F       		.byte	0x9f
 651 002b 0E000000 		.4byte	.LVL1
 652 002f 42000000 		.4byte	.LVL9
 653 0033 0100     		.2byte	0x1
 654 0035 55       		.byte	0x55
 655 0036 00000000 		.4byte	0
 656 003a 00000000 		.4byte	0
 657              		.section	.debug_aranges,"",%progbits
 658 0000 1C000000 		.4byte	0x1c
 659 0004 0200     		.2byte	0x2
 660 0006 00000000 		.4byte	.Ldebug_info0
 661 000a 04       		.byte	0x4
 662 000b 00       		.byte	0
 663 000c 0000     		.2byte	0
 664 000e 0000     		.2byte	0
 665 0010 00000000 		.4byte	.LFB63
 666 0014 58000000 		.4byte	.LFE63-.LFB63
 667 0018 00000000 		.4byte	0
ARM GAS  C:\Users\vedranb\AppData\Local\Temp\cc6i6djy.s 			page 14


 668 001c 00000000 		.4byte	0
 669              		.section	.debug_ranges,"",%progbits
 670              	.Ldebug_ranges0:
 671 0000 00000000 		.4byte	.LFB63
 672 0004 58000000 		.4byte	.LFE63
 673 0008 00000000 		.4byte	0
 674 000c 00000000 		.4byte	0
 675              		.section	.debug_line,"",%progbits
 676              	.Ldebug_line0:
 677 0000 A5010000 		.section	.debug_str,"MS",%progbits,1
 677      02006E01 
 677      00000201 
 677      FB0E0D00 
 677      01010101 
 678              	.LASF6:
 679 0000 6C6F6E67 		.ascii	"long long int\000"
 679      206C6F6E 
 679      6720696E 
 679      7400
 680              	.LASF3:
 681 000e 73686F72 		.ascii	"short unsigned int\000"
 681      7420756E 
 681      7369676E 
 681      65642069 
 681      6E7400
 682              	.LASF8:
 683 0021 756E7369 		.ascii	"unsigned int\000"
 683      676E6564 
 683      20696E74 
 683      00
 684              	.LASF21:
 685 002e 70757473 		.ascii	"puts\000"
 685      00
 686              	.LASF18:
 687 0033 65786572 		.ascii	"exercise8\000"
 687      63697365 
 687      3800
 688              	.LASF0:
 689 003d 7369676E 		.ascii	"signed char\000"
 689      65642063 
 689      68617200 
 690              	.LASF20:
 691 0049 5F5F6275 		.ascii	"__builtin_puts\000"
 691      696C7469 
 691      6E5F7075 
 691      747300
 692              	.LASF5:
 693 0058 6C6F6E67 		.ascii	"long unsigned int\000"
 693      20756E73 
 693      69676E65 
 693      6420696E 
 693      7400
 694              	.LASF7:
 695 006a 6C6F6E67 		.ascii	"long long unsigned int\000"
 695      206C6F6E 
 695      6720756E 
 695      7369676E 
ARM GAS  C:\Users\vedranb\AppData\Local\Temp\cc6i6djy.s 			page 15


 695      65642069 
 696              	.LASF11:
 697 0081 666C6F61 		.ascii	"float\000"
 697      7400
 698              	.LASF16:
 699 0087 65786572 		.ascii	"exercise8.c\000"
 699      63697365 
 699      382E6300 
 700              	.LASF23:
 701 0093 72656164 		.ascii	"readInt\000"
 701      496E7400 
 702              	.LASF1:
 703 009b 756E7369 		.ascii	"unsigned char\000"
 703      676E6564 
 703      20636861 
 703      7200
 704              	.LASF13:
 705 00a9 63686172 		.ascii	"char\000"
 705      00
 706              	.LASF4:
 707 00ae 6C6F6E67 		.ascii	"long int\000"
 707      20696E74 
 707      00
 708              	.LASF12:
 709 00b7 646F7562 		.ascii	"double\000"
 709      6C6500
 710              	.LASF15:
 711 00be 474E5520 		.ascii	"GNU C 4.9.3 20150303 (release) [ARM/embedded-4_9-br"
 711      4320342E 
 711      392E3320 
 711      32303135 
 711      30333033 
 712 00f1 616E6368 		.ascii	"anch revision 221220] -mcpu=cortex-m3 -mthumb -g -O"
 712      20726576 
 712      6973696F 
 712      6E203232 
 712      31323230 
 713 0124 67202D66 		.ascii	"g -ffunction-sections -ffat-lto-objects\000"
 713      66756E63 
 713      74696F6E 
 713      2D736563 
 713      74696F6E 
 714              	.LASF19:
 715 014c 49544D5F 		.ascii	"ITM_RxBuffer\000"
 715      52784275 
 715      66666572 
 715      00
 716              	.LASF22:
 717 0159 7072696E 		.ascii	"printf\000"
 717      746600
 718              	.LASF9:
 719 0160 5F5F696E 		.ascii	"__int32_t\000"
 719      7433325F 
 719      7400
 720              	.LASF17:
 721 016a 463A5C4F 		.ascii	"F:\\OneDrive\\Metropolia\\Devices\\Workspaces\\Work"
 721      6E654472 
ARM GAS  C:\Users\vedranb\AppData\Local\Temp\cc6i6djy.s 			page 16


 721      6976655C 
 721      4D657472 
 721      6F706F6C 
 722 0198 73706163 		.ascii	"space 1\\Workspace01\\Hello Word.cydsn\000"
 722      6520315C 
 722      576F726B 
 722      73706163 
 722      6530315C 
 723              	.LASF2:
 724 01bd 73686F72 		.ascii	"short int\000"
 724      7420696E 
 724      7400
 725              	.LASF10:
 726 01c7 696E7433 		.ascii	"int32_t\000"
 726      325F7400 
 727              	.LASF14:
 728 01cf 73697A65 		.ascii	"sizetype\000"
 728      74797065 
 728      00
 729              		.ident	"GCC: (GNU Tools for ARM Embedded Processors) 4.9.3 20150303 (release) [ARM/embedded-4_9-br
