ARM GAS  C:\Users\vedranb\AppData\Local\Temp\ccL31Qsn.s 			page 1


   1              		.syntax unified
   2              		.cpu cortex-m3
   3              		.fpu softvfp
   4              		.eabi_attribute 20, 1
   5              		.eabi_attribute 21, 1
   6              		.eabi_attribute 23, 3
   7              		.eabi_attribute 24, 1
   8              		.eabi_attribute 25, 1
   9              		.eabi_attribute 26, 1
  10              		.eabi_attribute 30, 1
  11              		.eabi_attribute 34, 1
  12              		.eabi_attribute 18, 4
  13              		.thumb
  14              		.file	"exercise3.c"
  15              		.text
  16              	.Ltext0:
  17              		.cfi_sections	.debug_frame
  18              		.global	__aeabi_fcmpge
  19              		.global	__aeabi_fsub
  20              		.global	__aeabi_f2d
  21              		.global	__aeabi_fadd
  22              		.section	.text.exercise3,"ax",%progbits
  23              		.align	2
  24              		.global	exercise3
  25              		.thumb
  26              		.thumb_func
  27              		.type	exercise3, %function
  28              	exercise3:
  29              	.LFB63:
  30              		.file 1 "exercise3.c"
   1:exercise3.c   **** /* ========================================
   2:exercise3.c   ****  *
   3:exercise3.c   ****  * Copyright YOUR COMPANY, THE YEAR
   4:exercise3.c   ****  * All Rights Reserved
   5:exercise3.c   ****  * UNPUBLISHED, LICENSED SOFTWARE.
   6:exercise3.c   ****  *
   7:exercise3.c   ****  * CONFIDENTIAL AND PROPRIETARY INFORMATION
   8:exercise3.c   ****  * WHICH IS THE PROPERTY OF your company.
   9:exercise3.c   ****  *
  10:exercise3.c   ****  * ========================================
  11:exercise3.c   **** */
  12:exercise3.c   **** 
  13:exercise3.c   **** //Exercise 3
  14:exercise3.c   **** #include "project.h"
  15:exercise3.c   **** #include <stdio.h>
  16:exercise3.c   **** 
  17:exercise3.c   **** void exercise3(void)
  18:exercise3.c   **** {
  31              		.loc 1 18 0
  32              		.cfi_startproc
  33              		@ args = 0, pretend = 0, frame = 8
  34              		@ frame_needed = 0, uses_anonymous_args = 0
  35 0000 10B5     		push	{r4, lr}
  36              		.cfi_def_cfa_offset 8
  37              		.cfi_offset 4, -8
  38              		.cfi_offset 14, -4
  39 0002 82B0     		sub	sp, sp, #8
ARM GAS  C:\Users\vedranb\AppData\Local\Temp\ccL31Qsn.s 			page 2


  40              		.cfi_def_cfa_offset 16
  19:exercise3.c   ****     printf("\n\nExercise 3. \n\n");
  41              		.loc 1 19 0
  42 0004 1F48     		ldr	r0, .L8
  43 0006 FFF7FEFF 		bl	puts
  44              	.LVL0:
  20:exercise3.c   **** 
  21:exercise3.c   ****     float ex3ticketPrice = 0;
  45              		.loc 1 21 0
  46 000a 0023     		movs	r3, #0
  47 000c 0193     		str	r3, [sp, #4]	@ float
  22:exercise3.c   ****     float ex3myMoney = 0;
  48              		.loc 1 22 0
  49 000e 0093     		str	r3, [sp]	@ float
  23:exercise3.c   **** 
  24:exercise3.c   ****     printf("Enter the price of the bus ticket?\n");
  50              		.loc 1 24 0
  51 0010 1D48     		ldr	r0, .L8+4
  52 0012 FFF7FEFF 		bl	puts
  53              	.LVL1:
  25:exercise3.c   ****     scanf("%f", &ex3ticketPrice);
  54              		.loc 1 25 0
  55 0016 1D4C     		ldr	r4, .L8+8
  56 0018 2046     		mov	r0, r4
  57 001a 01A9     		add	r1, sp, #4
  58 001c FFF7FEFF 		bl	scanf
  59              	.LVL2:
  26:exercise3.c   ****     printf("How much money do you have?\n");
  60              		.loc 1 26 0
  61 0020 1B48     		ldr	r0, .L8+12
  62 0022 FFF7FEFF 		bl	puts
  63              	.LVL3:
  27:exercise3.c   ****     scanf("%f", &ex3myMoney);
  64              		.loc 1 27 0
  65 0026 2046     		mov	r0, r4
  66 0028 6946     		mov	r1, sp
  67 002a FFF7FEFF 		bl	scanf
  68              	.LVL4:
  28:exercise3.c   **** 
  29:exercise3.c   ****     if (ex3myMoney >= ex3ticketPrice)
  69              		.loc 1 29 0
  70 002e 0098     		ldr	r0, [sp]	@ float
  71 0030 0199     		ldr	r1, [sp, #4]	@ float
  72 0032 FFF7FEFF 		bl	__aeabi_fcmpge
  73              	.LVL5:
  74 0036 70B1     		cbz	r0, .L6
  30:exercise3.c   ****     {
  31:exercise3.c   ****         printf("You have enough money for a bus ticket!\n");
  75              		.loc 1 31 0
  76 0038 1648     		ldr	r0, .L8+16
  77 003a FFF7FEFF 		bl	puts
  78              	.LVL6:
  32:exercise3.c   ****         printf("You have %.2f euros left!\n", ex3myMoney - ex3ticketPrice);
  79              		.loc 1 32 0
  80 003e 0098     		ldr	r0, [sp]	@ float
  81 0040 0199     		ldr	r1, [sp, #4]	@ float
  82 0042 FFF7FEFF 		bl	__aeabi_fsub
ARM GAS  C:\Users\vedranb\AppData\Local\Temp\ccL31Qsn.s 			page 3


  83              	.LVL7:
  84 0046 FFF7FEFF 		bl	__aeabi_f2d
  85              	.LVL8:
  86 004a 0246     		mov	r2, r0
  87 004c 0B46     		mov	r3, r1
  88 004e 1248     		ldr	r0, .L8+20
  89 0050 FFF7FEFF 		bl	printf
  90              	.LVL9:
  91 0054 10E0     		b	.L4
  92              	.L6:
  33:exercise3.c   ****     }
  34:exercise3.c   ****     else
  35:exercise3.c   ****     {
  36:exercise3.c   ****         printf("You don't have enough money for a bus ticket!\n");
  93              		.loc 1 36 0
  94 0056 1148     		ldr	r0, .L8+24
  95 0058 FFF7FEFF 		bl	puts
  96              	.LVL10:
  37:exercise3.c   ****         printf("You are lacking %.2f euros :(\n", 0 - ex3myMoney + ex3ticketPrice);
  97              		.loc 1 37 0
  98 005c 0020     		movs	r0, #0
  99 005e 0099     		ldr	r1, [sp]	@ float
 100 0060 FFF7FEFF 		bl	__aeabi_fsub
 101              	.LVL11:
 102 0064 0199     		ldr	r1, [sp, #4]	@ float
 103 0066 FFF7FEFF 		bl	__aeabi_fadd
 104              	.LVL12:
 105 006a FFF7FEFF 		bl	__aeabi_f2d
 106              	.LVL13:
 107 006e 0246     		mov	r2, r0
 108 0070 0B46     		mov	r3, r1
 109 0072 0B48     		ldr	r0, .L8+28
 110 0074 FFF7FEFF 		bl	printf
 111              	.LVL14:
 112              	.L4:
  38:exercise3.c   ****     }
  39:exercise3.c   **** 
  40:exercise3.c   ****     printf("End of exercise\n\n");
 113              		.loc 1 40 0
 114 0078 0A48     		ldr	r0, .L8+32
 115 007a FFF7FEFF 		bl	puts
 116              	.LVL15:
  41:exercise3.c   ****     return;
  42:exercise3.c   **** 
  43:exercise3.c   **** }
 117              		.loc 1 43 0
 118 007e 02B0     		add	sp, sp, #8
 119              		.cfi_def_cfa_offset 8
 120              		@ sp needed
 121 0080 10BD     		pop	{r4, pc}
 122              	.L9:
 123 0082 00BF     		.align	2
 124              	.L8:
 125 0084 00000000 		.word	.LC0
 126 0088 10000000 		.word	.LC1
 127 008c 34000000 		.word	.LC2
 128 0090 38000000 		.word	.LC3
ARM GAS  C:\Users\vedranb\AppData\Local\Temp\ccL31Qsn.s 			page 4


 129 0094 54000000 		.word	.LC4
 130 0098 7C000000 		.word	.LC5
 131 009c 98000000 		.word	.LC6
 132 00a0 C8000000 		.word	.LC7
 133 00a4 E8000000 		.word	.LC8
 134              		.cfi_endproc
 135              	.LFE63:
 136              		.size	exercise3, .-exercise3
 137              		.section	.rodata.str1.4,"aMS",%progbits,1
 138              		.align	2
 139              	.LC0:
 140 0000 0A0A4578 		.ascii	"\012\012Exercise 3. \012\000"
 140      65726369 
 140      73652033 
 140      2E200A00 
 141              	.LC1:
 142 0010 456E7465 		.ascii	"Enter the price of the bus ticket?\000"
 142      72207468 
 142      65207072 
 142      69636520 
 142      6F662074 
 143 0033 00       		.space	1
 144              	.LC2:
 145 0034 256600   		.ascii	"%f\000"
 146 0037 00       		.space	1
 147              	.LC3:
 148 0038 486F7720 		.ascii	"How much money do you have?\000"
 148      6D756368 
 148      206D6F6E 
 148      65792064 
 148      6F20796F 
 149              	.LC4:
 150 0054 596F7520 		.ascii	"You have enough money for a bus ticket!\000"
 150      68617665 
 150      20656E6F 
 150      75676820 
 150      6D6F6E65 
 151              	.LC5:
 152 007c 596F7520 		.ascii	"You have %.2f euros left!\012\000"
 152      68617665 
 152      20252E32 
 152      66206575 
 152      726F7320 
 153 0097 00       		.space	1
 154              	.LC6:
 155 0098 596F7520 		.ascii	"You don't have enough money for a bus ticket!\000"
 155      646F6E27 
 155      74206861 
 155      76652065 
 155      6E6F7567 
 156 00c6 0000     		.space	2
 157              	.LC7:
 158 00c8 596F7520 		.ascii	"You are lacking %.2f euros :(\012\000"
 158      61726520 
 158      6C61636B 
 158      696E6720 
 158      252E3266 
ARM GAS  C:\Users\vedranb\AppData\Local\Temp\ccL31Qsn.s 			page 5


 159 00e7 00       		.space	1
 160              	.LC8:
 161 00e8 456E6420 		.ascii	"End of exercise\012\000"
 161      6F662065 
 161      78657263 
 161      6973650A 
 161      00
 162 00f9 000000   		.text
 163              	.Letext0:
 164              		.file 2 "c:\\program files (x86)\\cypress\\psoc creator\\4.0\\psoc creator\\import\\gnu\\arm\\4.9.
 165              		.file 3 "c:\\program files (x86)\\cypress\\psoc creator\\4.0\\psoc creator\\import\\gnu\\arm\\4.9.
 166              		.file 4 "Generated_Source\\PSoC5/core_cm3.h"
 167              		.file 5 "<built-in>"
 168              		.file 6 "c:\\program files (x86)\\cypress\\psoc creator\\4.0\\psoc creator\\import\\gnu\\arm\\4.9.
 169              		.section	.debug_info,"",%progbits
 170              	.Ldebug_info0:
 171 0000 11020000 		.4byte	0x211
 172 0004 0400     		.2byte	0x4
 173 0006 00000000 		.4byte	.Ldebug_abbrev0
 174 000a 04       		.byte	0x4
 175 000b 01       		.uleb128 0x1
 176 000c 87000000 		.4byte	.LASF17
 177 0010 01       		.byte	0x1
 178 0011 2A010000 		.4byte	.LASF18
 179 0015 82010000 		.4byte	.LASF19
 180 0019 00000000 		.4byte	.Ldebug_ranges0+0
 181 001d 00000000 		.4byte	0
 182 0021 00000000 		.4byte	.Ldebug_line0
 183 0025 02       		.uleb128 0x2
 184 0026 01       		.byte	0x1
 185 0027 06       		.byte	0x6
 186 0028 3D000000 		.4byte	.LASF0
 187 002c 02       		.uleb128 0x2
 188 002d 01       		.byte	0x1
 189 002e 08       		.byte	0x8
 190 002f 36010000 		.4byte	.LASF1
 191 0033 02       		.uleb128 0x2
 192 0034 02       		.byte	0x2
 193 0035 05       		.byte	0x5
 194 0036 D5010000 		.4byte	.LASF2
 195 003a 02       		.uleb128 0x2
 196 003b 02       		.byte	0x2
 197 003c 07       		.byte	0x7
 198 003d 0E000000 		.4byte	.LASF3
 199 0041 03       		.uleb128 0x3
 200 0042 6D010000 		.4byte	.LASF9
 201 0046 02       		.byte	0x2
 202 0047 3F       		.byte	0x3f
 203 0048 4C000000 		.4byte	0x4c
 204 004c 02       		.uleb128 0x2
 205 004d 04       		.byte	0x4
 206 004e 05       		.byte	0x5
 207 004f 49010000 		.4byte	.LASF4
 208 0053 02       		.uleb128 0x2
 209 0054 04       		.byte	0x4
 210 0055 07       		.byte	0x7
 211 0056 58000000 		.4byte	.LASF5
ARM GAS  C:\Users\vedranb\AppData\Local\Temp\ccL31Qsn.s 			page 6


 212 005a 02       		.uleb128 0x2
 213 005b 08       		.byte	0x8
 214 005c 05       		.byte	0x5
 215 005d 00000000 		.4byte	.LASF6
 216 0061 02       		.uleb128 0x2
 217 0062 08       		.byte	0x8
 218 0063 07       		.byte	0x7
 219 0064 6A000000 		.4byte	.LASF7
 220 0068 04       		.uleb128 0x4
 221 0069 04       		.byte	0x4
 222 006a 05       		.byte	0x5
 223 006b 696E7400 		.ascii	"int\000"
 224 006f 02       		.uleb128 0x2
 225 0070 04       		.byte	0x4
 226 0071 07       		.byte	0x7
 227 0072 26000000 		.4byte	.LASF8
 228 0076 03       		.uleb128 0x3
 229 0077 DF010000 		.4byte	.LASF10
 230 007b 03       		.byte	0x3
 231 007c 2C       		.byte	0x2c
 232 007d 41000000 		.4byte	0x41
 233 0081 02       		.uleb128 0x2
 234 0082 04       		.byte	0x4
 235 0083 04       		.byte	0x4
 236 0084 81000000 		.4byte	.LASF11
 237 0088 02       		.uleb128 0x2
 238 0089 08       		.byte	0x8
 239 008a 04       		.byte	0x4
 240 008b 52010000 		.4byte	.LASF12
 241 008f 02       		.uleb128 0x2
 242 0090 01       		.byte	0x1
 243 0091 08       		.byte	0x8
 244 0092 44010000 		.4byte	.LASF13
 245 0096 02       		.uleb128 0x2
 246 0097 04       		.byte	0x4
 247 0098 07       		.byte	0x7
 248 0099 E7010000 		.4byte	.LASF14
 249 009d 05       		.uleb128 0x5
 250 009e 04       		.byte	0x4
 251 009f A3000000 		.4byte	0xa3
 252 00a3 06       		.uleb128 0x6
 253 00a4 8F000000 		.4byte	0x8f
 254 00a8 07       		.uleb128 0x7
 255 00a9 33000000 		.4byte	.LASF20
 256 00ad 01       		.byte	0x1
 257 00ae 11       		.byte	0x11
 258 00af 00000000 		.4byte	.LFB63
 259 00b3 A8000000 		.4byte	.LFE63-.LFB63
 260 00b7 01       		.uleb128 0x1
 261 00b8 9C       		.byte	0x9c
 262 00b9 C2010000 		.4byte	0x1c2
 263 00bd 08       		.uleb128 0x8
 264 00be 15010000 		.4byte	.LASF15
 265 00c2 01       		.byte	0x1
 266 00c3 15       		.byte	0x15
 267 00c4 81000000 		.4byte	0x81
 268 00c8 02       		.uleb128 0x2
ARM GAS  C:\Users\vedranb\AppData\Local\Temp\ccL31Qsn.s 			page 7


 269 00c9 91       		.byte	0x91
 270 00ca 74       		.sleb128 -12
 271 00cb 08       		.uleb128 0x8
 272 00cc 77010000 		.4byte	.LASF16
 273 00d0 01       		.byte	0x1
 274 00d1 16       		.byte	0x16
 275 00d2 81000000 		.4byte	0x81
 276 00d6 02       		.uleb128 0x2
 277 00d7 91       		.byte	0x91
 278 00d8 70       		.sleb128 -16
 279 00d9 09       		.uleb128 0x9
 280 00da 0A000000 		.4byte	.LVL0
 281 00de D3010000 		.4byte	0x1d3
 282 00e2 F0000000 		.4byte	0xf0
 283 00e6 0A       		.uleb128 0xa
 284 00e7 01       		.uleb128 0x1
 285 00e8 50       		.byte	0x50
 286 00e9 05       		.uleb128 0x5
 287 00ea 03       		.byte	0x3
 288 00eb 00000000 		.4byte	.LC0
 289 00ef 00       		.byte	0
 290 00f0 09       		.uleb128 0x9
 291 00f1 16000000 		.4byte	.LVL1
 292 00f5 D3010000 		.4byte	0x1d3
 293 00f9 07010000 		.4byte	0x107
 294 00fd 0A       		.uleb128 0xa
 295 00fe 01       		.uleb128 0x1
 296 00ff 50       		.byte	0x50
 297 0100 05       		.uleb128 0x5
 298 0101 03       		.byte	0x3
 299 0102 10000000 		.4byte	.LC1
 300 0106 00       		.byte	0
 301 0107 09       		.uleb128 0x9
 302 0108 20000000 		.4byte	.LVL2
 303 010c EC010000 		.4byte	0x1ec
 304 0110 21010000 		.4byte	0x121
 305 0114 0A       		.uleb128 0xa
 306 0115 01       		.uleb128 0x1
 307 0116 51       		.byte	0x51
 308 0117 02       		.uleb128 0x2
 309 0118 91       		.byte	0x91
 310 0119 74       		.sleb128 -12
 311 011a 0A       		.uleb128 0xa
 312 011b 01       		.uleb128 0x1
 313 011c 50       		.byte	0x50
 314 011d 02       		.uleb128 0x2
 315 011e 74       		.byte	0x74
 316 011f 00       		.sleb128 0
 317 0120 00       		.byte	0
 318 0121 09       		.uleb128 0x9
 319 0122 26000000 		.4byte	.LVL3
 320 0126 D3010000 		.4byte	0x1d3
 321 012a 38010000 		.4byte	0x138
 322 012e 0A       		.uleb128 0xa
 323 012f 01       		.uleb128 0x1
 324 0130 50       		.byte	0x50
 325 0131 05       		.uleb128 0x5
ARM GAS  C:\Users\vedranb\AppData\Local\Temp\ccL31Qsn.s 			page 8


 326 0132 03       		.byte	0x3
 327 0133 38000000 		.4byte	.LC3
 328 0137 00       		.byte	0
 329 0138 09       		.uleb128 0x9
 330 0139 2E000000 		.4byte	.LVL4
 331 013d EC010000 		.4byte	0x1ec
 332 0141 52010000 		.4byte	0x152
 333 0145 0A       		.uleb128 0xa
 334 0146 01       		.uleb128 0x1
 335 0147 51       		.byte	0x51
 336 0148 02       		.uleb128 0x2
 337 0149 7D       		.byte	0x7d
 338 014a 00       		.sleb128 0
 339 014b 0A       		.uleb128 0xa
 340 014c 01       		.uleb128 0x1
 341 014d 50       		.byte	0x50
 342 014e 02       		.uleb128 0x2
 343 014f 74       		.byte	0x74
 344 0150 00       		.sleb128 0
 345 0151 00       		.byte	0
 346 0152 09       		.uleb128 0x9
 347 0153 3E000000 		.4byte	.LVL6
 348 0157 D3010000 		.4byte	0x1d3
 349 015b 69010000 		.4byte	0x169
 350 015f 0A       		.uleb128 0xa
 351 0160 01       		.uleb128 0x1
 352 0161 50       		.byte	0x50
 353 0162 05       		.uleb128 0x5
 354 0163 03       		.byte	0x3
 355 0164 54000000 		.4byte	.LC4
 356 0168 00       		.byte	0
 357 0169 09       		.uleb128 0x9
 358 016a 54000000 		.4byte	.LVL9
 359 016e 02020000 		.4byte	0x202
 360 0172 80010000 		.4byte	0x180
 361 0176 0A       		.uleb128 0xa
 362 0177 01       		.uleb128 0x1
 363 0178 50       		.byte	0x50
 364 0179 05       		.uleb128 0x5
 365 017a 03       		.byte	0x3
 366 017b 7C000000 		.4byte	.LC5
 367 017f 00       		.byte	0
 368 0180 09       		.uleb128 0x9
 369 0181 5C000000 		.4byte	.LVL10
 370 0185 D3010000 		.4byte	0x1d3
 371 0189 97010000 		.4byte	0x197
 372 018d 0A       		.uleb128 0xa
 373 018e 01       		.uleb128 0x1
 374 018f 50       		.byte	0x50
 375 0190 05       		.uleb128 0x5
 376 0191 03       		.byte	0x3
 377 0192 98000000 		.4byte	.LC6
 378 0196 00       		.byte	0
 379 0197 09       		.uleb128 0x9
 380 0198 78000000 		.4byte	.LVL14
 381 019c 02020000 		.4byte	0x202
 382 01a0 AE010000 		.4byte	0x1ae
ARM GAS  C:\Users\vedranb\AppData\Local\Temp\ccL31Qsn.s 			page 9


 383 01a4 0A       		.uleb128 0xa
 384 01a5 01       		.uleb128 0x1
 385 01a6 50       		.byte	0x50
 386 01a7 05       		.uleb128 0x5
 387 01a8 03       		.byte	0x3
 388 01a9 C8000000 		.4byte	.LC7
 389 01ad 00       		.byte	0
 390 01ae 0B       		.uleb128 0xb
 391 01af 7E000000 		.4byte	.LVL15
 392 01b3 D3010000 		.4byte	0x1d3
 393 01b7 0A       		.uleb128 0xa
 394 01b8 01       		.uleb128 0x1
 395 01b9 50       		.byte	0x50
 396 01ba 05       		.uleb128 0x5
 397 01bb 03       		.byte	0x3
 398 01bc E8000000 		.4byte	.LC8
 399 01c0 00       		.byte	0
 400 01c1 00       		.byte	0
 401 01c2 0C       		.uleb128 0xc
 402 01c3 59010000 		.4byte	.LASF21
 403 01c7 04       		.byte	0x4
 404 01c8 9606     		.2byte	0x696
 405 01ca CE010000 		.4byte	0x1ce
 406 01ce 0D       		.uleb128 0xd
 407 01cf 76000000 		.4byte	0x76
 408 01d3 0E       		.uleb128 0xe
 409 01d4 49000000 		.4byte	.LASF22
 410 01d8 05       		.byte	0x5
 411 01d9 00       		.byte	0
 412 01da 21000000 		.4byte	.LASF23
 413 01de 68000000 		.4byte	0x68
 414 01e2 EC010000 		.4byte	0x1ec
 415 01e6 0F       		.uleb128 0xf
 416 01e7 9D000000 		.4byte	0x9d
 417 01eb 00       		.byte	0
 418 01ec 10       		.uleb128 0x10
 419 01ed 24010000 		.4byte	.LASF24
 420 01f1 06       		.byte	0x6
 421 01f2 B4       		.byte	0xb4
 422 01f3 68000000 		.4byte	0x68
 423 01f7 02020000 		.4byte	0x202
 424 01fb 0F       		.uleb128 0xf
 425 01fc 9D000000 		.4byte	0x9d
 426 0200 11       		.uleb128 0x11
 427 0201 00       		.byte	0
 428 0202 12       		.uleb128 0x12
 429 0203 66010000 		.4byte	.LASF25
 430 0207 06       		.byte	0x6
 431 0208 B2       		.byte	0xb2
 432 0209 68000000 		.4byte	0x68
 433 020d 0F       		.uleb128 0xf
 434 020e 9D000000 		.4byte	0x9d
 435 0212 11       		.uleb128 0x11
 436 0213 00       		.byte	0
 437 0214 00       		.byte	0
 438              		.section	.debug_abbrev,"",%progbits
 439              	.Ldebug_abbrev0:
ARM GAS  C:\Users\vedranb\AppData\Local\Temp\ccL31Qsn.s 			page 10


 440 0000 01       		.uleb128 0x1
 441 0001 11       		.uleb128 0x11
 442 0002 01       		.byte	0x1
 443 0003 25       		.uleb128 0x25
 444 0004 0E       		.uleb128 0xe
 445 0005 13       		.uleb128 0x13
 446 0006 0B       		.uleb128 0xb
 447 0007 03       		.uleb128 0x3
 448 0008 0E       		.uleb128 0xe
 449 0009 1B       		.uleb128 0x1b
 450 000a 0E       		.uleb128 0xe
 451 000b 55       		.uleb128 0x55
 452 000c 17       		.uleb128 0x17
 453 000d 11       		.uleb128 0x11
 454 000e 01       		.uleb128 0x1
 455 000f 10       		.uleb128 0x10
 456 0010 17       		.uleb128 0x17
 457 0011 00       		.byte	0
 458 0012 00       		.byte	0
 459 0013 02       		.uleb128 0x2
 460 0014 24       		.uleb128 0x24
 461 0015 00       		.byte	0
 462 0016 0B       		.uleb128 0xb
 463 0017 0B       		.uleb128 0xb
 464 0018 3E       		.uleb128 0x3e
 465 0019 0B       		.uleb128 0xb
 466 001a 03       		.uleb128 0x3
 467 001b 0E       		.uleb128 0xe
 468 001c 00       		.byte	0
 469 001d 00       		.byte	0
 470 001e 03       		.uleb128 0x3
 471 001f 16       		.uleb128 0x16
 472 0020 00       		.byte	0
 473 0021 03       		.uleb128 0x3
 474 0022 0E       		.uleb128 0xe
 475 0023 3A       		.uleb128 0x3a
 476 0024 0B       		.uleb128 0xb
 477 0025 3B       		.uleb128 0x3b
 478 0026 0B       		.uleb128 0xb
 479 0027 49       		.uleb128 0x49
 480 0028 13       		.uleb128 0x13
 481 0029 00       		.byte	0
 482 002a 00       		.byte	0
 483 002b 04       		.uleb128 0x4
 484 002c 24       		.uleb128 0x24
 485 002d 00       		.byte	0
 486 002e 0B       		.uleb128 0xb
 487 002f 0B       		.uleb128 0xb
 488 0030 3E       		.uleb128 0x3e
 489 0031 0B       		.uleb128 0xb
 490 0032 03       		.uleb128 0x3
 491 0033 08       		.uleb128 0x8
 492 0034 00       		.byte	0
 493 0035 00       		.byte	0
 494 0036 05       		.uleb128 0x5
 495 0037 0F       		.uleb128 0xf
 496 0038 00       		.byte	0
ARM GAS  C:\Users\vedranb\AppData\Local\Temp\ccL31Qsn.s 			page 11


 497 0039 0B       		.uleb128 0xb
 498 003a 0B       		.uleb128 0xb
 499 003b 49       		.uleb128 0x49
 500 003c 13       		.uleb128 0x13
 501 003d 00       		.byte	0
 502 003e 00       		.byte	0
 503 003f 06       		.uleb128 0x6
 504 0040 26       		.uleb128 0x26
 505 0041 00       		.byte	0
 506 0042 49       		.uleb128 0x49
 507 0043 13       		.uleb128 0x13
 508 0044 00       		.byte	0
 509 0045 00       		.byte	0
 510 0046 07       		.uleb128 0x7
 511 0047 2E       		.uleb128 0x2e
 512 0048 01       		.byte	0x1
 513 0049 3F       		.uleb128 0x3f
 514 004a 19       		.uleb128 0x19
 515 004b 03       		.uleb128 0x3
 516 004c 0E       		.uleb128 0xe
 517 004d 3A       		.uleb128 0x3a
 518 004e 0B       		.uleb128 0xb
 519 004f 3B       		.uleb128 0x3b
 520 0050 0B       		.uleb128 0xb
 521 0051 27       		.uleb128 0x27
 522 0052 19       		.uleb128 0x19
 523 0053 11       		.uleb128 0x11
 524 0054 01       		.uleb128 0x1
 525 0055 12       		.uleb128 0x12
 526 0056 06       		.uleb128 0x6
 527 0057 40       		.uleb128 0x40
 528 0058 18       		.uleb128 0x18
 529 0059 9642     		.uleb128 0x2116
 530 005b 19       		.uleb128 0x19
 531 005c 01       		.uleb128 0x1
 532 005d 13       		.uleb128 0x13
 533 005e 00       		.byte	0
 534 005f 00       		.byte	0
 535 0060 08       		.uleb128 0x8
 536 0061 34       		.uleb128 0x34
 537 0062 00       		.byte	0
 538 0063 03       		.uleb128 0x3
 539 0064 0E       		.uleb128 0xe
 540 0065 3A       		.uleb128 0x3a
 541 0066 0B       		.uleb128 0xb
 542 0067 3B       		.uleb128 0x3b
 543 0068 0B       		.uleb128 0xb
 544 0069 49       		.uleb128 0x49
 545 006a 13       		.uleb128 0x13
 546 006b 02       		.uleb128 0x2
 547 006c 18       		.uleb128 0x18
 548 006d 00       		.byte	0
 549 006e 00       		.byte	0
 550 006f 09       		.uleb128 0x9
 551 0070 898201   		.uleb128 0x4109
 552 0073 01       		.byte	0x1
 553 0074 11       		.uleb128 0x11
ARM GAS  C:\Users\vedranb\AppData\Local\Temp\ccL31Qsn.s 			page 12


 554 0075 01       		.uleb128 0x1
 555 0076 31       		.uleb128 0x31
 556 0077 13       		.uleb128 0x13
 557 0078 01       		.uleb128 0x1
 558 0079 13       		.uleb128 0x13
 559 007a 00       		.byte	0
 560 007b 00       		.byte	0
 561 007c 0A       		.uleb128 0xa
 562 007d 8A8201   		.uleb128 0x410a
 563 0080 00       		.byte	0
 564 0081 02       		.uleb128 0x2
 565 0082 18       		.uleb128 0x18
 566 0083 9142     		.uleb128 0x2111
 567 0085 18       		.uleb128 0x18
 568 0086 00       		.byte	0
 569 0087 00       		.byte	0
 570 0088 0B       		.uleb128 0xb
 571 0089 898201   		.uleb128 0x4109
 572 008c 01       		.byte	0x1
 573 008d 11       		.uleb128 0x11
 574 008e 01       		.uleb128 0x1
 575 008f 31       		.uleb128 0x31
 576 0090 13       		.uleb128 0x13
 577 0091 00       		.byte	0
 578 0092 00       		.byte	0
 579 0093 0C       		.uleb128 0xc
 580 0094 34       		.uleb128 0x34
 581 0095 00       		.byte	0
 582 0096 03       		.uleb128 0x3
 583 0097 0E       		.uleb128 0xe
 584 0098 3A       		.uleb128 0x3a
 585 0099 0B       		.uleb128 0xb
 586 009a 3B       		.uleb128 0x3b
 587 009b 05       		.uleb128 0x5
 588 009c 49       		.uleb128 0x49
 589 009d 13       		.uleb128 0x13
 590 009e 3F       		.uleb128 0x3f
 591 009f 19       		.uleb128 0x19
 592 00a0 3C       		.uleb128 0x3c
 593 00a1 19       		.uleb128 0x19
 594 00a2 00       		.byte	0
 595 00a3 00       		.byte	0
 596 00a4 0D       		.uleb128 0xd
 597 00a5 35       		.uleb128 0x35
 598 00a6 00       		.byte	0
 599 00a7 49       		.uleb128 0x49
 600 00a8 13       		.uleb128 0x13
 601 00a9 00       		.byte	0
 602 00aa 00       		.byte	0
 603 00ab 0E       		.uleb128 0xe
 604 00ac 2E       		.uleb128 0x2e
 605 00ad 01       		.byte	0x1
 606 00ae 3F       		.uleb128 0x3f
 607 00af 19       		.uleb128 0x19
 608 00b0 03       		.uleb128 0x3
 609 00b1 0E       		.uleb128 0xe
 610 00b2 3A       		.uleb128 0x3a
ARM GAS  C:\Users\vedranb\AppData\Local\Temp\ccL31Qsn.s 			page 13


 611 00b3 0B       		.uleb128 0xb
 612 00b4 3B       		.uleb128 0x3b
 613 00b5 0B       		.uleb128 0xb
 614 00b6 6E       		.uleb128 0x6e
 615 00b7 0E       		.uleb128 0xe
 616 00b8 27       		.uleb128 0x27
 617 00b9 19       		.uleb128 0x19
 618 00ba 49       		.uleb128 0x49
 619 00bb 13       		.uleb128 0x13
 620 00bc 3C       		.uleb128 0x3c
 621 00bd 19       		.uleb128 0x19
 622 00be 01       		.uleb128 0x1
 623 00bf 13       		.uleb128 0x13
 624 00c0 00       		.byte	0
 625 00c1 00       		.byte	0
 626 00c2 0F       		.uleb128 0xf
 627 00c3 05       		.uleb128 0x5
 628 00c4 00       		.byte	0
 629 00c5 49       		.uleb128 0x49
 630 00c6 13       		.uleb128 0x13
 631 00c7 00       		.byte	0
 632 00c8 00       		.byte	0
 633 00c9 10       		.uleb128 0x10
 634 00ca 2E       		.uleb128 0x2e
 635 00cb 01       		.byte	0x1
 636 00cc 3F       		.uleb128 0x3f
 637 00cd 19       		.uleb128 0x19
 638 00ce 03       		.uleb128 0x3
 639 00cf 0E       		.uleb128 0xe
 640 00d0 3A       		.uleb128 0x3a
 641 00d1 0B       		.uleb128 0xb
 642 00d2 3B       		.uleb128 0x3b
 643 00d3 0B       		.uleb128 0xb
 644 00d4 27       		.uleb128 0x27
 645 00d5 19       		.uleb128 0x19
 646 00d6 49       		.uleb128 0x49
 647 00d7 13       		.uleb128 0x13
 648 00d8 3C       		.uleb128 0x3c
 649 00d9 19       		.uleb128 0x19
 650 00da 01       		.uleb128 0x1
 651 00db 13       		.uleb128 0x13
 652 00dc 00       		.byte	0
 653 00dd 00       		.byte	0
 654 00de 11       		.uleb128 0x11
 655 00df 18       		.uleb128 0x18
 656 00e0 00       		.byte	0
 657 00e1 00       		.byte	0
 658 00e2 00       		.byte	0
 659 00e3 12       		.uleb128 0x12
 660 00e4 2E       		.uleb128 0x2e
 661 00e5 01       		.byte	0x1
 662 00e6 3F       		.uleb128 0x3f
 663 00e7 19       		.uleb128 0x19
 664 00e8 03       		.uleb128 0x3
 665 00e9 0E       		.uleb128 0xe
 666 00ea 3A       		.uleb128 0x3a
 667 00eb 0B       		.uleb128 0xb
ARM GAS  C:\Users\vedranb\AppData\Local\Temp\ccL31Qsn.s 			page 14


 668 00ec 3B       		.uleb128 0x3b
 669 00ed 0B       		.uleb128 0xb
 670 00ee 27       		.uleb128 0x27
 671 00ef 19       		.uleb128 0x19
 672 00f0 49       		.uleb128 0x49
 673 00f1 13       		.uleb128 0x13
 674 00f2 3C       		.uleb128 0x3c
 675 00f3 19       		.uleb128 0x19
 676 00f4 00       		.byte	0
 677 00f5 00       		.byte	0
 678 00f6 00       		.byte	0
 679              		.section	.debug_aranges,"",%progbits
 680 0000 1C000000 		.4byte	0x1c
 681 0004 0200     		.2byte	0x2
 682 0006 00000000 		.4byte	.Ldebug_info0
 683 000a 04       		.byte	0x4
 684 000b 00       		.byte	0
 685 000c 0000     		.2byte	0
 686 000e 0000     		.2byte	0
 687 0010 00000000 		.4byte	.LFB63
 688 0014 A8000000 		.4byte	.LFE63-.LFB63
 689 0018 00000000 		.4byte	0
 690 001c 00000000 		.4byte	0
 691              		.section	.debug_ranges,"",%progbits
 692              	.Ldebug_ranges0:
 693 0000 00000000 		.4byte	.LFB63
 694 0004 A8000000 		.4byte	.LFE63
 695 0008 00000000 		.4byte	0
 696 000c 00000000 		.4byte	0
 697              		.section	.debug_line,"",%progbits
 698              	.Ldebug_line0:
 699 0000 7B010000 		.section	.debug_str,"MS",%progbits,1
 699      02005801 
 699      00000201 
 699      FB0E0D00 
 699      01010101 
 700              	.LASF6:
 701 0000 6C6F6E67 		.ascii	"long long int\000"
 701      206C6F6E 
 701      6720696E 
 701      7400
 702              	.LASF3:
 703 000e 73686F72 		.ascii	"short unsigned int\000"
 703      7420756E 
 703      7369676E 
 703      65642069 
 703      6E7400
 704              	.LASF23:
 705 0021 70757473 		.ascii	"puts\000"
 705      00
 706              	.LASF8:
 707 0026 756E7369 		.ascii	"unsigned int\000"
 707      676E6564 
 707      20696E74 
 707      00
 708              	.LASF20:
 709 0033 65786572 		.ascii	"exercise3\000"
ARM GAS  C:\Users\vedranb\AppData\Local\Temp\ccL31Qsn.s 			page 15


 709      63697365 
 709      3300
 710              	.LASF0:
 711 003d 7369676E 		.ascii	"signed char\000"
 711      65642063 
 711      68617200 
 712              	.LASF22:
 713 0049 5F5F6275 		.ascii	"__builtin_puts\000"
 713      696C7469 
 713      6E5F7075 
 713      747300
 714              	.LASF5:
 715 0058 6C6F6E67 		.ascii	"long unsigned int\000"
 715      20756E73 
 715      69676E65 
 715      6420696E 
 715      7400
 716              	.LASF7:
 717 006a 6C6F6E67 		.ascii	"long long unsigned int\000"
 717      206C6F6E 
 717      6720756E 
 717      7369676E 
 717      65642069 
 718              	.LASF11:
 719 0081 666C6F61 		.ascii	"float\000"
 719      7400
 720              	.LASF17:
 721 0087 474E5520 		.ascii	"GNU C 4.9.3 20150303 (release) [ARM/embedded-4_9-br"
 721      4320342E 
 721      392E3320 
 721      32303135 
 721      30333033 
 722 00ba 616E6368 		.ascii	"anch revision 221220] -mcpu=cortex-m3 -mthumb -g -O"
 722      20726576 
 722      6973696F 
 722      6E203232 
 722      31323230 
 723 00ed 67202D66 		.ascii	"g -ffunction-sections -ffat-lto-objects\000"
 723      66756E63 
 723      74696F6E 
 723      2D736563 
 723      74696F6E 
 724              	.LASF15:
 725 0115 65783374 		.ascii	"ex3ticketPrice\000"
 725      69636B65 
 725      74507269 
 725      636500
 726              	.LASF24:
 727 0124 7363616E 		.ascii	"scanf\000"
 727      6600
 728              	.LASF18:
 729 012a 65786572 		.ascii	"exercise3.c\000"
 729      63697365 
 729      332E6300 
 730              	.LASF1:
 731 0136 756E7369 		.ascii	"unsigned char\000"
 731      676E6564 
ARM GAS  C:\Users\vedranb\AppData\Local\Temp\ccL31Qsn.s 			page 16


 731      20636861 
 731      7200
 732              	.LASF13:
 733 0144 63686172 		.ascii	"char\000"
 733      00
 734              	.LASF4:
 735 0149 6C6F6E67 		.ascii	"long int\000"
 735      20696E74 
 735      00
 736              	.LASF12:
 737 0152 646F7562 		.ascii	"double\000"
 737      6C6500
 738              	.LASF21:
 739 0159 49544D5F 		.ascii	"ITM_RxBuffer\000"
 739      52784275 
 739      66666572 
 739      00
 740              	.LASF25:
 741 0166 7072696E 		.ascii	"printf\000"
 741      746600
 742              	.LASF9:
 743 016d 5F5F696E 		.ascii	"__int32_t\000"
 743      7433325F 
 743      7400
 744              	.LASF16:
 745 0177 6578336D 		.ascii	"ex3myMoney\000"
 745      794D6F6E 
 745      657900
 746              	.LASF19:
 747 0182 463A5C4F 		.ascii	"F:\\OneDrive\\Metropolia\\Devices\\Workspaces\\Work"
 747      6E654472 
 747      6976655C 
 747      4D657472 
 747      6F706F6C 
 748 01b0 73706163 		.ascii	"space 1\\Workspace01\\Hello Word.cydsn\000"
 748      6520315C 
 748      576F726B 
 748      73706163 
 748      6530315C 
 749              	.LASF2:
 750 01d5 73686F72 		.ascii	"short int\000"
 750      7420696E 
 750      7400
 751              	.LASF10:
 752 01df 696E7433 		.ascii	"int32_t\000"
 752      325F7400 
 753              	.LASF14:
 754 01e7 73697A65 		.ascii	"sizetype\000"
 754      74797065 
 754      00
 755              		.ident	"GCC: (GNU Tools for ARM Embedded Processors) 4.9.3 20150303 (release) [ARM/embedded-4_9-br
