ARM GAS  C:\Users\vedranb\AppData\Local\Temp\ccvKyzIN.s 			page 1


   1              		.syntax unified
   2              		.cpu cortex-m3
   3              		.fpu softvfp
   4              		.eabi_attribute 20, 1
   5              		.eabi_attribute 21, 1
   6              		.eabi_attribute 23, 3
   7              		.eabi_attribute 24, 1
   8              		.eabi_attribute 25, 1
   9              		.eabi_attribute 26, 1
  10              		.eabi_attribute 30, 1
  11              		.eabi_attribute 34, 1
  12              		.eabi_attribute 18, 4
  13              		.thumb
  14              		.file	"exercise13.c"
  15              		.text
  16              	.Ltext0:
  17              		.cfi_sections	.debug_frame
  18              		.section	.text.hashtags,"ax",%progbits
  19              		.align	2
  20              		.global	hashtags
  21              		.thumb
  22              		.thumb_func
  23              		.type	hashtags, %function
  24              	hashtags:
  25              	.LFB63:
  26              		.file 1 "exercise13.c"
   1:exercise13.c  **** /* ========================================
   2:exercise13.c  ****  *
   3:exercise13.c  ****  * Copyright YOUR COMPANY, THE YEAR
   4:exercise13.c  ****  * All Rights Reserved
   5:exercise13.c  ****  * UNPUBLISHED, LICENSED SOFTWARE.
   6:exercise13.c  ****  *
   7:exercise13.c  ****  * CONFIDENTIAL AND PROPRIETARY INFORMATION
   8:exercise13.c  ****  * WHICH IS THE PROPERTY OF your company.
   9:exercise13.c  ****  *
  10:exercise13.c  ****  * ========================================
  11:exercise13.c  **** */
  12:exercise13.c  **** #include "project.h"
  13:exercise13.c  **** #include <stdio.h>
  14:exercise13.c  **** #include <stdlib.h>
  15:exercise13.c  **** #include <time.h>
  16:exercise13.c  **** 
  17:exercise13.c  **** void hashtags(int a){
  27              		.loc 1 17 0
  28              		.cfi_startproc
  29              		@ args = 0, pretend = 0, frame = 0
  30              		@ frame_needed = 0, uses_anonymous_args = 0
  31              	.LVL0:
  32 0000 10B5     		push	{r4, lr}
  33              		.cfi_def_cfa_offset 8
  34              		.cfi_offset 4, -8
  35              		.cfi_offset 14, -4
  36 0002 0446     		mov	r4, r0
  18:exercise13.c  **** 
  19:exercise13.c  ****     while(a>0){
  37              		.loc 1 19 0
  38 0004 03E0     		b	.L2
ARM GAS  C:\Users\vedranb\AppData\Local\Temp\ccvKyzIN.s 			page 2


  39              	.LVL1:
  40              	.L3:
  20:exercise13.c  ****         printf("#");
  41              		.loc 1 20 0
  42 0006 2320     		movs	r0, #35
  43 0008 FFF7FEFF 		bl	putchar
  44              	.LVL2:
  21:exercise13.c  ****         a--;
  45              		.loc 1 21 0
  46 000c 013C     		subs	r4, r4, #1
  47              	.LVL3:
  48              	.L2:
  19:exercise13.c  ****         printf("#");
  49              		.loc 1 19 0
  50 000e 002C     		cmp	r4, #0
  51 0010 F9DC     		bgt	.L3
  22:exercise13.c  ****     }
  23:exercise13.c  ****     printf("\n");
  52              		.loc 1 23 0
  53 0012 0A20     		movs	r0, #10
  54 0014 FFF7FEFF 		bl	putchar
  55              	.LVL4:
  56 0018 10BD     		pop	{r4, pc}
  57              		.cfi_endproc
  58              	.LFE63:
  59              		.size	hashtags, .-hashtags
  60 001a 00BF     		.section	.text.exercise13,"ax",%progbits
  61              		.align	2
  62              		.global	exercise13
  63              		.thumb
  64              		.thumb_func
  65              		.type	exercise13, %function
  66              	exercise13:
  67              	.LFB64:
  24:exercise13.c  ****     return;
  25:exercise13.c  **** }
  26:exercise13.c  **** 
  27:exercise13.c  **** void exercise13(void)
  28:exercise13.c  **** {
  68              		.loc 1 28 0
  69              		.cfi_startproc
  70              		@ args = 0, pretend = 0, frame = 0
  71              		@ frame_needed = 0, uses_anonymous_args = 0
  72 0000 10B5     		push	{r4, lr}
  73              		.cfi_def_cfa_offset 8
  74              		.cfi_offset 4, -8
  75              		.cfi_offset 14, -4
  29:exercise13.c  ****      //Exercise 13
  30:exercise13.c  ****     printf("\n\nExercise 13. \n\n");
  76              		.loc 1 30 0
  77 0002 1048     		ldr	r0, .L9
  78 0004 FFF7FEFF 		bl	puts
  79              	.LVL5:
  31:exercise13.c  **** 
  32:exercise13.c  ****     int i;
  33:exercise13.c  ****     srand(time(NULL));
  80              		.loc 1 33 0
ARM GAS  C:\Users\vedranb\AppData\Local\Temp\ccvKyzIN.s 			page 3


  81 0008 0020     		movs	r0, #0
  82 000a FFF7FEFF 		bl	time
  83              	.LVL6:
  84 000e FFF7FEFF 		bl	srand
  85              	.LVL7:
  34:exercise13.c  **** 
  35:exercise13.c  ****     for(i=1; i <= 20; i++){
  86              		.loc 1 35 0
  87 0012 0124     		movs	r4, #1
  88 0014 0FE0     		b	.L6
  89              	.LVL8:
  90              	.L7:
  36:exercise13.c  ****         hashtags(rand() % 20 +1);
  91              		.loc 1 36 0 discriminator 3
  92 0016 FFF7FEFF 		bl	rand
  93              	.LVL9:
  94 001a 0B4B     		ldr	r3, .L9+4
  95 001c 83FB0032 		smull	r3, r2, r3, r0
  96 0020 C317     		asrs	r3, r0, #31
  97 0022 C3EBE203 		rsb	r3, r3, r2, asr #3
  98 0026 03EB8303 		add	r3, r3, r3, lsl #2
  99 002a 9B00     		lsls	r3, r3, #2
 100 002c C31A     		subs	r3, r0, r3
 101 002e 581C     		adds	r0, r3, #1
 102 0030 FFF7FEFF 		bl	hashtags
 103              	.LVL10:
  35:exercise13.c  ****         hashtags(rand() % 20 +1);
 104              		.loc 1 35 0 discriminator 3
 105 0034 0134     		adds	r4, r4, #1
 106              	.LVL11:
 107              	.L6:
  35:exercise13.c  ****         hashtags(rand() % 20 +1);
 108              		.loc 1 35 0 is_stmt 0 discriminator 1
 109 0036 142C     		cmp	r4, #20
 110 0038 EDDD     		ble	.L7
  37:exercise13.c  ****     }
  38:exercise13.c  **** 
  39:exercise13.c  ****     printf("\nEnd of Exercise 13. \n\n");
 111              		.loc 1 39 0 is_stmt 1
 112 003a 0448     		ldr	r0, .L9+8
 113 003c FFF7FEFF 		bl	puts
 114              	.LVL12:
 115 0040 10BD     		pop	{r4, pc}
 116              	.LVL13:
 117              	.L10:
 118 0042 00BF     		.align	2
 119              	.L9:
 120 0044 00000000 		.word	.LC0
 121 0048 67666666 		.word	1717986919
 122 004c 14000000 		.word	.LC1
 123              		.cfi_endproc
 124              	.LFE64:
 125              		.size	exercise13, .-exercise13
 126              		.section	.rodata.str1.4,"aMS",%progbits,1
 127              		.align	2
 128              	.LC0:
 129 0000 0A0A4578 		.ascii	"\012\012Exercise 13. \012\000"
ARM GAS  C:\Users\vedranb\AppData\Local\Temp\ccvKyzIN.s 			page 4


 129      65726369 
 129      73652031 
 129      332E200A 
 129      00
 130 0011 000000   		.space	3
 131              	.LC1:
 132 0014 0A456E64 		.ascii	"\012End of Exercise 13. \012\000"
 132      206F6620 
 132      45786572 
 132      63697365 
 132      2031332E 
 133 002b 00       		.text
 134              	.Letext0:
 135              		.file 2 "c:\\program files (x86)\\cypress\\psoc creator\\4.0\\psoc creator\\import\\gnu\\arm\\4.9.
 136              		.file 3 "c:\\program files (x86)\\cypress\\psoc creator\\4.0\\psoc creator\\import\\gnu\\arm\\4.9.
 137              		.file 4 "c:\\program files (x86)\\cypress\\psoc creator\\4.0\\psoc creator\\import\\gnu\\arm\\4.9.
 138              		.file 5 "<built-in>"
 139              		.file 6 "Generated_Source\\PSoC5/core_cm3.h"
 140              		.file 7 "c:\\program files (x86)\\cypress\\psoc creator\\4.0\\psoc creator\\import\\gnu\\arm\\4.9.
 141              		.file 8 "c:\\program files (x86)\\cypress\\psoc creator\\4.0\\psoc creator\\import\\gnu\\arm\\4.9.
 142              		.section	.debug_info,"",%progbits
 143              	.Ldebug_info0:
 144 0000 EB010000 		.4byte	0x1eb
 145 0004 0400     		.2byte	0x4
 146 0006 00000000 		.4byte	.Ldebug_abbrev0
 147 000a 04       		.byte	0x4
 148 000b 01       		.uleb128 0x1
 149 000c 91000000 		.4byte	.LASF22
 150 0010 01       		.byte	0x1
 151 0011 69010000 		.4byte	.LASF23
 152 0015 9C010000 		.4byte	.LASF24
 153 0019 00000000 		.4byte	.Ldebug_ranges0+0
 154 001d 00000000 		.4byte	0
 155 0021 00000000 		.4byte	.Ldebug_line0
 156 0025 02       		.uleb128 0x2
 157 0026 01       		.byte	0x1
 158 0027 06       		.byte	0x6
 159 0028 F4010000 		.4byte	.LASF0
 160 002c 02       		.uleb128 0x2
 161 002d 01       		.byte	0x1
 162 002e 08       		.byte	0x8
 163 002f 31000000 		.4byte	.LASF1
 164 0033 02       		.uleb128 0x2
 165 0034 02       		.byte	0x2
 166 0035 05       		.byte	0x5
 167 0036 89010000 		.4byte	.LASF2
 168 003a 02       		.uleb128 0x2
 169 003b 02       		.byte	0x2
 170 003c 07       		.byte	0x7
 171 003d 5C000000 		.4byte	.LASF3
 172 0041 03       		.uleb128 0x3
 173 0042 00000000 		.4byte	.LASF9
 174 0046 02       		.byte	0x2
 175 0047 3F       		.byte	0x3f
 176 0048 4C000000 		.4byte	0x4c
 177 004c 02       		.uleb128 0x2
 178 004d 04       		.byte	0x4
ARM GAS  C:\Users\vedranb\AppData\Local\Temp\ccvKyzIN.s 			page 5


 179 004e 05       		.byte	0x5
 180 004f 93010000 		.4byte	.LASF4
 181 0053 02       		.uleb128 0x2
 182 0054 04       		.byte	0x4
 183 0055 07       		.byte	0x7
 184 0056 4A000000 		.4byte	.LASF5
 185 005a 02       		.uleb128 0x2
 186 005b 08       		.byte	0x8
 187 005c 05       		.byte	0x5
 188 005d 76010000 		.4byte	.LASF6
 189 0061 02       		.uleb128 0x2
 190 0062 08       		.byte	0x8
 191 0063 07       		.byte	0x7
 192 0064 2C010000 		.4byte	.LASF7
 193 0068 04       		.uleb128 0x4
 194 0069 04       		.byte	0x4
 195 006a 05       		.byte	0x5
 196 006b 696E7400 		.ascii	"int\000"
 197 006f 02       		.uleb128 0x2
 198 0070 04       		.byte	0x4
 199 0071 07       		.byte	0x7
 200 0072 1F010000 		.4byte	.LASF8
 201 0076 03       		.uleb128 0x3
 202 0077 58010000 		.4byte	.LASF10
 203 007b 03       		.byte	0x3
 204 007c 2C       		.byte	0x2c
 205 007d 41000000 		.4byte	0x41
 206 0081 02       		.uleb128 0x2
 207 0082 04       		.byte	0x4
 208 0083 04       		.byte	0x4
 209 0084 1C000000 		.4byte	.LASF11
 210 0088 02       		.uleb128 0x2
 211 0089 08       		.byte	0x8
 212 008a 04       		.byte	0x4
 213 008b 84000000 		.4byte	.LASF12
 214 008f 02       		.uleb128 0x2
 215 0090 01       		.byte	0x1
 216 0091 08       		.byte	0x8
 217 0092 84010000 		.4byte	.LASF13
 218 0096 02       		.uleb128 0x2
 219 0097 04       		.byte	0x4
 220 0098 07       		.byte	0x7
 221 0099 60010000 		.4byte	.LASF14
 222 009d 05       		.uleb128 0x5
 223 009e 04       		.byte	0x4
 224 009f A3000000 		.4byte	0xa3
 225 00a3 06       		.uleb128 0x6
 226 00a4 8F000000 		.4byte	0x8f
 227 00a8 03       		.uleb128 0x3
 228 00a9 43010000 		.4byte	.LASF15
 229 00ad 04       		.byte	0x4
 230 00ae 7A       		.byte	0x7a
 231 00af 4C000000 		.4byte	0x4c
 232 00b3 07       		.uleb128 0x7
 233 00b4 4A010000 		.4byte	.LASF16
 234 00b8 01       		.byte	0x1
 235 00b9 11       		.byte	0x11
ARM GAS  C:\Users\vedranb\AppData\Local\Temp\ccvKyzIN.s 			page 6


 236 00ba 00000000 		.4byte	.LFB63
 237 00be 1A000000 		.4byte	.LFE63-.LFB63
 238 00c2 01       		.uleb128 0x1
 239 00c3 9C       		.byte	0x9c
 240 00c4 F9000000 		.4byte	0xf9
 241 00c8 08       		.uleb128 0x8
 242 00c9 6100     		.ascii	"a\000"
 243 00cb 01       		.byte	0x1
 244 00cc 11       		.byte	0x11
 245 00cd 68000000 		.4byte	0x68
 246 00d1 00000000 		.4byte	.LLST0
 247 00d5 09       		.uleb128 0x9
 248 00d6 0C000000 		.4byte	.LVL2
 249 00da 85010000 		.4byte	0x185
 250 00de E9000000 		.4byte	0xe9
 251 00e2 0A       		.uleb128 0xa
 252 00e3 01       		.uleb128 0x1
 253 00e4 50       		.byte	0x50
 254 00e5 02       		.uleb128 0x2
 255 00e6 08       		.byte	0x8
 256 00e7 23       		.byte	0x23
 257 00e8 00       		.byte	0
 258 00e9 0B       		.uleb128 0xb
 259 00ea 18000000 		.4byte	.LVL4
 260 00ee 85010000 		.4byte	0x185
 261 00f2 0A       		.uleb128 0xa
 262 00f3 01       		.uleb128 0x1
 263 00f4 50       		.byte	0x50
 264 00f5 01       		.uleb128 0x1
 265 00f6 3A       		.byte	0x3a
 266 00f7 00       		.byte	0
 267 00f8 00       		.byte	0
 268 00f9 07       		.uleb128 0x7
 269 00fa 3F000000 		.4byte	.LASF17
 270 00fe 01       		.byte	0x1
 271 00ff 1B       		.byte	0x1b
 272 0100 00000000 		.4byte	.LFB64
 273 0104 50000000 		.4byte	.LFE64-.LFB64
 274 0108 01       		.uleb128 0x1
 275 0109 9C       		.byte	0x9c
 276 010a 74010000 		.4byte	0x174
 277 010e 0C       		.uleb128 0xc
 278 010f 6900     		.ascii	"i\000"
 279 0111 01       		.byte	0x1
 280 0112 20       		.byte	0x20
 281 0113 68000000 		.4byte	0x68
 282 0117 1E000000 		.4byte	.LLST1
 283 011b 09       		.uleb128 0x9
 284 011c 08000000 		.4byte	.LVL5
 285 0120 9E010000 		.4byte	0x19e
 286 0124 32010000 		.4byte	0x132
 287 0128 0A       		.uleb128 0xa
 288 0129 01       		.uleb128 0x1
 289 012a 50       		.byte	0x50
 290 012b 05       		.uleb128 0x5
 291 012c 03       		.byte	0x3
 292 012d 00000000 		.4byte	.LC0
ARM GAS  C:\Users\vedranb\AppData\Local\Temp\ccvKyzIN.s 			page 7


 293 0131 00       		.byte	0
 294 0132 09       		.uleb128 0x9
 295 0133 0E000000 		.4byte	.LVL6
 296 0137 B7010000 		.4byte	0x1b7
 297 013b 45010000 		.4byte	0x145
 298 013f 0A       		.uleb128 0xa
 299 0140 01       		.uleb128 0x1
 300 0141 50       		.byte	0x50
 301 0142 01       		.uleb128 0x1
 302 0143 30       		.byte	0x30
 303 0144 00       		.byte	0
 304 0145 0D       		.uleb128 0xd
 305 0146 12000000 		.4byte	.LVL7
 306 014a D2010000 		.4byte	0x1d2
 307 014e 0D       		.uleb128 0xd
 308 014f 1A000000 		.4byte	.LVL9
 309 0153 E3010000 		.4byte	0x1e3
 310 0157 0D       		.uleb128 0xd
 311 0158 34000000 		.4byte	.LVL10
 312 015c B3000000 		.4byte	0xb3
 313 0160 0B       		.uleb128 0xb
 314 0161 40000000 		.4byte	.LVL12
 315 0165 9E010000 		.4byte	0x19e
 316 0169 0A       		.uleb128 0xa
 317 016a 01       		.uleb128 0x1
 318 016b 50       		.byte	0x50
 319 016c 05       		.uleb128 0x5
 320 016d 03       		.byte	0x3
 321 016e 14000000 		.4byte	.LC1
 322 0172 00       		.byte	0
 323 0173 00       		.byte	0
 324 0174 0E       		.uleb128 0xe
 325 0175 77000000 		.4byte	.LASF25
 326 0179 06       		.byte	0x6
 327 017a 9606     		.2byte	0x696
 328 017c 80010000 		.4byte	0x180
 329 0180 0F       		.uleb128 0xf
 330 0181 76000000 		.4byte	0x76
 331 0185 10       		.uleb128 0x10
 332 0186 0A000000 		.4byte	.LASF18
 333 018a 05       		.byte	0x5
 334 018b 00       		.byte	0
 335 018c 6F000000 		.4byte	.LASF20
 336 0190 68000000 		.4byte	0x68
 337 0194 9E010000 		.4byte	0x19e
 338 0198 11       		.uleb128 0x11
 339 0199 68000000 		.4byte	0x68
 340 019d 00       		.byte	0
 341 019e 10       		.uleb128 0x10
 342 019f 22000000 		.4byte	.LASF19
 343 01a3 05       		.byte	0x5
 344 01a4 00       		.byte	0
 345 01a5 EF010000 		.4byte	.LASF21
 346 01a9 68000000 		.4byte	0x68
 347 01ad B7010000 		.4byte	0x1b7
 348 01b1 11       		.uleb128 0x11
 349 01b2 9D000000 		.4byte	0x9d
ARM GAS  C:\Users\vedranb\AppData\Local\Temp\ccvKyzIN.s 			page 8


 350 01b6 00       		.byte	0
 351 01b7 12       		.uleb128 0x12
 352 01b8 53010000 		.4byte	.LASF26
 353 01bc 07       		.byte	0x7
 354 01bd 35       		.byte	0x35
 355 01be A8000000 		.4byte	0xa8
 356 01c2 CC010000 		.4byte	0x1cc
 357 01c6 11       		.uleb128 0x11
 358 01c7 CC010000 		.4byte	0x1cc
 359 01cb 00       		.byte	0
 360 01cc 05       		.uleb128 0x5
 361 01cd 04       		.byte	0x4
 362 01ce A8000000 		.4byte	0xa8
 363 01d2 13       		.uleb128 0x13
 364 01d3 8B000000 		.4byte	.LASF27
 365 01d7 08       		.byte	0x8
 366 01d8 83       		.byte	0x83
 367 01d9 E3010000 		.4byte	0x1e3
 368 01dd 11       		.uleb128 0x11
 369 01de 6F000000 		.4byte	0x6f
 370 01e2 00       		.byte	0
 371 01e3 14       		.uleb128 0x14
 372 01e4 00020000 		.4byte	.LASF28
 373 01e8 08       		.byte	0x8
 374 01e9 7D       		.byte	0x7d
 375 01ea 68000000 		.4byte	0x68
 376 01ee 00       		.byte	0
 377              		.section	.debug_abbrev,"",%progbits
 378              	.Ldebug_abbrev0:
 379 0000 01       		.uleb128 0x1
 380 0001 11       		.uleb128 0x11
 381 0002 01       		.byte	0x1
 382 0003 25       		.uleb128 0x25
 383 0004 0E       		.uleb128 0xe
 384 0005 13       		.uleb128 0x13
 385 0006 0B       		.uleb128 0xb
 386 0007 03       		.uleb128 0x3
 387 0008 0E       		.uleb128 0xe
 388 0009 1B       		.uleb128 0x1b
 389 000a 0E       		.uleb128 0xe
 390 000b 55       		.uleb128 0x55
 391 000c 17       		.uleb128 0x17
 392 000d 11       		.uleb128 0x11
 393 000e 01       		.uleb128 0x1
 394 000f 10       		.uleb128 0x10
 395 0010 17       		.uleb128 0x17
 396 0011 00       		.byte	0
 397 0012 00       		.byte	0
 398 0013 02       		.uleb128 0x2
 399 0014 24       		.uleb128 0x24
 400 0015 00       		.byte	0
 401 0016 0B       		.uleb128 0xb
 402 0017 0B       		.uleb128 0xb
 403 0018 3E       		.uleb128 0x3e
 404 0019 0B       		.uleb128 0xb
 405 001a 03       		.uleb128 0x3
 406 001b 0E       		.uleb128 0xe
ARM GAS  C:\Users\vedranb\AppData\Local\Temp\ccvKyzIN.s 			page 9


 407 001c 00       		.byte	0
 408 001d 00       		.byte	0
 409 001e 03       		.uleb128 0x3
 410 001f 16       		.uleb128 0x16
 411 0020 00       		.byte	0
 412 0021 03       		.uleb128 0x3
 413 0022 0E       		.uleb128 0xe
 414 0023 3A       		.uleb128 0x3a
 415 0024 0B       		.uleb128 0xb
 416 0025 3B       		.uleb128 0x3b
 417 0026 0B       		.uleb128 0xb
 418 0027 49       		.uleb128 0x49
 419 0028 13       		.uleb128 0x13
 420 0029 00       		.byte	0
 421 002a 00       		.byte	0
 422 002b 04       		.uleb128 0x4
 423 002c 24       		.uleb128 0x24
 424 002d 00       		.byte	0
 425 002e 0B       		.uleb128 0xb
 426 002f 0B       		.uleb128 0xb
 427 0030 3E       		.uleb128 0x3e
 428 0031 0B       		.uleb128 0xb
 429 0032 03       		.uleb128 0x3
 430 0033 08       		.uleb128 0x8
 431 0034 00       		.byte	0
 432 0035 00       		.byte	0
 433 0036 05       		.uleb128 0x5
 434 0037 0F       		.uleb128 0xf
 435 0038 00       		.byte	0
 436 0039 0B       		.uleb128 0xb
 437 003a 0B       		.uleb128 0xb
 438 003b 49       		.uleb128 0x49
 439 003c 13       		.uleb128 0x13
 440 003d 00       		.byte	0
 441 003e 00       		.byte	0
 442 003f 06       		.uleb128 0x6
 443 0040 26       		.uleb128 0x26
 444 0041 00       		.byte	0
 445 0042 49       		.uleb128 0x49
 446 0043 13       		.uleb128 0x13
 447 0044 00       		.byte	0
 448 0045 00       		.byte	0
 449 0046 07       		.uleb128 0x7
 450 0047 2E       		.uleb128 0x2e
 451 0048 01       		.byte	0x1
 452 0049 3F       		.uleb128 0x3f
 453 004a 19       		.uleb128 0x19
 454 004b 03       		.uleb128 0x3
 455 004c 0E       		.uleb128 0xe
 456 004d 3A       		.uleb128 0x3a
 457 004e 0B       		.uleb128 0xb
 458 004f 3B       		.uleb128 0x3b
 459 0050 0B       		.uleb128 0xb
 460 0051 27       		.uleb128 0x27
 461 0052 19       		.uleb128 0x19
 462 0053 11       		.uleb128 0x11
 463 0054 01       		.uleb128 0x1
ARM GAS  C:\Users\vedranb\AppData\Local\Temp\ccvKyzIN.s 			page 10


 464 0055 12       		.uleb128 0x12
 465 0056 06       		.uleb128 0x6
 466 0057 40       		.uleb128 0x40
 467 0058 18       		.uleb128 0x18
 468 0059 9742     		.uleb128 0x2117
 469 005b 19       		.uleb128 0x19
 470 005c 01       		.uleb128 0x1
 471 005d 13       		.uleb128 0x13
 472 005e 00       		.byte	0
 473 005f 00       		.byte	0
 474 0060 08       		.uleb128 0x8
 475 0061 05       		.uleb128 0x5
 476 0062 00       		.byte	0
 477 0063 03       		.uleb128 0x3
 478 0064 08       		.uleb128 0x8
 479 0065 3A       		.uleb128 0x3a
 480 0066 0B       		.uleb128 0xb
 481 0067 3B       		.uleb128 0x3b
 482 0068 0B       		.uleb128 0xb
 483 0069 49       		.uleb128 0x49
 484 006a 13       		.uleb128 0x13
 485 006b 02       		.uleb128 0x2
 486 006c 17       		.uleb128 0x17
 487 006d 00       		.byte	0
 488 006e 00       		.byte	0
 489 006f 09       		.uleb128 0x9
 490 0070 898201   		.uleb128 0x4109
 491 0073 01       		.byte	0x1
 492 0074 11       		.uleb128 0x11
 493 0075 01       		.uleb128 0x1
 494 0076 31       		.uleb128 0x31
 495 0077 13       		.uleb128 0x13
 496 0078 01       		.uleb128 0x1
 497 0079 13       		.uleb128 0x13
 498 007a 00       		.byte	0
 499 007b 00       		.byte	0
 500 007c 0A       		.uleb128 0xa
 501 007d 8A8201   		.uleb128 0x410a
 502 0080 00       		.byte	0
 503 0081 02       		.uleb128 0x2
 504 0082 18       		.uleb128 0x18
 505 0083 9142     		.uleb128 0x2111
 506 0085 18       		.uleb128 0x18
 507 0086 00       		.byte	0
 508 0087 00       		.byte	0
 509 0088 0B       		.uleb128 0xb
 510 0089 898201   		.uleb128 0x4109
 511 008c 01       		.byte	0x1
 512 008d 11       		.uleb128 0x11
 513 008e 01       		.uleb128 0x1
 514 008f 31       		.uleb128 0x31
 515 0090 13       		.uleb128 0x13
 516 0091 00       		.byte	0
 517 0092 00       		.byte	0
 518 0093 0C       		.uleb128 0xc
 519 0094 34       		.uleb128 0x34
 520 0095 00       		.byte	0
ARM GAS  C:\Users\vedranb\AppData\Local\Temp\ccvKyzIN.s 			page 11


 521 0096 03       		.uleb128 0x3
 522 0097 08       		.uleb128 0x8
 523 0098 3A       		.uleb128 0x3a
 524 0099 0B       		.uleb128 0xb
 525 009a 3B       		.uleb128 0x3b
 526 009b 0B       		.uleb128 0xb
 527 009c 49       		.uleb128 0x49
 528 009d 13       		.uleb128 0x13
 529 009e 02       		.uleb128 0x2
 530 009f 17       		.uleb128 0x17
 531 00a0 00       		.byte	0
 532 00a1 00       		.byte	0
 533 00a2 0D       		.uleb128 0xd
 534 00a3 898201   		.uleb128 0x4109
 535 00a6 00       		.byte	0
 536 00a7 11       		.uleb128 0x11
 537 00a8 01       		.uleb128 0x1
 538 00a9 31       		.uleb128 0x31
 539 00aa 13       		.uleb128 0x13
 540 00ab 00       		.byte	0
 541 00ac 00       		.byte	0
 542 00ad 0E       		.uleb128 0xe
 543 00ae 34       		.uleb128 0x34
 544 00af 00       		.byte	0
 545 00b0 03       		.uleb128 0x3
 546 00b1 0E       		.uleb128 0xe
 547 00b2 3A       		.uleb128 0x3a
 548 00b3 0B       		.uleb128 0xb
 549 00b4 3B       		.uleb128 0x3b
 550 00b5 05       		.uleb128 0x5
 551 00b6 49       		.uleb128 0x49
 552 00b7 13       		.uleb128 0x13
 553 00b8 3F       		.uleb128 0x3f
 554 00b9 19       		.uleb128 0x19
 555 00ba 3C       		.uleb128 0x3c
 556 00bb 19       		.uleb128 0x19
 557 00bc 00       		.byte	0
 558 00bd 00       		.byte	0
 559 00be 0F       		.uleb128 0xf
 560 00bf 35       		.uleb128 0x35
 561 00c0 00       		.byte	0
 562 00c1 49       		.uleb128 0x49
 563 00c2 13       		.uleb128 0x13
 564 00c3 00       		.byte	0
 565 00c4 00       		.byte	0
 566 00c5 10       		.uleb128 0x10
 567 00c6 2E       		.uleb128 0x2e
 568 00c7 01       		.byte	0x1
 569 00c8 3F       		.uleb128 0x3f
 570 00c9 19       		.uleb128 0x19
 571 00ca 03       		.uleb128 0x3
 572 00cb 0E       		.uleb128 0xe
 573 00cc 3A       		.uleb128 0x3a
 574 00cd 0B       		.uleb128 0xb
 575 00ce 3B       		.uleb128 0x3b
 576 00cf 0B       		.uleb128 0xb
 577 00d0 6E       		.uleb128 0x6e
ARM GAS  C:\Users\vedranb\AppData\Local\Temp\ccvKyzIN.s 			page 12


 578 00d1 0E       		.uleb128 0xe
 579 00d2 27       		.uleb128 0x27
 580 00d3 19       		.uleb128 0x19
 581 00d4 49       		.uleb128 0x49
 582 00d5 13       		.uleb128 0x13
 583 00d6 3C       		.uleb128 0x3c
 584 00d7 19       		.uleb128 0x19
 585 00d8 01       		.uleb128 0x1
 586 00d9 13       		.uleb128 0x13
 587 00da 00       		.byte	0
 588 00db 00       		.byte	0
 589 00dc 11       		.uleb128 0x11
 590 00dd 05       		.uleb128 0x5
 591 00de 00       		.byte	0
 592 00df 49       		.uleb128 0x49
 593 00e0 13       		.uleb128 0x13
 594 00e1 00       		.byte	0
 595 00e2 00       		.byte	0
 596 00e3 12       		.uleb128 0x12
 597 00e4 2E       		.uleb128 0x2e
 598 00e5 01       		.byte	0x1
 599 00e6 3F       		.uleb128 0x3f
 600 00e7 19       		.uleb128 0x19
 601 00e8 03       		.uleb128 0x3
 602 00e9 0E       		.uleb128 0xe
 603 00ea 3A       		.uleb128 0x3a
 604 00eb 0B       		.uleb128 0xb
 605 00ec 3B       		.uleb128 0x3b
 606 00ed 0B       		.uleb128 0xb
 607 00ee 27       		.uleb128 0x27
 608 00ef 19       		.uleb128 0x19
 609 00f0 49       		.uleb128 0x49
 610 00f1 13       		.uleb128 0x13
 611 00f2 3C       		.uleb128 0x3c
 612 00f3 19       		.uleb128 0x19
 613 00f4 01       		.uleb128 0x1
 614 00f5 13       		.uleb128 0x13
 615 00f6 00       		.byte	0
 616 00f7 00       		.byte	0
 617 00f8 13       		.uleb128 0x13
 618 00f9 2E       		.uleb128 0x2e
 619 00fa 01       		.byte	0x1
 620 00fb 3F       		.uleb128 0x3f
 621 00fc 19       		.uleb128 0x19
 622 00fd 03       		.uleb128 0x3
 623 00fe 0E       		.uleb128 0xe
 624 00ff 3A       		.uleb128 0x3a
 625 0100 0B       		.uleb128 0xb
 626 0101 3B       		.uleb128 0x3b
 627 0102 0B       		.uleb128 0xb
 628 0103 27       		.uleb128 0x27
 629 0104 19       		.uleb128 0x19
 630 0105 3C       		.uleb128 0x3c
 631 0106 19       		.uleb128 0x19
 632 0107 01       		.uleb128 0x1
 633 0108 13       		.uleb128 0x13
 634 0109 00       		.byte	0
ARM GAS  C:\Users\vedranb\AppData\Local\Temp\ccvKyzIN.s 			page 13


 635 010a 00       		.byte	0
 636 010b 14       		.uleb128 0x14
 637 010c 2E       		.uleb128 0x2e
 638 010d 00       		.byte	0
 639 010e 3F       		.uleb128 0x3f
 640 010f 19       		.uleb128 0x19
 641 0110 03       		.uleb128 0x3
 642 0111 0E       		.uleb128 0xe
 643 0112 3A       		.uleb128 0x3a
 644 0113 0B       		.uleb128 0xb
 645 0114 3B       		.uleb128 0x3b
 646 0115 0B       		.uleb128 0xb
 647 0116 27       		.uleb128 0x27
 648 0117 19       		.uleb128 0x19
 649 0118 49       		.uleb128 0x49
 650 0119 13       		.uleb128 0x13
 651 011a 3C       		.uleb128 0x3c
 652 011b 19       		.uleb128 0x19
 653 011c 00       		.byte	0
 654 011d 00       		.byte	0
 655 011e 00       		.byte	0
 656              		.section	.debug_loc,"",%progbits
 657              	.Ldebug_loc0:
 658              	.LLST0:
 659 0000 00000000 		.4byte	.LVL0
 660 0004 06000000 		.4byte	.LVL1
 661 0008 0100     		.2byte	0x1
 662 000a 50       		.byte	0x50
 663 000b 06000000 		.4byte	.LVL1
 664 000f 1A000000 		.4byte	.LFE63
 665 0013 0100     		.2byte	0x1
 666 0015 54       		.byte	0x54
 667 0016 00000000 		.4byte	0
 668 001a 00000000 		.4byte	0
 669              	.LLST1:
 670 001e 12000000 		.4byte	.LVL7
 671 0022 16000000 		.4byte	.LVL8
 672 0026 0200     		.2byte	0x2
 673 0028 31       		.byte	0x31
 674 0029 9F       		.byte	0x9f
 675 002a 16000000 		.4byte	.LVL8
 676 002e 42000000 		.4byte	.LVL13
 677 0032 0100     		.2byte	0x1
 678 0034 54       		.byte	0x54
 679 0035 00000000 		.4byte	0
 680 0039 00000000 		.4byte	0
 681              		.section	.debug_aranges,"",%progbits
 682 0000 24000000 		.4byte	0x24
 683 0004 0200     		.2byte	0x2
 684 0006 00000000 		.4byte	.Ldebug_info0
 685 000a 04       		.byte	0x4
 686 000b 00       		.byte	0
 687 000c 0000     		.2byte	0
 688 000e 0000     		.2byte	0
 689 0010 00000000 		.4byte	.LFB63
 690 0014 1A000000 		.4byte	.LFE63-.LFB63
 691 0018 00000000 		.4byte	.LFB64
ARM GAS  C:\Users\vedranb\AppData\Local\Temp\ccvKyzIN.s 			page 14


 692 001c 50000000 		.4byte	.LFE64-.LFB64
 693 0020 00000000 		.4byte	0
 694 0024 00000000 		.4byte	0
 695              		.section	.debug_ranges,"",%progbits
 696              	.Ldebug_ranges0:
 697 0000 00000000 		.4byte	.LFB63
 698 0004 1A000000 		.4byte	.LFE63
 699 0008 00000000 		.4byte	.LFB64
 700 000c 50000000 		.4byte	.LFE64
 701 0010 00000000 		.4byte	0
 702 0014 00000000 		.4byte	0
 703              		.section	.debug_line,"",%progbits
 704              	.Ldebug_line0:
 705 0000 19020000 		.section	.debug_str,"MS",%progbits,1
 705      0200DB01 
 705      00000201 
 705      FB0E0D00 
 705      01010101 
 706              	.LASF9:
 707 0000 5F5F696E 		.ascii	"__int32_t\000"
 707      7433325F 
 707      7400
 708              	.LASF18:
 709 000a 5F5F6275 		.ascii	"__builtin_putchar\000"
 709      696C7469 
 709      6E5F7075 
 709      74636861 
 709      7200
 710              	.LASF11:
 711 001c 666C6F61 		.ascii	"float\000"
 711      7400
 712              	.LASF19:
 713 0022 5F5F6275 		.ascii	"__builtin_puts\000"
 713      696C7469 
 713      6E5F7075 
 713      747300
 714              	.LASF1:
 715 0031 756E7369 		.ascii	"unsigned char\000"
 715      676E6564 
 715      20636861 
 715      7200
 716              	.LASF17:
 717 003f 65786572 		.ascii	"exercise13\000"
 717      63697365 
 717      313300
 718              	.LASF5:
 719 004a 6C6F6E67 		.ascii	"long unsigned int\000"
 719      20756E73 
 719      69676E65 
 719      6420696E 
 719      7400
 720              	.LASF3:
 721 005c 73686F72 		.ascii	"short unsigned int\000"
 721      7420756E 
 721      7369676E 
 721      65642069 
 721      6E7400
ARM GAS  C:\Users\vedranb\AppData\Local\Temp\ccvKyzIN.s 			page 15


 722              	.LASF20:
 723 006f 70757463 		.ascii	"putchar\000"
 723      68617200 
 724              	.LASF25:
 725 0077 49544D5F 		.ascii	"ITM_RxBuffer\000"
 725      52784275 
 725      66666572 
 725      00
 726              	.LASF12:
 727 0084 646F7562 		.ascii	"double\000"
 727      6C6500
 728              	.LASF27:
 729 008b 7372616E 		.ascii	"srand\000"
 729      6400
 730              	.LASF22:
 731 0091 474E5520 		.ascii	"GNU C 4.9.3 20150303 (release) [ARM/embedded-4_9-br"
 731      4320342E 
 731      392E3320 
 731      32303135 
 731      30333033 
 732 00c4 616E6368 		.ascii	"anch revision 221220] -mcpu=cortex-m3 -mthumb -g -O"
 732      20726576 
 732      6973696F 
 732      6E203232 
 732      31323230 
 733 00f7 67202D66 		.ascii	"g -ffunction-sections -ffat-lto-objects\000"
 733      66756E63 
 733      74696F6E 
 733      2D736563 
 733      74696F6E 
 734              	.LASF8:
 735 011f 756E7369 		.ascii	"unsigned int\000"
 735      676E6564 
 735      20696E74 
 735      00
 736              	.LASF7:
 737 012c 6C6F6E67 		.ascii	"long long unsigned int\000"
 737      206C6F6E 
 737      6720756E 
 737      7369676E 
 737      65642069 
 738              	.LASF15:
 739 0143 74696D65 		.ascii	"time_t\000"
 739      5F7400
 740              	.LASF16:
 741 014a 68617368 		.ascii	"hashtags\000"
 741      74616773 
 741      00
 742              	.LASF26:
 743 0153 74696D65 		.ascii	"time\000"
 743      00
 744              	.LASF10:
 745 0158 696E7433 		.ascii	"int32_t\000"
 745      325F7400 
 746              	.LASF14:
 747 0160 73697A65 		.ascii	"sizetype\000"
 747      74797065 
ARM GAS  C:\Users\vedranb\AppData\Local\Temp\ccvKyzIN.s 			page 16


 747      00
 748              	.LASF23:
 749 0169 65786572 		.ascii	"exercise13.c\000"
 749      63697365 
 749      31332E63 
 749      00
 750              	.LASF6:
 751 0176 6C6F6E67 		.ascii	"long long int\000"
 751      206C6F6E 
 751      6720696E 
 751      7400
 752              	.LASF13:
 753 0184 63686172 		.ascii	"char\000"
 753      00
 754              	.LASF2:
 755 0189 73686F72 		.ascii	"short int\000"
 755      7420696E 
 755      7400
 756              	.LASF4:
 757 0193 6C6F6E67 		.ascii	"long int\000"
 757      20696E74 
 757      00
 758              	.LASF24:
 759 019c 463A5C4F 		.ascii	"F:\\OneDrive\\Metropolia\\Devices\\Workspaces\\Work"
 759      6E654472 
 759      6976655C 
 759      4D657472 
 759      6F706F6C 
 760 01ca 73706163 		.ascii	"space 1\\Workspace01\\Hello Word.cydsn\000"
 760      6520315C 
 760      576F726B 
 760      73706163 
 760      6530315C 
 761              	.LASF21:
 762 01ef 70757473 		.ascii	"puts\000"
 762      00
 763              	.LASF0:
 764 01f4 7369676E 		.ascii	"signed char\000"
 764      65642063 
 764      68617200 
 765              	.LASF28:
 766 0200 72616E64 		.ascii	"rand\000"
 766      00
 767              		.ident	"GCC: (GNU Tools for ARM Embedded Processors) 4.9.3 20150303 (release) [ARM/embedded-4_9-br
