ARM GAS  C:\Users\vedranb\AppData\Local\Temp\cc1KOH32.s 			page 1


   1              		.syntax unified
   2              		.cpu cortex-m3
   3              		.fpu softvfp
   4              		.eabi_attribute 20, 1
   5              		.eabi_attribute 21, 1
   6              		.eabi_attribute 23, 3
   7              		.eabi_attribute 24, 1
   8              		.eabi_attribute 25, 1
   9              		.eabi_attribute 26, 1
  10              		.eabi_attribute 30, 1
  11              		.eabi_attribute 34, 1
  12              		.eabi_attribute 18, 4
  13              		.thumb
  14              		.file	"exercise14.c"
  15              		.text
  16              	.Ltext0:
  17              		.cfi_sections	.debug_frame
  18              		.section	.text.getvalue,"ax",%progbits
  19              		.align	2
  20              		.global	getvalue
  21              		.thumb
  22              		.thumb_func
  23              		.type	getvalue, %function
  24              	getvalue:
  25              	.LFB63:
  26              		.file 1 "exercise14.c"
   1:exercise14.c  **** /* ========================================
   2:exercise14.c  ****  *
   3:exercise14.c  ****  * Copyright YOUR COMPANY, THE YEAR
   4:exercise14.c  ****  * All Rights Reserved
   5:exercise14.c  ****  * UNPUBLISHED, LICENSED SOFTWARE.
   6:exercise14.c  ****  *
   7:exercise14.c  ****  * CONFIDENTIAL AND PROPRIETARY INFORMATION
   8:exercise14.c  ****  * WHICH IS THE PROPERTY OF your company.
   9:exercise14.c  ****  *
  10:exercise14.c  ****  * ========================================
  11:exercise14.c  **** */
  12:exercise14.c  **** #include "project.h"
  13:exercise14.c  **** #include <stdio.h>
  14:exercise14.c  **** #include "common_functions.h"
  15:exercise14.c  **** 
  16:exercise14.c  **** 
  17:exercise14.c  **** int getvalue(int low, int high){
  27              		.loc 1 17 0
  28              		.cfi_startproc
  29              		@ args = 0, pretend = 0, frame = 0
  30              		@ frame_needed = 0, uses_anonymous_args = 0
  31              	.LVL0:
  32 0000 70B5     		push	{r4, r5, r6, lr}
  33              		.cfi_def_cfa_offset 16
  34              		.cfi_offset 4, -16
  35              		.cfi_offset 5, -12
  36              		.cfi_offset 6, -8
  37              		.cfi_offset 14, -4
  38 0002 0546     		mov	r5, r0
  39 0004 0E46     		mov	r6, r1
  40              	.LVL1:
ARM GAS  C:\Users\vedranb\AppData\Local\Temp\cc1KOH32.s 			page 2


  41              	.L4:
  18:exercise14.c  ****     int value;
  19:exercise14.c  **** 
  20:exercise14.c  ****     do{
  21:exercise14.c  ****         printf("Please enter the value between %d and %d\n", low, high);
  42              		.loc 1 21 0
  43 0006 0A48     		ldr	r0, .L6
  44 0008 2946     		mov	r1, r5
  45 000a 3246     		mov	r2, r6
  46 000c FFF7FEFF 		bl	printf
  47              	.LVL2:
  22:exercise14.c  ****         value = readInt();
  48              		.loc 1 22 0
  49 0010 FFF7FEFF 		bl	readInt
  50              	.LVL3:
  51 0014 0446     		mov	r4, r0
  52              	.LVL4:
  23:exercise14.c  ****         if(value < low || value > high){
  53              		.loc 1 23 0
  54 0016 A842     		cmp	r0, r5
  55 0018 01DB     		blt	.L2
  56              		.loc 1 23 0 is_stmt 0 discriminator 1
  57 001a B042     		cmp	r0, r6
  58 001c 02DD     		ble	.L3
  59              	.L2:
  24:exercise14.c  ****             printf("Error, please respect the boundaries, try again\n");
  60              		.loc 1 24 0 is_stmt 1
  61 001e 0548     		ldr	r0, .L6+4
  62              	.LVL5:
  63 0020 FFF7FEFF 		bl	puts
  64              	.LVL6:
  65              	.L3:
  25:exercise14.c  ****         }
  26:exercise14.c  ****     }
  27:exercise14.c  ****     while(value < low || value > high);
  66              		.loc 1 27 0
  67 0024 AC42     		cmp	r4, r5
  68 0026 EEDB     		blt	.L4
  69              		.loc 1 27 0 is_stmt 0 discriminator 1
  70 0028 B442     		cmp	r4, r6
  71 002a ECDC     		bgt	.L4
  28:exercise14.c  **** 
  29:exercise14.c  ****     return value;
  30:exercise14.c  **** }
  72              		.loc 1 30 0 is_stmt 1
  73 002c 2046     		mov	r0, r4
  74 002e 70BD     		pop	{r4, r5, r6, pc}
  75              	.LVL7:
  76              	.L7:
  77              		.align	2
  78              	.L6:
  79 0030 00000000 		.word	.LC0
  80 0034 2C000000 		.word	.LC1
  81              		.cfi_endproc
  82              	.LFE63:
  83              		.size	getvalue, .-getvalue
  84              		.section	.text.exercise14,"ax",%progbits
ARM GAS  C:\Users\vedranb\AppData\Local\Temp\cc1KOH32.s 			page 3


  85              		.align	2
  86              		.global	exercise14
  87              		.thumb
  88              		.thumb_func
  89              		.type	exercise14, %function
  90              	exercise14:
  91              	.LFB64:
  31:exercise14.c  **** 
  32:exercise14.c  **** void exercise14(void)
  33:exercise14.c  **** {
  92              		.loc 1 33 0
  93              		.cfi_startproc
  94              		@ args = 0, pretend = 0, frame = 0
  95              		@ frame_needed = 0, uses_anonymous_args = 0
  96 0000 10B5     		push	{r4, lr}
  97              		.cfi_def_cfa_offset 8
  98              		.cfi_offset 4, -8
  99              		.cfi_offset 14, -4
  34:exercise14.c  ****      //Exercise 14
  35:exercise14.c  ****     printf("\n\nExercise 14. \n\n");
 100              		.loc 1 35 0
 101 0002 0C48     		ldr	r0, .L10
 102 0004 FFF7FEFF 		bl	puts
 103              	.LVL8:
  36:exercise14.c  ****     int a, b;
  37:exercise14.c  **** 
  38:exercise14.c  ****     a = getvalue(10,20);
 104              		.loc 1 38 0
 105 0008 0A20     		movs	r0, #10
 106 000a 1421     		movs	r1, #20
 107 000c FFF7FEFF 		bl	getvalue
 108              	.LVL9:
 109 0010 0446     		mov	r4, r0
 110              	.LVL10:
  39:exercise14.c  ****     b = getvalue(0,5);
 111              		.loc 1 39 0
 112 0012 0020     		movs	r0, #0
 113              	.LVL11:
 114 0014 0521     		movs	r1, #5
 115 0016 FFF7FEFF 		bl	getvalue
 116              	.LVL12:
 117 001a 0346     		mov	r3, r0
 118              	.LVL13:
  40:exercise14.c  **** 
  41:exercise14.c  ****     printf("%d multiplied by %d is %d.\n", a, b, a * b);
 119              		.loc 1 41 0
 120 001c 0648     		ldr	r0, .L10+4
 121              	.LVL14:
 122 001e 2146     		mov	r1, r4
 123 0020 1A46     		mov	r2, r3
 124 0022 03FB04F3 		mul	r3, r3, r4
 125              	.LVL15:
 126 0026 FFF7FEFF 		bl	printf
 127              	.LVL16:
  42:exercise14.c  **** 
  43:exercise14.c  ****     printf("\nEnd of Exercise 14. \n\n");
 128              		.loc 1 43 0
ARM GAS  C:\Users\vedranb\AppData\Local\Temp\cc1KOH32.s 			page 4


 129 002a 0448     		ldr	r0, .L10+8
 130 002c FFF7FEFF 		bl	puts
 131              	.LVL17:
 132 0030 10BD     		pop	{r4, pc}
 133              	.LVL18:
 134              	.L11:
 135 0032 00BF     		.align	2
 136              	.L10:
 137 0034 5C000000 		.word	.LC2
 138 0038 70000000 		.word	.LC3
 139 003c 8C000000 		.word	.LC4
 140              		.cfi_endproc
 141              	.LFE64:
 142              		.size	exercise14, .-exercise14
 143              		.section	.rodata.str1.4,"aMS",%progbits,1
 144              		.align	2
 145              	.LC0:
 146 0000 506C6561 		.ascii	"Please enter the value between %d and %d\012\000"
 146      73652065 
 146      6E746572 
 146      20746865 
 146      2076616C 
 147 002a 0000     		.space	2
 148              	.LC1:
 149 002c 4572726F 		.ascii	"Error, please respect the boundaries, try again\000"
 149      722C2070 
 149      6C656173 
 149      65207265 
 149      73706563 
 150              	.LC2:
 151 005c 0A0A4578 		.ascii	"\012\012Exercise 14. \012\000"
 151      65726369 
 151      73652031 
 151      342E200A 
 151      00
 152 006d 000000   		.space	3
 153              	.LC3:
 154 0070 2564206D 		.ascii	"%d multiplied by %d is %d.\012\000"
 154      756C7469 
 154      706C6965 
 154      64206279 
 154      20256420 
 155              	.LC4:
 156 008c 0A456E64 		.ascii	"\012End of Exercise 14. \012\000"
 156      206F6620 
 156      45786572 
 156      63697365 
 156      2031342E 
 157 00a3 00       		.text
 158              	.Letext0:
 159              		.file 2 "c:\\program files (x86)\\cypress\\psoc creator\\4.0\\psoc creator\\import\\gnu\\arm\\4.9.
 160              		.file 3 "c:\\program files (x86)\\cypress\\psoc creator\\4.0\\psoc creator\\import\\gnu\\arm\\4.9.
 161              		.file 4 "c:\\program files (x86)\\cypress\\psoc creator\\4.0\\psoc creator\\import\\gnu\\arm\\4.9.
 162              		.file 5 "<built-in>"
 163              		.file 6 "Generated_Source\\PSoC5/core_cm3.h"
 164              		.file 7 "common_functions.h"
 165              		.section	.debug_info,"",%progbits
ARM GAS  C:\Users\vedranb\AppData\Local\Temp\cc1KOH32.s 			page 5


 166              	.Ldebug_info0:
 167 0000 19020000 		.4byte	0x219
 168 0004 0400     		.2byte	0x4
 169 0006 00000000 		.4byte	.Ldebug_abbrev0
 170 000a 04       		.byte	0x4
 171 000b 01       		.uleb128 0x1
 172 000c 91000000 		.4byte	.LASF19
 173 0010 01       		.byte	0x1
 174 0011 00000000 		.4byte	.LASF20
 175 0015 81010000 		.4byte	.LASF21
 176 0019 00000000 		.4byte	.Ldebug_ranges0+0
 177 001d 00000000 		.4byte	0
 178 0021 00000000 		.4byte	.Ldebug_line0
 179 0025 02       		.uleb128 0x2
 180 0026 01       		.byte	0x1
 181 0027 06       		.byte	0x6
 182 0028 E2010000 		.4byte	.LASF0
 183 002c 02       		.uleb128 0x2
 184 002d 01       		.byte	0x1
 185 002e 08       		.byte	0x8
 186 002f 52000000 		.4byte	.LASF1
 187 0033 02       		.uleb128 0x2
 188 0034 02       		.byte	0x2
 189 0035 05       		.byte	0x5
 190 0036 6E010000 		.4byte	.LASF2
 191 003a 02       		.uleb128 0x2
 192 003b 02       		.byte	0x2
 193 003c 07       		.byte	0x7
 194 003d 22000000 		.4byte	.LASF3
 195 0041 03       		.uleb128 0x3
 196 0042 18000000 		.4byte	.LASF9
 197 0046 02       		.byte	0x2
 198 0047 3F       		.byte	0x3f
 199 0048 4C000000 		.4byte	0x4c
 200 004c 02       		.uleb128 0x2
 201 004d 04       		.byte	0x4
 202 004e 05       		.byte	0x5
 203 004f 78010000 		.4byte	.LASF4
 204 0053 02       		.uleb128 0x2
 205 0054 04       		.byte	0x4
 206 0055 07       		.byte	0x7
 207 0056 60000000 		.4byte	.LASF5
 208 005a 02       		.uleb128 0x2
 209 005b 08       		.byte	0x8
 210 005c 05       		.byte	0x5
 211 005d 54010000 		.4byte	.LASF6
 212 0061 02       		.uleb128 0x2
 213 0062 08       		.byte	0x8
 214 0063 07       		.byte	0x7
 215 0064 2C010000 		.4byte	.LASF7
 216 0068 04       		.uleb128 0x4
 217 0069 04       		.byte	0x4
 218 006a 05       		.byte	0x5
 219 006b 696E7400 		.ascii	"int\000"
 220 006f 02       		.uleb128 0x2
 221 0070 04       		.byte	0x4
 222 0071 07       		.byte	0x7
ARM GAS  C:\Users\vedranb\AppData\Local\Temp\cc1KOH32.s 			page 6


 223 0072 1F010000 		.4byte	.LASF8
 224 0076 03       		.uleb128 0x3
 225 0077 43010000 		.4byte	.LASF10
 226 007b 03       		.byte	0x3
 227 007c 2C       		.byte	0x2c
 228 007d 41000000 		.4byte	0x41
 229 0081 02       		.uleb128 0x2
 230 0082 04       		.byte	0x4
 231 0083 04       		.byte	0x4
 232 0084 3D000000 		.4byte	.LASF11
 233 0088 02       		.uleb128 0x2
 234 0089 08       		.byte	0x8
 235 008a 04       		.byte	0x4
 236 008b 8A000000 		.4byte	.LASF12
 237 008f 02       		.uleb128 0x2
 238 0090 01       		.byte	0x1
 239 0091 08       		.byte	0x8
 240 0092 62010000 		.4byte	.LASF13
 241 0096 02       		.uleb128 0x2
 242 0097 04       		.byte	0x4
 243 0098 07       		.byte	0x7
 244 0099 4B010000 		.4byte	.LASF14
 245 009d 05       		.uleb128 0x5
 246 009e 04       		.byte	0x4
 247 009f A3000000 		.4byte	0xa3
 248 00a3 06       		.uleb128 0x6
 249 00a4 8F000000 		.4byte	0x8f
 250 00a8 07       		.uleb128 0x7
 251 00a9 D4010000 		.4byte	.LASF22
 252 00ad 01       		.byte	0x1
 253 00ae 11       		.byte	0x11
 254 00af 68000000 		.4byte	0x68
 255 00b3 00000000 		.4byte	.LFB63
 256 00b7 38000000 		.4byte	.LFE63-.LFB63
 257 00bb 01       		.uleb128 0x1
 258 00bc 9C       		.byte	0x9c
 259 00bd 2E010000 		.4byte	0x12e
 260 00c1 08       		.uleb128 0x8
 261 00c2 6C6F7700 		.ascii	"low\000"
 262 00c6 01       		.byte	0x1
 263 00c7 11       		.byte	0x11
 264 00c8 68000000 		.4byte	0x68
 265 00cc 00000000 		.4byte	.LLST0
 266 00d0 09       		.uleb128 0x9
 267 00d1 0D000000 		.4byte	.LASF15
 268 00d5 01       		.byte	0x1
 269 00d6 11       		.byte	0x11
 270 00d7 68000000 		.4byte	0x68
 271 00db 2C000000 		.4byte	.LLST1
 272 00df 0A       		.uleb128 0xa
 273 00e0 12000000 		.4byte	.LASF16
 274 00e4 01       		.byte	0x1
 275 00e5 12       		.byte	0x12
 276 00e6 68000000 		.4byte	0x68
 277 00ea 58000000 		.4byte	.LLST2
 278 00ee 0B       		.uleb128 0xb
 279 00ef 10000000 		.4byte	.LVL2
ARM GAS  C:\Users\vedranb\AppData\Local\Temp\cc1KOH32.s 			page 7


 280 00f3 E6010000 		.4byte	0x1e6
 281 00f7 11010000 		.4byte	0x111
 282 00fb 0C       		.uleb128 0xc
 283 00fc 01       		.uleb128 0x1
 284 00fd 52       		.byte	0x52
 285 00fe 02       		.uleb128 0x2
 286 00ff 76       		.byte	0x76
 287 0100 00       		.sleb128 0
 288 0101 0C       		.uleb128 0xc
 289 0102 01       		.uleb128 0x1
 290 0103 51       		.byte	0x51
 291 0104 02       		.uleb128 0x2
 292 0105 75       		.byte	0x75
 293 0106 00       		.sleb128 0
 294 0107 0C       		.uleb128 0xc
 295 0108 01       		.uleb128 0x1
 296 0109 50       		.byte	0x50
 297 010a 05       		.uleb128 0x5
 298 010b 03       		.byte	0x3
 299 010c 00000000 		.4byte	.LC0
 300 0110 00       		.byte	0
 301 0111 0D       		.uleb128 0xd
 302 0112 14000000 		.4byte	.LVL3
 303 0116 FC010000 		.4byte	0x1fc
 304 011a 0E       		.uleb128 0xe
 305 011b 24000000 		.4byte	.LVL6
 306 011f 07020000 		.4byte	0x207
 307 0123 0C       		.uleb128 0xc
 308 0124 01       		.uleb128 0x1
 309 0125 50       		.byte	0x50
 310 0126 05       		.uleb128 0x5
 311 0127 03       		.byte	0x3
 312 0128 2C000000 		.4byte	.LC1
 313 012c 00       		.byte	0
 314 012d 00       		.byte	0
 315 012e 0F       		.uleb128 0xf
 316 012f 72000000 		.4byte	.LASF23
 317 0133 01       		.byte	0x1
 318 0134 20       		.byte	0x20
 319 0135 00000000 		.4byte	.LFB64
 320 0139 40000000 		.4byte	.LFE64-.LFB64
 321 013d 01       		.uleb128 0x1
 322 013e 9C       		.byte	0x9c
 323 013f D5010000 		.4byte	0x1d5
 324 0143 10       		.uleb128 0x10
 325 0144 6100     		.ascii	"a\000"
 326 0146 01       		.byte	0x1
 327 0147 24       		.byte	0x24
 328 0148 68000000 		.4byte	0x68
 329 014c 81000000 		.4byte	.LLST3
 330 0150 10       		.uleb128 0x10
 331 0151 6200     		.ascii	"b\000"
 332 0153 01       		.byte	0x1
 333 0154 24       		.byte	0x24
 334 0155 68000000 		.4byte	0x68
 335 0159 9F000000 		.4byte	.LLST4
 336 015d 0B       		.uleb128 0xb
ARM GAS  C:\Users\vedranb\AppData\Local\Temp\cc1KOH32.s 			page 8


 337 015e 08000000 		.4byte	.LVL8
 338 0162 07020000 		.4byte	0x207
 339 0166 74010000 		.4byte	0x174
 340 016a 0C       		.uleb128 0xc
 341 016b 01       		.uleb128 0x1
 342 016c 50       		.byte	0x50
 343 016d 05       		.uleb128 0x5
 344 016e 03       		.byte	0x3
 345 016f 5C000000 		.4byte	.LC2
 346 0173 00       		.byte	0
 347 0174 0B       		.uleb128 0xb
 348 0175 10000000 		.4byte	.LVL9
 349 0179 A8000000 		.4byte	0xa8
 350 017d 8C010000 		.4byte	0x18c
 351 0181 0C       		.uleb128 0xc
 352 0182 01       		.uleb128 0x1
 353 0183 51       		.byte	0x51
 354 0184 01       		.uleb128 0x1
 355 0185 44       		.byte	0x44
 356 0186 0C       		.uleb128 0xc
 357 0187 01       		.uleb128 0x1
 358 0188 50       		.byte	0x50
 359 0189 01       		.uleb128 0x1
 360 018a 3A       		.byte	0x3a
 361 018b 00       		.byte	0
 362 018c 0B       		.uleb128 0xb
 363 018d 1A000000 		.4byte	.LVL12
 364 0191 A8000000 		.4byte	0xa8
 365 0195 A4010000 		.4byte	0x1a4
 366 0199 0C       		.uleb128 0xc
 367 019a 01       		.uleb128 0x1
 368 019b 51       		.byte	0x51
 369 019c 01       		.uleb128 0x1
 370 019d 35       		.byte	0x35
 371 019e 0C       		.uleb128 0xc
 372 019f 01       		.uleb128 0x1
 373 01a0 50       		.byte	0x50
 374 01a1 01       		.uleb128 0x1
 375 01a2 30       		.byte	0x30
 376 01a3 00       		.byte	0
 377 01a4 0B       		.uleb128 0xb
 378 01a5 2A000000 		.4byte	.LVL16
 379 01a9 E6010000 		.4byte	0x1e6
 380 01ad C1010000 		.4byte	0x1c1
 381 01b1 0C       		.uleb128 0xc
 382 01b2 01       		.uleb128 0x1
 383 01b3 51       		.byte	0x51
 384 01b4 02       		.uleb128 0x2
 385 01b5 74       		.byte	0x74
 386 01b6 00       		.sleb128 0
 387 01b7 0C       		.uleb128 0xc
 388 01b8 01       		.uleb128 0x1
 389 01b9 50       		.byte	0x50
 390 01ba 05       		.uleb128 0x5
 391 01bb 03       		.byte	0x3
 392 01bc 70000000 		.4byte	.LC3
 393 01c0 00       		.byte	0
ARM GAS  C:\Users\vedranb\AppData\Local\Temp\cc1KOH32.s 			page 9


 394 01c1 0E       		.uleb128 0xe
 395 01c2 30000000 		.4byte	.LVL17
 396 01c6 07020000 		.4byte	0x207
 397 01ca 0C       		.uleb128 0xc
 398 01cb 01       		.uleb128 0x1
 399 01cc 50       		.byte	0x50
 400 01cd 05       		.uleb128 0x5
 401 01ce 03       		.byte	0x3
 402 01cf 8C000000 		.4byte	.LC4
 403 01d3 00       		.byte	0
 404 01d4 00       		.byte	0
 405 01d5 11       		.uleb128 0x11
 406 01d6 7D000000 		.4byte	.LASF24
 407 01da 06       		.byte	0x6
 408 01db 9606     		.2byte	0x696
 409 01dd E1010000 		.4byte	0x1e1
 410 01e1 12       		.uleb128 0x12
 411 01e2 76000000 		.4byte	0x76
 412 01e6 13       		.uleb128 0x13
 413 01e7 67010000 		.4byte	.LASF17
 414 01eb 04       		.byte	0x4
 415 01ec B2       		.byte	0xb2
 416 01ed 68000000 		.4byte	0x68
 417 01f1 FC010000 		.4byte	0x1fc
 418 01f5 14       		.uleb128 0x14
 419 01f6 9D000000 		.4byte	0x9d
 420 01fa 15       		.uleb128 0x15
 421 01fb 00       		.byte	0
 422 01fc 16       		.uleb128 0x16
 423 01fd 35000000 		.4byte	.LASF25
 424 0201 07       		.byte	0x7
 425 0202 0D       		.byte	0xd
 426 0203 68000000 		.4byte	0x68
 427 0207 17       		.uleb128 0x17
 428 0208 43000000 		.4byte	.LASF18
 429 020c 05       		.byte	0x5
 430 020d 00       		.byte	0
 431 020e DD010000 		.4byte	.LASF26
 432 0212 68000000 		.4byte	0x68
 433 0216 14       		.uleb128 0x14
 434 0217 9D000000 		.4byte	0x9d
 435 021b 00       		.byte	0
 436 021c 00       		.byte	0
 437              		.section	.debug_abbrev,"",%progbits
 438              	.Ldebug_abbrev0:
 439 0000 01       		.uleb128 0x1
 440 0001 11       		.uleb128 0x11
 441 0002 01       		.byte	0x1
 442 0003 25       		.uleb128 0x25
 443 0004 0E       		.uleb128 0xe
 444 0005 13       		.uleb128 0x13
 445 0006 0B       		.uleb128 0xb
 446 0007 03       		.uleb128 0x3
 447 0008 0E       		.uleb128 0xe
 448 0009 1B       		.uleb128 0x1b
 449 000a 0E       		.uleb128 0xe
 450 000b 55       		.uleb128 0x55
ARM GAS  C:\Users\vedranb\AppData\Local\Temp\cc1KOH32.s 			page 10


 451 000c 17       		.uleb128 0x17
 452 000d 11       		.uleb128 0x11
 453 000e 01       		.uleb128 0x1
 454 000f 10       		.uleb128 0x10
 455 0010 17       		.uleb128 0x17
 456 0011 00       		.byte	0
 457 0012 00       		.byte	0
 458 0013 02       		.uleb128 0x2
 459 0014 24       		.uleb128 0x24
 460 0015 00       		.byte	0
 461 0016 0B       		.uleb128 0xb
 462 0017 0B       		.uleb128 0xb
 463 0018 3E       		.uleb128 0x3e
 464 0019 0B       		.uleb128 0xb
 465 001a 03       		.uleb128 0x3
 466 001b 0E       		.uleb128 0xe
 467 001c 00       		.byte	0
 468 001d 00       		.byte	0
 469 001e 03       		.uleb128 0x3
 470 001f 16       		.uleb128 0x16
 471 0020 00       		.byte	0
 472 0021 03       		.uleb128 0x3
 473 0022 0E       		.uleb128 0xe
 474 0023 3A       		.uleb128 0x3a
 475 0024 0B       		.uleb128 0xb
 476 0025 3B       		.uleb128 0x3b
 477 0026 0B       		.uleb128 0xb
 478 0027 49       		.uleb128 0x49
 479 0028 13       		.uleb128 0x13
 480 0029 00       		.byte	0
 481 002a 00       		.byte	0
 482 002b 04       		.uleb128 0x4
 483 002c 24       		.uleb128 0x24
 484 002d 00       		.byte	0
 485 002e 0B       		.uleb128 0xb
 486 002f 0B       		.uleb128 0xb
 487 0030 3E       		.uleb128 0x3e
 488 0031 0B       		.uleb128 0xb
 489 0032 03       		.uleb128 0x3
 490 0033 08       		.uleb128 0x8
 491 0034 00       		.byte	0
 492 0035 00       		.byte	0
 493 0036 05       		.uleb128 0x5
 494 0037 0F       		.uleb128 0xf
 495 0038 00       		.byte	0
 496 0039 0B       		.uleb128 0xb
 497 003a 0B       		.uleb128 0xb
 498 003b 49       		.uleb128 0x49
 499 003c 13       		.uleb128 0x13
 500 003d 00       		.byte	0
 501 003e 00       		.byte	0
 502 003f 06       		.uleb128 0x6
 503 0040 26       		.uleb128 0x26
 504 0041 00       		.byte	0
 505 0042 49       		.uleb128 0x49
 506 0043 13       		.uleb128 0x13
 507 0044 00       		.byte	0
ARM GAS  C:\Users\vedranb\AppData\Local\Temp\cc1KOH32.s 			page 11


 508 0045 00       		.byte	0
 509 0046 07       		.uleb128 0x7
 510 0047 2E       		.uleb128 0x2e
 511 0048 01       		.byte	0x1
 512 0049 3F       		.uleb128 0x3f
 513 004a 19       		.uleb128 0x19
 514 004b 03       		.uleb128 0x3
 515 004c 0E       		.uleb128 0xe
 516 004d 3A       		.uleb128 0x3a
 517 004e 0B       		.uleb128 0xb
 518 004f 3B       		.uleb128 0x3b
 519 0050 0B       		.uleb128 0xb
 520 0051 27       		.uleb128 0x27
 521 0052 19       		.uleb128 0x19
 522 0053 49       		.uleb128 0x49
 523 0054 13       		.uleb128 0x13
 524 0055 11       		.uleb128 0x11
 525 0056 01       		.uleb128 0x1
 526 0057 12       		.uleb128 0x12
 527 0058 06       		.uleb128 0x6
 528 0059 40       		.uleb128 0x40
 529 005a 18       		.uleb128 0x18
 530 005b 9742     		.uleb128 0x2117
 531 005d 19       		.uleb128 0x19
 532 005e 01       		.uleb128 0x1
 533 005f 13       		.uleb128 0x13
 534 0060 00       		.byte	0
 535 0061 00       		.byte	0
 536 0062 08       		.uleb128 0x8
 537 0063 05       		.uleb128 0x5
 538 0064 00       		.byte	0
 539 0065 03       		.uleb128 0x3
 540 0066 08       		.uleb128 0x8
 541 0067 3A       		.uleb128 0x3a
 542 0068 0B       		.uleb128 0xb
 543 0069 3B       		.uleb128 0x3b
 544 006a 0B       		.uleb128 0xb
 545 006b 49       		.uleb128 0x49
 546 006c 13       		.uleb128 0x13
 547 006d 02       		.uleb128 0x2
 548 006e 17       		.uleb128 0x17
 549 006f 00       		.byte	0
 550 0070 00       		.byte	0
 551 0071 09       		.uleb128 0x9
 552 0072 05       		.uleb128 0x5
 553 0073 00       		.byte	0
 554 0074 03       		.uleb128 0x3
 555 0075 0E       		.uleb128 0xe
 556 0076 3A       		.uleb128 0x3a
 557 0077 0B       		.uleb128 0xb
 558 0078 3B       		.uleb128 0x3b
 559 0079 0B       		.uleb128 0xb
 560 007a 49       		.uleb128 0x49
 561 007b 13       		.uleb128 0x13
 562 007c 02       		.uleb128 0x2
 563 007d 17       		.uleb128 0x17
 564 007e 00       		.byte	0
ARM GAS  C:\Users\vedranb\AppData\Local\Temp\cc1KOH32.s 			page 12


 565 007f 00       		.byte	0
 566 0080 0A       		.uleb128 0xa
 567 0081 34       		.uleb128 0x34
 568 0082 00       		.byte	0
 569 0083 03       		.uleb128 0x3
 570 0084 0E       		.uleb128 0xe
 571 0085 3A       		.uleb128 0x3a
 572 0086 0B       		.uleb128 0xb
 573 0087 3B       		.uleb128 0x3b
 574 0088 0B       		.uleb128 0xb
 575 0089 49       		.uleb128 0x49
 576 008a 13       		.uleb128 0x13
 577 008b 02       		.uleb128 0x2
 578 008c 17       		.uleb128 0x17
 579 008d 00       		.byte	0
 580 008e 00       		.byte	0
 581 008f 0B       		.uleb128 0xb
 582 0090 898201   		.uleb128 0x4109
 583 0093 01       		.byte	0x1
 584 0094 11       		.uleb128 0x11
 585 0095 01       		.uleb128 0x1
 586 0096 31       		.uleb128 0x31
 587 0097 13       		.uleb128 0x13
 588 0098 01       		.uleb128 0x1
 589 0099 13       		.uleb128 0x13
 590 009a 00       		.byte	0
 591 009b 00       		.byte	0
 592 009c 0C       		.uleb128 0xc
 593 009d 8A8201   		.uleb128 0x410a
 594 00a0 00       		.byte	0
 595 00a1 02       		.uleb128 0x2
 596 00a2 18       		.uleb128 0x18
 597 00a3 9142     		.uleb128 0x2111
 598 00a5 18       		.uleb128 0x18
 599 00a6 00       		.byte	0
 600 00a7 00       		.byte	0
 601 00a8 0D       		.uleb128 0xd
 602 00a9 898201   		.uleb128 0x4109
 603 00ac 00       		.byte	0
 604 00ad 11       		.uleb128 0x11
 605 00ae 01       		.uleb128 0x1
 606 00af 31       		.uleb128 0x31
 607 00b0 13       		.uleb128 0x13
 608 00b1 00       		.byte	0
 609 00b2 00       		.byte	0
 610 00b3 0E       		.uleb128 0xe
 611 00b4 898201   		.uleb128 0x4109
 612 00b7 01       		.byte	0x1
 613 00b8 11       		.uleb128 0x11
 614 00b9 01       		.uleb128 0x1
 615 00ba 31       		.uleb128 0x31
 616 00bb 13       		.uleb128 0x13
 617 00bc 00       		.byte	0
 618 00bd 00       		.byte	0
 619 00be 0F       		.uleb128 0xf
 620 00bf 2E       		.uleb128 0x2e
 621 00c0 01       		.byte	0x1
ARM GAS  C:\Users\vedranb\AppData\Local\Temp\cc1KOH32.s 			page 13


 622 00c1 3F       		.uleb128 0x3f
 623 00c2 19       		.uleb128 0x19
 624 00c3 03       		.uleb128 0x3
 625 00c4 0E       		.uleb128 0xe
 626 00c5 3A       		.uleb128 0x3a
 627 00c6 0B       		.uleb128 0xb
 628 00c7 3B       		.uleb128 0x3b
 629 00c8 0B       		.uleb128 0xb
 630 00c9 27       		.uleb128 0x27
 631 00ca 19       		.uleb128 0x19
 632 00cb 11       		.uleb128 0x11
 633 00cc 01       		.uleb128 0x1
 634 00cd 12       		.uleb128 0x12
 635 00ce 06       		.uleb128 0x6
 636 00cf 40       		.uleb128 0x40
 637 00d0 18       		.uleb128 0x18
 638 00d1 9742     		.uleb128 0x2117
 639 00d3 19       		.uleb128 0x19
 640 00d4 01       		.uleb128 0x1
 641 00d5 13       		.uleb128 0x13
 642 00d6 00       		.byte	0
 643 00d7 00       		.byte	0
 644 00d8 10       		.uleb128 0x10
 645 00d9 34       		.uleb128 0x34
 646 00da 00       		.byte	0
 647 00db 03       		.uleb128 0x3
 648 00dc 08       		.uleb128 0x8
 649 00dd 3A       		.uleb128 0x3a
 650 00de 0B       		.uleb128 0xb
 651 00df 3B       		.uleb128 0x3b
 652 00e0 0B       		.uleb128 0xb
 653 00e1 49       		.uleb128 0x49
 654 00e2 13       		.uleb128 0x13
 655 00e3 02       		.uleb128 0x2
 656 00e4 17       		.uleb128 0x17
 657 00e5 00       		.byte	0
 658 00e6 00       		.byte	0
 659 00e7 11       		.uleb128 0x11
 660 00e8 34       		.uleb128 0x34
 661 00e9 00       		.byte	0
 662 00ea 03       		.uleb128 0x3
 663 00eb 0E       		.uleb128 0xe
 664 00ec 3A       		.uleb128 0x3a
 665 00ed 0B       		.uleb128 0xb
 666 00ee 3B       		.uleb128 0x3b
 667 00ef 05       		.uleb128 0x5
 668 00f0 49       		.uleb128 0x49
 669 00f1 13       		.uleb128 0x13
 670 00f2 3F       		.uleb128 0x3f
 671 00f3 19       		.uleb128 0x19
 672 00f4 3C       		.uleb128 0x3c
 673 00f5 19       		.uleb128 0x19
 674 00f6 00       		.byte	0
 675 00f7 00       		.byte	0
 676 00f8 12       		.uleb128 0x12
 677 00f9 35       		.uleb128 0x35
 678 00fa 00       		.byte	0
ARM GAS  C:\Users\vedranb\AppData\Local\Temp\cc1KOH32.s 			page 14


 679 00fb 49       		.uleb128 0x49
 680 00fc 13       		.uleb128 0x13
 681 00fd 00       		.byte	0
 682 00fe 00       		.byte	0
 683 00ff 13       		.uleb128 0x13
 684 0100 2E       		.uleb128 0x2e
 685 0101 01       		.byte	0x1
 686 0102 3F       		.uleb128 0x3f
 687 0103 19       		.uleb128 0x19
 688 0104 03       		.uleb128 0x3
 689 0105 0E       		.uleb128 0xe
 690 0106 3A       		.uleb128 0x3a
 691 0107 0B       		.uleb128 0xb
 692 0108 3B       		.uleb128 0x3b
 693 0109 0B       		.uleb128 0xb
 694 010a 27       		.uleb128 0x27
 695 010b 19       		.uleb128 0x19
 696 010c 49       		.uleb128 0x49
 697 010d 13       		.uleb128 0x13
 698 010e 3C       		.uleb128 0x3c
 699 010f 19       		.uleb128 0x19
 700 0110 01       		.uleb128 0x1
 701 0111 13       		.uleb128 0x13
 702 0112 00       		.byte	0
 703 0113 00       		.byte	0
 704 0114 14       		.uleb128 0x14
 705 0115 05       		.uleb128 0x5
 706 0116 00       		.byte	0
 707 0117 49       		.uleb128 0x49
 708 0118 13       		.uleb128 0x13
 709 0119 00       		.byte	0
 710 011a 00       		.byte	0
 711 011b 15       		.uleb128 0x15
 712 011c 18       		.uleb128 0x18
 713 011d 00       		.byte	0
 714 011e 00       		.byte	0
 715 011f 00       		.byte	0
 716 0120 16       		.uleb128 0x16
 717 0121 2E       		.uleb128 0x2e
 718 0122 00       		.byte	0
 719 0123 3F       		.uleb128 0x3f
 720 0124 19       		.uleb128 0x19
 721 0125 03       		.uleb128 0x3
 722 0126 0E       		.uleb128 0xe
 723 0127 3A       		.uleb128 0x3a
 724 0128 0B       		.uleb128 0xb
 725 0129 3B       		.uleb128 0x3b
 726 012a 0B       		.uleb128 0xb
 727 012b 27       		.uleb128 0x27
 728 012c 19       		.uleb128 0x19
 729 012d 49       		.uleb128 0x49
 730 012e 13       		.uleb128 0x13
 731 012f 3C       		.uleb128 0x3c
 732 0130 19       		.uleb128 0x19
 733 0131 00       		.byte	0
 734 0132 00       		.byte	0
 735 0133 17       		.uleb128 0x17
ARM GAS  C:\Users\vedranb\AppData\Local\Temp\cc1KOH32.s 			page 15


 736 0134 2E       		.uleb128 0x2e
 737 0135 01       		.byte	0x1
 738 0136 3F       		.uleb128 0x3f
 739 0137 19       		.uleb128 0x19
 740 0138 03       		.uleb128 0x3
 741 0139 0E       		.uleb128 0xe
 742 013a 3A       		.uleb128 0x3a
 743 013b 0B       		.uleb128 0xb
 744 013c 3B       		.uleb128 0x3b
 745 013d 0B       		.uleb128 0xb
 746 013e 6E       		.uleb128 0x6e
 747 013f 0E       		.uleb128 0xe
 748 0140 27       		.uleb128 0x27
 749 0141 19       		.uleb128 0x19
 750 0142 49       		.uleb128 0x49
 751 0143 13       		.uleb128 0x13
 752 0144 3C       		.uleb128 0x3c
 753 0145 19       		.uleb128 0x19
 754 0146 00       		.byte	0
 755 0147 00       		.byte	0
 756 0148 00       		.byte	0
 757              		.section	.debug_loc,"",%progbits
 758              	.Ldebug_loc0:
 759              	.LLST0:
 760 0000 00000000 		.4byte	.LVL0
 761 0004 06000000 		.4byte	.LVL1
 762 0008 0100     		.2byte	0x1
 763 000a 50       		.byte	0x50
 764 000b 06000000 		.4byte	.LVL1
 765 000f 30000000 		.4byte	.LVL7
 766 0013 0100     		.2byte	0x1
 767 0015 55       		.byte	0x55
 768 0016 30000000 		.4byte	.LVL7
 769 001a 38000000 		.4byte	.LFE63
 770 001e 0400     		.2byte	0x4
 771 0020 F3       		.byte	0xf3
 772 0021 01       		.uleb128 0x1
 773 0022 50       		.byte	0x50
 774 0023 9F       		.byte	0x9f
 775 0024 00000000 		.4byte	0
 776 0028 00000000 		.4byte	0
 777              	.LLST1:
 778 002c 00000000 		.4byte	.LVL0
 779 0030 06000000 		.4byte	.LVL1
 780 0034 0100     		.2byte	0x1
 781 0036 51       		.byte	0x51
 782 0037 06000000 		.4byte	.LVL1
 783 003b 30000000 		.4byte	.LVL7
 784 003f 0100     		.2byte	0x1
 785 0041 56       		.byte	0x56
 786 0042 30000000 		.4byte	.LVL7
 787 0046 38000000 		.4byte	.LFE63
 788 004a 0400     		.2byte	0x4
 789 004c F3       		.byte	0xf3
 790 004d 01       		.uleb128 0x1
 791 004e 51       		.byte	0x51
 792 004f 9F       		.byte	0x9f
ARM GAS  C:\Users\vedranb\AppData\Local\Temp\cc1KOH32.s 			page 16


 793 0050 00000000 		.4byte	0
 794 0054 00000000 		.4byte	0
 795              	.LLST2:
 796 0058 16000000 		.4byte	.LVL4
 797 005c 20000000 		.4byte	.LVL5
 798 0060 0100     		.2byte	0x1
 799 0062 50       		.byte	0x50
 800 0063 20000000 		.4byte	.LVL5
 801 0067 30000000 		.4byte	.LVL7
 802 006b 0100     		.2byte	0x1
 803 006d 54       		.byte	0x54
 804 006e 30000000 		.4byte	.LVL7
 805 0072 38000000 		.4byte	.LFE63
 806 0076 0100     		.2byte	0x1
 807 0078 50       		.byte	0x50
 808 0079 00000000 		.4byte	0
 809 007d 00000000 		.4byte	0
 810              	.LLST3:
 811 0081 12000000 		.4byte	.LVL10
 812 0085 14000000 		.4byte	.LVL11
 813 0089 0100     		.2byte	0x1
 814 008b 50       		.byte	0x50
 815 008c 14000000 		.4byte	.LVL11
 816 0090 32000000 		.4byte	.LVL18
 817 0094 0100     		.2byte	0x1
 818 0096 54       		.byte	0x54
 819 0097 00000000 		.4byte	0
 820 009b 00000000 		.4byte	0
 821              	.LLST4:
 822 009f 1C000000 		.4byte	.LVL13
 823 00a3 1E000000 		.4byte	.LVL14
 824 00a7 0100     		.2byte	0x1
 825 00a9 50       		.byte	0x50
 826 00aa 1E000000 		.4byte	.LVL14
 827 00ae 26000000 		.4byte	.LVL15
 828 00b2 0100     		.2byte	0x1
 829 00b4 53       		.byte	0x53
 830 00b5 26000000 		.4byte	.LVL15
 831 00b9 29000000 		.4byte	.LVL16-1
 832 00bd 0100     		.2byte	0x1
 833 00bf 52       		.byte	0x52
 834 00c0 00000000 		.4byte	0
 835 00c4 00000000 		.4byte	0
 836              		.section	.debug_aranges,"",%progbits
 837 0000 24000000 		.4byte	0x24
 838 0004 0200     		.2byte	0x2
 839 0006 00000000 		.4byte	.Ldebug_info0
 840 000a 04       		.byte	0x4
 841 000b 00       		.byte	0
 842 000c 0000     		.2byte	0
 843 000e 0000     		.2byte	0
 844 0010 00000000 		.4byte	.LFB63
 845 0014 38000000 		.4byte	.LFE63-.LFB63
 846 0018 00000000 		.4byte	.LFB64
 847 001c 40000000 		.4byte	.LFE64-.LFB64
 848 0020 00000000 		.4byte	0
 849 0024 00000000 		.4byte	0
ARM GAS  C:\Users\vedranb\AppData\Local\Temp\cc1KOH32.s 			page 17


 850              		.section	.debug_ranges,"",%progbits
 851              	.Ldebug_ranges0:
 852 0000 00000000 		.4byte	.LFB63
 853 0004 38000000 		.4byte	.LFE63
 854 0008 00000000 		.4byte	.LFB64
 855 000c 40000000 		.4byte	.LFE64
 856 0010 00000000 		.4byte	0
 857 0014 00000000 		.4byte	0
 858              		.section	.debug_line,"",%progbits
 859              	.Ldebug_line0:
 860 0000 AC010000 		.section	.debug_str,"MS",%progbits,1
 860      02006F01 
 860      00000201 
 860      FB0E0D00 
 860      01010101 
 861              	.LASF20:
 862 0000 65786572 		.ascii	"exercise14.c\000"
 862      63697365 
 862      31342E63 
 862      00
 863              	.LASF15:
 864 000d 68696768 		.ascii	"high\000"
 864      00
 865              	.LASF16:
 866 0012 76616C75 		.ascii	"value\000"
 866      6500
 867              	.LASF9:
 868 0018 5F5F696E 		.ascii	"__int32_t\000"
 868      7433325F 
 868      7400
 869              	.LASF3:
 870 0022 73686F72 		.ascii	"short unsigned int\000"
 870      7420756E 
 870      7369676E 
 870      65642069 
 870      6E7400
 871              	.LASF25:
 872 0035 72656164 		.ascii	"readInt\000"
 872      496E7400 
 873              	.LASF11:
 874 003d 666C6F61 		.ascii	"float\000"
 874      7400
 875              	.LASF18:
 876 0043 5F5F6275 		.ascii	"__builtin_puts\000"
 876      696C7469 
 876      6E5F7075 
 876      747300
 877              	.LASF1:
 878 0052 756E7369 		.ascii	"unsigned char\000"
 878      676E6564 
 878      20636861 
 878      7200
 879              	.LASF5:
 880 0060 6C6F6E67 		.ascii	"long unsigned int\000"
 880      20756E73 
 880      69676E65 
 880      6420696E 
ARM GAS  C:\Users\vedranb\AppData\Local\Temp\cc1KOH32.s 			page 18


 880      7400
 881              	.LASF23:
 882 0072 65786572 		.ascii	"exercise14\000"
 882      63697365 
 882      313400
 883              	.LASF24:
 884 007d 49544D5F 		.ascii	"ITM_RxBuffer\000"
 884      52784275 
 884      66666572 
 884      00
 885              	.LASF12:
 886 008a 646F7562 		.ascii	"double\000"
 886      6C6500
 887              	.LASF19:
 888 0091 474E5520 		.ascii	"GNU C 4.9.3 20150303 (release) [ARM/embedded-4_9-br"
 888      4320342E 
 888      392E3320 
 888      32303135 
 888      30333033 
 889 00c4 616E6368 		.ascii	"anch revision 221220] -mcpu=cortex-m3 -mthumb -g -O"
 889      20726576 
 889      6973696F 
 889      6E203232 
 889      31323230 
 890 00f7 67202D66 		.ascii	"g -ffunction-sections -ffat-lto-objects\000"
 890      66756E63 
 890      74696F6E 
 890      2D736563 
 890      74696F6E 
 891              	.LASF8:
 892 011f 756E7369 		.ascii	"unsigned int\000"
 892      676E6564 
 892      20696E74 
 892      00
 893              	.LASF7:
 894 012c 6C6F6E67 		.ascii	"long long unsigned int\000"
 894      206C6F6E 
 894      6720756E 
 894      7369676E 
 894      65642069 
 895              	.LASF10:
 896 0143 696E7433 		.ascii	"int32_t\000"
 896      325F7400 
 897              	.LASF14:
 898 014b 73697A65 		.ascii	"sizetype\000"
 898      74797065 
 898      00
 899              	.LASF6:
 900 0154 6C6F6E67 		.ascii	"long long int\000"
 900      206C6F6E 
 900      6720696E 
 900      7400
 901              	.LASF13:
 902 0162 63686172 		.ascii	"char\000"
 902      00
 903              	.LASF17:
 904 0167 7072696E 		.ascii	"printf\000"
ARM GAS  C:\Users\vedranb\AppData\Local\Temp\cc1KOH32.s 			page 19


 904      746600
 905              	.LASF2:
 906 016e 73686F72 		.ascii	"short int\000"
 906      7420696E 
 906      7400
 907              	.LASF4:
 908 0178 6C6F6E67 		.ascii	"long int\000"
 908      20696E74 
 908      00
 909              	.LASF21:
 910 0181 463A5C4F 		.ascii	"F:\\OneDrive\\Metropolia\\Devices\\Workspaces\\Work"
 910      6E654472 
 910      6976655C 
 910      4D657472 
 910      6F706F6C 
 911 01af 73706163 		.ascii	"space 1\\Workspace01\\Hello Word.cydsn\000"
 911      6520315C 
 911      576F726B 
 911      73706163 
 911      6530315C 
 912              	.LASF22:
 913 01d4 67657476 		.ascii	"getvalue\000"
 913      616C7565 
 913      00
 914              	.LASF26:
 915 01dd 70757473 		.ascii	"puts\000"
 915      00
 916              	.LASF0:
 917 01e2 7369676E 		.ascii	"signed char\000"
 917      65642063 
 917      68617200 
 918              		.ident	"GCC: (GNU Tools for ARM Embedded Processors) 4.9.3 20150303 (release) [ARM/embedded-4_9-br
