ARM GAS  C:\Users\vedranb\AppData\Local\Temp\ccGdCEGV.s 			page 1


   1              		.syntax unified
   2              		.cpu cortex-m3
   3              		.fpu softvfp
   4              		.eabi_attribute 20, 1
   5              		.eabi_attribute 21, 1
   6              		.eabi_attribute 23, 3
   7              		.eabi_attribute 24, 1
   8              		.eabi_attribute 25, 1
   9              		.eabi_attribute 26, 1
  10              		.eabi_attribute 30, 1
  11              		.eabi_attribute 34, 1
  12              		.eabi_attribute 18, 4
  13              		.thumb
  14              		.file	"exercise17.c"
  15              		.text
  16              	.Ltext0:
  17              		.cfi_sections	.debug_frame
  18              		.global	__aeabi_fmul
  19              		.section	.text.currencyExchange,"ax",%progbits
  20              		.align	2
  21              		.global	currencyExchange
  22              		.thumb
  23              		.thumb_func
  24              		.type	currencyExchange, %function
  25              	currencyExchange:
  26              	.LFB63:
  27              		.file 1 "exercise17.c"
   1:exercise17.c  **** /* ========================================
   2:exercise17.c  ****  *
   3:exercise17.c  ****  * Copyright YOUR COMPANY, THE YEAR
   4:exercise17.c  ****  * All Rights Reserved
   5:exercise17.c  ****  * UNPUBLISHED, LICENSED SOFTWARE.
   6:exercise17.c  ****  *
   7:exercise17.c  ****  * CONFIDENTIAL AND PROPRIETARY INFORMATION
   8:exercise17.c  ****  * WHICH IS THE PROPERTY OF your company.
   9:exercise17.c  ****  *
  10:exercise17.c  ****  * ========================================
  11:exercise17.c  **** */
  12:exercise17.c  **** #include "project.h"
  13:exercise17.c  **** #include <stdio.h>
  14:exercise17.c  **** #include "common_functions.h"
  15:exercise17.c  **** 
  16:exercise17.c  **** #define NUM_OF_TRANSACTIONS 5
  17:exercise17.c  **** 
  18:exercise17.c  **** void currencyExchange(float exchangerate, float *transactions, int num_transactions){
  28              		.loc 1 18 0
  29              		.cfi_startproc
  30              		@ args = 0, pretend = 0, frame = 0
  31              		@ frame_needed = 0, uses_anonymous_args = 0
  32              	.LVL0:
  33 0000 F8B5     		push	{r3, r4, r5, r6, r7, lr}
  34              		.cfi_def_cfa_offset 24
  35              		.cfi_offset 3, -24
  36              		.cfi_offset 4, -20
  37              		.cfi_offset 5, -16
  38              		.cfi_offset 6, -12
  39              		.cfi_offset 7, -8
ARM GAS  C:\Users\vedranb\AppData\Local\Temp\ccGdCEGV.s 			page 2


  40              		.cfi_offset 14, -4
  41 0002 0746     		mov	r7, r0
  42 0004 0D46     		mov	r5, r1
  43 0006 1646     		mov	r6, r2
  44              	.LVL1:
  19:exercise17.c  ****     int i=0;
  20:exercise17.c  **** 
  21:exercise17.c  **** 
  22:exercise17.c  ****     for(i = 0; i < num_transactions; i++){
  45              		.loc 1 22 0
  46 0008 0024     		movs	r4, #0
  47 000a 07E0     		b	.L2
  48              	.LVL2:
  49              	.L3:
  23:exercise17.c  ****         *(transactions+i) *= exchangerate;
  50              		.loc 1 23 0 discriminator 3
  51 000c 55F82400 		ldr	r0, [r5, r4, lsl #2]	@ float
  52 0010 3946     		mov	r1, r7
  53 0012 FFF7FEFF 		bl	__aeabi_fmul
  54              	.LVL3:
  55 0016 45F82400 		str	r0, [r5, r4, lsl #2]	@ float
  22:exercise17.c  ****         *(transactions+i) *= exchangerate;
  56              		.loc 1 22 0 discriminator 3
  57 001a 0134     		adds	r4, r4, #1
  58              	.LVL4:
  59              	.L2:
  22:exercise17.c  ****         *(transactions+i) *= exchangerate;
  60              		.loc 1 22 0 is_stmt 0 discriminator 1
  61 001c B442     		cmp	r4, r6
  62 001e F5DB     		blt	.L3
  24:exercise17.c  ****     }
  25:exercise17.c  **** 
  26:exercise17.c  ****     return;
  27:exercise17.c  **** }
  63              		.loc 1 27 0 is_stmt 1
  64 0020 F8BD     		pop	{r3, r4, r5, r6, r7, pc}
  65              		.cfi_endproc
  66              	.LFE63:
  67              		.size	currencyExchange, .-currencyExchange
  68              		.global	__aeabi_fcmple
  69              		.global	__aeabi_f2d
  70 0022 00BF     		.section	.text.exercise17,"ax",%progbits
  71              		.align	2
  72              		.global	exercise17
  73              		.thumb
  74              		.thumb_func
  75              		.type	exercise17, %function
  76              	exercise17:
  77              	.LFB64:
  28:exercise17.c  **** 
  29:exercise17.c  **** void exercise17(void)
  30:exercise17.c  **** {
  78              		.loc 1 30 0
  79              		.cfi_startproc
  80              		@ args = 0, pretend = 0, frame = 24
  81              		@ frame_needed = 0, uses_anonymous_args = 0
  82 0000 70B5     		push	{r4, r5, r6, lr}
ARM GAS  C:\Users\vedranb\AppData\Local\Temp\ccGdCEGV.s 			page 3


  83              		.cfi_def_cfa_offset 16
  84              		.cfi_offset 4, -16
  85              		.cfi_offset 5, -12
  86              		.cfi_offset 6, -8
  87              		.cfi_offset 14, -4
  88 0002 86B0     		sub	sp, sp, #24
  89              		.cfi_def_cfa_offset 40
  31:exercise17.c  ****      //Exercise 17
  32:exercise17.c  ****     printf("\n\nExercise 17. \n\n");
  90              		.loc 1 32 0
  91 0004 2648     		ldr	r0, .L15
  92 0006 FFF7FEFF 		bl	puts
  93              	.LVL5:
  33:exercise17.c  **** 
  34:exercise17.c  ****     float transactions[NUM_OF_TRANSACTIONS] = { 0 };
  94              		.loc 1 34 0
  95 000a 0023     		movs	r3, #0
  96 000c 0193     		str	r3, [sp, #4]
  97 000e 0293     		str	r3, [sp, #8]
  98 0010 0393     		str	r3, [sp, #12]
  99 0012 0493     		str	r3, [sp, #16]
 100 0014 0593     		str	r3, [sp, #20]
 101              	.L8:
  35:exercise17.c  ****     float exchangeRate;
  36:exercise17.c  ****     int i;
  37:exercise17.c  **** 
  38:exercise17.c  ****     do{
  39:exercise17.c  ****         printf("Please enter the exchange rate:");
 102              		.loc 1 39 0
 103 0016 2348     		ldr	r0, .L15+4
 104 0018 FFF7FEFF 		bl	printf
 105              	.LVL6:
  40:exercise17.c  ****         exchangeRate = readFloat();
 106              		.loc 1 40 0
 107 001c FFF7FEFF 		bl	readFloat
 108              	.LVL7:
 109 0020 0546     		mov	r5, r0
 110              	.LVL8:
  41:exercise17.c  ****         if(exchangeRate<=0) printf("Please enter a valid exchange rate (positive and different than
 111              		.loc 1 41 0
 112 0022 0021     		movs	r1, #0
 113 0024 FFF7FEFF 		bl	__aeabi_fcmple
 114              	.LVL9:
 115 0028 10B1     		cbz	r0, .L6
 116              		.loc 1 41 0 is_stmt 0 discriminator 1
 117 002a 1F48     		ldr	r0, .L15+8
 118 002c FFF7FEFF 		bl	printf
 119              	.LVL10:
 120              	.L6:
  42:exercise17.c  ****     }
  43:exercise17.c  ****     while(exchangeRate <= 0);
 121              		.loc 1 43 0 is_stmt 1
 122 0030 2846     		mov	r0, r5
 123 0032 0021     		movs	r1, #0
 124 0034 FFF7FEFF 		bl	__aeabi_fcmple
 125              	.LVL11:
 126 0038 0028     		cmp	r0, #0
ARM GAS  C:\Users\vedranb\AppData\Local\Temp\ccGdCEGV.s 			page 4


 127 003a ECD1     		bne	.L8
 128 003c 0024     		movs	r4, #0
 129 003e 0CE0     		b	.L9
 130              	.LVL12:
 131              	.L10:
  44:exercise17.c  **** 
  45:exercise17.c  ****     for(i = 0; i < NUM_OF_TRANSACTIONS; i++){
  46:exercise17.c  ****         printf("Please enter the transaction number %d:", i + 1);
 132              		.loc 1 46 0 discriminator 3
 133 0040 661C     		adds	r6, r4, #1
 134 0042 1A48     		ldr	r0, .L15+12
 135 0044 3146     		mov	r1, r6
 136 0046 FFF7FEFF 		bl	printf
 137              	.LVL13:
  47:exercise17.c  ****         transactions[i] = readFloat();
 138              		.loc 1 47 0 discriminator 3
 139 004a FFF7FEFF 		bl	readFloat
 140              	.LVL14:
 141 004e 06AB     		add	r3, sp, #24
 142 0050 03EB8404 		add	r4, r3, r4, lsl #2
 143              	.LVL15:
 144 0054 44F8140C 		str	r0, [r4, #-20]	@ float
 145              	.LVL16:
  45:exercise17.c  ****         printf("Please enter the transaction number %d:", i + 1);
 146              		.loc 1 45 0 discriminator 3
 147 0058 3446     		mov	r4, r6
 148              	.LVL17:
 149              	.L9:
  45:exercise17.c  ****         printf("Please enter the transaction number %d:", i + 1);
 150              		.loc 1 45 0 is_stmt 0 discriminator 1
 151 005a 042C     		cmp	r4, #4
 152 005c F0DD     		ble	.L10
  48:exercise17.c  ****     }
  49:exercise17.c  ****     currencyExchange(exchangeRate, transactions, NUM_OF_TRANSACTIONS);
 153              		.loc 1 49 0 is_stmt 1
 154 005e 2846     		mov	r0, r5
 155 0060 01A9     		add	r1, sp, #4
 156 0062 0522     		movs	r2, #5
 157 0064 FFF7FEFF 		bl	currencyExchange
 158              	.LVL18:
  50:exercise17.c  ****     printf("\nConverted values are:\n\n");
 159              		.loc 1 50 0
 160 0068 1148     		ldr	r0, .L15+16
 161 006a FFF7FEFF 		bl	puts
 162              	.LVL19:
  51:exercise17.c  ****     for(i = 0; i < NUM_OF_TRANSACTIONS; i++){
 163              		.loc 1 51 0
 164 006e 0023     		movs	r3, #0
 165 0070 0EE0     		b	.L11
 166              	.LVL20:
 167              	.L12:
  52:exercise17.c  ****         printf("%d:%9.2f\n", i+1, transactions[i]);
 168              		.loc 1 52 0 discriminator 3
 169 0072 5C1C     		adds	r4, r3, #1
 170 0074 06AA     		add	r2, sp, #24
 171 0076 02EB8303 		add	r3, r2, r3, lsl #2
 172              	.LVL21:
ARM GAS  C:\Users\vedranb\AppData\Local\Temp\ccGdCEGV.s 			page 5


 173 007a 53F8140C 		ldr	r0, [r3, #-20]	@ float
 174 007e FFF7FEFF 		bl	__aeabi_f2d
 175              	.LVL22:
 176 0082 0246     		mov	r2, r0
 177 0084 0B46     		mov	r3, r1
 178 0086 0B48     		ldr	r0, .L15+20
 179 0088 2146     		mov	r1, r4
 180 008a FFF7FEFF 		bl	printf
 181              	.LVL23:
  51:exercise17.c  ****     for(i = 0; i < NUM_OF_TRANSACTIONS; i++){
 182              		.loc 1 51 0 discriminator 3
 183 008e 2346     		mov	r3, r4
 184              	.LVL24:
 185              	.L11:
  51:exercise17.c  ****     for(i = 0; i < NUM_OF_TRANSACTIONS; i++){
 186              		.loc 1 51 0 is_stmt 0 discriminator 1
 187 0090 042B     		cmp	r3, #4
 188 0092 EEDD     		ble	.L12
  53:exercise17.c  ****     }
  54:exercise17.c  **** 
  55:exercise17.c  ****     printf("\nEnd of Exercise 17. \n\n");
 189              		.loc 1 55 0 is_stmt 1
 190 0094 0848     		ldr	r0, .L15+24
 191 0096 FFF7FEFF 		bl	puts
 192              	.LVL25:
  56:exercise17.c  ****     return;
  57:exercise17.c  **** }
 193              		.loc 1 57 0
 194 009a 06B0     		add	sp, sp, #24
 195              		.cfi_def_cfa_offset 16
 196              		@ sp needed
 197 009c 70BD     		pop	{r4, r5, r6, pc}
 198              	.LVL26:
 199              	.L16:
 200 009e 00BF     		.align	2
 201              	.L15:
 202 00a0 00000000 		.word	.LC0
 203 00a4 14000000 		.word	.LC1
 204 00a8 34000000 		.word	.LC2
 205 00ac 78000000 		.word	.LC3
 206 00b0 A0000000 		.word	.LC4
 207 00b4 B8000000 		.word	.LC5
 208 00b8 C4000000 		.word	.LC6
 209              		.cfi_endproc
 210              	.LFE64:
 211              		.size	exercise17, .-exercise17
 212              		.section	.rodata.str1.4,"aMS",%progbits,1
 213              		.align	2
 214              	.LC0:
 215 0000 0A0A4578 		.ascii	"\012\012Exercise 17. \012\000"
 215      65726369 
 215      73652031 
 215      372E200A 
 215      00
 216 0011 000000   		.space	3
 217              	.LC1:
 218 0014 506C6561 		.ascii	"Please enter the exchange rate:\000"
ARM GAS  C:\Users\vedranb\AppData\Local\Temp\ccGdCEGV.s 			page 6


 218      73652065 
 218      6E746572 
 218      20746865 
 218      20657863 
 219              	.LC2:
 220 0034 506C6561 		.ascii	"Please enter a valid exchange rate (positive and di"
 220      73652065 
 220      6E746572 
 220      20612076 
 220      616C6964 
 221 0067 66666572 		.ascii	"fferent than 0\000"
 221      656E7420 
 221      7468616E 
 221      203000
 222 0076 0000     		.space	2
 223              	.LC3:
 224 0078 506C6561 		.ascii	"Please enter the transaction number %d:\000"
 224      73652065 
 224      6E746572 
 224      20746865 
 224      20747261 
 225              	.LC4:
 226 00a0 0A436F6E 		.ascii	"\012Converted values are:\012\000"
 226      76657274 
 226      65642076 
 226      616C7565 
 226      73206172 
 227              	.LC5:
 228 00b8 25643A25 		.ascii	"%d:%9.2f\012\000"
 228      392E3266 
 228      0A00
 229 00c2 0000     		.space	2
 230              	.LC6:
 231 00c4 0A456E64 		.ascii	"\012End of Exercise 17. \012\000"
 231      206F6620 
 231      45786572 
 231      63697365 
 231      2031372E 
 232 00db 00       		.text
 233              	.Letext0:
 234              		.file 2 "c:\\program files (x86)\\cypress\\psoc creator\\4.0\\psoc creator\\import\\gnu\\arm\\4.9.
 235              		.file 3 "c:\\program files (x86)\\cypress\\psoc creator\\4.0\\psoc creator\\import\\gnu\\arm\\4.9.
 236              		.file 4 "Generated_Source\\PSoC5/core_cm3.h"
 237              		.file 5 "<built-in>"
 238              		.file 6 "c:\\program files (x86)\\cypress\\psoc creator\\4.0\\psoc creator\\import\\gnu\\arm\\4.9.
 239              		.file 7 "common_functions.h"
 240              		.section	.debug_info,"",%progbits
 241              	.Ldebug_info0:
 242 0000 71020000 		.4byte	0x271
 243 0004 0400     		.2byte	0x4
 244 0006 00000000 		.4byte	.Ldebug_abbrev0
 245 000a 04       		.byte	0x4
 246 000b 01       		.uleb128 0x1
 247 000c A6000000 		.4byte	.LASF21
 248 0010 01       		.byte	0x1
 249 0011 00000000 		.4byte	.LASF22
 250 0015 C0010000 		.4byte	.LASF23
ARM GAS  C:\Users\vedranb\AppData\Local\Temp\ccGdCEGV.s 			page 7


 251 0019 00000000 		.4byte	.Ldebug_ranges0+0
 252 001d 00000000 		.4byte	0
 253 0021 00000000 		.4byte	.Ldebug_line0
 254 0025 02       		.uleb128 0x2
 255 0026 04       		.byte	0x4
 256 0027 04       		.byte	0x4
 257 0028 35000000 		.4byte	.LASF0
 258 002c 02       		.uleb128 0x2
 259 002d 01       		.byte	0x1
 260 002e 06       		.byte	0x6
 261 002f 62010000 		.4byte	.LASF1
 262 0033 02       		.uleb128 0x2
 263 0034 01       		.byte	0x1
 264 0035 08       		.byte	0x8
 265 0036 4A000000 		.4byte	.LASF2
 266 003a 02       		.uleb128 0x2
 267 003b 02       		.byte	0x2
 268 003c 05       		.byte	0x5
 269 003d 9C000000 		.4byte	.LASF3
 270 0041 02       		.uleb128 0x2
 271 0042 02       		.byte	0x2
 272 0043 07       		.byte	0x7
 273 0044 6A000000 		.4byte	.LASF4
 274 0048 03       		.uleb128 0x3
 275 0049 1A000000 		.4byte	.LASF10
 276 004d 02       		.byte	0x2
 277 004e 3F       		.byte	0x3f
 278 004f 53000000 		.4byte	0x53
 279 0053 02       		.uleb128 0x2
 280 0054 04       		.byte	0x4
 281 0055 05       		.byte	0x5
 282 0056 B7010000 		.4byte	.LASF5
 283 005a 02       		.uleb128 0x2
 284 005b 04       		.byte	0x4
 285 005c 07       		.byte	0x7
 286 005d 58000000 		.4byte	.LASF6
 287 0061 02       		.uleb128 0x2
 288 0062 08       		.byte	0x8
 289 0063 05       		.byte	0x5
 290 0064 90010000 		.4byte	.LASF7
 291 0068 02       		.uleb128 0x2
 292 0069 08       		.byte	0x8
 293 006a 07       		.byte	0x7
 294 006b 4B010000 		.4byte	.LASF8
 295 006f 04       		.uleb128 0x4
 296 0070 04       		.byte	0x4
 297 0071 05       		.byte	0x5
 298 0072 696E7400 		.ascii	"int\000"
 299 0076 02       		.uleb128 0x2
 300 0077 04       		.byte	0x4
 301 0078 07       		.byte	0x7
 302 0079 3E010000 		.4byte	.LASF9
 303 007d 03       		.uleb128 0x3
 304 007e 6E010000 		.4byte	.LASF11
 305 0082 03       		.byte	0x3
 306 0083 2C       		.byte	0x2c
 307 0084 48000000 		.4byte	0x48
ARM GAS  C:\Users\vedranb\AppData\Local\Temp\ccGdCEGV.s 			page 8


 308 0088 02       		.uleb128 0x2
 309 0089 08       		.byte	0x8
 310 008a 04       		.byte	0x4
 311 008b 95000000 		.4byte	.LASF12
 312 008f 02       		.uleb128 0x2
 313 0090 01       		.byte	0x1
 314 0091 08       		.byte	0x8
 315 0092 9E010000 		.4byte	.LASF13
 316 0096 02       		.uleb128 0x2
 317 0097 04       		.byte	0x4
 318 0098 07       		.byte	0x7
 319 0099 87010000 		.4byte	.LASF14
 320 009d 05       		.uleb128 0x5
 321 009e 04       		.byte	0x4
 322 009f A3000000 		.4byte	0xa3
 323 00a3 06       		.uleb128 0x6
 324 00a4 8F000000 		.4byte	0x8f
 325 00a8 07       		.uleb128 0x7
 326 00a9 24000000 		.4byte	.LASF18
 327 00ad 01       		.byte	0x1
 328 00ae 12       		.byte	0x12
 329 00af 00000000 		.4byte	.LFB63
 330 00b3 22000000 		.4byte	.LFE63-.LFB63
 331 00b7 01       		.uleb128 0x1
 332 00b8 9C       		.byte	0x9c
 333 00b9 F8000000 		.4byte	0xf8
 334 00bd 08       		.uleb128 0x8
 335 00be 18020000 		.4byte	.LASF15
 336 00c2 01       		.byte	0x1
 337 00c3 12       		.byte	0x12
 338 00c4 25000000 		.4byte	0x25
 339 00c8 00000000 		.4byte	.LLST0
 340 00cc 08       		.uleb128 0x8
 341 00cd AA010000 		.4byte	.LASF16
 342 00d1 01       		.byte	0x1
 343 00d2 12       		.byte	0x12
 344 00d3 F8000000 		.4byte	0xf8
 345 00d7 1E000000 		.4byte	.LLST1
 346 00db 08       		.uleb128 0x8
 347 00dc 76010000 		.4byte	.LASF17
 348 00e0 01       		.byte	0x1
 349 00e1 12       		.byte	0x12
 350 00e2 6F000000 		.4byte	0x6f
 351 00e6 3C000000 		.4byte	.LLST2
 352 00ea 09       		.uleb128 0x9
 353 00eb 6900     		.ascii	"i\000"
 354 00ed 01       		.byte	0x1
 355 00ee 13       		.byte	0x13
 356 00ef 6F000000 		.4byte	0x6f
 357 00f3 5A000000 		.4byte	.LLST3
 358 00f7 00       		.byte	0
 359 00f8 05       		.uleb128 0x5
 360 00f9 04       		.byte	0x4
 361 00fa 25000000 		.4byte	0x25
 362 00fe 07       		.uleb128 0x7
 363 00ff 8A000000 		.4byte	.LASF19
 364 0103 01       		.byte	0x1
ARM GAS  C:\Users\vedranb\AppData\Local\Temp\ccGdCEGV.s 			page 9


 365 0104 1D       		.byte	0x1d
 366 0105 00000000 		.4byte	.LFB64
 367 0109 BC000000 		.4byte	.LFE64-.LFB64
 368 010d 01       		.uleb128 0x1
 369 010e 9C       		.byte	0x9c
 370 010f 19020000 		.4byte	0x219
 371 0113 0A       		.uleb128 0xa
 372 0114 AA010000 		.4byte	.LASF16
 373 0118 01       		.byte	0x1
 374 0119 22       		.byte	0x22
 375 011a 19020000 		.4byte	0x219
 376 011e 02       		.uleb128 0x2
 377 011f 91       		.byte	0x91
 378 0120 5C       		.sleb128 -36
 379 0121 0B       		.uleb128 0xb
 380 0122 0D000000 		.4byte	.LASF20
 381 0126 01       		.byte	0x1
 382 0127 23       		.byte	0x23
 383 0128 25000000 		.4byte	0x25
 384 012c 79000000 		.4byte	.LLST4
 385 0130 09       		.uleb128 0x9
 386 0131 6900     		.ascii	"i\000"
 387 0133 01       		.byte	0x1
 388 0134 24       		.byte	0x24
 389 0135 6F000000 		.4byte	0x6f
 390 0139 97000000 		.4byte	.LLST5
 391 013d 0C       		.uleb128 0xc
 392 013e 0A000000 		.4byte	.LVL5
 393 0142 3A020000 		.4byte	0x23a
 394 0146 54010000 		.4byte	0x154
 395 014a 0D       		.uleb128 0xd
 396 014b 01       		.uleb128 0x1
 397 014c 50       		.byte	0x50
 398 014d 05       		.uleb128 0x5
 399 014e 03       		.byte	0x3
 400 014f 00000000 		.4byte	.LC0
 401 0153 00       		.byte	0
 402 0154 0C       		.uleb128 0xc
 403 0155 1C000000 		.4byte	.LVL6
 404 0159 53020000 		.4byte	0x253
 405 015d 6B010000 		.4byte	0x16b
 406 0161 0D       		.uleb128 0xd
 407 0162 01       		.uleb128 0x1
 408 0163 50       		.byte	0x50
 409 0164 05       		.uleb128 0x5
 410 0165 03       		.byte	0x3
 411 0166 14000000 		.4byte	.LC1
 412 016a 00       		.byte	0
 413 016b 0E       		.uleb128 0xe
 414 016c 20000000 		.4byte	.LVL7
 415 0170 69020000 		.4byte	0x269
 416 0174 0C       		.uleb128 0xc
 417 0175 30000000 		.4byte	.LVL10
 418 0179 53020000 		.4byte	0x253
 419 017d 8B010000 		.4byte	0x18b
 420 0181 0D       		.uleb128 0xd
 421 0182 01       		.uleb128 0x1
ARM GAS  C:\Users\vedranb\AppData\Local\Temp\ccGdCEGV.s 			page 10


 422 0183 50       		.byte	0x50
 423 0184 05       		.uleb128 0x5
 424 0185 03       		.byte	0x3
 425 0186 34000000 		.4byte	.LC2
 426 018a 00       		.byte	0
 427 018b 0C       		.uleb128 0xc
 428 018c 4A000000 		.4byte	.LVL13
 429 0190 53020000 		.4byte	0x253
 430 0194 A8010000 		.4byte	0x1a8
 431 0198 0D       		.uleb128 0xd
 432 0199 01       		.uleb128 0x1
 433 019a 51       		.byte	0x51
 434 019b 02       		.uleb128 0x2
 435 019c 76       		.byte	0x76
 436 019d 00       		.sleb128 0
 437 019e 0D       		.uleb128 0xd
 438 019f 01       		.uleb128 0x1
 439 01a0 50       		.byte	0x50
 440 01a1 05       		.uleb128 0x5
 441 01a2 03       		.byte	0x3
 442 01a3 78000000 		.4byte	.LC3
 443 01a7 00       		.byte	0
 444 01a8 0E       		.uleb128 0xe
 445 01a9 4E000000 		.4byte	.LVL14
 446 01ad 69020000 		.4byte	0x269
 447 01b1 0C       		.uleb128 0xc
 448 01b2 68000000 		.4byte	.LVL18
 449 01b6 A8000000 		.4byte	0xa8
 450 01ba D1010000 		.4byte	0x1d1
 451 01be 0D       		.uleb128 0xd
 452 01bf 01       		.uleb128 0x1
 453 01c0 52       		.byte	0x52
 454 01c1 01       		.uleb128 0x1
 455 01c2 35       		.byte	0x35
 456 01c3 0D       		.uleb128 0xd
 457 01c4 01       		.uleb128 0x1
 458 01c5 51       		.byte	0x51
 459 01c6 02       		.uleb128 0x2
 460 01c7 91       		.byte	0x91
 461 01c8 5C       		.sleb128 -36
 462 01c9 0D       		.uleb128 0xd
 463 01ca 01       		.uleb128 0x1
 464 01cb 50       		.byte	0x50
 465 01cc 03       		.uleb128 0x3
 466 01cd F5       		.byte	0xf5
 467 01ce 05       		.uleb128 0x5
 468 01cf 25       		.uleb128 0x25
 469 01d0 00       		.byte	0
 470 01d1 0C       		.uleb128 0xc
 471 01d2 6E000000 		.4byte	.LVL19
 472 01d6 3A020000 		.4byte	0x23a
 473 01da E8010000 		.4byte	0x1e8
 474 01de 0D       		.uleb128 0xd
 475 01df 01       		.uleb128 0x1
 476 01e0 50       		.byte	0x50
 477 01e1 05       		.uleb128 0x5
 478 01e2 03       		.byte	0x3
ARM GAS  C:\Users\vedranb\AppData\Local\Temp\ccGdCEGV.s 			page 11


 479 01e3 A0000000 		.4byte	.LC4
 480 01e7 00       		.byte	0
 481 01e8 0C       		.uleb128 0xc
 482 01e9 8E000000 		.4byte	.LVL23
 483 01ed 53020000 		.4byte	0x253
 484 01f1 05020000 		.4byte	0x205
 485 01f5 0D       		.uleb128 0xd
 486 01f6 01       		.uleb128 0x1
 487 01f7 51       		.byte	0x51
 488 01f8 02       		.uleb128 0x2
 489 01f9 74       		.byte	0x74
 490 01fa 00       		.sleb128 0
 491 01fb 0D       		.uleb128 0xd
 492 01fc 01       		.uleb128 0x1
 493 01fd 50       		.byte	0x50
 494 01fe 05       		.uleb128 0x5
 495 01ff 03       		.byte	0x3
 496 0200 B8000000 		.4byte	.LC5
 497 0204 00       		.byte	0
 498 0205 0F       		.uleb128 0xf
 499 0206 9A000000 		.4byte	.LVL25
 500 020a 3A020000 		.4byte	0x23a
 501 020e 0D       		.uleb128 0xd
 502 020f 01       		.uleb128 0x1
 503 0210 50       		.byte	0x50
 504 0211 05       		.uleb128 0x5
 505 0212 03       		.byte	0x3
 506 0213 C4000000 		.4byte	.LC6
 507 0217 00       		.byte	0
 508 0218 00       		.byte	0
 509 0219 10       		.uleb128 0x10
 510 021a 25000000 		.4byte	0x25
 511 021e 29020000 		.4byte	0x229
 512 0222 11       		.uleb128 0x11
 513 0223 96000000 		.4byte	0x96
 514 0227 04       		.byte	0x4
 515 0228 00       		.byte	0
 516 0229 12       		.uleb128 0x12
 517 022a 7D000000 		.4byte	.LASF24
 518 022e 04       		.byte	0x4
 519 022f 9606     		.2byte	0x696
 520 0231 35020000 		.4byte	0x235
 521 0235 13       		.uleb128 0x13
 522 0236 7D000000 		.4byte	0x7d
 523 023a 14       		.uleb128 0x14
 524 023b 3B000000 		.4byte	.LASF25
 525 023f 05       		.byte	0x5
 526 0240 00       		.byte	0
 527 0241 13020000 		.4byte	.LASF26
 528 0245 6F000000 		.4byte	0x6f
 529 0249 53020000 		.4byte	0x253
 530 024d 15       		.uleb128 0x15
 531 024e 9D000000 		.4byte	0x9d
 532 0252 00       		.byte	0
 533 0253 16       		.uleb128 0x16
 534 0254 A3010000 		.4byte	.LASF27
 535 0258 06       		.byte	0x6
ARM GAS  C:\Users\vedranb\AppData\Local\Temp\ccGdCEGV.s 			page 12


 536 0259 B2       		.byte	0xb2
 537 025a 6F000000 		.4byte	0x6f
 538 025e 69020000 		.4byte	0x269
 539 0262 15       		.uleb128 0x15
 540 0263 9D000000 		.4byte	0x9d
 541 0267 17       		.uleb128 0x17
 542 0268 00       		.byte	0
 543 0269 18       		.uleb128 0x18
 544 026a 34010000 		.4byte	.LASF28
 545 026e 07       		.byte	0x7
 546 026f 0E       		.byte	0xe
 547 0270 25000000 		.4byte	0x25
 548 0274 00       		.byte	0
 549              		.section	.debug_abbrev,"",%progbits
 550              	.Ldebug_abbrev0:
 551 0000 01       		.uleb128 0x1
 552 0001 11       		.uleb128 0x11
 553 0002 01       		.byte	0x1
 554 0003 25       		.uleb128 0x25
 555 0004 0E       		.uleb128 0xe
 556 0005 13       		.uleb128 0x13
 557 0006 0B       		.uleb128 0xb
 558 0007 03       		.uleb128 0x3
 559 0008 0E       		.uleb128 0xe
 560 0009 1B       		.uleb128 0x1b
 561 000a 0E       		.uleb128 0xe
 562 000b 55       		.uleb128 0x55
 563 000c 17       		.uleb128 0x17
 564 000d 11       		.uleb128 0x11
 565 000e 01       		.uleb128 0x1
 566 000f 10       		.uleb128 0x10
 567 0010 17       		.uleb128 0x17
 568 0011 00       		.byte	0
 569 0012 00       		.byte	0
 570 0013 02       		.uleb128 0x2
 571 0014 24       		.uleb128 0x24
 572 0015 00       		.byte	0
 573 0016 0B       		.uleb128 0xb
 574 0017 0B       		.uleb128 0xb
 575 0018 3E       		.uleb128 0x3e
 576 0019 0B       		.uleb128 0xb
 577 001a 03       		.uleb128 0x3
 578 001b 0E       		.uleb128 0xe
 579 001c 00       		.byte	0
 580 001d 00       		.byte	0
 581 001e 03       		.uleb128 0x3
 582 001f 16       		.uleb128 0x16
 583 0020 00       		.byte	0
 584 0021 03       		.uleb128 0x3
 585 0022 0E       		.uleb128 0xe
 586 0023 3A       		.uleb128 0x3a
 587 0024 0B       		.uleb128 0xb
 588 0025 3B       		.uleb128 0x3b
 589 0026 0B       		.uleb128 0xb
 590 0027 49       		.uleb128 0x49
 591 0028 13       		.uleb128 0x13
 592 0029 00       		.byte	0
ARM GAS  C:\Users\vedranb\AppData\Local\Temp\ccGdCEGV.s 			page 13


 593 002a 00       		.byte	0
 594 002b 04       		.uleb128 0x4
 595 002c 24       		.uleb128 0x24
 596 002d 00       		.byte	0
 597 002e 0B       		.uleb128 0xb
 598 002f 0B       		.uleb128 0xb
 599 0030 3E       		.uleb128 0x3e
 600 0031 0B       		.uleb128 0xb
 601 0032 03       		.uleb128 0x3
 602 0033 08       		.uleb128 0x8
 603 0034 00       		.byte	0
 604 0035 00       		.byte	0
 605 0036 05       		.uleb128 0x5
 606 0037 0F       		.uleb128 0xf
 607 0038 00       		.byte	0
 608 0039 0B       		.uleb128 0xb
 609 003a 0B       		.uleb128 0xb
 610 003b 49       		.uleb128 0x49
 611 003c 13       		.uleb128 0x13
 612 003d 00       		.byte	0
 613 003e 00       		.byte	0
 614 003f 06       		.uleb128 0x6
 615 0040 26       		.uleb128 0x26
 616 0041 00       		.byte	0
 617 0042 49       		.uleb128 0x49
 618 0043 13       		.uleb128 0x13
 619 0044 00       		.byte	0
 620 0045 00       		.byte	0
 621 0046 07       		.uleb128 0x7
 622 0047 2E       		.uleb128 0x2e
 623 0048 01       		.byte	0x1
 624 0049 3F       		.uleb128 0x3f
 625 004a 19       		.uleb128 0x19
 626 004b 03       		.uleb128 0x3
 627 004c 0E       		.uleb128 0xe
 628 004d 3A       		.uleb128 0x3a
 629 004e 0B       		.uleb128 0xb
 630 004f 3B       		.uleb128 0x3b
 631 0050 0B       		.uleb128 0xb
 632 0051 27       		.uleb128 0x27
 633 0052 19       		.uleb128 0x19
 634 0053 11       		.uleb128 0x11
 635 0054 01       		.uleb128 0x1
 636 0055 12       		.uleb128 0x12
 637 0056 06       		.uleb128 0x6
 638 0057 40       		.uleb128 0x40
 639 0058 18       		.uleb128 0x18
 640 0059 9642     		.uleb128 0x2116
 641 005b 19       		.uleb128 0x19
 642 005c 01       		.uleb128 0x1
 643 005d 13       		.uleb128 0x13
 644 005e 00       		.byte	0
 645 005f 00       		.byte	0
 646 0060 08       		.uleb128 0x8
 647 0061 05       		.uleb128 0x5
 648 0062 00       		.byte	0
 649 0063 03       		.uleb128 0x3
ARM GAS  C:\Users\vedranb\AppData\Local\Temp\ccGdCEGV.s 			page 14


 650 0064 0E       		.uleb128 0xe
 651 0065 3A       		.uleb128 0x3a
 652 0066 0B       		.uleb128 0xb
 653 0067 3B       		.uleb128 0x3b
 654 0068 0B       		.uleb128 0xb
 655 0069 49       		.uleb128 0x49
 656 006a 13       		.uleb128 0x13
 657 006b 02       		.uleb128 0x2
 658 006c 17       		.uleb128 0x17
 659 006d 00       		.byte	0
 660 006e 00       		.byte	0
 661 006f 09       		.uleb128 0x9
 662 0070 34       		.uleb128 0x34
 663 0071 00       		.byte	0
 664 0072 03       		.uleb128 0x3
 665 0073 08       		.uleb128 0x8
 666 0074 3A       		.uleb128 0x3a
 667 0075 0B       		.uleb128 0xb
 668 0076 3B       		.uleb128 0x3b
 669 0077 0B       		.uleb128 0xb
 670 0078 49       		.uleb128 0x49
 671 0079 13       		.uleb128 0x13
 672 007a 02       		.uleb128 0x2
 673 007b 17       		.uleb128 0x17
 674 007c 00       		.byte	0
 675 007d 00       		.byte	0
 676 007e 0A       		.uleb128 0xa
 677 007f 34       		.uleb128 0x34
 678 0080 00       		.byte	0
 679 0081 03       		.uleb128 0x3
 680 0082 0E       		.uleb128 0xe
 681 0083 3A       		.uleb128 0x3a
 682 0084 0B       		.uleb128 0xb
 683 0085 3B       		.uleb128 0x3b
 684 0086 0B       		.uleb128 0xb
 685 0087 49       		.uleb128 0x49
 686 0088 13       		.uleb128 0x13
 687 0089 02       		.uleb128 0x2
 688 008a 18       		.uleb128 0x18
 689 008b 00       		.byte	0
 690 008c 00       		.byte	0
 691 008d 0B       		.uleb128 0xb
 692 008e 34       		.uleb128 0x34
 693 008f 00       		.byte	0
 694 0090 03       		.uleb128 0x3
 695 0091 0E       		.uleb128 0xe
 696 0092 3A       		.uleb128 0x3a
 697 0093 0B       		.uleb128 0xb
 698 0094 3B       		.uleb128 0x3b
 699 0095 0B       		.uleb128 0xb
 700 0096 49       		.uleb128 0x49
 701 0097 13       		.uleb128 0x13
 702 0098 02       		.uleb128 0x2
 703 0099 17       		.uleb128 0x17
 704 009a 00       		.byte	0
 705 009b 00       		.byte	0
 706 009c 0C       		.uleb128 0xc
ARM GAS  C:\Users\vedranb\AppData\Local\Temp\ccGdCEGV.s 			page 15


 707 009d 898201   		.uleb128 0x4109
 708 00a0 01       		.byte	0x1
 709 00a1 11       		.uleb128 0x11
 710 00a2 01       		.uleb128 0x1
 711 00a3 31       		.uleb128 0x31
 712 00a4 13       		.uleb128 0x13
 713 00a5 01       		.uleb128 0x1
 714 00a6 13       		.uleb128 0x13
 715 00a7 00       		.byte	0
 716 00a8 00       		.byte	0
 717 00a9 0D       		.uleb128 0xd
 718 00aa 8A8201   		.uleb128 0x410a
 719 00ad 00       		.byte	0
 720 00ae 02       		.uleb128 0x2
 721 00af 18       		.uleb128 0x18
 722 00b0 9142     		.uleb128 0x2111
 723 00b2 18       		.uleb128 0x18
 724 00b3 00       		.byte	0
 725 00b4 00       		.byte	0
 726 00b5 0E       		.uleb128 0xe
 727 00b6 898201   		.uleb128 0x4109
 728 00b9 00       		.byte	0
 729 00ba 11       		.uleb128 0x11
 730 00bb 01       		.uleb128 0x1
 731 00bc 31       		.uleb128 0x31
 732 00bd 13       		.uleb128 0x13
 733 00be 00       		.byte	0
 734 00bf 00       		.byte	0
 735 00c0 0F       		.uleb128 0xf
 736 00c1 898201   		.uleb128 0x4109
 737 00c4 01       		.byte	0x1
 738 00c5 11       		.uleb128 0x11
 739 00c6 01       		.uleb128 0x1
 740 00c7 31       		.uleb128 0x31
 741 00c8 13       		.uleb128 0x13
 742 00c9 00       		.byte	0
 743 00ca 00       		.byte	0
 744 00cb 10       		.uleb128 0x10
 745 00cc 01       		.uleb128 0x1
 746 00cd 01       		.byte	0x1
 747 00ce 49       		.uleb128 0x49
 748 00cf 13       		.uleb128 0x13
 749 00d0 01       		.uleb128 0x1
 750 00d1 13       		.uleb128 0x13
 751 00d2 00       		.byte	0
 752 00d3 00       		.byte	0
 753 00d4 11       		.uleb128 0x11
 754 00d5 21       		.uleb128 0x21
 755 00d6 00       		.byte	0
 756 00d7 49       		.uleb128 0x49
 757 00d8 13       		.uleb128 0x13
 758 00d9 2F       		.uleb128 0x2f
 759 00da 0B       		.uleb128 0xb
 760 00db 00       		.byte	0
 761 00dc 00       		.byte	0
 762 00dd 12       		.uleb128 0x12
 763 00de 34       		.uleb128 0x34
ARM GAS  C:\Users\vedranb\AppData\Local\Temp\ccGdCEGV.s 			page 16


 764 00df 00       		.byte	0
 765 00e0 03       		.uleb128 0x3
 766 00e1 0E       		.uleb128 0xe
 767 00e2 3A       		.uleb128 0x3a
 768 00e3 0B       		.uleb128 0xb
 769 00e4 3B       		.uleb128 0x3b
 770 00e5 05       		.uleb128 0x5
 771 00e6 49       		.uleb128 0x49
 772 00e7 13       		.uleb128 0x13
 773 00e8 3F       		.uleb128 0x3f
 774 00e9 19       		.uleb128 0x19
 775 00ea 3C       		.uleb128 0x3c
 776 00eb 19       		.uleb128 0x19
 777 00ec 00       		.byte	0
 778 00ed 00       		.byte	0
 779 00ee 13       		.uleb128 0x13
 780 00ef 35       		.uleb128 0x35
 781 00f0 00       		.byte	0
 782 00f1 49       		.uleb128 0x49
 783 00f2 13       		.uleb128 0x13
 784 00f3 00       		.byte	0
 785 00f4 00       		.byte	0
 786 00f5 14       		.uleb128 0x14
 787 00f6 2E       		.uleb128 0x2e
 788 00f7 01       		.byte	0x1
 789 00f8 3F       		.uleb128 0x3f
 790 00f9 19       		.uleb128 0x19
 791 00fa 03       		.uleb128 0x3
 792 00fb 0E       		.uleb128 0xe
 793 00fc 3A       		.uleb128 0x3a
 794 00fd 0B       		.uleb128 0xb
 795 00fe 3B       		.uleb128 0x3b
 796 00ff 0B       		.uleb128 0xb
 797 0100 6E       		.uleb128 0x6e
 798 0101 0E       		.uleb128 0xe
 799 0102 27       		.uleb128 0x27
 800 0103 19       		.uleb128 0x19
 801 0104 49       		.uleb128 0x49
 802 0105 13       		.uleb128 0x13
 803 0106 3C       		.uleb128 0x3c
 804 0107 19       		.uleb128 0x19
 805 0108 01       		.uleb128 0x1
 806 0109 13       		.uleb128 0x13
 807 010a 00       		.byte	0
 808 010b 00       		.byte	0
 809 010c 15       		.uleb128 0x15
 810 010d 05       		.uleb128 0x5
 811 010e 00       		.byte	0
 812 010f 49       		.uleb128 0x49
 813 0110 13       		.uleb128 0x13
 814 0111 00       		.byte	0
 815 0112 00       		.byte	0
 816 0113 16       		.uleb128 0x16
 817 0114 2E       		.uleb128 0x2e
 818 0115 01       		.byte	0x1
 819 0116 3F       		.uleb128 0x3f
 820 0117 19       		.uleb128 0x19
ARM GAS  C:\Users\vedranb\AppData\Local\Temp\ccGdCEGV.s 			page 17


 821 0118 03       		.uleb128 0x3
 822 0119 0E       		.uleb128 0xe
 823 011a 3A       		.uleb128 0x3a
 824 011b 0B       		.uleb128 0xb
 825 011c 3B       		.uleb128 0x3b
 826 011d 0B       		.uleb128 0xb
 827 011e 27       		.uleb128 0x27
 828 011f 19       		.uleb128 0x19
 829 0120 49       		.uleb128 0x49
 830 0121 13       		.uleb128 0x13
 831 0122 3C       		.uleb128 0x3c
 832 0123 19       		.uleb128 0x19
 833 0124 01       		.uleb128 0x1
 834 0125 13       		.uleb128 0x13
 835 0126 00       		.byte	0
 836 0127 00       		.byte	0
 837 0128 17       		.uleb128 0x17
 838 0129 18       		.uleb128 0x18
 839 012a 00       		.byte	0
 840 012b 00       		.byte	0
 841 012c 00       		.byte	0
 842 012d 18       		.uleb128 0x18
 843 012e 2E       		.uleb128 0x2e
 844 012f 00       		.byte	0
 845 0130 3F       		.uleb128 0x3f
 846 0131 19       		.uleb128 0x19
 847 0132 03       		.uleb128 0x3
 848 0133 0E       		.uleb128 0xe
 849 0134 3A       		.uleb128 0x3a
 850 0135 0B       		.uleb128 0xb
 851 0136 3B       		.uleb128 0x3b
 852 0137 0B       		.uleb128 0xb
 853 0138 27       		.uleb128 0x27
 854 0139 19       		.uleb128 0x19
 855 013a 49       		.uleb128 0x49
 856 013b 13       		.uleb128 0x13
 857 013c 3C       		.uleb128 0x3c
 858 013d 19       		.uleb128 0x19
 859 013e 00       		.byte	0
 860 013f 00       		.byte	0
 861 0140 00       		.byte	0
 862              		.section	.debug_loc,"",%progbits
 863              	.Ldebug_loc0:
 864              	.LLST0:
 865 0000 00000000 		.4byte	.LVL0
 866 0004 0C000000 		.4byte	.LVL2
 867 0008 0100     		.2byte	0x1
 868 000a 50       		.byte	0x50
 869 000b 0C000000 		.4byte	.LVL2
 870 000f 22000000 		.4byte	.LFE63
 871 0013 0100     		.2byte	0x1
 872 0015 57       		.byte	0x57
 873 0016 00000000 		.4byte	0
 874 001a 00000000 		.4byte	0
 875              	.LLST1:
 876 001e 00000000 		.4byte	.LVL0
 877 0022 0C000000 		.4byte	.LVL2
ARM GAS  C:\Users\vedranb\AppData\Local\Temp\ccGdCEGV.s 			page 18


 878 0026 0100     		.2byte	0x1
 879 0028 51       		.byte	0x51
 880 0029 0C000000 		.4byte	.LVL2
 881 002d 22000000 		.4byte	.LFE63
 882 0031 0100     		.2byte	0x1
 883 0033 55       		.byte	0x55
 884 0034 00000000 		.4byte	0
 885 0038 00000000 		.4byte	0
 886              	.LLST2:
 887 003c 00000000 		.4byte	.LVL0
 888 0040 0C000000 		.4byte	.LVL2
 889 0044 0100     		.2byte	0x1
 890 0046 52       		.byte	0x52
 891 0047 0C000000 		.4byte	.LVL2
 892 004b 22000000 		.4byte	.LFE63
 893 004f 0100     		.2byte	0x1
 894 0051 56       		.byte	0x56
 895 0052 00000000 		.4byte	0
 896 0056 00000000 		.4byte	0
 897              	.LLST3:
 898 005a 08000000 		.4byte	.LVL1
 899 005e 0C000000 		.4byte	.LVL2
 900 0062 0200     		.2byte	0x2
 901 0064 30       		.byte	0x30
 902 0065 9F       		.byte	0x9f
 903 0066 0C000000 		.4byte	.LVL2
 904 006a 22000000 		.4byte	.LFE63
 905 006e 0100     		.2byte	0x1
 906 0070 54       		.byte	0x54
 907 0071 00000000 		.4byte	0
 908 0075 00000000 		.4byte	0
 909              	.LLST4:
 910 0079 22000000 		.4byte	.LVL8
 911 007d 27000000 		.4byte	.LVL9-1
 912 0081 0100     		.2byte	0x1
 913 0083 50       		.byte	0x50
 914 0084 27000000 		.4byte	.LVL9-1
 915 0088 9E000000 		.4byte	.LVL26
 916 008c 0100     		.2byte	0x1
 917 008e 55       		.byte	0x55
 918 008f 00000000 		.4byte	0
 919 0093 00000000 		.4byte	0
 920              	.LLST5:
 921 0097 40000000 		.4byte	.LVL12
 922 009b 54000000 		.4byte	.LVL15
 923 009f 0100     		.2byte	0x1
 924 00a1 54       		.byte	0x54
 925 00a2 54000000 		.4byte	.LVL15
 926 00a6 58000000 		.4byte	.LVL16
 927 00aa 0300     		.2byte	0x3
 928 00ac 76       		.byte	0x76
 929 00ad 7F       		.sleb128 -1
 930 00ae 9F       		.byte	0x9f
 931 00af 58000000 		.4byte	.LVL16
 932 00b3 5A000000 		.4byte	.LVL17
 933 00b7 0100     		.2byte	0x1
 934 00b9 56       		.byte	0x56
ARM GAS  C:\Users\vedranb\AppData\Local\Temp\ccGdCEGV.s 			page 19


 935 00ba 5A000000 		.4byte	.LVL17
 936 00be 6E000000 		.4byte	.LVL19
 937 00c2 0100     		.2byte	0x1
 938 00c4 54       		.byte	0x54
 939 00c5 6E000000 		.4byte	.LVL19
 940 00c9 72000000 		.4byte	.LVL20
 941 00cd 0200     		.2byte	0x2
 942 00cf 30       		.byte	0x30
 943 00d0 9F       		.byte	0x9f
 944 00d1 72000000 		.4byte	.LVL20
 945 00d5 7A000000 		.4byte	.LVL21
 946 00d9 0100     		.2byte	0x1
 947 00db 53       		.byte	0x53
 948 00dc 7A000000 		.4byte	.LVL21
 949 00e0 8E000000 		.4byte	.LVL23
 950 00e4 0300     		.2byte	0x3
 951 00e6 74       		.byte	0x74
 952 00e7 7F       		.sleb128 -1
 953 00e8 9F       		.byte	0x9f
 954 00e9 8E000000 		.4byte	.LVL23
 955 00ed 90000000 		.4byte	.LVL24
 956 00f1 0100     		.2byte	0x1
 957 00f3 54       		.byte	0x54
 958 00f4 90000000 		.4byte	.LVL24
 959 00f8 99000000 		.4byte	.LVL25-1
 960 00fc 0100     		.2byte	0x1
 961 00fe 53       		.byte	0x53
 962 00ff 00000000 		.4byte	0
 963 0103 00000000 		.4byte	0
 964              		.section	.debug_aranges,"",%progbits
 965 0000 24000000 		.4byte	0x24
 966 0004 0200     		.2byte	0x2
 967 0006 00000000 		.4byte	.Ldebug_info0
 968 000a 04       		.byte	0x4
 969 000b 00       		.byte	0
 970 000c 0000     		.2byte	0
 971 000e 0000     		.2byte	0
 972 0010 00000000 		.4byte	.LFB63
 973 0014 22000000 		.4byte	.LFE63-.LFB63
 974 0018 00000000 		.4byte	.LFB64
 975 001c BC000000 		.4byte	.LFE64-.LFB64
 976 0020 00000000 		.4byte	0
 977 0024 00000000 		.4byte	0
 978              		.section	.debug_ranges,"",%progbits
 979              	.Ldebug_ranges0:
 980 0000 00000000 		.4byte	.LFB63
 981 0004 22000000 		.4byte	.LFE63
 982 0008 00000000 		.4byte	.LFB64
 983 000c BC000000 		.4byte	.LFE64
 984 0010 00000000 		.4byte	0
 985 0014 00000000 		.4byte	0
 986              		.section	.debug_line,"",%progbits
 987              	.Ldebug_line0:
 988 0000 DE010000 		.section	.debug_str,"MS",%progbits,1
 988      02006F01 
 988      00000201 
 988      FB0E0D00 
ARM GAS  C:\Users\vedranb\AppData\Local\Temp\ccGdCEGV.s 			page 20


 988      01010101 
 989              	.LASF22:
 990 0000 65786572 		.ascii	"exercise17.c\000"
 990      63697365 
 990      31372E63 
 990      00
 991              	.LASF20:
 992 000d 65786368 		.ascii	"exchangeRate\000"
 992      616E6765 
 992      52617465 
 992      00
 993              	.LASF10:
 994 001a 5F5F696E 		.ascii	"__int32_t\000"
 994      7433325F 
 994      7400
 995              	.LASF18:
 996 0024 63757272 		.ascii	"currencyExchange\000"
 996      656E6379 
 996      45786368 
 996      616E6765 
 996      00
 997              	.LASF0:
 998 0035 666C6F61 		.ascii	"float\000"
 998      7400
 999              	.LASF25:
 1000 003b 5F5F6275 		.ascii	"__builtin_puts\000"
 1000      696C7469 
 1000      6E5F7075 
 1000      747300
 1001              	.LASF2:
 1002 004a 756E7369 		.ascii	"unsigned char\000"
 1002      676E6564 
 1002      20636861 
 1002      7200
 1003              	.LASF6:
 1004 0058 6C6F6E67 		.ascii	"long unsigned int\000"
 1004      20756E73 
 1004      69676E65 
 1004      6420696E 
 1004      7400
 1005              	.LASF4:
 1006 006a 73686F72 		.ascii	"short unsigned int\000"
 1006      7420756E 
 1006      7369676E 
 1006      65642069 
 1006      6E7400
 1007              	.LASF24:
 1008 007d 49544D5F 		.ascii	"ITM_RxBuffer\000"
 1008      52784275 
 1008      66666572 
 1008      00
 1009              	.LASF19:
 1010 008a 65786572 		.ascii	"exercise17\000"
 1010      63697365 
 1010      313700
 1011              	.LASF12:
 1012 0095 646F7562 		.ascii	"double\000"
ARM GAS  C:\Users\vedranb\AppData\Local\Temp\ccGdCEGV.s 			page 21


 1012      6C6500
 1013              	.LASF3:
 1014 009c 73686F72 		.ascii	"short int\000"
 1014      7420696E 
 1014      7400
 1015              	.LASF21:
 1016 00a6 474E5520 		.ascii	"GNU C 4.9.3 20150303 (release) [ARM/embedded-4_9-br"
 1016      4320342E 
 1016      392E3320 
 1016      32303135 
 1016      30333033 
 1017 00d9 616E6368 		.ascii	"anch revision 221220] -mcpu=cortex-m3 -mthumb -g -O"
 1017      20726576 
 1017      6973696F 
 1017      6E203232 
 1017      31323230 
 1018 010c 67202D66 		.ascii	"g -ffunction-sections -ffat-lto-objects\000"
 1018      66756E63 
 1018      74696F6E 
 1018      2D736563 
 1018      74696F6E 
 1019              	.LASF28:
 1020 0134 72656164 		.ascii	"readFloat\000"
 1020      466C6F61 
 1020      7400
 1021              	.LASF9:
 1022 013e 756E7369 		.ascii	"unsigned int\000"
 1022      676E6564 
 1022      20696E74 
 1022      00
 1023              	.LASF8:
 1024 014b 6C6F6E67 		.ascii	"long long unsigned int\000"
 1024      206C6F6E 
 1024      6720756E 
 1024      7369676E 
 1024      65642069 
 1025              	.LASF1:
 1026 0162 7369676E 		.ascii	"signed char\000"
 1026      65642063 
 1026      68617200 
 1027              	.LASF11:
 1028 016e 696E7433 		.ascii	"int32_t\000"
 1028      325F7400 
 1029              	.LASF17:
 1030 0176 6E756D5F 		.ascii	"num_transactions\000"
 1030      7472616E 
 1030      73616374 
 1030      696F6E73 
 1030      00
 1031              	.LASF14:
 1032 0187 73697A65 		.ascii	"sizetype\000"
 1032      74797065 
 1032      00
 1033              	.LASF7:
 1034 0190 6C6F6E67 		.ascii	"long long int\000"
 1034      206C6F6E 
 1034      6720696E 
ARM GAS  C:\Users\vedranb\AppData\Local\Temp\ccGdCEGV.s 			page 22


 1034      7400
 1035              	.LASF13:
 1036 019e 63686172 		.ascii	"char\000"
 1036      00
 1037              	.LASF27:
 1038 01a3 7072696E 		.ascii	"printf\000"
 1038      746600
 1039              	.LASF16:
 1040 01aa 7472616E 		.ascii	"transactions\000"
 1040      73616374 
 1040      696F6E73 
 1040      00
 1041              	.LASF5:
 1042 01b7 6C6F6E67 		.ascii	"long int\000"
 1042      20696E74 
 1042      00
 1043              	.LASF23:
 1044 01c0 463A5C4F 		.ascii	"F:\\OneDrive\\Metropolia\\Devices\\Workspaces\\Work"
 1044      6E654472 
 1044      6976655C 
 1044      4D657472 
 1044      6F706F6C 
 1045 01ee 73706163 		.ascii	"space 1\\Workspace01\\Hello Word.cydsn\000"
 1045      6520315C 
 1045      576F726B 
 1045      73706163 
 1045      6530315C 
 1046              	.LASF26:
 1047 0213 70757473 		.ascii	"puts\000"
 1047      00
 1048              	.LASF15:
 1049 0218 65786368 		.ascii	"exchangerate\000"
 1049      616E6765 
 1049      72617465 
 1049      00
 1050              		.ident	"GCC: (GNU Tools for ARM Embedded Processors) 4.9.3 20150303 (release) [ARM/embedded-4_9-br
