ARM GAS  C:\Users\vedranb\AppData\Local\Temp\ccoLFR39.s 			page 1


   1              		.syntax unified
   2              		.cpu cortex-m3
   3              		.fpu softvfp
   4              		.eabi_attribute 20, 1
   5              		.eabi_attribute 21, 1
   6              		.eabi_attribute 23, 3
   7              		.eabi_attribute 24, 1
   8              		.eabi_attribute 25, 1
   9              		.eabi_attribute 26, 1
  10              		.eabi_attribute 30, 1
  11              		.eabi_attribute 34, 1
  12              		.eabi_attribute 18, 4
  13              		.thumb
  14              		.file	"exercise1.c"
  15              		.text
  16              	.Ltext0:
  17              		.cfi_sections	.debug_frame
  18              		.section	.text.exercise1,"ax",%progbits
  19              		.align	2
  20              		.global	exercise1
  21              		.thumb
  22              		.thumb_func
  23              		.type	exercise1, %function
  24              	exercise1:
  25              	.LFB63:
  26              		.file 1 "exercise1.c"
   1:exercise1.c   **** /* ========================================
   2:exercise1.c   ****  *
   3:exercise1.c   ****  * Copyright YOUR COMPANY, THE YEAR
   4:exercise1.c   ****  * All Rights Reserved
   5:exercise1.c   ****  * UNPUBLISHED, LICENSED SOFTWARE.
   6:exercise1.c   ****  *
   7:exercise1.c   ****  * CONFIDENTIAL AND PROPRIETARY INFORMATION
   8:exercise1.c   ****  * WHICH IS THE PROPERTY OF your company.
   9:exercise1.c   ****  *
  10:exercise1.c   ****  * ========================================
  11:exercise1.c   **** */
  12:exercise1.c   **** //Exercise 1
  13:exercise1.c   **** #include <project.h>
  14:exercise1.c   **** #include <stdio.h>
  15:exercise1.c   **** 
  16:exercise1.c   **** void exercise1(void)
  17:exercise1.c   **** {
  27              		.loc 1 17 0
  28              		.cfi_startproc
  29              		@ args = 0, pretend = 0, frame = 32
  30              		@ frame_needed = 0, uses_anonymous_args = 0
  31 0000 70B5     		push	{r4, r5, r6, lr}
  32              		.cfi_def_cfa_offset 16
  33              		.cfi_offset 4, -16
  34              		.cfi_offset 5, -12
  35              		.cfi_offset 6, -8
  36              		.cfi_offset 14, -4
  37 0002 88B0     		sub	sp, sp, #32
  38              		.cfi_def_cfa_offset 48
  18:exercise1.c   ****     printf("\n\nExercise 1. \n\n");
  39              		.loc 1 18 0
ARM GAS  C:\Users\vedranb\AppData\Local\Temp\ccoLFR39.s 			page 2


  40 0004 1848     		ldr	r0, .L5
  41 0006 FFF7FEFF 		bl	puts
  42              	.LVL0:
  19:exercise1.c   ****     
  20:exercise1.c   ****     //my year, my month, my day, toyear, tomonth, today, age
  21:exercise1.c   ****     int ex1[7] = {1987,1,16,2017,10,27,0};
  43              		.loc 1 21 0
  44 000a 01AC     		add	r4, sp, #4
  45 000c 174D     		ldr	r5, .L5+4
  46 000e 0FCD     		ldmia	r5!, {r0, r1, r2, r3}
  47 0010 0FC4     		stmia	r4!, {r0, r1, r2, r3}
  48 0012 95E80700 		ldmia	r5, {r0, r1, r2}
  49 0016 84E80700 		stmia	r4, {r0, r1, r2}
  22:exercise1.c   ****     
  23:exercise1.c   ****     printf("I was born on %d.%d.%d\n", ex1[2], ex1[1], ex1[0]);
  50              		.loc 1 23 0
  51 001a 039E     		ldr	r6, [sp, #12]
  52 001c 029D     		ldr	r5, [sp, #8]
  53 001e 019C     		ldr	r4, [sp, #4]
  54 0020 1348     		ldr	r0, .L5+8
  55 0022 3146     		mov	r1, r6
  56 0024 2A46     		mov	r2, r5
  57 0026 2346     		mov	r3, r4
  58 0028 FFF7FEFF 		bl	printf
  59              	.LVL1:
  24:exercise1.c   ****     
  25:exercise1.c   ****     ex1[6] = ex1[3] - ex1[0];
  60              		.loc 1 25 0
  61 002c 049B     		ldr	r3, [sp, #16]
  62 002e 1C1B     		subs	r4, r3, r4
  63 0030 0794     		str	r4, [sp, #28]
  26:exercise1.c   ****     if(ex1[1]>ex1[4]){
  64              		.loc 1 26 0
  65 0032 059A     		ldr	r2, [sp, #20]
  66 0034 9542     		cmp	r5, r2
  67 0036 02DD     		ble	.L2
  27:exercise1.c   ****         ex1[6]--;
  68              		.loc 1 27 0
  69 0038 013C     		subs	r4, r4, #1
  70 003a 0794     		str	r4, [sp, #28]
  71 003c 06E0     		b	.L3
  72              	.L2:
  28:exercise1.c   ****     }
  29:exercise1.c   ****     else if(ex1[1] == ex1[4] && ex1[2]>ex1[5]){
  73              		.loc 1 29 0
  74 003e 9542     		cmp	r5, r2
  75 0040 04D1     		bne	.L3
  76              		.loc 1 29 0 is_stmt 0 discriminator 1
  77 0042 0699     		ldr	r1, [sp, #24]
  78 0044 8E42     		cmp	r6, r1
  79 0046 01DD     		ble	.L3
  30:exercise1.c   ****         ex1[6]--;
  80              		.loc 1 30 0 is_stmt 1
  81 0048 013C     		subs	r4, r4, #1
  82 004a 0794     		str	r4, [sp, #28]
  83              	.L3:
  31:exercise1.c   ****     }
ARM GAS  C:\Users\vedranb\AppData\Local\Temp\ccoLFR39.s 			page 3


  32:exercise1.c   ****     
  33:exercise1.c   ****     printf("Today is %d.%d.%d\n", ex1[5], ex1[4], ex1[3]);
  84              		.loc 1 33 0
  85 004c 0948     		ldr	r0, .L5+12
  86 004e 0699     		ldr	r1, [sp, #24]
  87 0050 FFF7FEFF 		bl	printf
  88              	.LVL2:
  34:exercise1.c   ****     printf("I am %d years old.\n", ex1[6]);
  89              		.loc 1 34 0
  90 0054 0848     		ldr	r0, .L5+16
  91 0056 0799     		ldr	r1, [sp, #28]
  92 0058 FFF7FEFF 		bl	printf
  93              	.LVL3:
  35:exercise1.c   ****     printf("End of Exercise 1 \n\n");
  94              		.loc 1 35 0
  95 005c 0748     		ldr	r0, .L5+20
  96 005e FFF7FEFF 		bl	puts
  97              	.LVL4:
  36:exercise1.c   ****     return;
  37:exercise1.c   **** }
  98              		.loc 1 37 0
  99 0062 08B0     		add	sp, sp, #32
 100              		.cfi_def_cfa_offset 16
 101              		@ sp needed
 102 0064 70BD     		pop	{r4, r5, r6, pc}
 103              	.L6:
 104 0066 00BF     		.align	2
 105              	.L5:
 106 0068 00000000 		.word	.LC1
 107 006c 00000000 		.word	.LANCHOR0
 108 0070 10000000 		.word	.LC2
 109 0074 28000000 		.word	.LC3
 110 0078 3C000000 		.word	.LC4
 111 007c 50000000 		.word	.LC5
 112              		.cfi_endproc
 113              	.LFE63:
 114              		.size	exercise1, .-exercise1
 115              		.section	.rodata
 116              		.align	2
 117              		.set	.LANCHOR0,. + 0
 118              	.LC0:
 119 0000 C3070000 		.word	1987
 120 0004 01000000 		.word	1
 121 0008 10000000 		.word	16
 122 000c E1070000 		.word	2017
 123 0010 0A000000 		.word	10
 124 0014 1B000000 		.word	27
 125 0018 00000000 		.word	0
 126              		.section	.rodata.str1.4,"aMS",%progbits,1
 127              		.align	2
 128              	.LC1:
 129 0000 0A0A4578 		.ascii	"\012\012Exercise 1. \012\000"
 129      65726369 
 129      73652031 
 129      2E200A00 
 130              	.LC2:
 131 0010 49207761 		.ascii	"I was born on %d.%d.%d\012\000"
ARM GAS  C:\Users\vedranb\AppData\Local\Temp\ccoLFR39.s 			page 4


 131      7320626F 
 131      726E206F 
 131      6E202564 
 131      2E25642E 
 132              	.LC3:
 133 0028 546F6461 		.ascii	"Today is %d.%d.%d\012\000"
 133      79206973 
 133      2025642E 
 133      25642E25 
 133      640A00
 134 003b 00       		.space	1
 135              	.LC4:
 136 003c 4920616D 		.ascii	"I am %d years old.\012\000"
 136      20256420 
 136      79656172 
 136      73206F6C 
 136      642E0A00 
 137              	.LC5:
 138 0050 456E6420 		.ascii	"End of Exercise 1 \012\000"
 138      6F662045 
 138      78657263 
 138      69736520 
 138      31200A00 
 139              		.text
 140              	.Letext0:
 141              		.file 2 "c:\\program files (x86)\\cypress\\psoc creator\\4.0\\psoc creator\\import\\gnu\\arm\\4.9.
 142              		.file 3 "c:\\program files (x86)\\cypress\\psoc creator\\4.0\\psoc creator\\import\\gnu\\arm\\4.9.
 143              		.file 4 "Generated_Source\\PSoC5/core_cm3.h"
 144              		.file 5 "<built-in>"
 145              		.file 6 "c:\\program files (x86)\\cypress\\psoc creator\\4.0\\psoc creator\\import\\gnu\\arm\\4.9.
 146              		.section	.debug_info,"",%progbits
 147              	.Ldebug_info0:
 148 0000 A4010000 		.4byte	0x1a4
 149 0004 0400     		.2byte	0x4
 150 0006 00000000 		.4byte	.Ldebug_abbrev0
 151 000a 04       		.byte	0x4
 152 000b 01       		.uleb128 0x1
 153 000c 89000000 		.4byte	.LASF15
 154 0010 01       		.byte	0x1
 155 0011 4E000000 		.4byte	.LASF16
 156 0015 62010000 		.4byte	.LASF17
 157 0019 00000000 		.4byte	.Ldebug_ranges0+0
 158 001d 00000000 		.4byte	0
 159 0021 00000000 		.4byte	.Ldebug_line0
 160 0025 02       		.uleb128 0x2
 161 0026 01       		.byte	0x1
 162 0027 06       		.byte	0x6
 163 0028 33000000 		.4byte	.LASF0
 164 002c 02       		.uleb128 0x2
 165 002d 01       		.byte	0x1
 166 002e 08       		.byte	0x8
 167 002f 17010000 		.4byte	.LASF1
 168 0033 02       		.uleb128 0x2
 169 0034 02       		.byte	0x2
 170 0035 05       		.byte	0x5
 171 0036 B5010000 		.4byte	.LASF2
 172 003a 02       		.uleb128 0x2
ARM GAS  C:\Users\vedranb\AppData\Local\Temp\ccoLFR39.s 			page 5


 173 003b 02       		.byte	0x2
 174 003c 07       		.byte	0x7
 175 003d 0E000000 		.4byte	.LASF3
 176 0041 03       		.uleb128 0x3
 177 0042 4E010000 		.4byte	.LASF9
 178 0046 02       		.byte	0x2
 179 0047 3F       		.byte	0x3f
 180 0048 4C000000 		.4byte	0x4c
 181 004c 02       		.uleb128 0x2
 182 004d 04       		.byte	0x4
 183 004e 05       		.byte	0x5
 184 004f 2A010000 		.4byte	.LASF4
 185 0053 02       		.uleb128 0x2
 186 0054 04       		.byte	0x4
 187 0055 07       		.byte	0x7
 188 0056 5A000000 		.4byte	.LASF5
 189 005a 02       		.uleb128 0x2
 190 005b 08       		.byte	0x8
 191 005c 05       		.byte	0x5
 192 005d 00000000 		.4byte	.LASF6
 193 0061 02       		.uleb128 0x2
 194 0062 08       		.byte	0x8
 195 0063 07       		.byte	0x7
 196 0064 6C000000 		.4byte	.LASF7
 197 0068 04       		.uleb128 0x4
 198 0069 04       		.byte	0x4
 199 006a 05       		.byte	0x5
 200 006b 696E7400 		.ascii	"int\000"
 201 006f 02       		.uleb128 0x2
 202 0070 04       		.byte	0x4
 203 0071 07       		.byte	0x7
 204 0072 21000000 		.4byte	.LASF8
 205 0076 03       		.uleb128 0x3
 206 0077 BF010000 		.4byte	.LASF10
 207 007b 03       		.byte	0x3
 208 007c 2C       		.byte	0x2c
 209 007d 41000000 		.4byte	0x41
 210 0081 02       		.uleb128 0x2
 211 0082 04       		.byte	0x4
 212 0083 04       		.byte	0x4
 213 0084 83000000 		.4byte	.LASF11
 214 0088 02       		.uleb128 0x2
 215 0089 08       		.byte	0x8
 216 008a 04       		.byte	0x4
 217 008b 33010000 		.4byte	.LASF12
 218 008f 02       		.uleb128 0x2
 219 0090 01       		.byte	0x1
 220 0091 08       		.byte	0x8
 221 0092 25010000 		.4byte	.LASF13
 222 0096 02       		.uleb128 0x2
 223 0097 04       		.byte	0x4
 224 0098 07       		.byte	0x7
 225 0099 C7010000 		.4byte	.LASF14
 226 009d 05       		.uleb128 0x5
 227 009e 04       		.byte	0x4
 228 009f A3000000 		.4byte	0xa3
 229 00a3 06       		.uleb128 0x6
ARM GAS  C:\Users\vedranb\AppData\Local\Temp\ccoLFR39.s 			page 6


 230 00a4 8F000000 		.4byte	0x8f
 231 00a8 07       		.uleb128 0x7
 232 00a9 58010000 		.4byte	.LASF18
 233 00ad 01       		.byte	0x1
 234 00ae 10       		.byte	0x10
 235 00af 00000000 		.4byte	.LFB63
 236 00b3 80000000 		.4byte	.LFE63-.LFB63
 237 00b7 01       		.uleb128 0x1
 238 00b8 9C       		.byte	0x9c
 239 00b9 5B010000 		.4byte	0x15b
 240 00bd 08       		.uleb128 0x8
 241 00be 65783100 		.ascii	"ex1\000"
 242 00c2 01       		.byte	0x1
 243 00c3 15       		.byte	0x15
 244 00c4 5B010000 		.4byte	0x15b
 245 00c8 02       		.uleb128 0x2
 246 00c9 91       		.byte	0x91
 247 00ca 54       		.sleb128 -44
 248 00cb 09       		.uleb128 0x9
 249 00cc 0A000000 		.4byte	.LVL0
 250 00d0 7C010000 		.4byte	0x17c
 251 00d4 E2000000 		.4byte	0xe2
 252 00d8 0A       		.uleb128 0xa
 253 00d9 01       		.uleb128 0x1
 254 00da 50       		.byte	0x50
 255 00db 05       		.uleb128 0x5
 256 00dc 03       		.byte	0x3
 257 00dd 00000000 		.4byte	.LC1
 258 00e1 00       		.byte	0
 259 00e2 09       		.uleb128 0x9
 260 00e3 2C000000 		.4byte	.LVL1
 261 00e7 95010000 		.4byte	0x195
 262 00eb 0B010000 		.4byte	0x10b
 263 00ef 0A       		.uleb128 0xa
 264 00f0 01       		.uleb128 0x1
 265 00f1 53       		.byte	0x53
 266 00f2 02       		.uleb128 0x2
 267 00f3 74       		.byte	0x74
 268 00f4 00       		.sleb128 0
 269 00f5 0A       		.uleb128 0xa
 270 00f6 01       		.uleb128 0x1
 271 00f7 52       		.byte	0x52
 272 00f8 02       		.uleb128 0x2
 273 00f9 75       		.byte	0x75
 274 00fa 00       		.sleb128 0
 275 00fb 0A       		.uleb128 0xa
 276 00fc 01       		.uleb128 0x1
 277 00fd 51       		.byte	0x51
 278 00fe 02       		.uleb128 0x2
 279 00ff 76       		.byte	0x76
 280 0100 00       		.sleb128 0
 281 0101 0A       		.uleb128 0xa
 282 0102 01       		.uleb128 0x1
 283 0103 50       		.byte	0x50
 284 0104 05       		.uleb128 0x5
 285 0105 03       		.byte	0x3
 286 0106 10000000 		.4byte	.LC2
ARM GAS  C:\Users\vedranb\AppData\Local\Temp\ccoLFR39.s 			page 7


 287 010a 00       		.byte	0
 288 010b 09       		.uleb128 0x9
 289 010c 54000000 		.4byte	.LVL2
 290 0110 95010000 		.4byte	0x195
 291 0114 29010000 		.4byte	0x129
 292 0118 0A       		.uleb128 0xa
 293 0119 01       		.uleb128 0x1
 294 011a 51       		.byte	0x51
 295 011b 03       		.uleb128 0x3
 296 011c 91       		.byte	0x91
 297 011d 68       		.sleb128 -24
 298 011e 06       		.byte	0x6
 299 011f 0A       		.uleb128 0xa
 300 0120 01       		.uleb128 0x1
 301 0121 50       		.byte	0x50
 302 0122 05       		.uleb128 0x5
 303 0123 03       		.byte	0x3
 304 0124 28000000 		.4byte	.LC3
 305 0128 00       		.byte	0
 306 0129 09       		.uleb128 0x9
 307 012a 5C000000 		.4byte	.LVL3
 308 012e 95010000 		.4byte	0x195
 309 0132 47010000 		.4byte	0x147
 310 0136 0A       		.uleb128 0xa
 311 0137 01       		.uleb128 0x1
 312 0138 51       		.byte	0x51
 313 0139 03       		.uleb128 0x3
 314 013a 91       		.byte	0x91
 315 013b 6C       		.sleb128 -20
 316 013c 06       		.byte	0x6
 317 013d 0A       		.uleb128 0xa
 318 013e 01       		.uleb128 0x1
 319 013f 50       		.byte	0x50
 320 0140 05       		.uleb128 0x5
 321 0141 03       		.byte	0x3
 322 0142 3C000000 		.4byte	.LC4
 323 0146 00       		.byte	0
 324 0147 0B       		.uleb128 0xb
 325 0148 62000000 		.4byte	.LVL4
 326 014c 7C010000 		.4byte	0x17c
 327 0150 0A       		.uleb128 0xa
 328 0151 01       		.uleb128 0x1
 329 0152 50       		.byte	0x50
 330 0153 05       		.uleb128 0x5
 331 0154 03       		.byte	0x3
 332 0155 50000000 		.4byte	.LC5
 333 0159 00       		.byte	0
 334 015a 00       		.byte	0
 335 015b 0C       		.uleb128 0xc
 336 015c 68000000 		.4byte	0x68
 337 0160 6B010000 		.4byte	0x16b
 338 0164 0D       		.uleb128 0xd
 339 0165 96000000 		.4byte	0x96
 340 0169 06       		.byte	0x6
 341 016a 00       		.byte	0
 342 016b 0E       		.uleb128 0xe
 343 016c 3A010000 		.4byte	.LASF19
ARM GAS  C:\Users\vedranb\AppData\Local\Temp\ccoLFR39.s 			page 8


 344 0170 04       		.byte	0x4
 345 0171 9606     		.2byte	0x696
 346 0173 77010000 		.4byte	0x177
 347 0177 0F       		.uleb128 0xf
 348 0178 76000000 		.4byte	0x76
 349 017c 10       		.uleb128 0x10
 350 017d 3F000000 		.4byte	.LASF20
 351 0181 05       		.byte	0x5
 352 0182 00       		.byte	0
 353 0183 2E000000 		.4byte	.LASF21
 354 0187 68000000 		.4byte	0x68
 355 018b 95010000 		.4byte	0x195
 356 018f 11       		.uleb128 0x11
 357 0190 9D000000 		.4byte	0x9d
 358 0194 00       		.byte	0
 359 0195 12       		.uleb128 0x12
 360 0196 47010000 		.4byte	.LASF22
 361 019a 06       		.byte	0x6
 362 019b B2       		.byte	0xb2
 363 019c 68000000 		.4byte	0x68
 364 01a0 11       		.uleb128 0x11
 365 01a1 9D000000 		.4byte	0x9d
 366 01a5 13       		.uleb128 0x13
 367 01a6 00       		.byte	0
 368 01a7 00       		.byte	0
 369              		.section	.debug_abbrev,"",%progbits
 370              	.Ldebug_abbrev0:
 371 0000 01       		.uleb128 0x1
 372 0001 11       		.uleb128 0x11
 373 0002 01       		.byte	0x1
 374 0003 25       		.uleb128 0x25
 375 0004 0E       		.uleb128 0xe
 376 0005 13       		.uleb128 0x13
 377 0006 0B       		.uleb128 0xb
 378 0007 03       		.uleb128 0x3
 379 0008 0E       		.uleb128 0xe
 380 0009 1B       		.uleb128 0x1b
 381 000a 0E       		.uleb128 0xe
 382 000b 55       		.uleb128 0x55
 383 000c 17       		.uleb128 0x17
 384 000d 11       		.uleb128 0x11
 385 000e 01       		.uleb128 0x1
 386 000f 10       		.uleb128 0x10
 387 0010 17       		.uleb128 0x17
 388 0011 00       		.byte	0
 389 0012 00       		.byte	0
 390 0013 02       		.uleb128 0x2
 391 0014 24       		.uleb128 0x24
 392 0015 00       		.byte	0
 393 0016 0B       		.uleb128 0xb
 394 0017 0B       		.uleb128 0xb
 395 0018 3E       		.uleb128 0x3e
 396 0019 0B       		.uleb128 0xb
 397 001a 03       		.uleb128 0x3
 398 001b 0E       		.uleb128 0xe
 399 001c 00       		.byte	0
 400 001d 00       		.byte	0
ARM GAS  C:\Users\vedranb\AppData\Local\Temp\ccoLFR39.s 			page 9


 401 001e 03       		.uleb128 0x3
 402 001f 16       		.uleb128 0x16
 403 0020 00       		.byte	0
 404 0021 03       		.uleb128 0x3
 405 0022 0E       		.uleb128 0xe
 406 0023 3A       		.uleb128 0x3a
 407 0024 0B       		.uleb128 0xb
 408 0025 3B       		.uleb128 0x3b
 409 0026 0B       		.uleb128 0xb
 410 0027 49       		.uleb128 0x49
 411 0028 13       		.uleb128 0x13
 412 0029 00       		.byte	0
 413 002a 00       		.byte	0
 414 002b 04       		.uleb128 0x4
 415 002c 24       		.uleb128 0x24
 416 002d 00       		.byte	0
 417 002e 0B       		.uleb128 0xb
 418 002f 0B       		.uleb128 0xb
 419 0030 3E       		.uleb128 0x3e
 420 0031 0B       		.uleb128 0xb
 421 0032 03       		.uleb128 0x3
 422 0033 08       		.uleb128 0x8
 423 0034 00       		.byte	0
 424 0035 00       		.byte	0
 425 0036 05       		.uleb128 0x5
 426 0037 0F       		.uleb128 0xf
 427 0038 00       		.byte	0
 428 0039 0B       		.uleb128 0xb
 429 003a 0B       		.uleb128 0xb
 430 003b 49       		.uleb128 0x49
 431 003c 13       		.uleb128 0x13
 432 003d 00       		.byte	0
 433 003e 00       		.byte	0
 434 003f 06       		.uleb128 0x6
 435 0040 26       		.uleb128 0x26
 436 0041 00       		.byte	0
 437 0042 49       		.uleb128 0x49
 438 0043 13       		.uleb128 0x13
 439 0044 00       		.byte	0
 440 0045 00       		.byte	0
 441 0046 07       		.uleb128 0x7
 442 0047 2E       		.uleb128 0x2e
 443 0048 01       		.byte	0x1
 444 0049 3F       		.uleb128 0x3f
 445 004a 19       		.uleb128 0x19
 446 004b 03       		.uleb128 0x3
 447 004c 0E       		.uleb128 0xe
 448 004d 3A       		.uleb128 0x3a
 449 004e 0B       		.uleb128 0xb
 450 004f 3B       		.uleb128 0x3b
 451 0050 0B       		.uleb128 0xb
 452 0051 27       		.uleb128 0x27
 453 0052 19       		.uleb128 0x19
 454 0053 11       		.uleb128 0x11
 455 0054 01       		.uleb128 0x1
 456 0055 12       		.uleb128 0x12
 457 0056 06       		.uleb128 0x6
ARM GAS  C:\Users\vedranb\AppData\Local\Temp\ccoLFR39.s 			page 10


 458 0057 40       		.uleb128 0x40
 459 0058 18       		.uleb128 0x18
 460 0059 9742     		.uleb128 0x2117
 461 005b 19       		.uleb128 0x19
 462 005c 01       		.uleb128 0x1
 463 005d 13       		.uleb128 0x13
 464 005e 00       		.byte	0
 465 005f 00       		.byte	0
 466 0060 08       		.uleb128 0x8
 467 0061 34       		.uleb128 0x34
 468 0062 00       		.byte	0
 469 0063 03       		.uleb128 0x3
 470 0064 08       		.uleb128 0x8
 471 0065 3A       		.uleb128 0x3a
 472 0066 0B       		.uleb128 0xb
 473 0067 3B       		.uleb128 0x3b
 474 0068 0B       		.uleb128 0xb
 475 0069 49       		.uleb128 0x49
 476 006a 13       		.uleb128 0x13
 477 006b 02       		.uleb128 0x2
 478 006c 18       		.uleb128 0x18
 479 006d 00       		.byte	0
 480 006e 00       		.byte	0
 481 006f 09       		.uleb128 0x9
 482 0070 898201   		.uleb128 0x4109
 483 0073 01       		.byte	0x1
 484 0074 11       		.uleb128 0x11
 485 0075 01       		.uleb128 0x1
 486 0076 31       		.uleb128 0x31
 487 0077 13       		.uleb128 0x13
 488 0078 01       		.uleb128 0x1
 489 0079 13       		.uleb128 0x13
 490 007a 00       		.byte	0
 491 007b 00       		.byte	0
 492 007c 0A       		.uleb128 0xa
 493 007d 8A8201   		.uleb128 0x410a
 494 0080 00       		.byte	0
 495 0081 02       		.uleb128 0x2
 496 0082 18       		.uleb128 0x18
 497 0083 9142     		.uleb128 0x2111
 498 0085 18       		.uleb128 0x18
 499 0086 00       		.byte	0
 500 0087 00       		.byte	0
 501 0088 0B       		.uleb128 0xb
 502 0089 898201   		.uleb128 0x4109
 503 008c 01       		.byte	0x1
 504 008d 11       		.uleb128 0x11
 505 008e 01       		.uleb128 0x1
 506 008f 31       		.uleb128 0x31
 507 0090 13       		.uleb128 0x13
 508 0091 00       		.byte	0
 509 0092 00       		.byte	0
 510 0093 0C       		.uleb128 0xc
 511 0094 01       		.uleb128 0x1
 512 0095 01       		.byte	0x1
 513 0096 49       		.uleb128 0x49
 514 0097 13       		.uleb128 0x13
ARM GAS  C:\Users\vedranb\AppData\Local\Temp\ccoLFR39.s 			page 11


 515 0098 01       		.uleb128 0x1
 516 0099 13       		.uleb128 0x13
 517 009a 00       		.byte	0
 518 009b 00       		.byte	0
 519 009c 0D       		.uleb128 0xd
 520 009d 21       		.uleb128 0x21
 521 009e 00       		.byte	0
 522 009f 49       		.uleb128 0x49
 523 00a0 13       		.uleb128 0x13
 524 00a1 2F       		.uleb128 0x2f
 525 00a2 0B       		.uleb128 0xb
 526 00a3 00       		.byte	0
 527 00a4 00       		.byte	0
 528 00a5 0E       		.uleb128 0xe
 529 00a6 34       		.uleb128 0x34
 530 00a7 00       		.byte	0
 531 00a8 03       		.uleb128 0x3
 532 00a9 0E       		.uleb128 0xe
 533 00aa 3A       		.uleb128 0x3a
 534 00ab 0B       		.uleb128 0xb
 535 00ac 3B       		.uleb128 0x3b
 536 00ad 05       		.uleb128 0x5
 537 00ae 49       		.uleb128 0x49
 538 00af 13       		.uleb128 0x13
 539 00b0 3F       		.uleb128 0x3f
 540 00b1 19       		.uleb128 0x19
 541 00b2 3C       		.uleb128 0x3c
 542 00b3 19       		.uleb128 0x19
 543 00b4 00       		.byte	0
 544 00b5 00       		.byte	0
 545 00b6 0F       		.uleb128 0xf
 546 00b7 35       		.uleb128 0x35
 547 00b8 00       		.byte	0
 548 00b9 49       		.uleb128 0x49
 549 00ba 13       		.uleb128 0x13
 550 00bb 00       		.byte	0
 551 00bc 00       		.byte	0
 552 00bd 10       		.uleb128 0x10
 553 00be 2E       		.uleb128 0x2e
 554 00bf 01       		.byte	0x1
 555 00c0 3F       		.uleb128 0x3f
 556 00c1 19       		.uleb128 0x19
 557 00c2 03       		.uleb128 0x3
 558 00c3 0E       		.uleb128 0xe
 559 00c4 3A       		.uleb128 0x3a
 560 00c5 0B       		.uleb128 0xb
 561 00c6 3B       		.uleb128 0x3b
 562 00c7 0B       		.uleb128 0xb
 563 00c8 6E       		.uleb128 0x6e
 564 00c9 0E       		.uleb128 0xe
 565 00ca 27       		.uleb128 0x27
 566 00cb 19       		.uleb128 0x19
 567 00cc 49       		.uleb128 0x49
 568 00cd 13       		.uleb128 0x13
 569 00ce 3C       		.uleb128 0x3c
 570 00cf 19       		.uleb128 0x19
 571 00d0 01       		.uleb128 0x1
ARM GAS  C:\Users\vedranb\AppData\Local\Temp\ccoLFR39.s 			page 12


 572 00d1 13       		.uleb128 0x13
 573 00d2 00       		.byte	0
 574 00d3 00       		.byte	0
 575 00d4 11       		.uleb128 0x11
 576 00d5 05       		.uleb128 0x5
 577 00d6 00       		.byte	0
 578 00d7 49       		.uleb128 0x49
 579 00d8 13       		.uleb128 0x13
 580 00d9 00       		.byte	0
 581 00da 00       		.byte	0
 582 00db 12       		.uleb128 0x12
 583 00dc 2E       		.uleb128 0x2e
 584 00dd 01       		.byte	0x1
 585 00de 3F       		.uleb128 0x3f
 586 00df 19       		.uleb128 0x19
 587 00e0 03       		.uleb128 0x3
 588 00e1 0E       		.uleb128 0xe
 589 00e2 3A       		.uleb128 0x3a
 590 00e3 0B       		.uleb128 0xb
 591 00e4 3B       		.uleb128 0x3b
 592 00e5 0B       		.uleb128 0xb
 593 00e6 27       		.uleb128 0x27
 594 00e7 19       		.uleb128 0x19
 595 00e8 49       		.uleb128 0x49
 596 00e9 13       		.uleb128 0x13
 597 00ea 3C       		.uleb128 0x3c
 598 00eb 19       		.uleb128 0x19
 599 00ec 00       		.byte	0
 600 00ed 00       		.byte	0
 601 00ee 13       		.uleb128 0x13
 602 00ef 18       		.uleb128 0x18
 603 00f0 00       		.byte	0
 604 00f1 00       		.byte	0
 605 00f2 00       		.byte	0
 606 00f3 00       		.byte	0
 607              		.section	.debug_aranges,"",%progbits
 608 0000 1C000000 		.4byte	0x1c
 609 0004 0200     		.2byte	0x2
 610 0006 00000000 		.4byte	.Ldebug_info0
 611 000a 04       		.byte	0x4
 612 000b 00       		.byte	0
 613 000c 0000     		.2byte	0
 614 000e 0000     		.2byte	0
 615 0010 00000000 		.4byte	.LFB63
 616 0014 80000000 		.4byte	.LFE63-.LFB63
 617 0018 00000000 		.4byte	0
 618 001c 00000000 		.4byte	0
 619              		.section	.debug_ranges,"",%progbits
 620              	.Ldebug_ranges0:
 621 0000 00000000 		.4byte	.LFB63
 622 0004 80000000 		.4byte	.LFE63
 623 0008 00000000 		.4byte	0
 624 000c 00000000 		.4byte	0
 625              		.section	.debug_line,"",%progbits
 626              	.Ldebug_line0:
 627 0000 80010000 		.section	.debug_str,"MS",%progbits,1
 627      02005801 
ARM GAS  C:\Users\vedranb\AppData\Local\Temp\ccoLFR39.s 			page 13


 627      00000201 
 627      FB0E0D00 
 627      01010101 
 628              	.LASF6:
 629 0000 6C6F6E67 		.ascii	"long long int\000"
 629      206C6F6E 
 629      6720696E 
 629      7400
 630              	.LASF3:
 631 000e 73686F72 		.ascii	"short unsigned int\000"
 631      7420756E 
 631      7369676E 
 631      65642069 
 631      6E7400
 632              	.LASF8:
 633 0021 756E7369 		.ascii	"unsigned int\000"
 633      676E6564 
 633      20696E74 
 633      00
 634              	.LASF21:
 635 002e 70757473 		.ascii	"puts\000"
 635      00
 636              	.LASF0:
 637 0033 7369676E 		.ascii	"signed char\000"
 637      65642063 
 637      68617200 
 638              	.LASF20:
 639 003f 5F5F6275 		.ascii	"__builtin_puts\000"
 639      696C7469 
 639      6E5F7075 
 639      747300
 640              	.LASF16:
 641 004e 65786572 		.ascii	"exercise1.c\000"
 641      63697365 
 641      312E6300 
 642              	.LASF5:
 643 005a 6C6F6E67 		.ascii	"long unsigned int\000"
 643      20756E73 
 643      69676E65 
 643      6420696E 
 643      7400
 644              	.LASF7:
 645 006c 6C6F6E67 		.ascii	"long long unsigned int\000"
 645      206C6F6E 
 645      6720756E 
 645      7369676E 
 645      65642069 
 646              	.LASF11:
 647 0083 666C6F61 		.ascii	"float\000"
 647      7400
 648              	.LASF15:
 649 0089 474E5520 		.ascii	"GNU C 4.9.3 20150303 (release) [ARM/embedded-4_9-br"
 649      4320342E 
 649      392E3320 
 649      32303135 
 649      30333033 
 650 00bc 616E6368 		.ascii	"anch revision 221220] -mcpu=cortex-m3 -mthumb -g -O"
ARM GAS  C:\Users\vedranb\AppData\Local\Temp\ccoLFR39.s 			page 14


 650      20726576 
 650      6973696F 
 650      6E203232 
 650      31323230 
 651 00ef 67202D66 		.ascii	"g -ffunction-sections -ffat-lto-objects\000"
 651      66756E63 
 651      74696F6E 
 651      2D736563 
 651      74696F6E 
 652              	.LASF1:
 653 0117 756E7369 		.ascii	"unsigned char\000"
 653      676E6564 
 653      20636861 
 653      7200
 654              	.LASF13:
 655 0125 63686172 		.ascii	"char\000"
 655      00
 656              	.LASF4:
 657 012a 6C6F6E67 		.ascii	"long int\000"
 657      20696E74 
 657      00
 658              	.LASF12:
 659 0133 646F7562 		.ascii	"double\000"
 659      6C6500
 660              	.LASF19:
 661 013a 49544D5F 		.ascii	"ITM_RxBuffer\000"
 661      52784275 
 661      66666572 
 661      00
 662              	.LASF22:
 663 0147 7072696E 		.ascii	"printf\000"
 663      746600
 664              	.LASF9:
 665 014e 5F5F696E 		.ascii	"__int32_t\000"
 665      7433325F 
 665      7400
 666              	.LASF18:
 667 0158 65786572 		.ascii	"exercise1\000"
 667      63697365 
 667      3100
 668              	.LASF17:
 669 0162 463A5C4F 		.ascii	"F:\\OneDrive\\Metropolia\\Devices\\Workspaces\\Work"
 669      6E654472 
 669      6976655C 
 669      4D657472 
 669      6F706F6C 
 670 0190 73706163 		.ascii	"space 1\\Workspace01\\Hello Word.cydsn\000"
 670      6520315C 
 670      576F726B 
 670      73706163 
 670      6530315C 
 671              	.LASF2:
 672 01b5 73686F72 		.ascii	"short int\000"
 672      7420696E 
 672      7400
 673              	.LASF10:
 674 01bf 696E7433 		.ascii	"int32_t\000"
ARM GAS  C:\Users\vedranb\AppData\Local\Temp\ccoLFR39.s 			page 15


 674      325F7400 
 675              	.LASF14:
 676 01c7 73697A65 		.ascii	"sizetype\000"
 676      74797065 
 676      00
 677              		.ident	"GCC: (GNU Tools for ARM Embedded Processors) 4.9.3 20150303 (release) [ARM/embedded-4_9-br
