ARM GAS  C:\Users\vedranb\AppData\Local\Temp\ccQR1wML.s 			page 1


   1              		.syntax unified
   2              		.cpu cortex-m3
   3              		.fpu softvfp
   4              		.eabi_attribute 20, 1
   5              		.eabi_attribute 21, 1
   6              		.eabi_attribute 23, 3
   7              		.eabi_attribute 24, 1
   8              		.eabi_attribute 25, 1
   9              		.eabi_attribute 26, 1
  10              		.eabi_attribute 30, 1
  11              		.eabi_attribute 34, 1
  12              		.eabi_attribute 18, 4
  13              		.thumb
  14              		.file	"main.c"
  15              		.text
  16              	.Ltext0:
  17              		.cfi_sections	.debug_frame
  18              		.section	.text.main,"ax",%progbits
  19              		.align	2
  20              		.global	main
  21              		.thumb
  22              		.thumb_func
  23              		.type	main, %function
  24              	main:
  25              	.LFB63:
  26              		.file 1 "main.c"
   1:main.c        **** /* ========================================
   2:main.c        ****  *
   3:main.c        ****  * Copyright YOUR COMPANY, THE YEAR
   4:main.c        ****  * All Rights Reserved
   5:main.c        ****  * UNPUBLISHED, LICENSED SOFTWARE.
   6:main.c        ****  *
   7:main.c        ****  * CONFIDENTIAL AND PROPRIETARY INFORMATION
   8:main.c        ****  * WHICH IS THE PROPERTY OF your company.
   9:main.c        ****  *
  10:main.c        ****  * ========================================
  11:main.c        **** */
  12:main.c        **** #include "project.h"
  13:main.c        **** #include <stdio.h>
  14:main.c        **** #include "exercise1.h"
  15:main.c        **** #include "exercise2.h"
  16:main.c        **** #include "exercise3.h"
  17:main.c        **** #include "exercise4.h"
  18:main.c        **** #include "exercise5.h"
  19:main.c        **** #include "exercise6.h"
  20:main.c        **** #include "exercise7.h"
  21:main.c        **** #include "exercise8.h"
  22:main.c        **** #include "exercise9.h"
  23:main.c        **** #include "exercise10.h"
  24:main.c        **** #include "exercise11.h"
  25:main.c        **** #include "exercise12.h"
  26:main.c        **** #include "exercise13.h"
  27:main.c        **** #include "exercise14.h"
  28:main.c        **** #include "exercise15.h"
  29:main.c        **** #include "exercise16.h"
  30:main.c        **** #include "exercise17.h"
  31:main.c        **** #include "exercise18.h"
ARM GAS  C:\Users\vedranb\AppData\Local\Temp\ccQR1wML.s 			page 2


  32:main.c        **** #include "exercise19.h"
  33:main.c        **** #include "exercise20.h"
  34:main.c        **** #include "exercise21.h"
  35:main.c        **** #include "common_functions.h"
  36:main.c        **** 
  37:main.c        **** 
  38:main.c        **** int main(void)
  39:main.c        **** {
  27              		.loc 1 39 0
  28              		.cfi_startproc
  29              		@ args = 0, pretend = 0, frame = 0
  30              		@ frame_needed = 0, uses_anonymous_args = 0
  31 0000 08B5     		push	{r3, lr}
  32              		.cfi_def_cfa_offset 8
  33              		.cfi_offset 3, -8
  34              		.cfi_offset 14, -4
  40:main.c        ****     CyGlobalIntEnable; /* Enable global interrupts. */
  35              		.loc 1 40 0
  36              	@ 40 "main.c" 1
  37 0002 62B6     		CPSIE   i
  38              	@ 0 "" 2
  41:main.c        **** 
  42:main.c        ****     /* Place your initialization/startup code here (e.g. MyInst_Start()) */
  43:main.c        ****     UART_1_Start();
  39              		.loc 1 43 0
  40              		.thumb
  41 0004 FFF7FEFF 		bl	UART_1_Start
  42              	.LVL0:
  44:main.c        ****     printf("\n\n Program's Execution started \n\n");
  43              		.loc 1 44 0
  44 0008 2D48     		ldr	r0, .L28
  45 000a FFF7FEFF 		bl	puts
  46              	.LVL1:
  47              	.L2:
  45:main.c        ****     
  46:main.c        ****     
  47:main.c        ****     int exercise_number = 0;
  48:main.c        ****     
  49:main.c        ****     while(1)
  50:main.c        ****     {
  51:main.c        ****         do
  52:main.c        ****         {
  53:main.c        ****             printf("Please select exercise between 1 and 21\n");
  48              		.loc 1 53 0
  49 000e 2D48     		ldr	r0, .L28+4
  50 0010 FFF7FEFF 		bl	puts
  51              	.LVL2:
  54:main.c        ****             exercise_number = readInt();
  52              		.loc 1 54 0
  53 0014 FFF7FEFF 		bl	readInt
  54              	.LVL3:
  55:main.c        ****         
  56:main.c        ****             switch(exercise_number)
  55              		.loc 1 56 0
  56 0018 0138     		subs	r0, r0, #1
  57              	.LVL4:
  58 001a 1428     		cmp	r0, #20
ARM GAS  C:\Users\vedranb\AppData\Local\Temp\ccQR1wML.s 			page 3


  59 001c 4BD8     		bhi	.L3
  60 001e DFE800F0 		tbb	[pc, r0]
  61              	.L5:
  62 0022 0B       		.byte	(.L4-.L5)/2
  63 0023 0E       		.byte	(.L6-.L5)/2
  64 0024 11       		.byte	(.L7-.L5)/2
  65 0025 14       		.byte	(.L8-.L5)/2
  66 0026 17       		.byte	(.L9-.L5)/2
  67 0027 1A       		.byte	(.L10-.L5)/2
  68 0028 1D       		.byte	(.L11-.L5)/2
  69 0029 20       		.byte	(.L12-.L5)/2
  70 002a 23       		.byte	(.L13-.L5)/2
  71 002b 26       		.byte	(.L14-.L5)/2
  72 002c 29       		.byte	(.L15-.L5)/2
  73 002d 2C       		.byte	(.L16-.L5)/2
  74 002e 2F       		.byte	(.L17-.L5)/2
  75 002f 32       		.byte	(.L18-.L5)/2
  76 0030 35       		.byte	(.L19-.L5)/2
  77 0031 38       		.byte	(.L20-.L5)/2
  78 0032 3B       		.byte	(.L21-.L5)/2
  79 0033 3E       		.byte	(.L22-.L5)/2
  80 0034 41       		.byte	(.L23-.L5)/2
  81 0035 44       		.byte	(.L24-.L5)/2
  82 0036 47       		.byte	(.L25-.L5)/2
  83 0037 00       		.p2align 1
  84              	.L4:
  57:main.c        ****             {
  58:main.c        ****                 case 1:
  59:main.c        ****                     exercise1();
  85              		.loc 1 59 0
  86 0038 FFF7FEFF 		bl	exercise1
  87              	.LVL5:
  60:main.c        ****                     break;
  88              		.loc 1 60 0
  89 003c E7E7     		b	.L2
  90              	.LVL6:
  91              	.L6:
  61:main.c        ****                 case 2:
  62:main.c        ****                     exercise2();
  92              		.loc 1 62 0
  93 003e FFF7FEFF 		bl	exercise2
  94              	.LVL7:
  63:main.c        ****                     break;
  95              		.loc 1 63 0
  96 0042 E4E7     		b	.L2
  97              	.LVL8:
  98              	.L7:
  64:main.c        ****                 case 3:
  65:main.c        ****                     exercise3();
  99              		.loc 1 65 0
 100 0044 FFF7FEFF 		bl	exercise3
 101              	.LVL9:
  66:main.c        ****                     break;
 102              		.loc 1 66 0
 103 0048 E1E7     		b	.L2
 104              	.LVL10:
 105              	.L8:
ARM GAS  C:\Users\vedranb\AppData\Local\Temp\ccQR1wML.s 			page 4


  67:main.c        ****                 case 4:
  68:main.c        ****                     exercise4();
 106              		.loc 1 68 0
 107 004a FFF7FEFF 		bl	exercise4
 108              	.LVL11:
  69:main.c        ****                     break;
 109              		.loc 1 69 0
 110 004e DEE7     		b	.L2
 111              	.LVL12:
 112              	.L9:
  70:main.c        ****                 case 5:
  71:main.c        ****                     exercise5();
 113              		.loc 1 71 0
 114 0050 FFF7FEFF 		bl	exercise5
 115              	.LVL13:
  72:main.c        ****                     break;
 116              		.loc 1 72 0
 117 0054 DBE7     		b	.L2
 118              	.LVL14:
 119              	.L10:
  73:main.c        ****                 case 6:
  74:main.c        ****                     exercise6();
 120              		.loc 1 74 0
 121 0056 FFF7FEFF 		bl	exercise6
 122              	.LVL15:
  75:main.c        ****                     break;
 123              		.loc 1 75 0
 124 005a D8E7     		b	.L2
 125              	.LVL16:
 126              	.L11:
  76:main.c        ****                 case 7:
  77:main.c        ****                     exercise7();
 127              		.loc 1 77 0
 128 005c FFF7FEFF 		bl	exercise7
 129              	.LVL17:
  78:main.c        ****                     break;
 130              		.loc 1 78 0
 131 0060 D5E7     		b	.L2
 132              	.LVL18:
 133              	.L12:
  79:main.c        ****                 case 8:
  80:main.c        ****                     exercise8();
 134              		.loc 1 80 0
 135 0062 FFF7FEFF 		bl	exercise8
 136              	.LVL19:
  81:main.c        ****                     break;
 137              		.loc 1 81 0
 138 0066 D2E7     		b	.L2
 139              	.LVL20:
 140              	.L13:
  82:main.c        ****                 case 9:
  83:main.c        ****                     exercise9();
 141              		.loc 1 83 0
 142 0068 FFF7FEFF 		bl	exercise9
 143              	.LVL21:
  84:main.c        ****                     break;
 144              		.loc 1 84 0
ARM GAS  C:\Users\vedranb\AppData\Local\Temp\ccQR1wML.s 			page 5


 145 006c CFE7     		b	.L2
 146              	.LVL22:
 147              	.L14:
  85:main.c        ****                 case 10:
  86:main.c        ****                     exercise10();
 148              		.loc 1 86 0
 149 006e FFF7FEFF 		bl	exercise10
 150              	.LVL23:
  87:main.c        ****                     break;
 151              		.loc 1 87 0
 152 0072 CCE7     		b	.L2
 153              	.LVL24:
 154              	.L15:
  88:main.c        ****                 case 11:
  89:main.c        ****                     exercise11();
 155              		.loc 1 89 0
 156 0074 FFF7FEFF 		bl	exercise11
 157              	.LVL25:
  90:main.c        ****                     break;
 158              		.loc 1 90 0
 159 0078 C9E7     		b	.L2
 160              	.LVL26:
 161              	.L16:
  91:main.c        ****                 case 12:
  92:main.c        ****                     exercise12();
 162              		.loc 1 92 0
 163 007a FFF7FEFF 		bl	exercise12
 164              	.LVL27:
  93:main.c        ****                     break;
 165              		.loc 1 93 0
 166 007e C6E7     		b	.L2
 167              	.LVL28:
 168              	.L17:
  94:main.c        ****                 case 13:
  95:main.c        ****                     exercise13();
 169              		.loc 1 95 0
 170 0080 FFF7FEFF 		bl	exercise13
 171              	.LVL29:
  96:main.c        ****                     break;
 172              		.loc 1 96 0
 173 0084 C3E7     		b	.L2
 174              	.LVL30:
 175              	.L18:
  97:main.c        ****                 case 14:
  98:main.c        ****                     exercise14();
 176              		.loc 1 98 0
 177 0086 FFF7FEFF 		bl	exercise14
 178              	.LVL31:
  99:main.c        ****                     break;
 179              		.loc 1 99 0
 180 008a C0E7     		b	.L2
 181              	.LVL32:
 182              	.L19:
 100:main.c        ****                 case 15:
 101:main.c        ****                     exercise15();
 183              		.loc 1 101 0
 184 008c FFF7FEFF 		bl	exercise15
ARM GAS  C:\Users\vedranb\AppData\Local\Temp\ccQR1wML.s 			page 6


 185              	.LVL33:
 102:main.c        ****                     break;
 186              		.loc 1 102 0
 187 0090 BDE7     		b	.L2
 188              	.LVL34:
 189              	.L20:
 103:main.c        ****                 case 16:
 104:main.c        ****                     exercise16();
 190              		.loc 1 104 0
 191 0092 FFF7FEFF 		bl	exercise16
 192              	.LVL35:
 105:main.c        ****                     break;
 193              		.loc 1 105 0
 194 0096 BAE7     		b	.L2
 195              	.LVL36:
 196              	.L21:
 106:main.c        ****                 case 17:
 107:main.c        ****                     exercise17();
 197              		.loc 1 107 0
 198 0098 FFF7FEFF 		bl	exercise17
 199              	.LVL37:
 108:main.c        ****                     break;
 200              		.loc 1 108 0
 201 009c B7E7     		b	.L2
 202              	.LVL38:
 203              	.L22:
 109:main.c        ****                 case 18:
 110:main.c        ****                     exercise18();
 204              		.loc 1 110 0
 205 009e FFF7FEFF 		bl	exercise18
 206              	.LVL39:
 111:main.c        ****                     break;
 207              		.loc 1 111 0
 208 00a2 B4E7     		b	.L2
 209              	.LVL40:
 210              	.L23:
 112:main.c        ****                 case 19:
 113:main.c        ****                     exercise19();
 211              		.loc 1 113 0
 212 00a4 FFF7FEFF 		bl	exercise19
 213              	.LVL41:
 114:main.c        ****                     break;
 214              		.loc 1 114 0
 215 00a8 B1E7     		b	.L2
 216              	.LVL42:
 217              	.L24:
 115:main.c        ****                 case 20:
 116:main.c        ****                     exercise20();
 218              		.loc 1 116 0
 219 00aa FFF7FEFF 		bl	exercise20
 220              	.LVL43:
 117:main.c        ****                     break;
 221              		.loc 1 117 0
 222 00ae AEE7     		b	.L2
 223              	.LVL44:
 224              	.L25:
 118:main.c        ****                 case 21:
ARM GAS  C:\Users\vedranb\AppData\Local\Temp\ccQR1wML.s 			page 7


 119:main.c        ****                     exercise21();
 225              		.loc 1 119 0
 226 00b0 FFF7FEFF 		bl	exercise21
 227              	.LVL45:
 120:main.c        ****                     break;
 228              		.loc 1 120 0
 229 00b4 ABE7     		b	.L2
 230              	.LVL46:
 231              	.L3:
 121:main.c        ****                 default:
 122:main.c        ****                     printf("Input outside of range or exercise not implemented yet. Please try agai
 232              		.loc 1 122 0
 233 00b6 0448     		ldr	r0, .L28+8
 234              	.LVL47:
 235 00b8 FFF7FEFF 		bl	puts
 236              	.LVL48:
 237 00bc A7E7     		b	.L2
 238              	.L29:
 239 00be 00BF     		.align	2
 240              	.L28:
 241 00c0 00000000 		.word	.LC0
 242 00c4 24000000 		.word	.LC1
 243 00c8 4C000000 		.word	.LC2
 244              		.cfi_endproc
 245              	.LFE63:
 246              		.size	main, .-main
 247              		.section	.text._write,"ax",%progbits
 248              		.align	2
 249              		.global	_write
 250              		.thumb
 251              		.thumb_func
 252              		.type	_write, %function
 253              	_write:
 254              	.LFB64:
 123:main.c        ****             }//switch
 124:main.c        ****         }//do
 125:main.c        ****         while (exercise_number < 0 || exercise_number > 21);
 126:main.c        ****     }//while(1)
 127:main.c        **** }
 128:main.c        **** 
 129:main.c        **** int _write(int file, char *ptr, int len)
 130:main.c        **** {
 255              		.loc 1 130 0
 256              		.cfi_startproc
 257              		@ args = 0, pretend = 0, frame = 0
 258              		@ frame_needed = 0, uses_anonymous_args = 0
 259              	.LVL49:
 260 0000 F8B5     		push	{r3, r4, r5, r6, r7, lr}
 261              		.cfi_def_cfa_offset 24
 262              		.cfi_offset 3, -24
 263              		.cfi_offset 4, -20
 264              		.cfi_offset 5, -16
 265              		.cfi_offset 6, -12
 266              		.cfi_offset 7, -8
 267              		.cfi_offset 14, -4
 268 0002 0C46     		mov	r4, r1
 269 0004 1746     		mov	r7, r2
ARM GAS  C:\Users\vedranb\AppData\Local\Temp\ccQR1wML.s 			page 8


 270              	.LVL50:
 131:main.c        ****     (void)file; /* Parameter is not used, suppress unused argument warning */
 132:main.c        **** 	int n;
 133:main.c        **** 	for(n = 0; n < len; n++) {
 271              		.loc 1 133 0
 272 0006 0025     		movs	r5, #0
 273 0008 0BE0     		b	.L31
 274              	.LVL51:
 275              	.L33:
 134:main.c        ****         if(*ptr == '\n') UART_1_PutChar('\r');
 276              		.loc 1 134 0
 277 000a 2378     		ldrb	r3, [r4]	@ zero_extendqisi2
 278 000c 0A2B     		cmp	r3, #10
 279 000e 02D1     		bne	.L32
 280              		.loc 1 134 0 is_stmt 0 discriminator 1
 281 0010 0D20     		movs	r0, #13
 282 0012 FFF7FEFF 		bl	UART_1_PutChar
 283              	.LVL52:
 284              	.L32:
 135:main.c        **** 		UART_1_PutChar(*ptr++);
 285              		.loc 1 135 0 is_stmt 1 discriminator 2
 286 0016 661C     		adds	r6, r4, #1
 287              	.LVL53:
 288 0018 2078     		ldrb	r0, [r4]	@ zero_extendqisi2
 289 001a FFF7FEFF 		bl	UART_1_PutChar
 290              	.LVL54:
 133:main.c        ****         if(*ptr == '\n') UART_1_PutChar('\r');
 291              		.loc 1 133 0 discriminator 2
 292 001e 0135     		adds	r5, r5, #1
 293              	.LVL55:
 294              		.loc 1 135 0 discriminator 2
 295 0020 3446     		mov	r4, r6
 296              	.LVL56:
 297              	.L31:
 133:main.c        ****         if(*ptr == '\n') UART_1_PutChar('\r');
 298              		.loc 1 133 0 discriminator 1
 299 0022 BD42     		cmp	r5, r7
 300 0024 F1DB     		blt	.L33
 136:main.c        **** 	}
 137:main.c        **** 	return len;
 138:main.c        **** }
 301              		.loc 1 138 0
 302 0026 3846     		mov	r0, r7
 303 0028 F8BD     		pop	{r3, r4, r5, r6, r7, pc}
 304              		.cfi_endproc
 305              	.LFE64:
 306              		.size	_write, .-_write
 307 002a 00BF     		.section	.text._read,"ax",%progbits
 308              		.align	2
 309              		.global	_read
 310              		.thumb
 311              		.thumb_func
 312              		.type	_read, %function
 313              	_read:
 314              	.LFB65:
 139:main.c        **** 
 140:main.c        **** int _read (int file, char *ptr, int count)
ARM GAS  C:\Users\vedranb\AppData\Local\Temp\ccQR1wML.s 			page 9


 141:main.c        **** {
 315              		.loc 1 141 0
 316              		.cfi_startproc
 317              		@ args = 0, pretend = 0, frame = 0
 318              		@ frame_needed = 0, uses_anonymous_args = 0
 319              	.LVL57:
 320 0000 F8B5     		push	{r3, r4, r5, r6, r7, lr}
 321              		.cfi_def_cfa_offset 24
 322              		.cfi_offset 3, -24
 323              		.cfi_offset 4, -20
 324              		.cfi_offset 5, -16
 325              		.cfi_offset 6, -12
 326              		.cfi_offset 7, -8
 327              		.cfi_offset 14, -4
 328 0002 0F46     		mov	r7, r1
 329 0004 1446     		mov	r4, r2
 330              	.LVL58:
 142:main.c        ****     int chs = 0;
 331              		.loc 1 142 0
 332 0006 0026     		movs	r6, #0
 143:main.c        ****     char ch;
 144:main.c        ****  
 145:main.c        ****     (void)file; /* Parameter is not used, suppress unused argument warning */
 146:main.c        ****     while(count > 0) {
 333              		.loc 1 146 0
 334 0008 12E0     		b	.L37
 335              	.LVL59:
 336              	.L40:
 147:main.c        ****         ch = UART_1_GetChar();
 337              		.loc 1 147 0
 338 000a FFF7FEFF 		bl	UART_1_GetChar
 339              	.LVL60:
 148:main.c        ****         if(ch != 0) {
 340              		.loc 1 148 0
 341 000e 0546     		mov	r5, r0
 342 0010 70B1     		cbz	r0, .L37
 149:main.c        ****             UART_1_PutChar(ch);
 343              		.loc 1 149 0
 344 0012 FFF7FEFF 		bl	UART_1_PutChar
 345              	.LVL61:
 150:main.c        ****             chs++;
 346              		.loc 1 150 0
 347 0016 0136     		adds	r6, r6, #1
 348              	.LVL62:
 151:main.c        ****             if(ch == '\r') {
 349              		.loc 1 151 0
 350 0018 0D2D     		cmp	r5, #13
 351 001a 03D1     		bne	.L38
 352              	.LVL63:
 152:main.c        ****                 ch = '\n';
 153:main.c        ****                 UART_1_PutChar(ch);
 353              		.loc 1 153 0
 354 001c 0A20     		movs	r0, #10
 355 001e FFF7FEFF 		bl	UART_1_PutChar
 356              	.LVL64:
 152:main.c        ****                 ch = '\n';
 357              		.loc 1 152 0
ARM GAS  C:\Users\vedranb\AppData\Local\Temp\ccQR1wML.s 			page 10


 358 0022 0A25     		movs	r5, #10
 359              	.LVL65:
 360              	.L38:
 154:main.c        ****             }
 155:main.c        ****             *ptr++ = ch;
 361              		.loc 1 155 0
 362 0024 7B1C     		adds	r3, r7, #1
 363              	.LVL66:
 364 0026 3D70     		strb	r5, [r7]
 156:main.c        ****             count--;
 365              		.loc 1 156 0
 366 0028 013C     		subs	r4, r4, #1
 367              	.LVL67:
 157:main.c        ****             if(ch == '\n') break;
 368              		.loc 1 157 0
 369 002a 0A2D     		cmp	r5, #10
 370 002c 02D0     		beq	.L39
 155:main.c        ****             count--;
 371              		.loc 1 155 0
 372 002e 1F46     		mov	r7, r3
 373              	.LVL68:
 374              	.L37:
 146:main.c        ****         ch = UART_1_GetChar();
 375              		.loc 1 146 0
 376 0030 002C     		cmp	r4, #0
 377 0032 EADC     		bgt	.L40
 378              	.LVL69:
 379              	.L39:
 158:main.c        ****         }
 159:main.c        ****     }
 160:main.c        ****     return chs;
 161:main.c        **** }
 380              		.loc 1 161 0
 381 0034 3046     		mov	r0, r6
 382 0036 F8BD     		pop	{r3, r4, r5, r6, r7, pc}
 383              		.cfi_endproc
 384              	.LFE65:
 385              		.size	_read, .-_read
 386              		.section	.rodata.str1.4,"aMS",%progbits,1
 387              		.align	2
 388              	.LC0:
 389 0000 0A0A2050 		.ascii	"\012\012 Program's Execution started \012\000"
 389      726F6772 
 389      616D2773 
 389      20457865 
 389      63757469 
 390 0021 000000   		.space	3
 391              	.LC1:
 392 0024 506C6561 		.ascii	"Please select exercise between 1 and 21\000"
 392      73652073 
 392      656C6563 
 392      74206578 
 392      65726369 
 393              	.LC2:
 394 004c 496E7075 		.ascii	"Input outside of range or exercise not implemented "
 394      74206F75 
 394      74736964 
ARM GAS  C:\Users\vedranb\AppData\Local\Temp\ccQR1wML.s 			page 11


 394      65206F66 
 394      2072616E 
 395 007f 7965742E 		.ascii	"yet. Please try again!\012\000"
 395      20506C65 
 395      61736520 
 395      74727920 
 395      61676169 
 396 0097 00       		.text
 397              	.Letext0:
 398              		.file 2 "c:\\program files (x86)\\cypress\\psoc creator\\4.0\\psoc creator\\import\\gnu\\arm\\4.9.
 399              		.file 3 "c:\\program files (x86)\\cypress\\psoc creator\\4.0\\psoc creator\\import\\gnu\\arm\\4.9.
 400              		.file 4 "Generated_Source\\PSoC5/cytypes.h"
 401              		.file 5 "Generated_Source\\PSoC5/UART_1.h"
 402              		.file 6 "exercise1.h"
 403              		.file 7 "exercise2.h"
 404              		.file 8 "exercise3.h"
 405              		.file 9 "exercise4.h"
 406              		.file 10 "exercise5.h"
 407              		.file 11 "exercise6.h"
 408              		.file 12 "exercise7.h"
 409              		.file 13 "exercise8.h"
 410              		.file 14 "exercise9.h"
 411              		.file 15 "exercise10.h"
 412              		.file 16 "exercise11.h"
 413              		.file 17 "exercise12.h"
 414              		.file 18 "exercise13.h"
 415              		.file 19 "exercise14.h"
 416              		.file 20 "exercise15.h"
 417              		.file 21 "exercise16.h"
 418              		.file 22 "exercise17.h"
 419              		.file 23 "exercise18.h"
 420              		.file 24 "exercise19.h"
 421              		.file 25 "exercise20.h"
 422              		.file 26 "exercise21.h"
 423              		.file 27 "common_functions.h"
 424              		.file 28 "Generated_Source\\PSoC5/core_cm3.h"
 425              		.file 29 "<built-in>"
 426              		.section	.debug_info,"",%progbits
 427              	.Ldebug_info0:
 428 0000 DB030000 		.4byte	0x3db
 429 0004 0400     		.2byte	0x4
 430 0006 00000000 		.4byte	.Ldebug_abbrev0
 431 000a 04       		.byte	0x4
 432 000b 01       		.uleb128 0x1
 433 000c 26010000 		.4byte	.LASF46
 434 0010 01       		.byte	0x1
 435 0011 16020000 		.4byte	.LASF47
 436 0015 53020000 		.4byte	.LASF48
 437 0019 00000000 		.4byte	.Ldebug_ranges0+0
 438 001d 00000000 		.4byte	0
 439 0021 00000000 		.4byte	.Ldebug_line0
 440 0025 02       		.uleb128 0x2
 441 0026 01       		.byte	0x1
 442 0027 06       		.byte	0x6
 443 0028 C1020000 		.4byte	.LASF0
 444 002c 02       		.uleb128 0x2
 445 002d 01       		.byte	0x1
ARM GAS  C:\Users\vedranb\AppData\Local\Temp\ccQR1wML.s 			page 12


 446 002e 08       		.byte	0x8
 447 002f 8A000000 		.4byte	.LASF1
 448 0033 02       		.uleb128 0x2
 449 0034 02       		.byte	0x2
 450 0035 05       		.byte	0x5
 451 0036 2F020000 		.4byte	.LASF2
 452 003a 02       		.uleb128 0x2
 453 003b 02       		.byte	0x2
 454 003c 07       		.byte	0x7
 455 003d CD020000 		.4byte	.LASF3
 456 0041 03       		.uleb128 0x3
 457 0042 0D000000 		.4byte	.LASF9
 458 0046 02       		.byte	0x2
 459 0047 3F       		.byte	0x3f
 460 0048 4C000000 		.4byte	0x4c
 461 004c 02       		.uleb128 0x2
 462 004d 04       		.byte	0x4
 463 004e 05       		.byte	0x5
 464 004f 4A020000 		.4byte	.LASF4
 465 0053 02       		.uleb128 0x2
 466 0054 04       		.byte	0x4
 467 0055 07       		.byte	0x7
 468 0056 98000000 		.4byte	.LASF5
 469 005a 02       		.uleb128 0x2
 470 005b 08       		.byte	0x8
 471 005c 05       		.byte	0x5
 472 005d 08020000 		.4byte	.LASF6
 473 0061 02       		.uleb128 0x2
 474 0062 08       		.byte	0x8
 475 0063 07       		.byte	0x7
 476 0064 E0010000 		.4byte	.LASF7
 477 0068 04       		.uleb128 0x4
 478 0069 04       		.byte	0x4
 479 006a 05       		.byte	0x5
 480 006b 696E7400 		.ascii	"int\000"
 481 006f 02       		.uleb128 0x2
 482 0070 04       		.byte	0x4
 483 0071 07       		.byte	0x7
 484 0072 D3010000 		.4byte	.LASF8
 485 0076 03       		.uleb128 0x3
 486 0077 F7010000 		.4byte	.LASF10
 487 007b 03       		.byte	0x3
 488 007c 2C       		.byte	0x2c
 489 007d 41000000 		.4byte	0x41
 490 0081 05       		.uleb128 0x5
 491 0082 39020000 		.4byte	.LASF11
 492 0086 04       		.byte	0x4
 493 0087 9201     		.2byte	0x192
 494 0089 2C000000 		.4byte	0x2c
 495 008d 02       		.uleb128 0x2
 496 008e 04       		.byte	0x4
 497 008f 04       		.byte	0x4
 498 0090 7F000000 		.4byte	.LASF12
 499 0094 02       		.uleb128 0x2
 500 0095 08       		.byte	0x8
 501 0096 04       		.byte	0x4
 502 0097 1A010000 		.4byte	.LASF13
ARM GAS  C:\Users\vedranb\AppData\Local\Temp\ccQR1wML.s 			page 13


 503 009b 02       		.uleb128 0x2
 504 009c 01       		.byte	0x1
 505 009d 08       		.byte	0x8
 506 009e 1D020000 		.4byte	.LASF14
 507 00a2 02       		.uleb128 0x2
 508 00a3 04       		.byte	0x4
 509 00a4 07       		.byte	0x7
 510 00a5 FF010000 		.4byte	.LASF15
 511 00a9 06       		.uleb128 0x6
 512 00aa 04       		.byte	0x4
 513 00ab 9B000000 		.4byte	0x9b
 514 00af 06       		.uleb128 0x6
 515 00b0 04       		.byte	0x4
 516 00b1 B5000000 		.4byte	0xb5
 517 00b5 07       		.uleb128 0x7
 518 00b6 9B000000 		.4byte	0x9b
 519 00ba 08       		.uleb128 0x8
 520 00bb 21010000 		.4byte	.LASF16
 521 00bf 01       		.byte	0x1
 522 00c0 26       		.byte	0x26
 523 00c1 68000000 		.4byte	0x68
 524 00c5 00000000 		.4byte	.LFB63
 525 00c9 CC000000 		.4byte	.LFE63-.LFB63
 526 00cd 01       		.uleb128 0x1
 527 00ce 9C       		.byte	0x9c
 528 00cf F3010000 		.4byte	0x1f3
 529 00d3 09       		.uleb128 0x9
 530 00d4 B4010000 		.4byte	.LASF19
 531 00d8 01       		.byte	0x1
 532 00d9 2F       		.byte	0x2f
 533 00da 68000000 		.4byte	0x68
 534 00de 00000000 		.4byte	.LLST0
 535 00e2 0A       		.uleb128 0xa
 536 00e3 08000000 		.4byte	.LVL0
 537 00e7 04030000 		.4byte	0x304
 538 00eb 0B       		.uleb128 0xb
 539 00ec 0E000000 		.4byte	.LVL1
 540 00f0 0B030000 		.4byte	0x30b
 541 00f4 02010000 		.4byte	0x102
 542 00f8 0C       		.uleb128 0xc
 543 00f9 01       		.uleb128 0x1
 544 00fa 50       		.byte	0x50
 545 00fb 05       		.uleb128 0x5
 546 00fc 03       		.byte	0x3
 547 00fd 00000000 		.4byte	.LC0
 548 0101 00       		.byte	0
 549 0102 0B       		.uleb128 0xb
 550 0103 14000000 		.4byte	.LVL2
 551 0107 0B030000 		.4byte	0x30b
 552 010b 19010000 		.4byte	0x119
 553 010f 0C       		.uleb128 0xc
 554 0110 01       		.uleb128 0x1
 555 0111 50       		.byte	0x50
 556 0112 05       		.uleb128 0x5
 557 0113 03       		.byte	0x3
 558 0114 24000000 		.4byte	.LC1
 559 0118 00       		.byte	0
ARM GAS  C:\Users\vedranb\AppData\Local\Temp\ccQR1wML.s 			page 14


 560 0119 0A       		.uleb128 0xa
 561 011a 18000000 		.4byte	.LVL3
 562 011e 24030000 		.4byte	0x324
 563 0122 0A       		.uleb128 0xa
 564 0123 3C000000 		.4byte	.LVL5
 565 0127 2F030000 		.4byte	0x32f
 566 012b 0A       		.uleb128 0xa
 567 012c 42000000 		.4byte	.LVL7
 568 0130 36030000 		.4byte	0x336
 569 0134 0A       		.uleb128 0xa
 570 0135 48000000 		.4byte	.LVL9
 571 0139 3D030000 		.4byte	0x33d
 572 013d 0A       		.uleb128 0xa
 573 013e 4E000000 		.4byte	.LVL11
 574 0142 44030000 		.4byte	0x344
 575 0146 0A       		.uleb128 0xa
 576 0147 54000000 		.4byte	.LVL13
 577 014b 4B030000 		.4byte	0x34b
 578 014f 0A       		.uleb128 0xa
 579 0150 5A000000 		.4byte	.LVL15
 580 0154 52030000 		.4byte	0x352
 581 0158 0A       		.uleb128 0xa
 582 0159 60000000 		.4byte	.LVL17
 583 015d 59030000 		.4byte	0x359
 584 0161 0A       		.uleb128 0xa
 585 0162 66000000 		.4byte	.LVL19
 586 0166 60030000 		.4byte	0x360
 587 016a 0A       		.uleb128 0xa
 588 016b 6C000000 		.4byte	.LVL21
 589 016f 67030000 		.4byte	0x367
 590 0173 0A       		.uleb128 0xa
 591 0174 72000000 		.4byte	.LVL23
 592 0178 6E030000 		.4byte	0x36e
 593 017c 0A       		.uleb128 0xa
 594 017d 78000000 		.4byte	.LVL25
 595 0181 75030000 		.4byte	0x375
 596 0185 0A       		.uleb128 0xa
 597 0186 7E000000 		.4byte	.LVL27
 598 018a 7C030000 		.4byte	0x37c
 599 018e 0A       		.uleb128 0xa
 600 018f 84000000 		.4byte	.LVL29
 601 0193 83030000 		.4byte	0x383
 602 0197 0A       		.uleb128 0xa
 603 0198 8A000000 		.4byte	.LVL31
 604 019c 8A030000 		.4byte	0x38a
 605 01a0 0A       		.uleb128 0xa
 606 01a1 90000000 		.4byte	.LVL33
 607 01a5 91030000 		.4byte	0x391
 608 01a9 0A       		.uleb128 0xa
 609 01aa 96000000 		.4byte	.LVL35
 610 01ae 98030000 		.4byte	0x398
 611 01b2 0A       		.uleb128 0xa
 612 01b3 9C000000 		.4byte	.LVL37
 613 01b7 9F030000 		.4byte	0x39f
 614 01bb 0A       		.uleb128 0xa
 615 01bc A2000000 		.4byte	.LVL39
 616 01c0 A6030000 		.4byte	0x3a6
ARM GAS  C:\Users\vedranb\AppData\Local\Temp\ccQR1wML.s 			page 15


 617 01c4 0A       		.uleb128 0xa
 618 01c5 A8000000 		.4byte	.LVL41
 619 01c9 AD030000 		.4byte	0x3ad
 620 01cd 0A       		.uleb128 0xa
 621 01ce AE000000 		.4byte	.LVL43
 622 01d2 B4030000 		.4byte	0x3b4
 623 01d6 0A       		.uleb128 0xa
 624 01d7 B4000000 		.4byte	.LVL45
 625 01db BB030000 		.4byte	0x3bb
 626 01df 0D       		.uleb128 0xd
 627 01e0 BC000000 		.4byte	.LVL48
 628 01e4 0B030000 		.4byte	0x30b
 629 01e8 0C       		.uleb128 0xc
 630 01e9 01       		.uleb128 0x1
 631 01ea 50       		.byte	0x50
 632 01eb 05       		.uleb128 0x5
 633 01ec 03       		.byte	0x3
 634 01ed 4C000000 		.4byte	.LC2
 635 01f1 00       		.byte	0
 636 01f2 00       		.byte	0
 637 01f3 08       		.uleb128 0x8
 638 01f4 22020000 		.4byte	.LASF17
 639 01f8 01       		.byte	0x1
 640 01f9 81       		.byte	0x81
 641 01fa 68000000 		.4byte	0x68
 642 01fe 00000000 		.4byte	.LFB64
 643 0202 2A000000 		.4byte	.LFE64-.LFB64
 644 0206 01       		.uleb128 0x1
 645 0207 9C       		.byte	0x9c
 646 0208 63020000 		.4byte	0x263
 647 020c 0E       		.uleb128 0xe
 648 020d 85000000 		.4byte	.LASF18
 649 0211 01       		.byte	0x1
 650 0212 81       		.byte	0x81
 651 0213 68000000 		.4byte	0x68
 652 0217 31010000 		.4byte	.LLST1
 653 021b 0F       		.uleb128 0xf
 654 021c 70747200 		.ascii	"ptr\000"
 655 0220 01       		.byte	0x1
 656 0221 81       		.byte	0x81
 657 0222 A9000000 		.4byte	0xa9
 658 0226 52010000 		.4byte	.LLST2
 659 022a 0F       		.uleb128 0xf
 660 022b 6C656E00 		.ascii	"len\000"
 661 022f 01       		.byte	0x1
 662 0230 81       		.byte	0x81
 663 0231 68000000 		.4byte	0x68
 664 0235 86010000 		.4byte	.LLST3
 665 0239 10       		.uleb128 0x10
 666 023a 6E00     		.ascii	"n\000"
 667 023c 01       		.byte	0x1
 668 023d 84       		.byte	0x84
 669 023e 68000000 		.4byte	0x68
 670 0242 A4010000 		.4byte	.LLST4
 671 0246 0B       		.uleb128 0xb
 672 0247 16000000 		.4byte	.LVL52
 673 024b C2030000 		.4byte	0x3c2
ARM GAS  C:\Users\vedranb\AppData\Local\Temp\ccQR1wML.s 			page 16


 674 024f 59020000 		.4byte	0x259
 675 0253 0C       		.uleb128 0xc
 676 0254 01       		.uleb128 0x1
 677 0255 50       		.byte	0x50
 678 0256 01       		.uleb128 0x1
 679 0257 3D       		.byte	0x3d
 680 0258 00       		.byte	0
 681 0259 0A       		.uleb128 0xa
 682 025a 1E000000 		.4byte	.LVL54
 683 025e C2030000 		.4byte	0x3c2
 684 0262 00       		.byte	0
 685 0263 08       		.uleb128 0x8
 686 0264 71000000 		.4byte	.LASF20
 687 0268 01       		.byte	0x1
 688 0269 8C       		.byte	0x8c
 689 026a 68000000 		.4byte	0x68
 690 026e 00000000 		.4byte	.LFB65
 691 0272 38000000 		.4byte	.LFE65-.LFB65
 692 0276 01       		.uleb128 0x1
 693 0277 9C       		.byte	0x9c
 694 0278 F3020000 		.4byte	0x2f3
 695 027c 0E       		.uleb128 0xe
 696 027d 85000000 		.4byte	.LASF18
 697 0281 01       		.byte	0x1
 698 0282 8C       		.byte	0x8c
 699 0283 68000000 		.4byte	0x68
 700 0287 C3010000 		.4byte	.LLST5
 701 028b 0F       		.uleb128 0xf
 702 028c 70747200 		.ascii	"ptr\000"
 703 0290 01       		.byte	0x1
 704 0291 8C       		.byte	0x8c
 705 0292 A9000000 		.4byte	0xa9
 706 0296 E4010000 		.4byte	.LLST6
 707 029a 0E       		.uleb128 0xe
 708 029b 29020000 		.4byte	.LASF21
 709 029f 01       		.byte	0x1
 710 02a0 8C       		.byte	0x8c
 711 02a1 68000000 		.4byte	0x68
 712 02a5 18020000 		.4byte	.LLST7
 713 02a9 10       		.uleb128 0x10
 714 02aa 63687300 		.ascii	"chs\000"
 715 02ae 01       		.byte	0x1
 716 02af 8E       		.byte	0x8e
 717 02b0 68000000 		.4byte	0x68
 718 02b4 36020000 		.4byte	.LLST8
 719 02b8 10       		.uleb128 0x10
 720 02b9 636800   		.ascii	"ch\000"
 721 02bc 01       		.byte	0x1
 722 02bd 8F       		.byte	0x8f
 723 02be 9B000000 		.4byte	0x9b
 724 02c2 55020000 		.4byte	.LLST9
 725 02c6 0A       		.uleb128 0xa
 726 02c7 0E000000 		.4byte	.LVL60
 727 02cb D3030000 		.4byte	0x3d3
 728 02cf 0B       		.uleb128 0xb
 729 02d0 16000000 		.4byte	.LVL61
 730 02d4 C2030000 		.4byte	0x3c2
ARM GAS  C:\Users\vedranb\AppData\Local\Temp\ccQR1wML.s 			page 17


 731 02d8 E3020000 		.4byte	0x2e3
 732 02dc 0C       		.uleb128 0xc
 733 02dd 01       		.uleb128 0x1
 734 02de 50       		.byte	0x50
 735 02df 02       		.uleb128 0x2
 736 02e0 75       		.byte	0x75
 737 02e1 00       		.sleb128 0
 738 02e2 00       		.byte	0
 739 02e3 0D       		.uleb128 0xd
 740 02e4 22000000 		.4byte	.LVL64
 741 02e8 C2030000 		.4byte	0x3c2
 742 02ec 0C       		.uleb128 0xc
 743 02ed 01       		.uleb128 0x1
 744 02ee 50       		.byte	0x50
 745 02ef 01       		.uleb128 0x1
 746 02f0 3A       		.byte	0x3a
 747 02f1 00       		.byte	0
 748 02f2 00       		.byte	0
 749 02f3 11       		.uleb128 0x11
 750 02f4 D6000000 		.4byte	.LASF49
 751 02f8 1C       		.byte	0x1c
 752 02f9 9606     		.2byte	0x696
 753 02fb FF020000 		.4byte	0x2ff
 754 02ff 12       		.uleb128 0x12
 755 0300 76000000 		.4byte	0x76
 756 0304 13       		.uleb128 0x13
 757 0305 00000000 		.4byte	.LASF22
 758 0309 05       		.byte	0x5
 759 030a 54       		.byte	0x54
 760 030b 14       		.uleb128 0x14
 761 030c E0020000 		.4byte	.LASF50
 762 0310 1D       		.byte	0x1d
 763 0311 00       		.byte	0
 764 0312 B1020000 		.4byte	.LASF51
 765 0316 68000000 		.4byte	0x68
 766 031a 24030000 		.4byte	0x324
 767 031e 15       		.uleb128 0x15
 768 031f AF000000 		.4byte	0xaf
 769 0323 00       		.byte	0
 770 0324 16       		.uleb128 0x16
 771 0325 77000000 		.4byte	.LASF44
 772 0329 1B       		.byte	0x1b
 773 032a 0D       		.byte	0xd
 774 032b 68000000 		.4byte	0x68
 775 032f 13       		.uleb128 0x13
 776 0330 17000000 		.4byte	.LASF23
 777 0334 06       		.byte	0x6
 778 0335 0D       		.byte	0xd
 779 0336 13       		.uleb128 0x13
 780 0337 21000000 		.4byte	.LASF24
 781 033b 07       		.byte	0x7
 782 033c 0D       		.byte	0xd
 783 033d 13       		.uleb128 0x13
 784 033e 2B000000 		.4byte	.LASF25
 785 0342 08       		.byte	0x8
 786 0343 0D       		.byte	0xd
 787 0344 13       		.uleb128 0x13
ARM GAS  C:\Users\vedranb\AppData\Local\Temp\ccQR1wML.s 			page 18


 788 0345 35000000 		.4byte	.LASF26
 789 0349 09       		.byte	0x9
 790 034a 0D       		.byte	0xd
 791 034b 13       		.uleb128 0x13
 792 034c 3F000000 		.4byte	.LASF27
 793 0350 0A       		.byte	0xa
 794 0351 0D       		.byte	0xd
 795 0352 13       		.uleb128 0x13
 796 0353 49000000 		.4byte	.LASF28
 797 0357 0B       		.byte	0xb
 798 0358 0D       		.byte	0xd
 799 0359 13       		.uleb128 0x13
 800 035a 53000000 		.4byte	.LASF29
 801 035e 0C       		.byte	0xc
 802 035f 0D       		.byte	0xd
 803 0360 13       		.uleb128 0x13
 804 0361 5D000000 		.4byte	.LASF30
 805 0365 0D       		.byte	0xd
 806 0366 0D       		.byte	0xd
 807 0367 13       		.uleb128 0x13
 808 0368 67000000 		.4byte	.LASF31
 809 036c 0E       		.byte	0xe
 810 036d 0D       		.byte	0xd
 811 036e 13       		.uleb128 0x13
 812 036f AA000000 		.4byte	.LASF32
 813 0373 0F       		.byte	0xf
 814 0374 0D       		.byte	0xd
 815 0375 13       		.uleb128 0x13
 816 0376 B5000000 		.4byte	.LASF33
 817 037a 10       		.byte	0x10
 818 037b 0D       		.byte	0xd
 819 037c 13       		.uleb128 0x13
 820 037d C0000000 		.4byte	.LASF34
 821 0381 11       		.byte	0x11
 822 0382 0E       		.byte	0xe
 823 0383 13       		.uleb128 0x13
 824 0384 CB000000 		.4byte	.LASF35
 825 0388 12       		.byte	0x12
 826 0389 0E       		.byte	0xe
 827 038a 13       		.uleb128 0x13
 828 038b A6020000 		.4byte	.LASF36
 829 038f 13       		.byte	0x13
 830 0390 0E       		.byte	0xe
 831 0391 13       		.uleb128 0x13
 832 0392 E3000000 		.4byte	.LASF37
 833 0396 14       		.byte	0x14
 834 0397 0E       		.byte	0xe
 835 0398 13       		.uleb128 0x13
 836 0399 EE000000 		.4byte	.LASF38
 837 039d 15       		.byte	0x15
 838 039e 0E       		.byte	0xe
 839 039f 13       		.uleb128 0x13
 840 03a0 F9000000 		.4byte	.LASF39
 841 03a4 16       		.byte	0x16
 842 03a5 0E       		.byte	0xe
 843 03a6 13       		.uleb128 0x13
 844 03a7 04010000 		.4byte	.LASF40
ARM GAS  C:\Users\vedranb\AppData\Local\Temp\ccQR1wML.s 			page 19


 845 03ab 17       		.byte	0x17
 846 03ac 0E       		.byte	0xe
 847 03ad 13       		.uleb128 0x13
 848 03ae 0F010000 		.4byte	.LASF41
 849 03b2 18       		.byte	0x18
 850 03b3 0E       		.byte	0xe
 851 03b4 13       		.uleb128 0x13
 852 03b5 B6020000 		.4byte	.LASF42
 853 03b9 19       		.byte	0x19
 854 03ba 0D       		.byte	0xd
 855 03bb 13       		.uleb128 0x13
 856 03bc 3F020000 		.4byte	.LASF43
 857 03c0 1A       		.byte	0x1a
 858 03c1 0F       		.byte	0xf
 859 03c2 17       		.uleb128 0x17
 860 03c3 C4010000 		.4byte	.LASF52
 861 03c7 05       		.byte	0x5
 862 03c8 8A       		.byte	0x8a
 863 03c9 D3030000 		.4byte	0x3d3
 864 03cd 15       		.uleb128 0x15
 865 03ce 81000000 		.4byte	0x81
 866 03d2 00       		.byte	0
 867 03d3 16       		.uleb128 0x16
 868 03d4 EF020000 		.4byte	.LASF45
 869 03d8 05       		.byte	0x5
 870 03d9 71       		.byte	0x71
 871 03da 81000000 		.4byte	0x81
 872 03de 00       		.byte	0
 873              		.section	.debug_abbrev,"",%progbits
 874              	.Ldebug_abbrev0:
 875 0000 01       		.uleb128 0x1
 876 0001 11       		.uleb128 0x11
 877 0002 01       		.byte	0x1
 878 0003 25       		.uleb128 0x25
 879 0004 0E       		.uleb128 0xe
 880 0005 13       		.uleb128 0x13
 881 0006 0B       		.uleb128 0xb
 882 0007 03       		.uleb128 0x3
 883 0008 0E       		.uleb128 0xe
 884 0009 1B       		.uleb128 0x1b
 885 000a 0E       		.uleb128 0xe
 886 000b 55       		.uleb128 0x55
 887 000c 17       		.uleb128 0x17
 888 000d 11       		.uleb128 0x11
 889 000e 01       		.uleb128 0x1
 890 000f 10       		.uleb128 0x10
 891 0010 17       		.uleb128 0x17
 892 0011 00       		.byte	0
 893 0012 00       		.byte	0
 894 0013 02       		.uleb128 0x2
 895 0014 24       		.uleb128 0x24
 896 0015 00       		.byte	0
 897 0016 0B       		.uleb128 0xb
 898 0017 0B       		.uleb128 0xb
 899 0018 3E       		.uleb128 0x3e
 900 0019 0B       		.uleb128 0xb
 901 001a 03       		.uleb128 0x3
ARM GAS  C:\Users\vedranb\AppData\Local\Temp\ccQR1wML.s 			page 20


 902 001b 0E       		.uleb128 0xe
 903 001c 00       		.byte	0
 904 001d 00       		.byte	0
 905 001e 03       		.uleb128 0x3
 906 001f 16       		.uleb128 0x16
 907 0020 00       		.byte	0
 908 0021 03       		.uleb128 0x3
 909 0022 0E       		.uleb128 0xe
 910 0023 3A       		.uleb128 0x3a
 911 0024 0B       		.uleb128 0xb
 912 0025 3B       		.uleb128 0x3b
 913 0026 0B       		.uleb128 0xb
 914 0027 49       		.uleb128 0x49
 915 0028 13       		.uleb128 0x13
 916 0029 00       		.byte	0
 917 002a 00       		.byte	0
 918 002b 04       		.uleb128 0x4
 919 002c 24       		.uleb128 0x24
 920 002d 00       		.byte	0
 921 002e 0B       		.uleb128 0xb
 922 002f 0B       		.uleb128 0xb
 923 0030 3E       		.uleb128 0x3e
 924 0031 0B       		.uleb128 0xb
 925 0032 03       		.uleb128 0x3
 926 0033 08       		.uleb128 0x8
 927 0034 00       		.byte	0
 928 0035 00       		.byte	0
 929 0036 05       		.uleb128 0x5
 930 0037 16       		.uleb128 0x16
 931 0038 00       		.byte	0
 932 0039 03       		.uleb128 0x3
 933 003a 0E       		.uleb128 0xe
 934 003b 3A       		.uleb128 0x3a
 935 003c 0B       		.uleb128 0xb
 936 003d 3B       		.uleb128 0x3b
 937 003e 05       		.uleb128 0x5
 938 003f 49       		.uleb128 0x49
 939 0040 13       		.uleb128 0x13
 940 0041 00       		.byte	0
 941 0042 00       		.byte	0
 942 0043 06       		.uleb128 0x6
 943 0044 0F       		.uleb128 0xf
 944 0045 00       		.byte	0
 945 0046 0B       		.uleb128 0xb
 946 0047 0B       		.uleb128 0xb
 947 0048 49       		.uleb128 0x49
 948 0049 13       		.uleb128 0x13
 949 004a 00       		.byte	0
 950 004b 00       		.byte	0
 951 004c 07       		.uleb128 0x7
 952 004d 26       		.uleb128 0x26
 953 004e 00       		.byte	0
 954 004f 49       		.uleb128 0x49
 955 0050 13       		.uleb128 0x13
 956 0051 00       		.byte	0
 957 0052 00       		.byte	0
 958 0053 08       		.uleb128 0x8
ARM GAS  C:\Users\vedranb\AppData\Local\Temp\ccQR1wML.s 			page 21


 959 0054 2E       		.uleb128 0x2e
 960 0055 01       		.byte	0x1
 961 0056 3F       		.uleb128 0x3f
 962 0057 19       		.uleb128 0x19
 963 0058 03       		.uleb128 0x3
 964 0059 0E       		.uleb128 0xe
 965 005a 3A       		.uleb128 0x3a
 966 005b 0B       		.uleb128 0xb
 967 005c 3B       		.uleb128 0x3b
 968 005d 0B       		.uleb128 0xb
 969 005e 27       		.uleb128 0x27
 970 005f 19       		.uleb128 0x19
 971 0060 49       		.uleb128 0x49
 972 0061 13       		.uleb128 0x13
 973 0062 11       		.uleb128 0x11
 974 0063 01       		.uleb128 0x1
 975 0064 12       		.uleb128 0x12
 976 0065 06       		.uleb128 0x6
 977 0066 40       		.uleb128 0x40
 978 0067 18       		.uleb128 0x18
 979 0068 9742     		.uleb128 0x2117
 980 006a 19       		.uleb128 0x19
 981 006b 01       		.uleb128 0x1
 982 006c 13       		.uleb128 0x13
 983 006d 00       		.byte	0
 984 006e 00       		.byte	0
 985 006f 09       		.uleb128 0x9
 986 0070 34       		.uleb128 0x34
 987 0071 00       		.byte	0
 988 0072 03       		.uleb128 0x3
 989 0073 0E       		.uleb128 0xe
 990 0074 3A       		.uleb128 0x3a
 991 0075 0B       		.uleb128 0xb
 992 0076 3B       		.uleb128 0x3b
 993 0077 0B       		.uleb128 0xb
 994 0078 49       		.uleb128 0x49
 995 0079 13       		.uleb128 0x13
 996 007a 02       		.uleb128 0x2
 997 007b 17       		.uleb128 0x17
 998 007c 00       		.byte	0
 999 007d 00       		.byte	0
 1000 007e 0A       		.uleb128 0xa
 1001 007f 898201   		.uleb128 0x4109
 1002 0082 00       		.byte	0
 1003 0083 11       		.uleb128 0x11
 1004 0084 01       		.uleb128 0x1
 1005 0085 31       		.uleb128 0x31
 1006 0086 13       		.uleb128 0x13
 1007 0087 00       		.byte	0
 1008 0088 00       		.byte	0
 1009 0089 0B       		.uleb128 0xb
 1010 008a 898201   		.uleb128 0x4109
 1011 008d 01       		.byte	0x1
 1012 008e 11       		.uleb128 0x11
 1013 008f 01       		.uleb128 0x1
 1014 0090 31       		.uleb128 0x31
 1015 0091 13       		.uleb128 0x13
ARM GAS  C:\Users\vedranb\AppData\Local\Temp\ccQR1wML.s 			page 22


 1016 0092 01       		.uleb128 0x1
 1017 0093 13       		.uleb128 0x13
 1018 0094 00       		.byte	0
 1019 0095 00       		.byte	0
 1020 0096 0C       		.uleb128 0xc
 1021 0097 8A8201   		.uleb128 0x410a
 1022 009a 00       		.byte	0
 1023 009b 02       		.uleb128 0x2
 1024 009c 18       		.uleb128 0x18
 1025 009d 9142     		.uleb128 0x2111
 1026 009f 18       		.uleb128 0x18
 1027 00a0 00       		.byte	0
 1028 00a1 00       		.byte	0
 1029 00a2 0D       		.uleb128 0xd
 1030 00a3 898201   		.uleb128 0x4109
 1031 00a6 01       		.byte	0x1
 1032 00a7 11       		.uleb128 0x11
 1033 00a8 01       		.uleb128 0x1
 1034 00a9 31       		.uleb128 0x31
 1035 00aa 13       		.uleb128 0x13
 1036 00ab 00       		.byte	0
 1037 00ac 00       		.byte	0
 1038 00ad 0E       		.uleb128 0xe
 1039 00ae 05       		.uleb128 0x5
 1040 00af 00       		.byte	0
 1041 00b0 03       		.uleb128 0x3
 1042 00b1 0E       		.uleb128 0xe
 1043 00b2 3A       		.uleb128 0x3a
 1044 00b3 0B       		.uleb128 0xb
 1045 00b4 3B       		.uleb128 0x3b
 1046 00b5 0B       		.uleb128 0xb
 1047 00b6 49       		.uleb128 0x49
 1048 00b7 13       		.uleb128 0x13
 1049 00b8 02       		.uleb128 0x2
 1050 00b9 17       		.uleb128 0x17
 1051 00ba 00       		.byte	0
 1052 00bb 00       		.byte	0
 1053 00bc 0F       		.uleb128 0xf
 1054 00bd 05       		.uleb128 0x5
 1055 00be 00       		.byte	0
 1056 00bf 03       		.uleb128 0x3
 1057 00c0 08       		.uleb128 0x8
 1058 00c1 3A       		.uleb128 0x3a
 1059 00c2 0B       		.uleb128 0xb
 1060 00c3 3B       		.uleb128 0x3b
 1061 00c4 0B       		.uleb128 0xb
 1062 00c5 49       		.uleb128 0x49
 1063 00c6 13       		.uleb128 0x13
 1064 00c7 02       		.uleb128 0x2
 1065 00c8 17       		.uleb128 0x17
 1066 00c9 00       		.byte	0
 1067 00ca 00       		.byte	0
 1068 00cb 10       		.uleb128 0x10
 1069 00cc 34       		.uleb128 0x34
 1070 00cd 00       		.byte	0
 1071 00ce 03       		.uleb128 0x3
 1072 00cf 08       		.uleb128 0x8
ARM GAS  C:\Users\vedranb\AppData\Local\Temp\ccQR1wML.s 			page 23


 1073 00d0 3A       		.uleb128 0x3a
 1074 00d1 0B       		.uleb128 0xb
 1075 00d2 3B       		.uleb128 0x3b
 1076 00d3 0B       		.uleb128 0xb
 1077 00d4 49       		.uleb128 0x49
 1078 00d5 13       		.uleb128 0x13
 1079 00d6 02       		.uleb128 0x2
 1080 00d7 17       		.uleb128 0x17
 1081 00d8 00       		.byte	0
 1082 00d9 00       		.byte	0
 1083 00da 11       		.uleb128 0x11
 1084 00db 34       		.uleb128 0x34
 1085 00dc 00       		.byte	0
 1086 00dd 03       		.uleb128 0x3
 1087 00de 0E       		.uleb128 0xe
 1088 00df 3A       		.uleb128 0x3a
 1089 00e0 0B       		.uleb128 0xb
 1090 00e1 3B       		.uleb128 0x3b
 1091 00e2 05       		.uleb128 0x5
 1092 00e3 49       		.uleb128 0x49
 1093 00e4 13       		.uleb128 0x13
 1094 00e5 3F       		.uleb128 0x3f
 1095 00e6 19       		.uleb128 0x19
 1096 00e7 3C       		.uleb128 0x3c
 1097 00e8 19       		.uleb128 0x19
 1098 00e9 00       		.byte	0
 1099 00ea 00       		.byte	0
 1100 00eb 12       		.uleb128 0x12
 1101 00ec 35       		.uleb128 0x35
 1102 00ed 00       		.byte	0
 1103 00ee 49       		.uleb128 0x49
 1104 00ef 13       		.uleb128 0x13
 1105 00f0 00       		.byte	0
 1106 00f1 00       		.byte	0
 1107 00f2 13       		.uleb128 0x13
 1108 00f3 2E       		.uleb128 0x2e
 1109 00f4 00       		.byte	0
 1110 00f5 3F       		.uleb128 0x3f
 1111 00f6 19       		.uleb128 0x19
 1112 00f7 03       		.uleb128 0x3
 1113 00f8 0E       		.uleb128 0xe
 1114 00f9 3A       		.uleb128 0x3a
 1115 00fa 0B       		.uleb128 0xb
 1116 00fb 3B       		.uleb128 0x3b
 1117 00fc 0B       		.uleb128 0xb
 1118 00fd 27       		.uleb128 0x27
 1119 00fe 19       		.uleb128 0x19
 1120 00ff 3C       		.uleb128 0x3c
 1121 0100 19       		.uleb128 0x19
 1122 0101 00       		.byte	0
 1123 0102 00       		.byte	0
 1124 0103 14       		.uleb128 0x14
 1125 0104 2E       		.uleb128 0x2e
 1126 0105 01       		.byte	0x1
 1127 0106 3F       		.uleb128 0x3f
 1128 0107 19       		.uleb128 0x19
 1129 0108 03       		.uleb128 0x3
ARM GAS  C:\Users\vedranb\AppData\Local\Temp\ccQR1wML.s 			page 24


 1130 0109 0E       		.uleb128 0xe
 1131 010a 3A       		.uleb128 0x3a
 1132 010b 0B       		.uleb128 0xb
 1133 010c 3B       		.uleb128 0x3b
 1134 010d 0B       		.uleb128 0xb
 1135 010e 6E       		.uleb128 0x6e
 1136 010f 0E       		.uleb128 0xe
 1137 0110 27       		.uleb128 0x27
 1138 0111 19       		.uleb128 0x19
 1139 0112 49       		.uleb128 0x49
 1140 0113 13       		.uleb128 0x13
 1141 0114 3C       		.uleb128 0x3c
 1142 0115 19       		.uleb128 0x19
 1143 0116 01       		.uleb128 0x1
 1144 0117 13       		.uleb128 0x13
 1145 0118 00       		.byte	0
 1146 0119 00       		.byte	0
 1147 011a 15       		.uleb128 0x15
 1148 011b 05       		.uleb128 0x5
 1149 011c 00       		.byte	0
 1150 011d 49       		.uleb128 0x49
 1151 011e 13       		.uleb128 0x13
 1152 011f 00       		.byte	0
 1153 0120 00       		.byte	0
 1154 0121 16       		.uleb128 0x16
 1155 0122 2E       		.uleb128 0x2e
 1156 0123 00       		.byte	0
 1157 0124 3F       		.uleb128 0x3f
 1158 0125 19       		.uleb128 0x19
 1159 0126 03       		.uleb128 0x3
 1160 0127 0E       		.uleb128 0xe
 1161 0128 3A       		.uleb128 0x3a
 1162 0129 0B       		.uleb128 0xb
 1163 012a 3B       		.uleb128 0x3b
 1164 012b 0B       		.uleb128 0xb
 1165 012c 27       		.uleb128 0x27
 1166 012d 19       		.uleb128 0x19
 1167 012e 49       		.uleb128 0x49
 1168 012f 13       		.uleb128 0x13
 1169 0130 3C       		.uleb128 0x3c
 1170 0131 19       		.uleb128 0x19
 1171 0132 00       		.byte	0
 1172 0133 00       		.byte	0
 1173 0134 17       		.uleb128 0x17
 1174 0135 2E       		.uleb128 0x2e
 1175 0136 01       		.byte	0x1
 1176 0137 3F       		.uleb128 0x3f
 1177 0138 19       		.uleb128 0x19
 1178 0139 03       		.uleb128 0x3
 1179 013a 0E       		.uleb128 0xe
 1180 013b 3A       		.uleb128 0x3a
 1181 013c 0B       		.uleb128 0xb
 1182 013d 3B       		.uleb128 0x3b
 1183 013e 0B       		.uleb128 0xb
 1184 013f 27       		.uleb128 0x27
 1185 0140 19       		.uleb128 0x19
 1186 0141 3C       		.uleb128 0x3c
ARM GAS  C:\Users\vedranb\AppData\Local\Temp\ccQR1wML.s 			page 25


 1187 0142 19       		.uleb128 0x19
 1188 0143 01       		.uleb128 0x1
 1189 0144 13       		.uleb128 0x13
 1190 0145 00       		.byte	0
 1191 0146 00       		.byte	0
 1192 0147 00       		.byte	0
 1193              		.section	.debug_loc,"",%progbits
 1194              	.Ldebug_loc0:
 1195              	.LLST0:
 1196 0000 18000000 		.4byte	.LVL3
 1197 0004 1A000000 		.4byte	.LVL4
 1198 0008 0100     		.2byte	0x1
 1199 000a 50       		.byte	0x50
 1200 000b 1A000000 		.4byte	.LVL4
 1201 000f 3B000000 		.4byte	.LVL5-1
 1202 0013 0300     		.2byte	0x3
 1203 0015 70       		.byte	0x70
 1204 0016 01       		.sleb128 1
 1205 0017 9F       		.byte	0x9f
 1206 0018 3E000000 		.4byte	.LVL6
 1207 001c 41000000 		.4byte	.LVL7-1
 1208 0020 0300     		.2byte	0x3
 1209 0022 70       		.byte	0x70
 1210 0023 01       		.sleb128 1
 1211 0024 9F       		.byte	0x9f
 1212 0025 44000000 		.4byte	.LVL8
 1213 0029 47000000 		.4byte	.LVL9-1
 1214 002d 0300     		.2byte	0x3
 1215 002f 70       		.byte	0x70
 1216 0030 01       		.sleb128 1
 1217 0031 9F       		.byte	0x9f
 1218 0032 4A000000 		.4byte	.LVL10
 1219 0036 4D000000 		.4byte	.LVL11-1
 1220 003a 0300     		.2byte	0x3
 1221 003c 70       		.byte	0x70
 1222 003d 01       		.sleb128 1
 1223 003e 9F       		.byte	0x9f
 1224 003f 50000000 		.4byte	.LVL12
 1225 0043 53000000 		.4byte	.LVL13-1
 1226 0047 0300     		.2byte	0x3
 1227 0049 70       		.byte	0x70
 1228 004a 01       		.sleb128 1
 1229 004b 9F       		.byte	0x9f
 1230 004c 56000000 		.4byte	.LVL14
 1231 0050 59000000 		.4byte	.LVL15-1
 1232 0054 0300     		.2byte	0x3
 1233 0056 70       		.byte	0x70
 1234 0057 01       		.sleb128 1
 1235 0058 9F       		.byte	0x9f
 1236 0059 5C000000 		.4byte	.LVL16
 1237 005d 5F000000 		.4byte	.LVL17-1
 1238 0061 0300     		.2byte	0x3
 1239 0063 70       		.byte	0x70
 1240 0064 01       		.sleb128 1
 1241 0065 9F       		.byte	0x9f
 1242 0066 62000000 		.4byte	.LVL18
 1243 006a 65000000 		.4byte	.LVL19-1
ARM GAS  C:\Users\vedranb\AppData\Local\Temp\ccQR1wML.s 			page 26


 1244 006e 0300     		.2byte	0x3
 1245 0070 70       		.byte	0x70
 1246 0071 01       		.sleb128 1
 1247 0072 9F       		.byte	0x9f
 1248 0073 68000000 		.4byte	.LVL20
 1249 0077 6B000000 		.4byte	.LVL21-1
 1250 007b 0300     		.2byte	0x3
 1251 007d 70       		.byte	0x70
 1252 007e 01       		.sleb128 1
 1253 007f 9F       		.byte	0x9f
 1254 0080 6E000000 		.4byte	.LVL22
 1255 0084 71000000 		.4byte	.LVL23-1
 1256 0088 0300     		.2byte	0x3
 1257 008a 70       		.byte	0x70
 1258 008b 01       		.sleb128 1
 1259 008c 9F       		.byte	0x9f
 1260 008d 74000000 		.4byte	.LVL24
 1261 0091 77000000 		.4byte	.LVL25-1
 1262 0095 0300     		.2byte	0x3
 1263 0097 70       		.byte	0x70
 1264 0098 01       		.sleb128 1
 1265 0099 9F       		.byte	0x9f
 1266 009a 7A000000 		.4byte	.LVL26
 1267 009e 7D000000 		.4byte	.LVL27-1
 1268 00a2 0300     		.2byte	0x3
 1269 00a4 70       		.byte	0x70
 1270 00a5 01       		.sleb128 1
 1271 00a6 9F       		.byte	0x9f
 1272 00a7 80000000 		.4byte	.LVL28
 1273 00ab 83000000 		.4byte	.LVL29-1
 1274 00af 0300     		.2byte	0x3
 1275 00b1 70       		.byte	0x70
 1276 00b2 01       		.sleb128 1
 1277 00b3 9F       		.byte	0x9f
 1278 00b4 86000000 		.4byte	.LVL30
 1279 00b8 89000000 		.4byte	.LVL31-1
 1280 00bc 0300     		.2byte	0x3
 1281 00be 70       		.byte	0x70
 1282 00bf 01       		.sleb128 1
 1283 00c0 9F       		.byte	0x9f
 1284 00c1 8C000000 		.4byte	.LVL32
 1285 00c5 8F000000 		.4byte	.LVL33-1
 1286 00c9 0300     		.2byte	0x3
 1287 00cb 70       		.byte	0x70
 1288 00cc 01       		.sleb128 1
 1289 00cd 9F       		.byte	0x9f
 1290 00ce 92000000 		.4byte	.LVL34
 1291 00d2 95000000 		.4byte	.LVL35-1
 1292 00d6 0300     		.2byte	0x3
 1293 00d8 70       		.byte	0x70
 1294 00d9 01       		.sleb128 1
 1295 00da 9F       		.byte	0x9f
 1296 00db 98000000 		.4byte	.LVL36
 1297 00df 9B000000 		.4byte	.LVL37-1
 1298 00e3 0300     		.2byte	0x3
 1299 00e5 70       		.byte	0x70
 1300 00e6 01       		.sleb128 1
ARM GAS  C:\Users\vedranb\AppData\Local\Temp\ccQR1wML.s 			page 27


 1301 00e7 9F       		.byte	0x9f
 1302 00e8 9E000000 		.4byte	.LVL38
 1303 00ec A1000000 		.4byte	.LVL39-1
 1304 00f0 0300     		.2byte	0x3
 1305 00f2 70       		.byte	0x70
 1306 00f3 01       		.sleb128 1
 1307 00f4 9F       		.byte	0x9f
 1308 00f5 A4000000 		.4byte	.LVL40
 1309 00f9 A7000000 		.4byte	.LVL41-1
 1310 00fd 0300     		.2byte	0x3
 1311 00ff 70       		.byte	0x70
 1312 0100 01       		.sleb128 1
 1313 0101 9F       		.byte	0x9f
 1314 0102 AA000000 		.4byte	.LVL42
 1315 0106 AD000000 		.4byte	.LVL43-1
 1316 010a 0300     		.2byte	0x3
 1317 010c 70       		.byte	0x70
 1318 010d 01       		.sleb128 1
 1319 010e 9F       		.byte	0x9f
 1320 010f B0000000 		.4byte	.LVL44
 1321 0113 B3000000 		.4byte	.LVL45-1
 1322 0117 0300     		.2byte	0x3
 1323 0119 70       		.byte	0x70
 1324 011a 01       		.sleb128 1
 1325 011b 9F       		.byte	0x9f
 1326 011c B6000000 		.4byte	.LVL46
 1327 0120 B8000000 		.4byte	.LVL47
 1328 0124 0300     		.2byte	0x3
 1329 0126 70       		.byte	0x70
 1330 0127 01       		.sleb128 1
 1331 0128 9F       		.byte	0x9f
 1332 0129 00000000 		.4byte	0
 1333 012d 00000000 		.4byte	0
 1334              	.LLST1:
 1335 0131 00000000 		.4byte	.LVL49
 1336 0135 0A000000 		.4byte	.LVL51
 1337 0139 0100     		.2byte	0x1
 1338 013b 50       		.byte	0x50
 1339 013c 0A000000 		.4byte	.LVL51
 1340 0140 2A000000 		.4byte	.LFE64
 1341 0144 0400     		.2byte	0x4
 1342 0146 F3       		.byte	0xf3
 1343 0147 01       		.uleb128 0x1
 1344 0148 50       		.byte	0x50
 1345 0149 9F       		.byte	0x9f
 1346 014a 00000000 		.4byte	0
 1347 014e 00000000 		.4byte	0
 1348              	.LLST2:
 1349 0152 00000000 		.4byte	.LVL49
 1350 0156 0A000000 		.4byte	.LVL51
 1351 015a 0100     		.2byte	0x1
 1352 015c 51       		.byte	0x51
 1353 015d 0A000000 		.4byte	.LVL51
 1354 0161 18000000 		.4byte	.LVL53
 1355 0165 0100     		.2byte	0x1
 1356 0167 54       		.byte	0x54
 1357 0168 18000000 		.4byte	.LVL53
ARM GAS  C:\Users\vedranb\AppData\Local\Temp\ccQR1wML.s 			page 28


 1358 016c 22000000 		.4byte	.LVL56
 1359 0170 0100     		.2byte	0x1
 1360 0172 56       		.byte	0x56
 1361 0173 22000000 		.4byte	.LVL56
 1362 0177 2A000000 		.4byte	.LFE64
 1363 017b 0100     		.2byte	0x1
 1364 017d 54       		.byte	0x54
 1365 017e 00000000 		.4byte	0
 1366 0182 00000000 		.4byte	0
 1367              	.LLST3:
 1368 0186 00000000 		.4byte	.LVL49
 1369 018a 0A000000 		.4byte	.LVL51
 1370 018e 0100     		.2byte	0x1
 1371 0190 52       		.byte	0x52
 1372 0191 0A000000 		.4byte	.LVL51
 1373 0195 2A000000 		.4byte	.LFE64
 1374 0199 0100     		.2byte	0x1
 1375 019b 57       		.byte	0x57
 1376 019c 00000000 		.4byte	0
 1377 01a0 00000000 		.4byte	0
 1378              	.LLST4:
 1379 01a4 06000000 		.4byte	.LVL50
 1380 01a8 0A000000 		.4byte	.LVL51
 1381 01ac 0200     		.2byte	0x2
 1382 01ae 30       		.byte	0x30
 1383 01af 9F       		.byte	0x9f
 1384 01b0 0A000000 		.4byte	.LVL51
 1385 01b4 2A000000 		.4byte	.LFE64
 1386 01b8 0100     		.2byte	0x1
 1387 01ba 55       		.byte	0x55
 1388 01bb 00000000 		.4byte	0
 1389 01bf 00000000 		.4byte	0
 1390              	.LLST5:
 1391 01c3 00000000 		.4byte	.LVL57
 1392 01c7 0A000000 		.4byte	.LVL59
 1393 01cb 0100     		.2byte	0x1
 1394 01cd 50       		.byte	0x50
 1395 01ce 0A000000 		.4byte	.LVL59
 1396 01d2 38000000 		.4byte	.LFE65
 1397 01d6 0400     		.2byte	0x4
 1398 01d8 F3       		.byte	0xf3
 1399 01d9 01       		.uleb128 0x1
 1400 01da 50       		.byte	0x50
 1401 01db 9F       		.byte	0x9f
 1402 01dc 00000000 		.4byte	0
 1403 01e0 00000000 		.4byte	0
 1404              	.LLST6:
 1405 01e4 00000000 		.4byte	.LVL57
 1406 01e8 0A000000 		.4byte	.LVL59
 1407 01ec 0100     		.2byte	0x1
 1408 01ee 51       		.byte	0x51
 1409 01ef 0A000000 		.4byte	.LVL59
 1410 01f3 26000000 		.4byte	.LVL66
 1411 01f7 0100     		.2byte	0x1
 1412 01f9 57       		.byte	0x57
 1413 01fa 26000000 		.4byte	.LVL66
 1414 01fe 30000000 		.4byte	.LVL68
ARM GAS  C:\Users\vedranb\AppData\Local\Temp\ccQR1wML.s 			page 29


 1415 0202 0100     		.2byte	0x1
 1416 0204 53       		.byte	0x53
 1417 0205 30000000 		.4byte	.LVL68
 1418 0209 34000000 		.4byte	.LVL69
 1419 020d 0100     		.2byte	0x1
 1420 020f 57       		.byte	0x57
 1421 0210 00000000 		.4byte	0
 1422 0214 00000000 		.4byte	0
 1423              	.LLST7:
 1424 0218 00000000 		.4byte	.LVL57
 1425 021c 0A000000 		.4byte	.LVL59
 1426 0220 0100     		.2byte	0x1
 1427 0222 52       		.byte	0x52
 1428 0223 0A000000 		.4byte	.LVL59
 1429 0227 38000000 		.4byte	.LFE65
 1430 022b 0100     		.2byte	0x1
 1431 022d 54       		.byte	0x54
 1432 022e 00000000 		.4byte	0
 1433 0232 00000000 		.4byte	0
 1434              	.LLST8:
 1435 0236 06000000 		.4byte	.LVL58
 1436 023a 0A000000 		.4byte	.LVL59
 1437 023e 0200     		.2byte	0x2
 1438 0240 30       		.byte	0x30
 1439 0241 9F       		.byte	0x9f
 1440 0242 0A000000 		.4byte	.LVL59
 1441 0246 38000000 		.4byte	.LFE65
 1442 024a 0100     		.2byte	0x1
 1443 024c 56       		.byte	0x56
 1444 024d 00000000 		.4byte	0
 1445 0251 00000000 		.4byte	0
 1446              	.LLST9:
 1447 0255 0E000000 		.4byte	.LVL60
 1448 0259 15000000 		.4byte	.LVL61-1
 1449 025d 0100     		.2byte	0x1
 1450 025f 50       		.byte	0x50
 1451 0260 1C000000 		.4byte	.LVL63
 1452 0264 24000000 		.4byte	.LVL65
 1453 0268 0200     		.2byte	0x2
 1454 026a 3A       		.byte	0x3a
 1455 026b 9F       		.byte	0x9f
 1456 026c 24000000 		.4byte	.LVL65
 1457 0270 30000000 		.4byte	.LVL68
 1458 0274 0100     		.2byte	0x1
 1459 0276 55       		.byte	0x55
 1460 0277 00000000 		.4byte	0
 1461 027b 00000000 		.4byte	0
 1462              		.section	.debug_aranges,"",%progbits
 1463 0000 2C000000 		.4byte	0x2c
 1464 0004 0200     		.2byte	0x2
 1465 0006 00000000 		.4byte	.Ldebug_info0
 1466 000a 04       		.byte	0x4
 1467 000b 00       		.byte	0
 1468 000c 0000     		.2byte	0
 1469 000e 0000     		.2byte	0
 1470 0010 00000000 		.4byte	.LFB63
 1471 0014 CC000000 		.4byte	.LFE63-.LFB63
ARM GAS  C:\Users\vedranb\AppData\Local\Temp\ccQR1wML.s 			page 30


 1472 0018 00000000 		.4byte	.LFB64
 1473 001c 2A000000 		.4byte	.LFE64-.LFB64
 1474 0020 00000000 		.4byte	.LFB65
 1475 0024 38000000 		.4byte	.LFE65-.LFB65
 1476 0028 00000000 		.4byte	0
 1477 002c 00000000 		.4byte	0
 1478              		.section	.debug_ranges,"",%progbits
 1479              	.Ldebug_ranges0:
 1480 0000 00000000 		.4byte	.LFB63
 1481 0004 CC000000 		.4byte	.LFE63
 1482 0008 00000000 		.4byte	.LFB64
 1483 000c 2A000000 		.4byte	.LFE64
 1484 0010 00000000 		.4byte	.LFB65
 1485 0014 38000000 		.4byte	.LFE65
 1486 0018 00000000 		.4byte	0
 1487 001c 00000000 		.4byte	0
 1488              		.section	.debug_line,"",%progbits
 1489              	.Ldebug_line0:
 1490 0000 57030000 		.section	.debug_str,"MS",%progbits,1
 1490      0200BE02 
 1490      00000201 
 1490      FB0E0D00 
 1490      01010101 
 1491              	.LASF22:
 1492 0000 55415254 		.ascii	"UART_1_Start\000"
 1492      5F315F53 
 1492      74617274 
 1492      00
 1493              	.LASF9:
 1494 000d 5F5F696E 		.ascii	"__int32_t\000"
 1494      7433325F 
 1494      7400
 1495              	.LASF23:
 1496 0017 65786572 		.ascii	"exercise1\000"
 1496      63697365 
 1496      3100
 1497              	.LASF24:
 1498 0021 65786572 		.ascii	"exercise2\000"
 1498      63697365 
 1498      3200
 1499              	.LASF25:
 1500 002b 65786572 		.ascii	"exercise3\000"
 1500      63697365 
 1500      3300
 1501              	.LASF26:
 1502 0035 65786572 		.ascii	"exercise4\000"
 1502      63697365 
 1502      3400
 1503              	.LASF27:
 1504 003f 65786572 		.ascii	"exercise5\000"
 1504      63697365 
 1504      3500
 1505              	.LASF28:
 1506 0049 65786572 		.ascii	"exercise6\000"
 1506      63697365 
 1506      3600
 1507              	.LASF29:
ARM GAS  C:\Users\vedranb\AppData\Local\Temp\ccQR1wML.s 			page 31


 1508 0053 65786572 		.ascii	"exercise7\000"
 1508      63697365 
 1508      3700
 1509              	.LASF30:
 1510 005d 65786572 		.ascii	"exercise8\000"
 1510      63697365 
 1510      3800
 1511              	.LASF31:
 1512 0067 65786572 		.ascii	"exercise9\000"
 1512      63697365 
 1512      3900
 1513              	.LASF20:
 1514 0071 5F726561 		.ascii	"_read\000"
 1514      6400
 1515              	.LASF44:
 1516 0077 72656164 		.ascii	"readInt\000"
 1516      496E7400 
 1517              	.LASF12:
 1518 007f 666C6F61 		.ascii	"float\000"
 1518      7400
 1519              	.LASF18:
 1520 0085 66696C65 		.ascii	"file\000"
 1520      00
 1521              	.LASF1:
 1522 008a 756E7369 		.ascii	"unsigned char\000"
 1522      676E6564 
 1522      20636861 
 1522      7200
 1523              	.LASF5:
 1524 0098 6C6F6E67 		.ascii	"long unsigned int\000"
 1524      20756E73 
 1524      69676E65 
 1524      6420696E 
 1524      7400
 1525              	.LASF32:
 1526 00aa 65786572 		.ascii	"exercise10\000"
 1526      63697365 
 1526      313000
 1527              	.LASF33:
 1528 00b5 65786572 		.ascii	"exercise11\000"
 1528      63697365 
 1528      313100
 1529              	.LASF34:
 1530 00c0 65786572 		.ascii	"exercise12\000"
 1530      63697365 
 1530      313200
 1531              	.LASF35:
 1532 00cb 65786572 		.ascii	"exercise13\000"
 1532      63697365 
 1532      313300
 1533              	.LASF49:
 1534 00d6 49544D5F 		.ascii	"ITM_RxBuffer\000"
 1534      52784275 
 1534      66666572 
 1534      00
 1535              	.LASF37:
 1536 00e3 65786572 		.ascii	"exercise15\000"
ARM GAS  C:\Users\vedranb\AppData\Local\Temp\ccQR1wML.s 			page 32


 1536      63697365 
 1536      313500
 1537              	.LASF38:
 1538 00ee 65786572 		.ascii	"exercise16\000"
 1538      63697365 
 1538      313600
 1539              	.LASF39:
 1540 00f9 65786572 		.ascii	"exercise17\000"
 1540      63697365 
 1540      313700
 1541              	.LASF40:
 1542 0104 65786572 		.ascii	"exercise18\000"
 1542      63697365 
 1542      313800
 1543              	.LASF41:
 1544 010f 65786572 		.ascii	"exercise19\000"
 1544      63697365 
 1544      313900
 1545              	.LASF13:
 1546 011a 646F7562 		.ascii	"double\000"
 1546      6C6500
 1547              	.LASF16:
 1548 0121 6D61696E 		.ascii	"main\000"
 1548      00
 1549              	.LASF46:
 1550 0126 474E5520 		.ascii	"GNU C 4.9.3 20150303 (release) [ARM/embedded-4_9-br"
 1550      4320342E 
 1550      392E3320 
 1550      32303135 
 1550      30333033 
 1551 0159 616E6368 		.ascii	"anch revision 221220] -mcpu=cortex-m3 -mthumb -g -O"
 1551      20726576 
 1551      6973696F 
 1551      6E203232 
 1551      31323230 
 1552 018c 67202D66 		.ascii	"g -ffunction-sections -ffat-lto-objects\000"
 1552      66756E63 
 1552      74696F6E 
 1552      2D736563 
 1552      74696F6E 
 1553              	.LASF19:
 1554 01b4 65786572 		.ascii	"exercise_number\000"
 1554      63697365 
 1554      5F6E756D 
 1554      62657200 
 1555              	.LASF52:
 1556 01c4 55415254 		.ascii	"UART_1_PutChar\000"
 1556      5F315F50 
 1556      75744368 
 1556      617200
 1557              	.LASF8:
 1558 01d3 756E7369 		.ascii	"unsigned int\000"
 1558      676E6564 
 1558      20696E74 
 1558      00
 1559              	.LASF7:
 1560 01e0 6C6F6E67 		.ascii	"long long unsigned int\000"
ARM GAS  C:\Users\vedranb\AppData\Local\Temp\ccQR1wML.s 			page 33


 1560      206C6F6E 
 1560      6720756E 
 1560      7369676E 
 1560      65642069 
 1561              	.LASF10:
 1562 01f7 696E7433 		.ascii	"int32_t\000"
 1562      325F7400 
 1563              	.LASF15:
 1564 01ff 73697A65 		.ascii	"sizetype\000"
 1564      74797065 
 1564      00
 1565              	.LASF6:
 1566 0208 6C6F6E67 		.ascii	"long long int\000"
 1566      206C6F6E 
 1566      6720696E 
 1566      7400
 1567              	.LASF47:
 1568 0216 6D61696E 		.ascii	"main.c\000"
 1568      2E6300
 1569              	.LASF14:
 1570 021d 63686172 		.ascii	"char\000"
 1570      00
 1571              	.LASF17:
 1572 0222 5F777269 		.ascii	"_write\000"
 1572      746500
 1573              	.LASF21:
 1574 0229 636F756E 		.ascii	"count\000"
 1574      7400
 1575              	.LASF2:
 1576 022f 73686F72 		.ascii	"short int\000"
 1576      7420696E 
 1576      7400
 1577              	.LASF11:
 1578 0239 75696E74 		.ascii	"uint8\000"
 1578      3800
 1579              	.LASF43:
 1580 023f 65786572 		.ascii	"exercise21\000"
 1580      63697365 
 1580      323100
 1581              	.LASF4:
 1582 024a 6C6F6E67 		.ascii	"long int\000"
 1582      20696E74 
 1582      00
 1583              	.LASF48:
 1584 0253 463A5C4F 		.ascii	"F:\\OneDrive\\Metropolia\\Devices\\Workspaces\\Work"
 1584      6E654472 
 1584      6976655C 
 1584      4D657472 
 1584      6F706F6C 
 1585 0281 73706163 		.ascii	"space 1\\Workspace01\\Hello Word.cydsn\000"
 1585      6520315C 
 1585      576F726B 
 1585      73706163 
 1585      6530315C 
 1586              	.LASF36:
 1587 02a6 65786572 		.ascii	"exercise14\000"
 1587      63697365 
ARM GAS  C:\Users\vedranb\AppData\Local\Temp\ccQR1wML.s 			page 34


 1587      313400
 1588              	.LASF51:
 1589 02b1 70757473 		.ascii	"puts\000"
 1589      00
 1590              	.LASF42:
 1591 02b6 65786572 		.ascii	"exercise20\000"
 1591      63697365 
 1591      323000
 1592              	.LASF0:
 1593 02c1 7369676E 		.ascii	"signed char\000"
 1593      65642063 
 1593      68617200 
 1594              	.LASF3:
 1595 02cd 73686F72 		.ascii	"short unsigned int\000"
 1595      7420756E 
 1595      7369676E 
 1595      65642069 
 1595      6E7400
 1596              	.LASF50:
 1597 02e0 5F5F6275 		.ascii	"__builtin_puts\000"
 1597      696C7469 
 1597      6E5F7075 
 1597      747300
 1598              	.LASF45:
 1599 02ef 55415254 		.ascii	"UART_1_GetChar\000"
 1599      5F315F47 
 1599      65744368 
 1599      617200
 1600              		.ident	"GCC: (GNU Tools for ARM Embedded Processors) 4.9.3 20150303 (release) [ARM/embedded-4_9-br
